data_path                                 -----> regress_data/past_quater_4/
save_path                                 -----> regress_result/XY_ridge_static_stock_dynamic_4_Sample_Drop_0.0/
indicator_use_list                        -----> []
indicator_use_type                        -----> static_stock_dynamic
train_date_list                           -----> ['2020-09-30', '2020-12-31', '2021-03-31', '2021-06-30']
test_date_list                            -----> ['2021-09-30']
n_month_predict                           -----> 3
predict_mode                              -----> predict_changerate_price
drop_small_change_stock_fortrain          -----> True
train_drop_ponit                          -----> 0.0
drop_small_change_stock_fortest           -----> True
test_drop_ponit                           -----> 0.15
training_model                            -----> ridge


-----i_month_predict:1

-----i_month_label:1_predict_changerate_price

train date: 2020-09-30
train date: 2020-12-31
train date: 2021-03-31
train date: 2021-06-30
test date: 2021-09-30
-----x_train.shape:(1746, 24)

-----x_test.shape:(841, 24)

-----y_train.shape:(1746,)

-----y_test.shape:(841,)

stock index [159] stock id ['000718.SZ'] prediction [-0.23967156] truevalue [0.]
stock index [233] stock id ['688202.SH'] prediction [-0.23569621] truevalue [-0.01391255]
       index      pred      true
count    1.0  1.000000  1.000000
mean   233.0 -0.235696 -0.013913
std      NaN       NaN       NaN
min    233.0 -0.235696 -0.013913
25%    233.0 -0.235696 -0.013913
50%    233.0 -0.235696 -0.013913
75%    233.0 -0.235696 -0.013913
max    233.0 -0.235696 -0.013913
TP:0, FP:0, TN:1, FN:1
-----i_month_predict:2

-----i_month_label:2_predict_changerate_price

train date: 2020-09-30
train date: 2020-12-31
train date: 2021-03-31
train date: 2021-06-30
test date: 2021-09-30
-----x_train.shape:(1743, 24)

-----x_test.shape:(841, 24)

-----y_train.shape:(1743,)

-----y_test.shape:(841,)

stock index [233] stock id ['688202.SH'] prediction [-0.22616346] truevalue [-0.2091847]
stock index [269] stock id ['601311.SH'] prediction [0.15367788] truevalue [0.45394737]
stock index [497] stock id ['600704.SH'] prediction [-0.15045086] truevalue [-0.06481481]
stock index [820] stock id ['600809.SH'] prediction [-0.21576487] truevalue [-0.01736926]
            index      pred      true
count    4.000000  4.000000  4.000000
mean   454.750000 -0.109675  0.040645
std    270.104147  0.178738  0.287356
min    233.000000 -0.226163 -0.209185
25%    260.000000 -0.218365 -0.100907
50%    383.000000 -0.183108 -0.041092
75%    577.750000 -0.074419  0.100460
max    820.000000  0.153678  0.453947
TP:1, FP:0, TN:3, FN:0
-----i_month_predict:3

-----i_month_label:3_predict_changerate_price

train date: 2020-09-30
train date: 2020-12-31
train date: 2021-03-31
train date: 2021-06-30
test date: 2021-09-30
-----x_train.shape:(1748, 24)

-----x_test.shape:(841, 24)

-----y_train.shape:(1748,)

-----y_test.shape:(841,)

stock index [12] stock id ['688580.SH'] prediction [-0.16632798] truevalue [0.08945386]
stock index [159] stock id ['000718.SZ'] prediction [-0.17355886] truevalue [-0.07708333]
stock index [183] stock id ['600123.SH'] prediction [0.20158699] truevalue [-0.27959502]
stock index [233] stock id ['688202.SH'] prediction [-0.24873849] truevalue [-0.2091847]
stock index [691] stock id ['601898.SH'] prediction [0.17533634] truevalue [-0.32926829]
stock index [820] stock id ['600809.SH'] prediction [-0.22886783] truevalue [-0.01736926]
            index      pred      true
count    5.000000  5.000000  5.000000
mean   387.800000 -0.053402 -0.149193
std    348.517862  0.223068  0.178438
min     12.000000 -0.248738 -0.329268
25%    183.000000 -0.228868 -0.279595
50%    233.000000 -0.166328 -0.209185
75%    691.000000  0.175336 -0.017369
max    820.000000  0.201587  0.089454
TP:0, FP:2, TN:3, FN:1
