data_path                                 -----> regress_data/past_quater_4/
save_path                                 -----> regress_result/XY_ridge_4_Sample_Drop_0.1/
indicator_use_list                        -----> []
train_date_list                           -----> ['2020-09-30', '2020-12-31', '2021-03-31', '2021-06-30']
test_date_list                            -----> ['2021-09-30']
n_month_predict                           -----> 3
predict_mode                              -----> predict_changerate_price
drop_small_change_stock_fortrain          -----> True
train_drop_ponit                          -----> 0.1
drop_small_change_stock_fortest           -----> True
test_drop_ponit                           -----> 0.15
training_model                            -----> ridge


-----indicator_list:['是', '成长型', '混合型', '价值型', '小盘股', '中盘股', '大盘股', 'market_value_mean', 'market_value_std', 'fund_shareholding_mean', 'fund_shareholding_std', 'fund_number_mean', 'fund_number_std', 'close_price_mean', 'close_price_std', 'avg_price_mean', 'avg_price_std', 'turnover_rate_mean', 'turnover_rate_std', 'amplitutde_mean', 'amplitutde_std', 'margin_diff_mean', 'margin_diff_std', 'share_ratio_of_funds_mean', 'share_ratio_of_funds_std', 'num_of_funds_mean', 'num_of_funds_std', 'fund_owner_affinity_mean', 'fund_owner_affinity_std', 'cyclical_industry']

-----i_month_predict:1

-----i_month_label:1_predict_changerate_price

train date: 2020-09-30
train date: 2020-12-31
train date: 2021-03-31
train date: 2021-06-30
test date: 2021-09-30
-----x_train.shape:(833, 30)

-----x_test.shape:(841, 30)

-----y_train.shape:(833,)

-----y_test.shape:(841,)

stock index [49] stock id ['688368.SH'] prediction [0.15669652] truevalue [-0.17536814]
stock index [97] stock id ['688037.SH'] prediction [0.15442352] truevalue [-0.19164277]
stock index [116] stock id ['300394.SZ'] prediction [0.23015183] truevalue [0.04565838]
stock index [135] stock id ['002214.SZ'] prediction [0.18431564] truevalue [-0.15129812]
stock index [159] stock id ['000718.SZ'] prediction [-0.27985389] truevalue [0.]
stock index [168] stock id ['300679.SZ'] prediction [0.16835106] truevalue [-0.0263957]
stock index [232] stock id ['300502.SZ'] prediction [0.16975804] truevalue [-0.15741016]
stock index [233] stock id ['688202.SH'] prediction [-0.23008146] truevalue [-0.01391255]
stock index [253] stock id ['002036.SZ'] prediction [0.18197753] truevalue [0.22820823]
stock index [269] stock id ['601311.SH'] prediction [0.15086042] truevalue [0.07730263]
stock index [272] stock id ['002153.SZ'] prediction [0.17968878] truevalue [-0.07064364]
stock index [297] stock id ['300458.SZ'] prediction [0.15252699] truevalue [-0.12427586]
stock index [373] stock id ['688099.SH'] prediction [0.15532939] truevalue [0.02553273]
stock index [532] stock id ['600663.SH'] prediction [-0.22433305] truevalue [-0.04916594]
stock index [590] stock id ['002008.SZ'] prediction [0.15391982] truevalue [0.13296326]
stock index [685] stock id ['300782.SZ'] prediction [0.18113961] truevalue [-0.12161932]
stock index [736] stock id ['688981.SH'] prediction [0.18440513] truevalue [-0.00289855]
stock index [777] stock id ['002371.SZ'] prediction [0.16220749] truevalue [0.01520413]
           index      pred      true
count    7.00000  7.000000  7.000000
mean   327.00000  0.049614 -0.047165
std    242.83259  0.189439  0.100959
min     49.00000 -0.230081 -0.191643
25%    165.00000 -0.036736 -0.112267
50%    269.00000  0.154424 -0.013913
75%    452.50000  0.156013  0.011317
max    736.00000  0.184405  0.077303
TP:6, FP:9, TN:2, FN:1
-----i_month_predict:2

-----i_month_label:2_predict_changerate_price

train date: 2020-09-30
train date: 2020-12-31
train date: 2021-03-31
train date: 2021-06-30
test date: 2021-09-30
-----x_train.shape:(894, 30)

-----x_test.shape:(841, 30)

-----y_train.shape:(894,)

-----y_test.shape:(841,)

stock index [13] stock id ['688268.SH'] prediction [0.20842791] truevalue [0.11216389]
stock index [17] stock id ['688157.SH'] prediction [0.18451183] truevalue [0.33699006]
stock index [20] stock id ['688357.SH'] prediction [0.18553158] truevalue [0.66809937]
stock index [21] stock id ['688155.SH'] prediction [0.27497519] truevalue [0.10671256]
stock index [27] stock id ['000589.SZ'] prediction [0.17210345] truevalue [0.01083032]
stock index [45] stock id ['688186.SH'] prediction [0.17798174] truevalue [0.05077097]
stock index [71] stock id ['601975.SH'] prediction [0.16205927] truevalue [-0.10599078]
stock index [89] stock id ['000603.SZ'] prediction [0.16509218] truevalue [0.04465038]
stock index [100] stock id ['600720.SH'] prediction [0.18386224] truevalue [-0.09638554]
stock index [105] stock id ['603601.SH'] prediction [0.16505822] truevalue [0.02677824]
stock index [108] stock id ['600971.SH'] prediction [0.16887972] truevalue [-0.23687424]
stock index [119] stock id ['002254.SZ'] prediction [0.15760348] truevalue [0.1388601]
stock index [120] stock id ['001872.SZ'] prediction [0.18029531] truevalue [-0.05998835]
stock index [125] stock id ['002149.SZ'] prediction [0.20732144] truevalue [0.2272203]
stock index [128] stock id ['002182.SZ'] prediction [0.19461618] truevalue [0.09722222]
stock index [147] stock id ['600378.SH'] prediction [0.16805455] truevalue [0.33033419]
stock index [171] stock id ['002233.SZ'] prediction [0.17978964] truevalue [-0.1058296]
stock index [181] stock id ['600548.SH'] prediction [0.17092051] truevalue [-0.15933099]
stock index [183] stock id ['600123.SH'] prediction [0.26108008] truevalue [-0.27959502]
stock index [204] stock id ['603505.SH'] prediction [0.20466062] truevalue [0.13095548]
stock index [207] stock id ['002158.SZ'] prediction [0.19373092] truevalue [0.25429553]
stock index [208] stock id ['603113.SH'] prediction [0.17997309] truevalue [-0.10330579]
stock index [210] stock id ['002701.SZ'] prediction [0.16710324] truevalue [0.11285266]
stock index [211] stock id ['603688.SH'] prediction [0.22073667] truevalue [0.50385604]
stock index [213] stock id ['000877.SZ'] prediction [0.15485301] truevalue [-0.05614783]
stock index [220] stock id ['300054.SZ'] prediction [0.15863829] truevalue [0.39883782]
stock index [223] stock id ['600963.SH'] prediction [0.17677566] truevalue [-0.10539523]
stock index [225] stock id ['600273.SH'] prediction [0.15657823] truevalue [0.04985889]
stock index [227] stock id ['002318.SZ'] prediction [0.20550168] truevalue [0.16059957]
stock index [229] stock id ['002171.SZ'] prediction [0.16078561] truevalue [0.24332344]
stock index [231] stock id ['601000.SH'] prediction [0.17210997] truevalue [-0.09352518]
stock index [233] stock id ['688202.SH'] prediction [-0.15290721] truevalue [-0.2091847]
stock index [240] stock id ['600459.SH'] prediction [0.24586022] truevalue [0.16829052]
stock index [243] stock id ['600567.SH'] prediction [0.2006115] truevalue [-0.06725146]
stock index [247] stock id ['002258.SZ'] prediction [0.18812106] truevalue [0.10642857]
stock index [248] stock id ['600026.SH'] prediction [0.15913762] truevalue [-0.13722628]
stock index [252] stock id ['002075.SZ'] prediction [0.18535305] truevalue [-0.18221574]
stock index [253] stock id ['002036.SZ'] prediction [0.21170965] truevalue [0.28087167]
stock index [256] stock id ['000672.SZ'] prediction [0.20647406] truevalue [-0.08240887]
stock index [260] stock id ['603599.SH'] prediction [0.2098363] truevalue [0.24126303]
stock index [262] stock id ['300748.SZ'] prediction [0.17879315] truevalue [0.59730883]
stock index [264] stock id ['600339.SH'] prediction [0.15466677] truevalue [-0.13580247]
stock index [269] stock id ['601311.SH'] prediction [0.33648794] truevalue [0.45394737]
stock index [277] stock id ['600006.SH'] prediction [0.18416487] truevalue [-0.0123119]
stock index [280] stock id ['000778.SZ'] prediction [0.1896367] truevalue [-0.14252874]
stock index [290] stock id ['002683.SZ'] prediction [0.1587765] truevalue [0.11389606]
stock index [291] stock id ['600507.SH'] prediction [0.15791185] truevalue [-0.08365019]
stock index [292] stock id ['002643.SZ'] prediction [0.16784755] truevalue [0.36267232]
stock index [296] stock id ['300618.SZ'] prediction [0.20721375] truevalue [0.30913943]
stock index [297] stock id ['300458.SZ'] prediction [0.15905535] truevalue [-0.02882759]
stock index [298] stock id ['601003.SH'] prediction [0.18418988] truevalue [-0.19626168]
stock index [309] stock id ['600282.SH'] prediction [0.20232972] truevalue [-0.11809045]
stock index [310] stock id ['601717.SH'] prediction [0.1603878] truevalue [0.09507347]
stock index [315] stock id ['002221.SZ'] prediction [0.19730703] truevalue [-0.07127112]
stock index [319] stock id ['002597.SZ'] prediction [0.16338183] truevalue [0.29540259]
stock index [335] stock id ['600529.SH'] prediction [0.18098091] truevalue [0.50067114]
stock index [337] stock id ['600583.SH'] prediction [0.19294159] truevalue [-0.10020877]
stock index [340] stock id ['002250.SZ'] prediction [0.15662999] truevalue [-0.02918919]
stock index [349] stock id ['601666.SH'] prediction [0.17031625] truevalue [-0.39184953]
stock index [354] stock id ['002028.SZ'] prediction [0.15033492] truevalue [0.38473205]
stock index [360] stock id ['000887.SZ'] prediction [0.16582577] truevalue [0.61680328]
stock index [379] stock id ['600153.SH'] prediction [0.16153818] truevalue [-0.034689]
stock index [386] stock id ['601992.SH'] prediction [0.17485231] truevalue [-0.04609929]
stock index [395] stock id ['600110.SH'] prediction [0.17100776] truevalue [0.01774872]
stock index [396] stock id ['002128.SZ'] prediction [0.1895802] truevalue [-0.23699803]
stock index [397] stock id ['600988.SH'] prediction [0.16504125] truevalue [0.08925081]
stock index [403] stock id ['002353.SZ'] prediction [0.19500784] truevalue [-0.19392813]
stock index [404] stock id ['002409.SZ'] prediction [0.18025598] truevalue [0.04544264]
stock index [405] stock id ['002110.SZ'] prediction [0.19317682] truevalue [-0.25315006]
stock index [430] stock id ['600456.SH'] prediction [0.1876936] truevalue [0.52467698]
stock index [441] stock id ['000878.SZ'] prediction [0.20621287] truevalue [-0.03963839]
stock index [452] stock id ['002064.SZ'] prediction [0.15150998] truevalue [-0.12078882]
stock index [453] stock id ['600782.SH'] prediction [0.20713697] truevalue [-0.25105189]
stock index [457] stock id ['600350.SH'] prediction [0.15956265] truevalue [-0.10108303]
stock index [465] stock id ['600803.SH'] prediction [0.20205821] truevalue [0.06892779]
stock index [476] stock id ['600673.SH'] prediction [0.16854896] truevalue [0.29259694]
stock index [483] stock id ['600418.SH'] prediction [0.20865748] truevalue [0.25259259]
stock index [484] stock id ['600497.SH'] prediction [0.22021411] truevalue [0.04158004]
stock index [487] stock id ['600801.SH'] prediction [0.17590833] truevalue [-0.13349633]
stock index [490] stock id ['000933.SZ'] prediction [0.18522347] truevalue [-0.23021583]
stock index [491] stock id ['000708.SZ'] prediction [0.15488614] truevalue [-0.00487805]
stock index [495] stock id ['000830.SZ'] prediction [0.18442224] truevalue [-0.17925532]
stock index [500] stock id ['002092.SZ'] prediction [0.16028621] truevalue [-0.27164179]
stock index [501] stock id ['600348.SH'] prediction [0.19638067] truevalue [-0.12795436]
stock index [502] stock id ['600166.SH'] prediction [0.16031885] truevalue [-0.05013193]
stock index [503] stock id ['300037.SZ'] prediction [0.1882774] truevalue [-0.21806452]
stock index [505] stock id ['601872.SH'] prediction [0.18474452] truevalue [-0.20833333]
stock index [507] stock id ['601866.SH'] prediction [0.20145527] truevalue [-0.17179487]
stock index [519] stock id ['600377.SH'] prediction [0.16561608] truevalue [-0.04243119]
stock index [520] stock id ['000709.SZ'] prediction [0.1882833] truevalue [-0.1618705]
stock index [525] stock id ['600141.SH'] prediction [0.22975534] truevalue [-0.10925307]
stock index [526] stock id ['002078.SZ'] prediction [0.1571471] truevalue [-0.04013378]
stock index [527] stock id ['002497.SZ'] prediction [0.16684128] truevalue [-0.0694864]
stock index [540] stock id ['600808.SH'] prediction [0.20318668] truevalue [-0.27070707]
stock index [541] stock id ['300699.SZ'] prediction [0.1816902] truevalue [0.28663004]
stock index [558] stock id ['000960.SZ'] prediction [0.18425827] truevalue [-0.0148857]
stock index [567] stock id ['601168.SH'] prediction [0.18567391] truevalue [-0.08036984]
stock index [570] stock id ['600549.SH'] prediction [0.21515974] truevalue [0.10515203]
stock index [571] stock id ['600392.SH'] prediction [0.15312566] truevalue [0.11094527]
stock index [575] stock id ['000703.SZ'] prediction [0.2157829] truevalue [-0.08956522]
stock index [582] stock id ['601808.SH'] prediction [0.17712337] truevalue [-0.15838509]
stock index [584] stock id ['600143.SH'] prediction [0.16970437] truevalue [-0.07498296]
stock index [591] stock id ['000630.SZ'] prediction [0.20989425] truevalue [-0.12276215]
stock index [592] stock id ['000898.SZ'] prediction [0.16478345] truevalue [-0.24532225]
stock index [596] stock id ['600352.SH'] prediction [0.15745014] truevalue [-0.07470414]
stock index [598] stock id ['601699.SH'] prediction [0.24412696] truevalue [-0.28047968]
stock index [603] stock id ['000807.SZ'] prediction [0.17827493] truevalue [-0.27916386]
stock index [605] stock id ['600516.SH'] prediction [0.16903747] truevalue [0.19014778]
stock index [607] stock id ['600256.SH'] prediction [0.16823542] truevalue [-0.31451613]
stock index [613] stock id ['600115.SH'] prediction [0.16741333] truevalue [-0.01061571]
stock index [616] stock id ['601216.SH'] prediction [0.16463353] truevalue [-0.07342657]
stock index [619] stock id ['000983.SZ'] prediction [0.17128634] truevalue [-0.32715008]
stock index [621] stock id ['002120.SZ'] prediction [0.18348015] truevalue [0.03272727]
stock index [623] stock id ['000723.SZ'] prediction [0.18723742] truevalue [0.25348189]
stock index [633] stock id ['601021.SH'] prediction [0.16010815] truevalue [0.00769513]
stock index [637] stock id ['603026.SH'] prediction [0.18343516] truevalue [-0.34123082]
stock index [641] stock id ['600362.SH'] prediction [0.18991221] truevalue [-0.06827473]
stock index [642] stock id ['002080.SZ'] prediction [0.16426587] truevalue [0.03107345]
stock index [644] stock id ['601233.SH'] prediction [0.206813] truevalue [-0.10027347]
stock index [647] stock id ['000301.SZ'] prediction [0.19101561] truevalue [-0.15753912]
stock index [651] stock id ['600029.SH'] prediction [0.18777815] truevalue [0.05882353]
stock index [658] stock id ['000786.SZ'] prediction [0.15003775] truevalue [-0.16588419]
stock index [659] stock id ['600219.SH'] prediction [0.20619444] truevalue [0.00457666]
stock index [669] stock id ['600547.SH'] prediction [0.15147982] truevalue [-0.02600714]
stock index [674] stock id ['002648.SZ'] prediction [0.15328404] truevalue [0.01204202]
stock index [683] stock id ['688599.SH'] prediction [0.1550467] truevalue [0.36538462]
stock index [687] stock id ['601636.SH'] prediction [0.16284868] truevalue [-0.0778996]
stock index [691] stock id ['601898.SH'] prediction [0.34558744] truevalue [-0.32926829]
stock index [692] stock id ['601111.SH'] prediction [0.17899361] truevalue [0.07258065]
stock index [694] stock id ['600188.SH'] prediction [0.22169036] truevalue [-0.21628148]
stock index [706] stock id ['002709.SZ'] prediction [0.17040178] truevalue [-0.11254273]
stock index [717] stock id ['601006.SH'] prediction [0.17829768] truevalue [-0.02715655]
stock index [729] stock id ['601600.SH'] prediction [0.19847942] truevalue [-0.32903226]
stock index [743] stock id ['000625.SZ'] prediction [0.15248409] truevalue [0.04011976]
stock index [744] stock id ['600010.SH'] prediction [0.16808985] truevalue [-0.08832808]
stock index [752] stock id ['603993.SH'] prediction [0.1904063] truevalue [-0.02483444]
stock index [759] stock id ['601816.SH'] prediction [0.2730184] truevalue [-0.05042017]
stock index [763] stock id ['600018.SH'] prediction [0.17130364] truevalue [-0.2134647]
stock index [764] stock id ['601225.SH'] prediction [0.15267708] truevalue [-0.1972973]
stock index [765] stock id ['601238.SH'] prediction [0.17139958] truevalue [0.08819629]
stock index [768] stock id ['603799.SH'] prediction [0.16178177] truevalue [0.25145068]
stock index [785] stock id ['002466.SZ'] prediction [0.15468041] truevalue [0.16223666]
stock index [791] stock id ['600111.SH'] prediction [0.18010921] truevalue [0.21572171]
stock index [792] stock id ['002493.SZ'] prediction [0.17627847] truevalue [-0.13829787]
stock index [794] stock id ['600346.SH'] prediction [0.16395119] truevalue [-0.18932412]
stock index [801] stock id ['603260.SH'] prediction [0.28023749] truevalue [-0.14017494]
stock index [804] stock id ['002812.SZ'] prediction [0.19093952] truevalue [-0.09253177]
stock index [805] stock id ['600019.SH'] prediction [0.1705946] truevalue [-0.25057471]
stock index [836] stock id ['601857.SH'] prediction [0.15937497] truevalue [-0.21630616]
            index       pred       true
count   10.000000  10.000000  10.000000
mean   478.100000   0.271282  -0.067652
std    276.510578   0.041555   0.246345
min     21.000000   0.221690  -0.329268
25%    247.250000   0.244560  -0.263767
50%    561.500000   0.267049  -0.124714
75%    693.250000   0.278922   0.067429
max    801.000000   0.345587   0.453947
TP:60, FP:88, TN:1, FN:0
-----i_month_predict:3

-----i_month_label:3_predict_changerate_price

train date: 2020-09-30
train date: 2020-12-31
train date: 2021-03-31
train date: 2021-06-30
test date: 2021-09-30
-----x_train.shape:(1012, 30)

-----x_test.shape:(841, 30)

-----y_train.shape:(1012,)

-----y_test.shape:(841,)

stock index [12] stock id ['688580.SH'] prediction [-0.18769325] truevalue [0.08945386]
stock index [13] stock id ['688268.SH'] prediction [0.184973] truevalue [0.11216389]
stock index [21] stock id ['688155.SH'] prediction [0.30585437] truevalue [0.10671256]
stock index [22] stock id ['603083.SH'] prediction [-0.1670657] truevalue [0.02679939]
stock index [108] stock id ['600971.SH'] prediction [0.17498354] truevalue [-0.23687424]
stock index [120] stock id ['001872.SZ'] prediction [0.17579923] truevalue [-0.05998835]
stock index [125] stock id ['002149.SZ'] prediction [0.17245792] truevalue [0.2272203]
stock index [128] stock id ['002182.SZ'] prediction [0.15154512] truevalue [0.09722222]
stock index [183] stock id ['600123.SH'] prediction [0.29062323] truevalue [-0.27959502]
stock index [195] stock id ['600869.SH'] prediction [0.16445273] truevalue [0.30872483]
stock index [204] stock id ['603505.SH'] prediction [0.1859955] truevalue [0.13095548]
stock index [207] stock id ['002158.SZ'] prediction [0.16923686] truevalue [0.25429553]
stock index [208] stock id ['603113.SH'] prediction [0.17173723] truevalue [-0.10330579]
stock index [211] stock id ['603688.SH'] prediction [0.15059697] truevalue [0.50385604]
stock index [227] stock id ['002318.SZ'] prediction [0.1561725] truevalue [0.16059957]
stock index [233] stock id ['688202.SH'] prediction [-0.20256803] truevalue [-0.2091847]
stock index [240] stock id ['600459.SH'] prediction [0.23742458] truevalue [0.16829052]
stock index [252] stock id ['002075.SZ'] prediction [0.17957976] truevalue [-0.18221574]
stock index [256] stock id ['000672.SZ'] prediction [0.15729563] truevalue [-0.08240887]
stock index [262] stock id ['300748.SZ'] prediction [0.16445964] truevalue [0.59730883]
stock index [264] stock id ['600339.SH'] prediction [0.21638459] truevalue [-0.13580247]
stock index [269] stock id ['601311.SH'] prediction [0.22041065] truevalue [0.45394737]
stock index [280] stock id ['000778.SZ'] prediction [0.15739291] truevalue [-0.14252874]
stock index [296] stock id ['300618.SZ'] prediction [0.15716233] truevalue [0.30913943]
stock index [309] stock id ['600282.SH'] prediction [0.1535205] truevalue [-0.11809045]
stock index [315] stock id ['002221.SZ'] prediction [0.20403706] truevalue [-0.07127112]
stock index [337] stock id ['600583.SH'] prediction [0.21200493] truevalue [-0.10020877]
stock index [349] stock id ['601666.SH'] prediction [0.15085228] truevalue [-0.39184953]
stock index [395] stock id ['600110.SH'] prediction [0.1531757] truevalue [0.01774872]
stock index [396] stock id ['002128.SZ'] prediction [0.19770424] truevalue [-0.23699803]
stock index [403] stock id ['002353.SZ'] prediction [0.19548555] truevalue [-0.19392813]
stock index [405] stock id ['002110.SZ'] prediction [0.1544423] truevalue [-0.25315006]
stock index [430] stock id ['600456.SH'] prediction [0.15928549] truevalue [0.52467698]
stock index [453] stock id ['600782.SH'] prediction [0.15568781] truevalue [-0.25105189]
stock index [484] stock id ['600497.SH'] prediction [0.15941548] truevalue [0.04158004]
stock index [496] stock id ['000039.SZ'] prediction [0.15252023] truevalue [-0.0448682]
stock index [501] stock id ['600348.SH'] prediction [0.22273361] truevalue [-0.12795436]
stock index [503] stock id ['300037.SZ'] prediction [0.15460274] truevalue [-0.21806452]
stock index [505] stock id ['601872.SH'] prediction [0.16974802] truevalue [-0.20833333]
stock index [507] stock id ['601866.SH'] prediction [0.1770596] truevalue [-0.17179487]
stock index [525] stock id ['600141.SH'] prediction [0.16719329] truevalue [-0.10925307]
stock index [540] stock id ['600808.SH'] prediction [0.15789633] truevalue [-0.27070707]
stock index [570] stock id ['600549.SH'] prediction [0.15441701] truevalue [0.10515203]
stock index [575] stock id ['000703.SZ'] prediction [0.17390493] truevalue [-0.08956522]
stock index [582] stock id ['601808.SH'] prediction [0.18644613] truevalue [-0.15838509]
stock index [591] stock id ['000630.SZ'] prediction [0.15802766] truevalue [-0.12276215]
stock index [598] stock id ['601699.SH'] prediction [0.27914192] truevalue [-0.28047968]
stock index [607] stock id ['600256.SH'] prediction [0.18725542] truevalue [-0.31451613]
stock index [619] stock id ['000983.SZ'] prediction [0.214648] truevalue [-0.32715008]
stock index [623] stock id ['000723.SZ'] prediction [0.18252443] truevalue [0.25348189]
stock index [647] stock id ['000301.SZ'] prediction [0.16240707] truevalue [-0.15753912]
stock index [650] stock id ['000009.SZ'] prediction [0.26268775] truevalue [-0.07559958]
stock index [683] stock id ['688599.SH'] prediction [0.15490397] truevalue [0.36538462]
stock index [691] stock id ['601898.SH'] prediction [0.36576046] truevalue [-0.32926829]
stock index [694] stock id ['600188.SH'] prediction [0.22647353] truevalue [-0.21628148]
stock index [733] stock id ['600745.SH'] prediction [-0.15643128] truevalue [0.31005766]
stock index [759] stock id ['601816.SH'] prediction [0.20620833] truevalue [-0.05042017]
stock index [764] stock id ['601225.SH'] prediction [0.16268462] truevalue [-0.1972973]
stock index [801] stock id ['603260.SH'] prediction [0.2597285] truevalue [-0.14017494]
stock index [804] stock id ['002812.SZ'] prediction [0.18537525] truevalue [-0.09253177]
stock index [820] stock id ['600809.SH'] prediction [-0.24985001] truevalue [-0.01736926]
stock index [827] stock id ['600028.SH'] prediction [0.1738905] truevalue [-0.0941704]
stock index [836] stock id ['601857.SH'] prediction [0.21042431] truevalue [-0.21630616]
            index       pred       true
count   10.000000  10.000000  10.000000
mean   426.200000   0.262454  -0.078061
std    263.827722   0.048332   0.247508
min     21.000000   0.216385  -0.329268
25%    246.000000   0.223669  -0.263767
50%    385.000000   0.248577  -0.137989
75%    667.750000   0.287753   0.048046
max    801.000000   0.365760   0.453947
TP:19, FP:39, TN:2, FN:3
