data_path                                 -----> regress_data/past_quater_4/
save_path                                 -----> regress_result/XY_ridge_all_dynamic_4_Sample_Drop_0.0/
indicator_use_list                        -----> []
indicator_use_type                        -----> all_dynamic
train_date_list                           -----> ['2020-09-30', '2020-12-31', '2021-03-31', '2021-06-30']
test_date_list                            -----> ['2021-09-30']
n_month_predict                           -----> 3
predict_mode                              -----> predict_changerate_price
drop_small_change_stock_fortrain          -----> True
train_drop_ponit                          -----> 0.0
drop_small_change_stock_fortest           -----> True
test_drop_ponit                           -----> 0.15
training_model                            -----> ridge


-----i_month_predict:1

-----i_month_label:1_predict_changerate_price

train date: 2020-09-30
train date: 2020-12-31
train date: 2021-03-31
train date: 2021-06-30
test date: 2021-09-30
-----x_train.shape:(1746, 23)

-----x_test.shape:(841, 23)

-----y_train.shape:(1746,)

-----y_test.shape:(841,)

stock index [159] stock id ['000718.SZ'] prediction [-0.15908396] truevalue [0.]
       index  pred  true
count    0.0   0.0   0.0
mean     NaN   NaN   NaN
std      NaN   NaN   NaN
min      NaN   NaN   NaN
25%      NaN   NaN   NaN
50%      NaN   NaN   NaN
75%      NaN   NaN   NaN
max      NaN   NaN   NaN
TP:0, FP:0, TN:0, FN:1
-----i_month_predict:2

-----i_month_label:2_predict_changerate_price

train date: 2020-09-30
train date: 2020-12-31
train date: 2021-03-31
train date: 2021-06-30
test date: 2021-09-30
-----x_train.shape:(1743, 23)

-----x_test.shape:(841, 23)

-----y_train.shape:(1743,)

-----y_test.shape:(841,)

stock index [21] stock id ['688155.SH'] prediction [0.16934735] truevalue [0.10671256]
stock index [269] stock id ['601311.SH'] prediction [0.20546289] truevalue [0.45394737]
stock index [497] stock id ['600704.SH'] prediction [-0.16983067] truevalue [-0.06481481]
stock index [691] stock id ['601898.SH'] prediction [0.16119729] truevalue [-0.32926829]
stock index [801] stock id ['603260.SH'] prediction [0.18896093] truevalue [-0.14017494]
            index      pred      true
count    5.000000  5.000000  5.000000
mean   455.800000  0.111028  0.005280
std    316.277094  0.157949  0.295628
min     21.000000 -0.169831 -0.329268
25%    269.000000  0.161197 -0.140175
50%    497.000000  0.169347 -0.064815
75%    691.000000  0.188961  0.106713
max    801.000000  0.205463  0.453947
TP:2, FP:2, TN:1, FN:0
-----i_month_predict:3

-----i_month_label:3_predict_changerate_price

train date: 2020-09-30
train date: 2020-12-31
train date: 2021-03-31
train date: 2021-06-30
test date: 2021-09-30
-----x_train.shape:(1748, 23)

-----x_test.shape:(841, 23)

-----y_train.shape:(1748,)

-----y_test.shape:(841,)

stock index [12] stock id ['688580.SH'] prediction [-0.16622071] truevalue [0.08945386]
stock index [21] stock id ['688155.SH'] prediction [0.23510958] truevalue [0.10671256]
stock index [233] stock id ['688202.SH'] prediction [-0.19493157] truevalue [-0.2091847]
stock index [269] stock id ['601311.SH'] prediction [0.16528661] truevalue [0.45394737]
stock index [650] stock id ['000009.SZ'] prediction [0.16651618] truevalue [-0.07559958]
stock index [691] stock id ['601898.SH'] prediction [0.15858428] truevalue [-0.32926829]
stock index [801] stock id ['603260.SH'] prediction [0.16523316] truevalue [-0.14017494]
stock index [820] stock id ['600809.SH'] prediction [-0.20825689] truevalue [-0.01736926]
            index      pred      true
count    7.000000  7.000000  7.000000
mean   406.714286  0.022115 -0.006555
std    356.090211  0.200259  0.257321
min     12.000000 -0.208257 -0.329268
25%    127.000000 -0.180576 -0.174680
50%    269.000000  0.158584 -0.017369
75%    746.000000  0.165260  0.098083
max    820.000000  0.235110  0.453947
TP:2, FP:3, TN:2, FN:1
