('market_value_mean', -0.01743414425609072)
('market_value_std', 0.061990774063370335)
('fund_shareholding_mean', 0.04149899477370965)
('fund_shareholding_std', -0.01674960287899405)
('fund_number_mean', -0.499943857759774)
('fund_number_std', 0.4313948258121918)
('close_price_mean', -0.04099989356947859)
('close_price_std', 0.17906217287308937)
('avg_price_mean', -0.07460980090718397)
('avg_price_std', -0.27595823878500986)
('turnover_rate_mean', -0.04649897413006057)
('turnover_rate_std', 0.017642638774244122)
('amplitutde_mean', -0.006802025288451539)
('amplitutde_std', 0.024546436873851524)
('margin_diff_mean', -0.011698012657768037)
('margin_diff_std', -0.007837753510666566)
('share_ratio_of_funds_mean', -0.01323546830580636)
('share_ratio_of_funds_std', 0.04699392340442627)
('num_of_funds_mean', -0.013027604084941996)
('num_of_funds_std', 0.021321589514090113)
('fund_owner_affinity_mean', -0.0905492032486794)
('fund_owner_affinity_std', -0.07976655638540002)
('cyclical_industry', 0.0477474898152677)
