('是', -0.6618306533186978)
('成长型', 0.8832301779365254)
('混合型', -1.1611274824175586)
('价值型', 0.27789730448105177)
('小盘股', -0.053223945467577236)
('中盘股', -0.8460222009598831)
('大盘股', 0.8992461464274633)
('market_value_mean', -0.9684987893749791)
('market_value_std', -0.6012510829965477)
('fund_shareholding_mean', 0.021493079849371013)
('fund_shareholding_std', -0.026072761877071294)
('fund_number_mean', 0.27063763764818455)
('fund_number_std', -0.2519740886467366)
('close_price_mean', 0.010511636375225501)
('close_price_std', 0.38116391297715496)
('avg_price_mean', -0.16491046010548385)
('avg_price_std', -0.2808331462095289)
('turnover_rate_mean', -0.025033149245554224)
('turnover_rate_std', 0.02457119339563523)
('amplitutde_mean', -0.005387645475324561)
('amplitutde_std', 0.0186586469170743)
('margin_diff_mean', -0.00890059216686091)
('margin_diff_std', -0.008920256405543461)
('share_ratio_of_funds_mean', -0.012466040390304748)
('share_ratio_of_funds_std', 0.00838621982189101)
('num_of_funds_mean', -0.045497598860911884)
('num_of_funds_std', 0.03795100502912331)
('fund_owner_affinity_mean', -0.05024675723095089)
('fund_owner_affinity_std', 0.025780881711686503)
('cyclical_industry', -0.034780325537143275)
