('是', -0.3099407187980885)
('成长型', 0.3079375363653206)
('混合型', -0.33383244076685853)
('价值型', 0.025894904401592044)
('小盘股', 0.04679570436814347)
('中盘股', -0.13826816628057406)
('大盘股', 0.09147246191243179)
('market_value_mean', -0.054153122917860175)
('market_value_std', 0.1766295843726327)
('fund_shareholding_mean', -0.016305879794374336)
('fund_shareholding_std', 0.003905769245573946)
('fund_number_mean', -0.1779110791534538)
('fund_number_std', 0.1613371552148786)
('close_price_mean', -0.1166081674435181)
('close_price_std', 0.20172291374249424)
('avg_price_mean', -0.018977695079206554)
('avg_price_std', -0.2008542606193231)
('turnover_rate_mean', -0.011296485248102128)
('turnover_rate_std', -0.0051299866870423965)
('amplitutde_mean', 0.003960204688073571)
('amplitutde_std', 0.012984525496840727)
('margin_diff_mean', 0.001536063678006278)
('margin_diff_std', 0.0003997474992451066)
('share_ratio_of_funds_mean', -0.0019018889113286395)
('share_ratio_of_funds_std', 0.011846155843321538)
('num_of_funds_mean', -0.007187118803300159)
('num_of_funds_std', 0.0075603032478602245)
('fund_owner_affinity_mean', -0.008541098424066862)
('fund_owner_affinity_std', -0.00023045571475295755)
('cyclical_industry', 0.001538532542338157)
