('是', -1.7990162101354692)
('成长型', 0.5045260247055096)
('混合型', -0.5502529943396921)
('价值型', 0.04572696963418347)
('小盘股', -0.13620867014619434)
('中盘股', -1.7023069271505262)
('大盘股', 1.8385155972967244)
('market_value_mean', -0.087757110588049)
('market_value_std', 2.9264717423742868)
('fund_shareholding_mean', -0.07615272355192161)
('fund_shareholding_std', 0.0369310227376297)
('fund_number_mean', -0.6679454982648245)
('fund_number_std', 0.6198719842019309)
('close_price_mean', -0.30131534512593694)
('close_price_std', 0.4225975798496641)
('avg_price_mean', 0.1471210843918492)
('avg_price_std', -0.5004204410494973)
('turnover_rate_mean', -0.015290952594829774)
('turnover_rate_std', -0.014029147090568118)
('amplitutde_mean', 0.008413849073476769)
('amplitutde_std', 0.023894539702138493)
('margin_diff_mean', 0.0004183410229768071)
('margin_diff_std', 0.005585460382539487)
('share_ratio_of_funds_mean', -0.006760809110564949)
('share_ratio_of_funds_std', 0.017112880954027368)
('num_of_funds_mean', -0.006247425669077588)
('num_of_funds_std', 0.0027231084479020055)
('fund_owner_affinity_mean', 0.025070237387315328)
('fund_owner_affinity_std', 0.012180710460595686)
('cyclical_industry', 0.006683522927643848)
