('是', 0.6638959257229771)
('成长型', 0.158258926559091)
('混合型', 0.03815744215202709)
('价值型', -0.19641636871111937)
('小盘股', 0.6976908108126972)
('中盘股', -0.8140093033400158)
('大盘股', 0.11631849252732075)
('market_value_mean', -0.22186543891280966)
('market_value_std', 0.05068177500488742)
('fund_shareholding_mean', -0.08442638881419198)
('fund_shareholding_std', 0.11605298305593545)
('fund_number_mean', -0.9937988286961438)
('fund_number_std', -0.8643222563414255)
('close_price_mean', -0.10233176090882175)
('close_price_std', -0.07898131561860632)
('avg_price_mean', 0.16158530076915834)
('avg_price_std', -0.18694613936592594)
('turnover_rate_mean', 0.060365498724460356)
('turnover_rate_std', -0.08545716286416787)
('amplitutde_mean', -0.05813552294199892)
('amplitutde_std', 0.18839243687312743)
('margin_diff_mean', -0.044657918424681746)
('margin_diff_std', 0.051898179078280114)
('share_ratio_of_funds_mean', -0.026229364143197494)
('share_ratio_of_funds_std', -0.000895686210312577)
('num_of_funds_mean', -0.17893059438225137)
('num_of_funds_std', 0.08784725871767037)
('fund_owner_affinity_mean', -0.17875597204933352)
('fund_owner_affinity_std', -0.443561249348307)
('cyclical_industry', -0.20486462963371832)
