train date: 2020-09-30
train date: 2020-12-31
train date: 2021-03-31
train date: 2021-06-30
test date: 2021-09-30
x_train.shape:(1826, 30),
 x_test.shape:(853, 30),
 y_train.shape:(1826, 2),
 y_test.shape:(853, 2),

stock index [6] stock id ['300860.SZ'] prediction [-0.20407331] true [-0.02255639]
stock index [22] stock id ['300010.SZ'] prediction [-0.18380772] true [-0.02179837]
stock index [62] stock id ['002695.SZ'] prediction [-0.17339489] true [-0.04221453]
stock index [64] stock id ['600466.SH'] prediction [-0.24833525] true [-0.12626263]
stock index [73] stock id ['603323.SH'] prediction [-0.15561327] true [0.05192308]
stock index [88] stock id ['600158.SH'] prediction [-0.19501652] true [-0.03062914]
stock index [90] stock id ['300869.SZ'] prediction [-0.1640567] true [-0.09277177]
stock index [95] stock id ['000537.SZ'] prediction [-0.23362578] true [0.093403]
stock index [98] stock id ['002839.SZ'] prediction [-0.1588619] true [0.08978873]
stock index [100] stock id ['001914.SZ'] prediction [-0.19570332] true [-0.1340603]
stock index [103] stock id ['002124.SZ'] prediction [-0.22032499] true [0.05369128]
stock index [118] stock id ['300598.SZ'] prediction [-0.19990519] true [-0.01787796]
stock index [120] stock id ['300394.SZ'] prediction [-0.24044029] true [0.04565838]
stock index [130] stock id ['002149.SZ'] prediction [0.15119126] true [-0.0472895]
stock index [158] stock id ['600266.SH'] prediction [-0.16507666] true [-0.05793991]
stock index [160] stock id ['600064.SH'] prediction [-0.19346011] true [-0.02008929]
stock index [179] stock id ['002773.SZ'] prediction [-0.2111811] true [-0.00381888]
stock index [188] stock id ['002244.SZ'] prediction [-0.17453405] true [-0.07272727]
stock index [204] stock id ['600823.SH'] prediction [-0.19314561] true [-0.10734463]
stock index [206] stock id ['600376.SH'] prediction [-0.19001706] true [-0.05938697]
stock index [211] stock id ['600325.SH'] prediction [-0.15376207] true [-0.08362369]
stock index [234] stock id ['300168.SZ'] prediction [-0.15148148] true [-0.06930693]
stock index [236] stock id ['600901.SH'] prediction [-0.17131157] true [-0.01679104]
stock index [238] stock id ['300502.SZ'] prediction [-0.15669792] true [-0.15741016]
stock index [256] stock id ['600340.SH'] prediction [-0.33908101] true [-0.08229426]
stock index [272] stock id ['601128.SH'] prediction [-0.20947524] true [0.1326053]
stock index [299] stock id ['002607.SZ'] prediction [-0.15296508] true [-0.03690037]
stock index [306] stock id ['000961.SZ'] prediction [-0.2278491] true [-0.13932584]
stock index [316] stock id ['000671.SZ'] prediction [-0.21006981] true [-0.22781775]
stock index [325] stock id ['002146.SZ'] prediction [-0.17514348] true [-0.10995851]
stock index [353] stock id ['600185.SH'] prediction [-0.15713668] true [-0.07575758]
stock index [360] stock id ['601997.SH'] prediction [-0.16738397] true [0.00148368]
stock index [385] stock id ['601099.SH'] prediction [-0.21241724] true [-0.04294479]
stock index [387] stock id ['000750.SZ'] prediction [-0.19916552] true [-0.06082725]
stock index [388] stock id ['600848.SH'] prediction [-0.16705951] true [-0.02259136]
stock index [406] stock id ['002500.SZ'] prediction [-0.16272244] true [-0.04573171]
stock index [440] stock id ['600872.SH'] prediction [-0.16444928] true [0.14164573]
stock index [441] stock id ['002030.SZ'] prediction [-0.15238992] true [0.0366182]
stock index [442] stock id ['002926.SZ'] prediction [-0.19242181] true [-0.05925156]
stock index [443] stock id ['600909.SH'] prediction [-0.24090735] true [-0.04664179]
stock index [444] stock id ['603866.SH'] prediction [-0.21056526] true [0.08359133]
stock index [445] stock id ['000656.SZ'] prediction [-0.21154046] true [-0.13953488]
stock index [457] stock id ['600208.SH'] prediction [-0.17205142] true [-0.05263158]
stock index [462] stock id ['600895.SH'] prediction [-0.1518601] true [-0.01125592]
stock index [465] stock id ['600390.SH'] prediction [-0.20319887] true [-0.06989247]
stock index [483] stock id ['603658.SH'] prediction [-0.15767273] true [0.02589118]
stock index [485] stock id ['601319.SH'] prediction [-0.16946555] true [-0.00790514]
stock index [518] stock id ['002797.SZ'] prediction [-0.21550527] true [-0.05662983]
stock index [522] stock id ['300033.SZ'] prediction [-0.17283556] true [-0.05905413]
stock index [546] stock id ['600109.SH'] prediction [-0.19788202] true [-0.06129597]
stock index [559] stock id ['000895.SZ'] prediction [-0.16112044] true [0.08655617]
stock index [561] stock id ['601933.SH'] prediction [-0.17577466] true [0.00255102]
stock index [563] stock id ['601555.SH'] prediction [-0.19446993] true [-0.15045135]
stock index [577] stock id ['601108.SH'] prediction [-0.19101073] true [-0.05087882]
stock index [605] stock id ['000783.SZ'] prediction [-0.1678618] true [-0.05359477]
stock index [624] stock id ['601878.SH'] prediction [-0.16767992] true [-0.00883534]
stock index [635] stock id ['000876.SZ'] prediction [-0.18702404] true [-0.02506775]
stock index [640] stock id ['600383.SH'] prediction [-0.21707513] true [-0.09375]
stock index [663] stock id ['600606.SH'] prediction [-0.19416312] true [-0.12553191]
stock index [667] stock id ['601658.SH'] prediction [-0.15776185] true [0.06496063]
stock index [680] stock id ['601788.SH'] prediction [-0.18138508] true [-0.01931745]
stock index [692] stock id ['601881.SH'] prediction [-0.18508872] true [-0.05725191]
stock index [709] stock id ['600570.SH'] prediction [-0.18045114] true [0.09986034]
stock index [715] stock id ['001979.SZ'] prediction [-0.19837045] true [-0.19397218]
stock index [721] stock id ['601336.SH'] prediction [-0.20422932] true [-0.02465139]
stock index [723] stock id ['600958.SH'] prediction [-0.17260839] true [-0.09054858]
stock index [740] stock id ['601229.SH'] prediction [-0.16044934] true [-0.00273598]
stock index [750] stock id ['002736.SZ'] prediction [-0.18243674] true [-0.03553299]
stock index [752] stock id ['600837.SH'] prediction [-0.18946695] true [0.01729819]
stock index [755] stock id ['601066.SH'] prediction [-0.22073575] true [-0.08446602]
stock index [756] stock id ['000166.SZ'] prediction [-0.21020629] true [-0.06727273]
stock index [764] stock id ['601688.SH'] prediction [-0.18992687] true [-0.06592113]
stock index [765] stock id ['000776.SZ'] prediction [-0.1663463] true [-0.04007634]
stock index [770] stock id ['601211.SH'] prediction [-0.16445577] true [-0.01738643]
stock index [777] stock id ['600999.SH'] prediction [-0.17982622] true [-0.06331878]
stock index [782] stock id ['600016.SH'] prediction [-0.19801082] true [-0.00511509]
stock index [784] stock id ['600048.SH'] prediction [-0.22132947] true [-0.10477548]
stock index [790] stock id ['601998.SH'] prediction [-0.15014461] true [-0.00438596]
stock index [797] stock id ['601328.SH'] prediction [-0.15169468] true [0.00444444]
stock index [803] stock id ['601601.SH'] prediction [-0.16504022] true [0.00957996]
stock index [808] stock id ['000002.SZ'] prediction [-0.20233425] true [-0.14547161]
stock index [823] stock id ['600030.SH'] prediction [-0.21712167] true [0.02373418]
stock index [827] stock id ['600000.SH'] prediction [-0.17054634] true [-0.00666667]
stock index [843] stock id ['601318.SH'] prediction [-0.22216074] true [0.02502068]
stock index [844] stock id ['601628.SH'] prediction [-0.19357695] true [0.]
stock index [845] stock id ['601988.SH'] prediction [-0.15665242] true [0.]
stock index [848] stock id ['601288.SH'] prediction [-0.16098537] true [0.]
TP:0, FP:1, TN:63, FN:23
train date: 2020-09-30
train date: 2020-12-31
train date: 2021-03-31
train date: 2021-06-30
test date: 2021-09-30
x_train.shape:(1826, 30),
 x_test.shape:(853, 30),
 y_train.shape:(1826, 2),
 y_test.shape:(853, 2),

stock index [6] stock id ['300860.SZ'] prediction [-0.15790065] true [0.19749373]
stock index [7] stock id ['002947.SZ'] prediction [-0.26477734] true [0.10315186]
stock index [10] stock id ['688418.SH'] prediction [-0.34774855] true [0.0026936]
stock index [22] stock id ['300010.SZ'] prediction [-0.27687002] true [0.11989101]
stock index [27] stock id ['603083.SH'] prediction [-0.24877038] true [0.02679939]
stock index [31] stock id ['002912.SZ'] prediction [-0.16772343] true [-0.06480938]
stock index [37] stock id ['300113.SZ'] prediction [-0.19701769] true [0.18388934]
stock index [39] stock id ['603363.SH'] prediction [-0.16686891] true [0.23321555]
stock index [47] stock id ['002567.SZ'] prediction [-0.1907373] true [0.01408451]
stock index [50] stock id ['002035.SZ'] prediction [-0.16773222] true [-0.12611276]
stock index [53] stock id ['300098.SZ'] prediction [-0.21203138] true [0.08368201]
stock index [57] stock id ['600742.SH'] prediction [-0.16918269] true [0.55370986]
stock index [60] stock id ['000036.SZ'] prediction [-0.16023389] true [0.03432494]
stock index [62] stock id ['002695.SZ'] prediction [-0.18823792] true [-0.02906574]
stock index [64] stock id ['600466.SH'] prediction [-0.23578435] true [-0.15656566]
stock index [69] stock id ['300770.SZ'] prediction [-0.17038577] true [0.26370757]
stock index [73] stock id ['603323.SH'] prediction [-0.16089402] true [-0.07692308]
stock index [77] stock id ['688390.SH'] prediction [0.1644992] true [0.17312759]
stock index [88] stock id ['600158.SH'] prediction [-0.1833723] true [-0.03807947]
stock index [90] stock id ['300869.SZ'] prediction [-0.19194149] true [0.35088219]
stock index [91] stock id ['002100.SZ'] prediction [-0.20218369] true [0.03828306]
stock index [92] stock id ['000034.SZ'] prediction [-0.15012045] true [0.02210663]
stock index [95] stock id ['000537.SZ'] prediction [-0.22312593] true [0.3455258]
stock index [98] stock id ['002839.SZ'] prediction [-0.16590235] true [-0.00176056]
stock index [100] stock id ['001914.SZ'] prediction [-0.22048239] true [-0.17960231]
stock index [103] stock id ['002124.SZ'] prediction [-0.28453069] true [0.06208054]
stock index [107] stock id ['000800.SZ'] prediction [-0.18878551] true [-0.03813953]
stock index [112] stock id ['600971.SH'] prediction [0.16893516] true [-0.23687424]
stock index [118] stock id ['300598.SZ'] prediction [-0.29091064] true [-0.08666926]
stock index [122] stock id ['300315.SZ'] prediction [-0.1911847] true [0.06896552]
stock index [130] stock id ['002149.SZ'] prediction [0.29855564] true [0.2272203]
stock index [133] stock id ['002182.SZ'] prediction [0.16734361] true [0.09722222]
stock index [134] stock id ['688006.SH'] prediction [0.23219072] true [0.4860423]
stock index [146] stock id ['000049.SZ'] prediction [0.15267246] true [0.52922886]
stock index [150] stock id ['300188.SZ'] prediction [-0.15932805] true [0.02910855]
stock index [154] stock id ['002481.SZ'] prediction [-0.15076063] true [-0.21826087]
stock index [157] stock id ['300638.SZ'] prediction [-0.30391084] true [0.3200093]
stock index [160] stock id ['600064.SH'] prediction [-0.18642482] true [0.00446429]
stock index [161] stock id ['600328.SH'] prediction [0.17483943] true [-0.21616793]
stock index [163] stock id ['603881.SH'] prediction [-0.19392486] true [0.10598345]
stock index [179] stock id ['002773.SZ'] prediction [-0.21476197] true [0.01745772]
stock index [188] stock id ['002244.SZ'] prediction [-0.17311868] true [-0.09090909]
stock index [189] stock id ['600123.SH'] prediction [0.23938098] true [-0.27959502]
stock index [204] stock id ['600823.SH'] prediction [-0.1655925] true [-0.12711864]
stock index [206] stock id ['600376.SH'] prediction [-0.16674546] true [-0.09578544]
stock index [210] stock id ['603505.SH'] prediction [0.19359385] true [0.13095548]
stock index [213] stock id ['002158.SZ'] prediction [0.15597578] true [0.25429553]
stock index [214] stock id ['603113.SH'] prediction [0.20671903] true [-0.10330579]
stock index [229] stock id ['600963.SH'] prediction [0.22135963] true [-0.10539523]
stock index [234] stock id ['300168.SZ'] prediction [-0.20590336] true [-0.01980198]
stock index [236] stock id ['600901.SH'] prediction [-0.19066294] true [-0.04850746]
stock index [238] stock id ['300502.SZ'] prediction [-0.16995592] true [0.02465102]
stock index [241] stock id ['600597.SH'] prediction [-0.1594402] true [-0.00503597]
stock index [244] stock id ['300726.SZ'] prediction [0.18207004] true [0.26694693]
stock index [245] stock id ['002281.SZ'] prediction [-0.24059134] true [0.04017857]
stock index [246] stock id ['600459.SH'] prediction [0.15270644] true [0.16829052]
stock index [255] stock id ['600577.SH'] prediction [0.16266772] true [0.33380084]
stock index [256] stock id ['600340.SH'] prediction [-0.40170731] true [-0.17705736]
stock index [265] stock id ['603599.SH'] prediction [0.15077419] true [0.24126303]
stock index [272] stock id ['601128.SH'] prediction [-0.2215538] true [0.07020281]
stock index [290] stock id ['300034.SZ'] prediction [0.18064395] true [0.52731038]
stock index [299] stock id ['002607.SZ'] prediction [-0.2096377] true [-0.12084871]
stock index [300] stock id ['688388.SH'] prediction [0.23260305] true [0.139962]
stock index [301] stock id ['300618.SZ'] prediction [0.23297537] true [0.30913943]
stock index [303] stock id ['601003.SH'] prediction [0.1634184] true [-0.19626168]
stock index [306] stock id ['000961.SZ'] prediction [-0.24425855] true [-0.13707865]
stock index [316] stock id ['000671.SZ'] prediction [-0.21977566] true [-0.30455635]
stock index [320] stock id ['002221.SZ'] prediction [0.17698856] true [-0.07127112]
stock index [325] stock id ['002146.SZ'] prediction [-0.18005916] true [-0.14107884]
stock index [331] stock id ['300136.SZ'] prediction [-0.30995756] true [0.10913931]
stock index [346] stock id ['002157.SZ'] prediction [-0.18688994] true [0.02757158]
stock index [349] stock id ['603228.SH'] prediction [-0.15949427] true [0.18394101]
stock index [350] stock id ['600498.SH'] prediction [-0.26395762] true [0.00623583]
stock index [352] stock id ['002456.SZ'] prediction [-0.19753019] true [0.04285714]
stock index [353] stock id ['600185.SH'] prediction [-0.16816025] true [-0.07988981]
stock index [354] stock id ['601666.SH'] prediction [0.16957527] true [-0.39184953]
stock index [360] stock id ['601997.SH'] prediction [-0.1504891] true [-0.03857567]
stock index [371] stock id ['002463.SZ'] prediction [-0.1524893] true [0.35236396]
stock index [385] stock id ['601099.SH'] prediction [-0.21652147] true [-0.02453988]
stock index [387] stock id ['000750.SZ'] prediction [-0.21539721] true [-0.05109489]
stock index [392] stock id ['002925.SZ'] prediction [-0.22530621] true [-0.00830861]
stock index [394] stock id ['688598.SH'] prediction [0.22467018] true [0.04892156]
stock index [400] stock id ['600110.SH'] prediction [0.19334538] true [0.01774872]
stock index [401] stock id ['002128.SZ'] prediction [0.15863685] true [-0.23699803]
stock index [404] stock id ['600297.SH'] prediction [-0.18510244] true [-0.15719064]
stock index [408] stock id ['002353.SZ'] prediction [0.16174644] true [-0.19392813]
stock index [411] stock id ['600536.SH'] prediction [-0.18127358] true [0.05022276]
stock index [413] stock id ['601005.SH'] prediction [0.19427693] true [-0.20948617]
stock index [417] stock id ['002465.SZ'] prediction [-0.26656521] true [0.01757812]
stock index [419] stock id ['600521.SH'] prediction [-0.19501316] true [0.21788342]
stock index [433] stock id ['600522.SH'] prediction [-0.22613216] true [1.04175824]
stock index [435] stock id ['600456.SH'] prediction [0.20033032] true [0.52467698]
stock index [438] stock id ['000902.SZ'] prediction [0.15118257] true [-0.05875706]
stock index [440] stock id ['600872.SH'] prediction [-0.16848836] true [0.03172111]
stock index [441] stock id ['002030.SZ'] prediction [-0.15800025] true [0.14378029]
stock index [442] stock id ['002926.SZ'] prediction [-0.21069036] true [-0.03534304]
stock index [443] stock id ['600909.SH'] prediction [-0.22287853] true [-0.05037313]
stock index [444] stock id ['603866.SH'] prediction [-0.24414119] true [0.06019952]
stock index [445] stock id ['000656.SZ'] prediction [-0.25232518] true [-0.20155039]
stock index [446] stock id ['688116.SH'] prediction [0.21278604] true [0.07276119]
stock index [454] stock id ['002384.SZ'] prediction [-0.17585071] true [0.14990421]
stock index [458] stock id ['002064.SZ'] prediction [0.17294817] true [-0.12078882]
stock index [459] stock id ['600782.SH'] prediction [0.1734469] true [-0.25105189]
stock index [465] stock id ['600390.SH'] prediction [-0.19219415] true [-0.08602151]
stock index [467] stock id ['600066.SH'] prediction [-0.19411266] true [-0.02559576]
stock index [468] stock id ['002624.SZ'] prediction [-0.17275976] true [0.24933687]
stock index [471] stock id ['600803.SH'] prediction [0.15130624] true [0.06892779]
stock index [476] stock id ['002555.SZ'] prediction [-0.16290884] true [0.12386851]
stock index [477] stock id ['600765.SH'] prediction [0.20889807] true [0.66392634]
stock index [478] stock id ['300001.SZ'] prediction [0.18690223] true [0.178125]
stock index [479] stock id ['600711.SH'] prediction [0.257753] true [-0.02356902]
stock index [485] stock id ['601319.SH'] prediction [-0.15900653] true [-0.08102767]
stock index [490] stock id ['600497.SH'] prediction [0.16846437] true [0.04158004]
stock index [491] stock id ['002407.SZ'] prediction [0.21509592] true [-0.09361623]
stock index [496] stock id ['688567.SH'] prediction [0.16887436] true [0.20915033]
stock index [497] stock id ['000933.SZ'] prediction [0.21555009] true [-0.23021583]
stock index [499] stock id ['603712.SH'] prediction [-0.31336505] true [0.00924918]
stock index [500] stock id ['600316.SH'] prediction [0.20166579] true [0.12075472]
stock index [502] stock id ['000830.SZ'] prediction [0.18528363] true [-0.17925532]
stock index [503] stock id ['000039.SZ'] prediction [0.1779654] true [-0.0448682]
stock index [504] stock id ['600704.SH'] prediction [0.19319364] true [-0.06481481]
stock index [506] stock id ['600409.SH'] prediction [0.17823083] true [-0.15439856]
stock index [507] stock id ['002092.SZ'] prediction [0.19293767] true [-0.27164179]
stock index [508] stock id ['600348.SH'] prediction [0.20174781] true [-0.12795436]
stock index [509] stock id ['600596.SH'] prediction [0.17897006] true [-0.14576056]
stock index [518] stock id ['002797.SZ'] prediction [-0.22280287] true [-0.03867403]
stock index [519] stock id ['002602.SZ'] prediction [-0.15282097] true [-0.00945946]
stock index [522] stock id ['300033.SZ'] prediction [-0.18098045] true [-0.0212695]
stock index [533] stock id ['600141.SH'] prediction [0.17661421] true [-0.10925307]
stock index [535] stock id ['002497.SZ'] prediction [0.26493959] true [-0.0694864]
stock index [546] stock id ['600109.SH'] prediction [-0.20154199] true [-0.06830123]
stock index [551] stock id ['601138.SH'] prediction [-0.22447654] true [-0.03872633]
stock index [559] stock id ['000895.SZ'] prediction [-0.18252355] true [0.04825046]
stock index [561] stock id ['601933.SH'] prediction [-0.20419441] true [-0.01020408]
stock index [563] stock id ['601555.SH'] prediction [-0.19515051] true [-0.1223671]
stock index [567] stock id ['000960.SZ'] prediction [0.19519884] true [-0.0148857]
stock index [575] stock id ['000683.SZ'] prediction [0.1796462] true [-0.23974763]
stock index [577] stock id ['601108.SH'] prediction [-0.19824372] true [-0.05827937]
stock index [579] stock id ['600549.SH'] prediction [0.20980605] true [0.10515203]
stock index [580] stock id ['600392.SH'] prediction [0.22782468] true [0.11094527]
stock index [586] stock id ['300628.SZ'] prediction [-0.22520713] true [-0.04701538]
stock index [588] stock id ['603019.SH'] prediction [-0.18108218] true [0.04250559]
stock index [592] stock id ['601808.SH'] prediction [0.17922787] true [-0.15838509]
stock index [601] stock id ['000630.SZ'] prediction [0.15311367] true [-0.12276215]
stock index [602] stock id ['000898.SZ'] prediction [0.17075774] true [-0.24532225]
stock index [603] stock id ['002916.SZ'] prediction [-0.15085195] true [0.10736132]
stock index [604] stock id ['601838.SH'] prediction [-0.15916876] true [-0.05480607]
stock index [605] stock id ['000783.SZ'] prediction [-0.16764196] true [-0.06013072]
stock index [608] stock id ['601699.SH'] prediction [0.24648894] true [-0.28047968]
stock index [613] stock id ['000807.SZ'] prediction [0.19536597] true [-0.27916386]
stock index [615] stock id ['600516.SH'] prediction [0.1749983] true [0.19014778]
stock index [617] stock id ['600256.SH'] prediction [0.16333188] true [-0.31451613]
stock index [621] stock id ['002600.SZ'] prediction [-0.19372293] true [0.0495356]
stock index [624] stock id ['601878.SH'] prediction [-0.15390739] true [-0.00240964]
stock index [627] stock id ['600884.SH'] prediction [0.18681107] true [0.09093559]
stock index [629] stock id ['000983.SZ'] prediction [0.22497556] true [-0.32715008]
stock index [633] stock id ['000723.SZ'] prediction [0.17138653] true [0.25348189]
stock index [635] stock id ['000876.SZ'] prediction [-0.27059943] true [-0.02642276]
stock index [640] stock id ['600383.SH'] prediction [-0.25679639] true [-0.10714286]
stock index [647] stock id ['603026.SH'] prediction [0.19537312] true [-0.34123082]
stock index [651] stock id ['600362.SH'] prediction [0.17862882] true [-0.06827473]
stock index [654] stock id ['601233.SH'] prediction [0.18744741] true [-0.10027347]
stock index [656] stock id ['000825.SZ'] prediction [0.20143109] true [-0.26158599]
stock index [657] stock id ['000301.SZ'] prediction [0.20586916] true [-0.15753912]
stock index [660] stock id ['000009.SZ'] prediction [0.18606131] true [-0.07559958]
stock index [663] stock id ['600606.SH'] prediction [-0.20984965] true [-0.12765957]
stock index [664] stock id ['002340.SZ'] prediction [0.23807285] true [0.01073345]
stock index [667] stock id ['601658.SH'] prediction [-0.1500489] true [0.]
stock index [668] stock id ['000786.SZ'] prediction [0.15641835] true [-0.16588419]
stock index [669] stock id ['600219.SH'] prediction [0.20376686] true [0.00457666]
stock index [673] stock id ['002074.SZ'] prediction [0.17964742] true [0.40071594]
stock index [678] stock id ['300498.SZ'] prediction [-0.17296141] true [0.10228058]
stock index [680] stock id ['601788.SH'] prediction [-0.18485242] true [-0.06954282]
stock index [684] stock id ['002648.SZ'] prediction [0.15421083] true [0.01204202]
stock index [692] stock id ['601881.SH'] prediction [-0.19630066] true [-0.00477099]
stock index [697] stock id ['601636.SH'] prediction [0.16958] true [-0.0778996]
stock index [701] stock id ['601898.SH'] prediction [0.23708824] true [-0.32926829]
stock index [704] stock id ['600188.SH'] prediction [0.17389989] true [-0.21628148]
stock index [709] stock id ['600570.SH'] prediction [-0.20091843] true [0.01972765]
stock index [710] stock id ['000768.SZ'] prediction [0.15934558] true [0.26264905]
stock index [712] stock id ['600845.SH'] prediction [-0.16140684] true [0.00439394]
stock index [715] stock id ['001979.SZ'] prediction [-0.19987962] true [-0.11514683]
stock index [716] stock id ['002709.SZ'] prediction [0.16610574] true [-0.11254273]
stock index [721] stock id ['601336.SH'] prediction [-0.21260643] true [-0.0560259]
stock index [723] stock id ['600958.SH'] prediction [-0.17281723] true [-0.07072042]
stock index [738] stock id ['300450.SZ'] prediction [0.15370464] true [0.13534804]
stock index [739] stock id ['601600.SH'] prediction [0.19578719] true [-0.32903226]
stock index [740] stock id ['601229.SH'] prediction [-0.15710909] true [-0.02188782]
stock index [743] stock id ['600745.SH'] prediction [-0.26933061] true [0.31005766]
stock index [744] stock id ['600089.SH'] prediction [0.16179914] true [-0.05608247]
stock index [750] stock id ['002736.SZ'] prediction [-0.20897431] true [-0.06683587]
stock index [752] stock id ['600837.SH'] prediction [-0.2042085] true [-0.02553542]
stock index [754] stock id ['600010.SH'] prediction [0.18767834] true [-0.08832808]
stock index [755] stock id ['601066.SH'] prediction [-0.23823789] true [-0.09288026]
stock index [756] stock id ['000166.SZ'] prediction [-0.22833275] true [-0.08181818]
stock index [758] stock id ['300433.SZ'] prediction [-0.15340119] true [0.00334608]
stock index [761] stock id ['600893.SH'] prediction [0.17949681] true [0.20962587]
stock index [762] stock id ['603993.SH'] prediction [0.25580918] true [-0.02483444]
stock index [764] stock id ['601688.SH'] prediction [-0.21268201] true [-0.06886404]
stock index [765] stock id ['000776.SZ'] prediction [-0.18544317] true [0.11354962]
stock index [766] stock id ['000063.SZ'] prediction [-0.25451291] true [-0.0739511]
stock index [767] stock id ['600050.SH'] prediction [-0.22210063] true [-0.05596107]
stock index [770] stock id ['601211.SH'] prediction [-0.18181523] true [-0.06169377]
stock index [774] stock id ['601225.SH'] prediction [0.15469285] true [-0.1972973]
stock index [777] stock id ['600999.SH'] prediction [-0.1815167] true [-0.0709607]
stock index [778] stock id ['603799.SH'] prediction [0.26012341] true [0.25145068]
stock index [782] stock id ['600016.SH'] prediction [-0.20322778] true [-0.00511509]
stock index [784] stock id ['600048.SH'] prediction [-0.25250126] true [-0.01282965]
stock index [788] stock id ['300274.SZ'] prediction [0.17377427] true [0.08828683]
stock index [789] stock id ['002460.SZ'] prediction [0.20657884] true [0.02804713]
stock index [793] stock id ['300014.SZ'] prediction [0.17744508] true [0.47672422]
stock index [795] stock id ['002466.SZ'] prediction [0.2559365] true [0.16223666]
stock index [797] stock id ['601328.SH'] prediction [-0.16507555] true [0.01555556]
stock index [801] stock id ['600111.SH'] prediction [0.21260655] true [0.21572171]
stock index [804] stock id ['600346.SH'] prediction [0.16153461] true [-0.18932412]
stock index [808] stock id ['000002.SZ'] prediction [-0.22122824] true [-0.14312529]
stock index [809] stock id ['002142.SZ'] prediction [-0.16539668] true [0.10611664]
stock index [811] stock id ['603260.SH'] prediction [0.18608144] true [-0.14017494]
stock index [814] stock id ['002812.SZ'] prediction [0.17890073] true [-0.09253177]
stock index [815] stock id ['600019.SH'] prediction [0.16337783] true [-0.25057471]
stock index [816] stock id ['601919.SH'] prediction [0.16880194] true [0.00520833]
stock index [817] stock id ['601899.SH'] prediction [0.15873787] true [0.00594648]
stock index [820] stock id ['002475.SZ'] prediction [-0.19614406] true [0.11033324]
stock index [823] stock id ['600030.SH'] prediction [-0.25419767] true [-0.05973101]
stock index [827] stock id ['600000.SH'] prediction [-0.17433109] true [-0.05444444]
stock index [833] stock id ['000001.SZ'] prediction [-0.17280902] true [-0.0273285]
stock index [835] stock id ['603288.SH'] prediction [-0.15238847] true [0.02090909]
stock index [837] stock id ['600028.SH'] prediction [0.15360874] true [-0.0941704]
stock index [843] stock id ['601318.SH'] prediction [-0.25520659] true [-0.00289495]
stock index [844] stock id ['601628.SH'] prediction [-0.20052841] true [-0.00838926]
stock index [847] stock id ['601857.SH'] prediction [0.1756037] true [-0.21630616]
stock index [848] stock id ['601288.SH'] prediction [-0.15796088] true [-0.01020408]
stock index [850] stock id ['600036.SH'] prediction [-0.15556639] true [-0.01902874]
TP:44, FP:57, TN:74, FN:58
train date: 2020-09-30
train date: 2020-12-31
train date: 2021-03-31
train date: 2021-06-30
test date: 2021-09-30
x_train.shape:(1826, 30),
 x_test.shape:(853, 30),
 y_train.shape:(1826, 2),
 y_test.shape:(853, 2),

stock index [7] stock id ['002947.SZ'] prediction [-0.18736069] true [0.10315186]
stock index [10] stock id ['688418.SH'] prediction [-0.40802746] true [0.0026936]
stock index [15] stock id ['688559.SH'] prediction [0.21265469] true [0.22580645]
stock index [22] stock id ['300010.SZ'] prediction [-0.17363821] true [0.11989101]
stock index [27] stock id ['603083.SH'] prediction [-0.33351054] true [0.02679939]
stock index [53] stock id ['300098.SZ'] prediction [-0.2689107] true [0.08368201]
stock index [77] stock id ['688390.SH'] prediction [0.20033565] true [0.17312759]
stock index [103] stock id ['002124.SZ'] prediction [-0.16561468] true [0.06208054]
stock index [105] stock id ['688029.SH'] prediction [0.1592708] true [-0.03025842]
stock index [112] stock id ['600971.SH'] prediction [0.25385047] true [-0.23687424]
stock index [118] stock id ['300598.SZ'] prediction [-0.17672426] true [-0.08666926]
stock index [119] stock id ['688333.SH'] prediction [0.18743428] true [0.06227019]
stock index [130] stock id ['002149.SZ'] prediction [0.31025288] true [0.2272203]
stock index [133] stock id ['002182.SZ'] prediction [0.15630831] true [0.09722222]
stock index [134] stock id ['688006.SH'] prediction [0.2621763] true [0.4860423]
stock index [146] stock id ['000049.SZ'] prediction [0.20161804] true [0.52922886]
stock index [157] stock id ['300638.SZ'] prediction [-0.35386096] true [0.3200093]
stock index [161] stock id ['600328.SH'] prediction [0.16077613] true [-0.21616793]
stock index [162] stock id ['688017.SH'] prediction [0.18679051] true [0.28011847]
stock index [180] stock id ['000528.SZ'] prediction [0.16671113] true [-0.0343075]
stock index [184] stock id ['600835.SH'] prediction [0.15305299] true [0.0047043]
stock index [189] stock id ['600123.SH'] prediction [0.32072013] true [-0.27959502]
stock index [196] stock id ['002390.SZ'] prediction [0.17213923] true [-0.11734029]
stock index [210] stock id ['603505.SH'] prediction [0.2057337] true [0.13095548]
stock index [213] stock id ['002158.SZ'] prediction [0.18390505] true [0.25429553]
stock index [214] stock id ['603113.SH'] prediction [0.28440798] true [-0.10330579]
stock index [223] stock id ['300861.SZ'] prediction [0.19108684] true [-0.0007657]
stock index [224] stock id ['002595.SZ'] prediction [0.15137656] true [0.0805501]
stock index [229] stock id ['600963.SH'] prediction [0.19699] true [-0.10539523]
stock index [232] stock id ['600966.SH'] prediction [0.15852807] true [-0.11508282]
stock index [233] stock id ['002318.SZ'] prediction [0.16934388] true [0.16059957]
stock index [239] stock id ['688202.SH'] prediction [0.16375074] true [-0.2091847]
stock index [244] stock id ['300726.SZ'] prediction [0.2652939] true [0.26694693]
stock index [245] stock id ['002281.SZ'] prediction [-0.28723073] true [0.04017857]
stock index [246] stock id ['600459.SH'] prediction [0.15749474] true [0.16829052]
stock index [255] stock id ['600577.SH'] prediction [0.17945036] true [0.33380084]
stock index [256] stock id ['600340.SH'] prediction [-0.31343429] true [-0.17705736]
stock index [265] stock id ['603599.SH'] prediction [0.18099014] true [0.24126303]
stock index [269] stock id ['600339.SH'] prediction [0.25981447] true [-0.13580247]
stock index [278] stock id ['600967.SH'] prediction [0.20057503] true [0.06960082]
stock index [281] stock id ['300474.SZ'] prediction [0.1720362] true [0.49566474]
stock index [285] stock id ['000778.SZ'] prediction [0.16764478] true [-0.14252874]
stock index [290] stock id ['300034.SZ'] prediction [0.19829065] true [0.52731038]
stock index [291] stock id ['002747.SZ'] prediction [0.16288019] true [0.25501825]
stock index [292] stock id ['600820.SH'] prediction [0.16223823] true [-0.1079646]
stock index [300] stock id ['688388.SH'] prediction [0.25589633] true [0.139962]
stock index [301] stock id ['300618.SZ'] prediction [0.24296171] true [0.30913943]
stock index [303] stock id ['601003.SH'] prediction [0.17525528] true [-0.19626168]
stock index [309] stock id ['000591.SZ'] prediction [0.3028946] true [-0.20445505]
stock index [317] stock id ['000516.SZ'] prediction [0.20737777] true [-0.05618964]
stock index [320] stock id ['002221.SZ'] prediction [0.25843514] true [-0.07127112]
stock index [326] stock id ['600559.SH'] prediction [0.17311892] true [0.02697842]
stock index [327] stock id ['603128.SH'] prediction [0.16359198] true [0.02751572]
stock index [331] stock id ['300136.SZ'] prediction [-0.39352674] true [0.10913931]
stock index [337] stock id ['600580.SH'] prediction [0.17648954] true [0.48908954]
stock index [342] stock id ['600583.SH'] prediction [0.23712413] true [-0.10020877]
stock index [350] stock id ['600498.SH'] prediction [-0.29615875] true [0.00623583]
stock index [354] stock id ['601666.SH'] prediction [0.26083952] true [-0.39184953]
stock index [357] stock id ['002610.SZ'] prediction [0.20662029] true [0.22921348]
stock index [359] stock id ['002028.SZ'] prediction [0.15446768] true [0.38473205]
stock index [364] stock id ['002389.SZ'] prediction [0.18052727] true [0.24063401]
stock index [367] stock id ['600879.SH'] prediction [0.16019668] true [0.13414634]
stock index [381] stock id ['600970.SH'] prediction [0.1538367] true [0.0254386]
stock index [390] stock id ['601016.SH'] prediction [0.20920228] true [-0.18884664]
stock index [394] stock id ['688598.SH'] prediction [0.26731262] true [0.04892156]
stock index [400] stock id ['600110.SH'] prediction [0.20989927] true [0.01774872]
stock index [401] stock id ['002128.SZ'] prediction [0.26750419] true [-0.23699803]
stock index [405] stock id ['600483.SH'] prediction [0.16939668] true [-0.17708333]
stock index [408] stock id ['002353.SZ'] prediction [0.25610095] true [-0.19392813]
stock index [410] stock id ['002110.SZ'] prediction [0.15316184] true [-0.25315006]
stock index [413] stock id ['601005.SH'] prediction [0.19544386] true [-0.20948617]
stock index [415] stock id ['002056.SZ'] prediction [0.17434378] true [0.51826484]
stock index [416] stock id ['688122.SH'] prediction [0.15351592] true [0.35236769]
stock index [417] stock id ['002465.SZ'] prediction [-0.29380582] true [0.01757812]
stock index [433] stock id ['600522.SH'] prediction [-0.26523493] true [1.04175824]
stock index [435] stock id ['600456.SH'] prediction [0.21087613] true [0.52467698]
stock index [438] stock id ['000902.SZ'] prediction [0.15548384] true [-0.05875706]
stock index [445] stock id ['000656.SZ'] prediction [-0.15845117] true [-0.20155039]
stock index [446] stock id ['688116.SH'] prediction [0.24648917] true [0.07276119]
stock index [449] stock id ['002531.SZ'] prediction [0.15044338] true [0.17126761]
stock index [452] stock id ['002025.SZ'] prediction [0.15337057] true [0.32556634]
stock index [458] stock id ['002064.SZ'] prediction [0.18475356] true [-0.12078882]
stock index [459] stock id ['600782.SH'] prediction [0.18407685] true [-0.25105189]
stock index [471] stock id ['600803.SH'] prediction [0.17396983] true [0.06892779]
stock index [473] stock id ['000738.SZ'] prediction [0.17485711] true [0.28375571]
stock index [477] stock id ['600765.SH'] prediction [0.21876621] true [0.66392634]
stock index [478] stock id ['300001.SZ'] prediction [0.19266267] true [0.178125]
stock index [479] stock id ['600711.SH'] prediction [0.28684129] true [-0.02356902]
stock index [480] stock id ['600039.SH'] prediction [0.19710105] true [0.42180095]
stock index [490] stock id ['600497.SH'] prediction [0.18533363] true [0.04158004]
stock index [491] stock id ['002407.SZ'] prediction [0.21446652] true [-0.09361623]
stock index [496] stock id ['688567.SH'] prediction [0.19259319] true [0.20915033]
stock index [497] stock id ['000933.SZ'] prediction [0.19346111] true [-0.23021583]
stock index [498] stock id ['000708.SZ'] prediction [0.16067872] true [-0.00487805]
stock index [499] stock id ['603712.SH'] prediction [-0.33713941] true [0.00924918]
stock index [500] stock id ['600316.SH'] prediction [0.26442163] true [0.12075472]
stock index [501] stock id ['300073.SZ'] prediction [0.17564824] true [0.27649208]
stock index [502] stock id ['000830.SZ'] prediction [0.17273222] true [-0.17925532]
stock index [503] stock id ['000039.SZ'] prediction [0.17666154] true [-0.0448682]
stock index [504] stock id ['600704.SH'] prediction [0.19069103] true [-0.06481481]
stock index [506] stock id ['600409.SH'] prediction [0.20095913] true [-0.15439856]
stock index [507] stock id ['002092.SZ'] prediction [0.18814628] true [-0.27164179]
stock index [508] stock id ['600348.SH'] prediction [0.28259381] true [-0.12795436]
stock index [509] stock id ['600596.SH'] prediction [0.15699347] true [-0.14576056]
stock index [523] stock id ['002430.SZ'] prediction [0.16420808] true [-0.07743989]
stock index [529] stock id ['600875.SH'] prediction [0.15368783] true [0.1147541]
stock index [531] stock id ['600038.SH'] prediction [0.17239147] true [0.30935252]
stock index [533] stock id ['600141.SH'] prediction [0.18008076] true [-0.10925307]
stock index [535] stock id ['002497.SZ'] prediction [0.24575963] true [-0.0694864]
stock index [548] stock id ['002444.SZ'] prediction [0.18963917] true [0.16557496]
stock index [549] stock id ['600808.SH'] prediction [0.15480837] true [-0.27070707]
stock index [551] stock id ['601138.SH'] prediction [-0.25409848] true [-0.03872633]
stock index [556] stock id ['300595.SZ'] prediction [0.2180818] true [-0.30075925]
stock index [565] stock id ['600486.SH'] prediction [0.15484126] true [0.26371006]
stock index [567] stock id ['000960.SZ'] prediction [0.1918588] true [-0.0148857]
stock index [575] stock id ['000683.SZ'] prediction [0.17230609] true [-0.23974763]
stock index [576] stock id ['601168.SH'] prediction [0.16662361] true [-0.08036984]
stock index [579] stock id ['600549.SH'] prediction [0.21154644] true [0.10515203]
stock index [580] stock id ['600392.SH'] prediction [0.21718844] true [0.11094527]
stock index [583] stock id ['300012.SZ'] prediction [0.15133366] true [-0.02524655]
stock index [585] stock id ['000703.SZ'] prediction [0.1747772] true [-0.08956522]
stock index [586] stock id ['300628.SZ'] prediction [-0.27266003] true [-0.04701538]
stock index [592] stock id ['601808.SH'] prediction [0.25452119] true [-0.15838509]
stock index [601] stock id ['000630.SZ'] prediction [0.173462] true [-0.12276215]
stock index [602] stock id ['000898.SZ'] prediction [0.16035357] true [-0.24532225]
stock index [608] stock id ['601699.SH'] prediction [0.30762498] true [-0.28047968]
stock index [610] stock id ['000932.SZ'] prediction [0.1614901] true [-0.2413273]
stock index [613] stock id ['000807.SZ'] prediction [0.20105587] true [-0.27916386]
stock index [615] stock id ['600516.SH'] prediction [0.17594735] true [0.19014778]
stock index [617] stock id ['600256.SH'] prediction [0.24555807] true [-0.31451613]
stock index [618] stock id ['600862.SH'] prediction [0.17695026] true [0.12219834]
stock index [625] stock id ['603882.SH'] prediction [0.1627108] true [0.0685413]
stock index [627] stock id ['600884.SH'] prediction [0.20038549] true [0.09093559]
stock index [629] stock id ['000983.SZ'] prediction [0.29152857] true [-0.32715008]
stock index [633] stock id ['000723.SZ'] prediction [0.26240664] true [0.25348189]
stock index [635] stock id ['000876.SZ'] prediction [-0.19229692] true [-0.02642276]
stock index [647] stock id ['603026.SH'] prediction [0.20376726] true [-0.34123082]
stock index [648] stock id ['600795.SH'] prediction [0.15885277] true [-0.21846154]
stock index [651] stock id ['600362.SH'] prediction [0.17923045] true [-0.06827473]
stock index [654] stock id ['601233.SH'] prediction [0.17628559] true [-0.10027347]
stock index [656] stock id ['000825.SZ'] prediction [0.19445971] true [-0.26158599]
stock index [657] stock id ['000301.SZ'] prediction [0.18962944] true [-0.15753912]
stock index [659] stock id ['002202.SZ'] prediction [0.1921973] true [0.05232892]
stock index [660] stock id ['000009.SZ'] prediction [0.1939846] true [-0.07559958]
stock index [662] stock id ['688036.SH'] prediction [-0.20898142] true [0.18638298]
stock index [664] stock id ['002340.SZ'] prediction [0.25819835] true [0.01073345]
stock index [668] stock id ['000786.SZ'] prediction [0.18359857] true [-0.16588419]
stock index [669] stock id ['600219.SH'] prediction [0.22369938] true [0.00457666]
stock index [670] stock id ['000157.SZ'] prediction [0.16109405] true [-0.15393939]
stock index [671] stock id ['603899.SH'] prediction [0.16625682] true [-0.1762283]
stock index [673] stock id ['002074.SZ'] prediction [0.19495915] true [0.40071594]
stock index [684] stock id ['002648.SZ'] prediction [0.1585656] true [0.01204202]
stock index [697] stock id ['601636.SH'] prediction [0.18052092] true [-0.0778996]
stock index [699] stock id ['300347.SZ'] prediction [0.15998226] true [-0.21103448]
stock index [701] stock id ['601898.SH'] prediction [0.30066603] true [-0.32926829]
stock index [704] stock id ['600188.SH'] prediction [0.26712895] true [-0.21628148]
stock index [705] stock id ['601669.SH'] prediction [0.15361967] true [-0.22432113]
stock index [708] stock id ['600176.SH'] prediction [0.15739374] true [-0.00455063]
stock index [710] stock id ['000768.SZ'] prediction [0.19643154] true [0.26264905]
stock index [716] stock id ['002709.SZ'] prediction [0.17070715] true [-0.11254273]
stock index [725] stock id ['300316.SZ'] prediction [0.1668051] true [0.11623932]
stock index [735] stock id ['601989.SH'] prediction [0.16279611] true [-0.05442177]
stock index [737] stock id ['601985.SH'] prediction [0.15060194] true [-0.05270458]
stock index [738] stock id ['300450.SZ'] prediction [0.17995588] true [0.13534804]
stock index [739] stock id ['601600.SH'] prediction [0.19067283] true [-0.32903226]
stock index [743] stock id ['600745.SH'] prediction [-0.32890818] true [0.31005766]
stock index [744] stock id ['600089.SH'] prediction [0.19399249] true [-0.05608247]
stock index [749] stock id ['600025.SH'] prediction [0.15064013] true [-0.29742389]
stock index [754] stock id ['600010.SH'] prediction [0.2006418] true [-0.08832808]
stock index [761] stock id ['600893.SH'] prediction [0.20475704] true [0.20962587]
stock index [762] stock id ['603993.SH'] prediction [0.25907816] true [-0.02483444]
stock index [766] stock id ['000063.SZ'] prediction [-0.30380956] true [-0.0739511]
stock index [767] stock id ['600050.SH'] prediction [-0.26694043] true [-0.05596107]
stock index [774] stock id ['601225.SH'] prediction [0.25796647] true [-0.1972973]
stock index [778] stock id ['603799.SH'] prediction [0.24139234] true [0.25145068]
stock index [781] stock id ['600309.SH'] prediction [0.15323953] true [-0.1030445]
stock index [783] stock id ['600760.SH'] prediction [0.2147043] true [0.06789582]
stock index [784] stock id ['600048.SH'] prediction [-0.15098778] true [-0.01282965]
stock index [788] stock id ['300274.SZ'] prediction [0.20691214] true [0.08828683]
stock index [789] stock id ['002460.SZ'] prediction [0.21021839] true [0.02804713]
stock index [792] stock id ['601766.SH'] prediction [0.16242611] true [-0.01932367]
stock index [793] stock id ['300014.SZ'] prediction [0.20666852] true [0.47672422]
stock index [795] stock id ['002466.SZ'] prediction [0.2388528] true [0.16223666]
stock index [801] stock id ['600111.SH'] prediction [0.20190048] true [0.21572171]
stock index [804] stock id ['600346.SH'] prediction [0.16305775] true [-0.18932412]
stock index [806] stock id ['600406.SH'] prediction [0.20836849] true [0.15316068]
stock index [811] stock id ['603260.SH'] prediction [0.18075891] true [-0.14017494]
stock index [814] stock id ['002812.SZ'] prediction [0.18966576] true [-0.09253177]
stock index [815] stock id ['600019.SH'] prediction [0.16291792] true [-0.25057471]
stock index [816] stock id ['601919.SH'] prediction [0.19808546] true [0.00520833]
stock index [817] stock id ['601899.SH'] prediction [0.16615156] true [0.00594648]
stock index [823] stock id ['600030.SH'] prediction [-0.18334403] true [-0.05973101]
stock index [831] stock id ['601088.SH'] prediction [0.24590803] true [-0.13768756]
stock index [837] stock id ['600028.SH'] prediction [0.24529128] true [-0.0941704]
stock index [843] stock id ['601318.SH'] prediction [-0.20391393] true [-0.00289495]
stock index [847] stock id ['601857.SH'] prediction [0.25688732] true [-0.21630616]
stock index [849] stock id ['300750.SZ'] prediction [0.16545539] true [0.2934396]
TP:79, FP:92, TN:11, FN:15
