('market_value_mean', 0.03678311499127174)
('market_value_std', -0.024400284399268894)
('fund_shareholding_mean', 0.035443495366523345)
('fund_shareholding_std', 0.009520094754422465)
('fund_number_mean', -0.31656300562235995)
('fund_number_std', 0.2919033452316808)
('close_price_mean', -0.08188657361621834)
('close_price_std', 0.23864010080716883)
('avg_price_mean', -0.09432791430140636)
('avg_price_std', -0.22288119367565745)
('turnover_rate_mean', 0.0021090719464984995)
('turnover_rate_std', -0.015541790966964923)
('amplitutde_mean', -0.0078450827640836)
('amplitutde_std', 0.037739361680144155)
('margin_diff_mean', -0.015608837939027016)
('margin_diff_std', -0.00695841284366894)
('share_ratio_of_funds_mean', 0.0029189852820502896)
('share_ratio_of_funds_std', 0.02444365255553272)
('num_of_funds_mean', -0.09358909610773139)
('num_of_funds_std', 0.06487108226758208)
('fund_owner_affinity_mean', -0.11199792977955432)
('fund_owner_affinity_std', -0.06307344095739964)
('cyclical_industry', 0.028690220757667657)
