+ dates='
       2020-09-30
       2020-12-31
       2021-03-31
       2021-06-30
       2021-09-30
       '
+ past_quater_number=3
+ regress_dir=./regress_data_new_3/
+ for end_date in $dates
+ for end_date in $dates
+ for end_date in $dates
+ python main.py 2020-09-30 ./regress_data_new_3/ 3
+ for end_date in $dates
+ python main.py 2020-12-31 ./regress_data_new_3/ 3
+ for end_date in $dates
+ python main.py 2021-03-31 ./regress_data_new_3/ 3
+ wait
+ python main.py 2021-06-30 ./regress_data_new_3/ 3
+ python main.py 2021-09-30 ./regress_data_new_3/ 3
stock indicators
fund indicators
common part
>>> 2
>>> 3
>>> 4
get_stocks_industry_static_indicators
-----before filter database.describe:                 是          成长型          混合型          价值型          小盘股  \
count  4467.000000  4467.000000  4467.000000  4467.000000  4467.000000   
mean      0.067120     0.388316     0.327004     0.284680     0.560649   
std       0.056125     0.097380     0.021038     0.098820     0.095560   
min       0.037627     0.189873     0.290698     0.180837     0.321705   
25%       0.040302     0.298450     0.306343     0.187192     0.515385   
50%       0.041538     0.429891     0.325777     0.244332     0.578947   
75%       0.060729     0.472906     0.339901     0.377551     0.599496   
max       0.279070     0.512821     0.383333     0.518987     0.700434   

               中盘股          大盘股  market_value_mean  market_value_std  \
count  4467.000000  4467.000000        4467.000000       4467.000000   
mean      0.302429     0.136922          -0.124492          0.068931   
std       0.045636     0.057795           0.036923          0.007309   
min       0.230101     0.069465          -0.221214          0.049873   
25%       0.282116     0.112011          -0.134799          0.064869   
50%       0.309042     0.118388          -0.122316          0.067177   
75%       0.316923     0.152709          -0.110457          0.074719   
max       0.408333     0.321705          -0.031223          0.084571   

       fund_shareholding_mean  fund_shareholding_std  fund_number_mean  \
count             4467.000000            4467.000000       4467.000000   
mean               153.758668             117.000599         10.164251   
std                175.555792             159.042519          1.437252   
min                  3.997823               5.645730          7.649470   
25%                 11.528778              12.276697          9.311808   
50%                 94.228841              41.154096         10.156467   
75%                345.435337             118.358485         11.225386   
max                480.411353             475.293130         15.389855   

       fund_number_std  close_price_mean  close_price_std  avg_price_mean  \
count      4467.000000       1689.000000      1657.000000     1689.000000   
mean         13.451861         -0.055215         0.100415       -0.074524   
std           1.870398          0.187573         0.103479        0.182566   
min           9.818448         -0.653740         0.000000       -0.675279   
25%          12.523233         -0.159743         0.028284       -0.181280   
50%          13.538350         -0.049804         0.067833       -0.074800   
75%          14.009461          0.036247         0.142351        0.019805   
max          20.800364          1.312086         0.909854        1.181092   

       avg_price_std  turnover_rate_mean  turnover_rate_std  amplitutde_mean  \
count    1657.000000         1689.000000        1657.000000      1689.000000   
mean        0.081575            0.720322           0.730530         0.393843   
std         0.084930            1.225198           0.922286         0.680711   
min         0.000240           -0.932905           0.000567        -0.895398   
25%         0.026148           -0.085096           0.190451        -0.060115   
50%         0.058211            0.387579           0.412504         0.274834   
75%         0.108615            1.188492           0.886887         0.681371   
max         0.817238           11.554102           8.800419         6.094971   

       amplitutde_std  margin_diff_mean  margin_diff_std  \
count     1657.000000       1689.000000      1657.000000   
mean         0.621189         -0.112118         0.137509   
std          0.527898          0.980688         0.435873   
min          0.001150         -9.472952         0.000031   
25%          0.270751         -0.322497         0.034017   
50%          0.512053         -0.138073         0.077087   
75%          0.812376          0.007964         0.150511   
max          5.485268         30.101196        11.849218   

       share_ratio_of_funds_mean  share_ratio_of_funds_std  num_of_funds_mean  \
count                1344.000000               1033.000000        1344.000000   
mean                  389.659267                 81.458303           9.528609   
std                 10747.238819               1582.014735          14.814612   
min                    -0.999953                  0.000619          -0.991667   
25%                    -0.065448                  0.374666           1.382029   
50%                     0.573738                  0.801030           4.718254   
75%                     2.273366                  1.935991          11.287879   
max                387099.084211              44914.717901         156.000000   

       num_of_funds_std  fund_owner_affinity_mean  fund_owner_affinity_std  \
count       1033.000000                901.000000               901.000000   
mean          13.811857                  0.559084                 0.046707   
std           16.615393                  0.157425                 0.052721   
min            0.144308                  0.000000                 0.000000   
25%            3.889087                  0.466667                 0.000000   
50%            7.778175                  0.571396                 0.032822   
75%           16.263456                  0.669397                 0.071429   
max          115.258405                  0.931818                 0.383333   

       cyclical_industry  
count        4467.000000  
mean           -0.388852  
std             0.921404  
min            -1.000000  
25%            -1.000000  
50%            -1.000000  
75%             1.000000  
max             1.000000  

-----end_date:2020-09-30 00:00:00

/opt/workspace/xiaoying/goldenspoon/goldenspoon/goldenspoon/indicators.py:96: RuntimeWarning: Mean of empty slice.
  change_mean = stock_quater_fund_owner_affinity.mean()
/usr/local/lib/python3.8/dist-packages/numpy/core/_methods.py:189: RuntimeWarning: invalid value encountered in double_scalars
  ret = ret.dtype.type(ret / rcount)
/usr/local/lib/python3.8/dist-packages/numpy/core/_methods.py:262: RuntimeWarning: Degrees of freedom <= 0 for slice
  ret = _var(a, axis=axis, dtype=dtype, out=out, ddof=ddof,
/usr/local/lib/python3.8/dist-packages/numpy/core/_methods.py:222: RuntimeWarning: invalid value encountered in true_divide
  arrmean = um.true_divide(arrmean, div, out=arrmean, casting='unsafe',
/usr/local/lib/python3.8/dist-packages/numpy/core/_methods.py:254: RuntimeWarning: invalid value encountered in double_scalars
  ret = ret.dtype.type(ret / rcount)
-----after filter database.describe:                  是        成长型           混合型           价值型           小盘股  \
count  4.500000e+01  45.000000  4.500000e+01  4.500000e+01  4.500000e+01   
mean   9.282700e-02   0.341772  3.713080e-01  2.869198e-01  5.232068e-01   
std    1.403460e-17   0.000000  5.613842e-17  5.613842e-17  1.122768e-16   
min    9.282700e-02   0.341772  3.713080e-01  2.869198e-01  5.232068e-01   
25%    9.282700e-02   0.341772  3.713080e-01  2.869198e-01  5.232068e-01   
50%    9.282700e-02   0.341772  3.713080e-01  2.869198e-01  5.232068e-01   
75%    9.282700e-02   0.341772  3.713080e-01  2.869198e-01  5.232068e-01   
max    9.282700e-02   0.341772  3.713080e-01  2.869198e-01  5.232068e-01   

             中盘股           大盘股  market_value_mean  market_value_std  \
count  45.000000  4.500000e+01       4.500000e+01      4.500000e+01   
mean    0.329114  1.476793e-01      -2.212137e-01      7.817982e-02   
std     0.000000  2.806921e-17       2.806921e-17      1.403460e-17   
min     0.329114  1.476793e-01      -2.212137e-01      7.817982e-02   
25%     0.329114  1.476793e-01      -2.212137e-01      7.817982e-02   
50%     0.329114  1.476793e-01      -2.212137e-01      7.817982e-02   
75%     0.329114  1.476793e-01      -2.212137e-01      7.817982e-02   
max     0.329114  1.476793e-01      -2.212137e-01      7.817982e-02   

       fund_shareholding_mean  fund_shareholding_std  fund_number_mean  \
count            4.500000e+01               45.00000      4.500000e+01   
mean             3.997823e+00                5.64573      7.649470e+00   
std              4.491073e-16                0.00000      8.982147e-16   
min              3.997823e+00                5.64573      7.649470e+00   
25%              3.997823e+00                5.64573      7.649470e+00   
50%              3.997823e+00                5.64573      7.649470e+00   
75%              3.997823e+00                5.64573      7.649470e+00   
max              3.997823e+00                5.64573      7.649470e+00   

       fund_number_std  close_price_mean  close_price_std  avg_price_mean  \
count     4.500000e+01         45.000000        45.000000       45.000000   
mean      9.818448e+00         -0.169006         0.141675       -0.246576   
std       3.592859e-15          0.198525         0.099564        0.164730   
min       9.818448e+00         -0.454665         0.003359       -0.501669   
25%       9.818448e+00         -0.284282         0.067784       -0.349884   
50%       9.818448e+00         -0.207922         0.125656       -0.271692   
75%       9.818448e+00         -0.084655         0.178920       -0.167898   
max       9.818448e+00          0.384340         0.412672        0.304439   

       avg_price_std  turnover_rate_mean  turnover_rate_std  amplitutde_mean  \
count      45.000000           45.000000          45.000000        45.000000   
mean        0.116673            0.410542           0.568458         0.094726   
std         0.077819            0.718497           0.898966         0.399279   
min         0.005111           -0.301758           0.015359        -0.459173   
25%         0.060067            0.071383           0.168346        -0.164142   
50%         0.114295            0.245010           0.373407         0.022211   
75%         0.156272            0.453180           0.619905         0.275925   
max         0.371158            3.932137           6.002165         1.887543   

       amplitutde_std  margin_diff_mean  margin_diff_std  \
count       45.000000         45.000000        45.000000   
mean         0.449535         -0.193794         0.157246   
std          0.374748          0.387004         0.162857   
min          0.043307         -1.162860         0.007873   
25%          0.172824         -0.357876         0.030493   
50%          0.394639         -0.235212         0.115174   
75%          0.598318         -0.123208         0.185371   
max          1.738357          1.192607         0.639491   

       share_ratio_of_funds_mean  share_ratio_of_funds_std  num_of_funds_mean  \
count                  45.000000                 45.000000          45.000000   
mean                    0.503480                  0.584451           2.852501   
std                     0.960152                  0.349609           1.994467   
min                    -0.773192                  0.037347          -0.104714   
25%                     0.026570                  0.346752           1.253623   
50%                     0.202410                  0.501702           2.557971   
75%                     0.711829                  0.795697           4.078947   
max                     4.608311                  1.370436           7.653846   

       num_of_funds_std  fund_owner_affinity_mean  fund_owner_affinity_std  \
count         45.000000                 45.000000                45.000000   
mean           3.671849                  0.640014                 0.040964   
std            2.114949                  0.139617                 0.030984   
min            0.250626                  0.194444                 0.000000   
25%            2.132912                  0.591205                 0.018131   
50%            3.304117                  0.646002                 0.032730   
75%            4.995367                  0.720406                 0.062847   
max            8.648460                  0.931818                 0.141639   

       cyclical_industry  
count               45.0  
mean                -1.0  
std                  0.0  
min                 -1.0  
25%                 -1.0  
50%                 -1.0  
75%                 -1.0  
max                 -1.0  

stock indicators
fund indicators
common part
>>> 2
>>> 3
>>> 4
get_stocks_industry_static_indicators
-----before filter database.describe:                 是          成长型          混合型          价值型          小盘股  \
count  4467.000000  4467.000000  4467.000000  4467.000000  4467.000000   
mean      0.067120     0.388316     0.327004     0.284680     0.560649   
std       0.056125     0.097380     0.021038     0.098820     0.095560   
min       0.037627     0.189873     0.290698     0.180837     0.321705   
25%       0.040302     0.298450     0.306343     0.187192     0.515385   
50%       0.041538     0.429891     0.325777     0.244332     0.578947   
75%       0.060729     0.472906     0.339901     0.377551     0.599496   
max       0.279070     0.512821     0.383333     0.518987     0.700434   

               中盘股          大盘股  market_value_mean  market_value_std  \
count  4467.000000  4467.000000        4467.000000       4467.000000   
mean      0.302429     0.136922          -0.118741          0.069913   
std       0.045636     0.057795           0.036758          0.007873   
min       0.230101     0.069465          -0.221214          0.049873   
25%       0.282116     0.112011          -0.131943          0.065867   
50%       0.309042     0.118388          -0.116747          0.067177   
75%       0.316923     0.152709          -0.110457          0.078964   
max       0.408333     0.321705          -0.031223          0.084571   

       fund_shareholding_mean  fund_shareholding_std  fund_number_mean  \
count             4467.000000            4467.000000       4467.000000   
mean               125.974377             103.101375          7.777441   
std                121.913339             108.920957          1.457429   
min                  3.614281               4.975833          6.090072   
25%                 25.040480              30.831561          6.928928   
50%                115.019906              31.870234          7.487889   
75%                234.935389             150.182484          9.128948   
max                356.870763             322.919317         12.586058   

       fund_number_std  close_price_mean  close_price_std  avg_price_mean  \
count      4467.000000       1819.000000      1683.000000     1819.000000   
mean         10.525465         -0.045224         0.103124       -0.061988   
std           1.837000          0.196777         0.107460        0.191684   
min           8.586982         -0.653740         0.000000       -0.675279   
25%           9.537757         -0.154660         0.028567       -0.176912   
50%          10.255162         -0.043175         0.068254       -0.068915   
75%          11.592504          0.048300         0.146047        0.032724   
max          17.211240          1.312086         0.909854        1.181092   

       avg_price_std  turnover_rate_mean  turnover_rate_std  amplitutde_mean  \
count    1683.000000         1819.000000        1683.000000      1819.000000   
mean        0.083780            0.735786           0.761936         0.447064   
std         0.088215            1.179401           0.982501         1.122769   
min         0.000240           -0.932905           0.000567        -0.895398   
25%         0.026235           -0.071873           0.193093        -0.074546   
50%         0.059042            0.403984           0.419258         0.268452   
75%         0.111300            1.238155           0.914100         0.703246   
max         0.817238            7.616269           8.800419        21.039117   

       amplitutde_std  margin_diff_mean  margin_diff_std  \
count     1683.000000       1819.000000      1683.000000   
mean         0.626157         -0.227036         0.139458   
std          0.542790          4.926714         0.434307   
min          0.001150       -206.355924         0.000031   
25%          0.267893         -0.322503         0.034356   
50%          0.510276         -0.135317         0.077218   
75%          0.814463          0.011490         0.153362   
max          5.485268         30.101196        11.849218   

       share_ratio_of_funds_mean  share_ratio_of_funds_std  num_of_funds_mean  \
count                1773.000000               1337.000000        1773.000000   
mean                   84.640330                 79.771592           6.158770   
std                  1775.803169               1457.819487          10.828566   
min                    -0.999752                  0.000525          -0.992308   
25%                    -0.202200                  0.346890           0.000000   
50%                     0.389121                  0.765788           2.000000   
75%                     1.929395                  1.887637           7.500000   
max                 64017.163808              44914.717901          92.500000   

       num_of_funds_std  fund_owner_affinity_mean  fund_owner_affinity_std  \
count       1337.000000                889.000000               889.000000   
mean          10.902391                  0.561682                 0.048400   
std           15.564204                  0.157304                 0.051041   
min            0.000000                  0.000000                 0.000000   
25%            1.565736                  0.477273                 0.005051   
50%            5.232590                  0.572703                 0.034176   
75%           12.727922                  0.673215                 0.073415   
max          115.258405                  0.938135                 0.361111   

       cyclical_industry  
count        4467.000000  
mean           -0.388852  
std             0.921404  
min            -1.000000  
25%            -1.000000  
50%            -1.000000  
75%             1.000000  
max             1.000000  

-----end_date:2020-12-31 00:00:00

/opt/workspace/xiaoying/goldenspoon/goldenspoon/goldenspoon/indicators.py:96: RuntimeWarning: Mean of empty slice.
  change_mean = stock_quater_fund_owner_affinity.mean()
/usr/local/lib/python3.8/dist-packages/numpy/core/_methods.py:189: RuntimeWarning: invalid value encountered in double_scalars
  ret = ret.dtype.type(ret / rcount)
/usr/local/lib/python3.8/dist-packages/numpy/core/_methods.py:262: RuntimeWarning: Degrees of freedom <= 0 for slice
  ret = _var(a, axis=axis, dtype=dtype, out=out, ddof=ddof,
/usr/local/lib/python3.8/dist-packages/numpy/core/_methods.py:222: RuntimeWarning: invalid value encountered in true_divide
  arrmean = um.true_divide(arrmean, div, out=arrmean, casting='unsafe',
/usr/local/lib/python3.8/dist-packages/numpy/core/_methods.py:254: RuntimeWarning: invalid value encountered in double_scalars
  ret = ret.dtype.type(ret / rcount)
-----after filter database.describe:               是        成长型        混合型        价值型        小盘股        中盘股  \
count  58.000000  58.000000  58.000000  58.000000  58.000000  58.000000   
mean    0.086716   0.310345   0.354721   0.334934   0.496144   0.334352   
std     0.012069   0.062069   0.032758   0.094827   0.053448   0.010345   
min     0.063291   0.189873   0.291139   0.286920   0.392405   0.329114   
25%     0.092827   0.341772   0.371308   0.286920   0.523207   0.329114   
50%     0.092827   0.341772   0.371308   0.286920   0.523207   0.329114   
75%     0.092827   0.341772   0.371308   0.286920   0.523207   0.329114   
max     0.092827   0.341772   0.371308   0.518987   0.523207   0.354430   

             大盘股  market_value_mean  market_value_std  fund_shareholding_mean  \
count  58.000000          58.000000         58.000000               58.000000   
mean    0.169504          -0.184276          0.079502                4.594158   
std     0.043103           0.072951          0.002612                1.935246   
min     0.147679          -0.221214          0.078180                3.614281   
25%     0.147679          -0.221214          0.078180                3.614281   
50%     0.147679          -0.221214          0.078180                3.614281   
75%     0.147679          -0.221214          0.078180                3.614281   
max     0.253165          -0.042682          0.084571                8.350351   

       fund_shareholding_std  fund_number_mean  fund_number_std  \
count              58.000000         58.000000        58.000000   
mean                5.726081          6.679196         8.866274   
std                 1.481732          0.150294         0.551600   
min                 4.975833          6.603098         8.586982   
25%                 4.975833          6.603098         8.586982   
50%                 4.975833          6.603098         8.586982   
75%                 4.975833          6.603098         8.586982   
max                 8.602031          6.970907         9.936896   

       close_price_mean  close_price_std  avg_price_mean  avg_price_std  \
count         58.000000        58.000000       58.000000      58.000000   
mean          -0.151554         0.122650       -0.208420       0.102718   
std            0.185667         0.097482        0.174780       0.075680   
min           -0.454665         0.002401       -0.501669       0.001827   
25%           -0.272401         0.051795       -0.338786       0.045118   
50%           -0.184431         0.104150       -0.242500       0.094869   
75%           -0.024785         0.171064       -0.122116       0.142232   
max            0.384340         0.412672        0.304439       0.371158   

       turnover_rate_mean  turnover_rate_std  amplitutde_mean  amplitutde_std  \
count           58.000000          58.000000        58.000000       58.000000   
mean             0.358420           0.584109         0.178915        0.478472   
std              0.818125           0.996451         0.535633        0.416644   
min             -0.551832           0.015359        -0.483801        0.043307   
25%             -0.069259           0.143968        -0.117989        0.162692   
50%              0.223327           0.369057         0.041510        0.406146   
75%              0.420981           0.615495         0.275960        0.610104   
max              3.932137           6.002165         1.925500        2.002076   

       margin_diff_mean  margin_diff_std  share_ratio_of_funds_mean  \
count         58.000000        58.000000                  58.000000   
mean          -0.168785         0.133676                   0.650554   
std            0.356823         0.150491                   1.210877   
min           -1.162860         0.007873                  -0.892836   
25%           -0.348342         0.029922                  -0.009504   
50%           -0.188877         0.075067                   0.227797   
75%            0.012212         0.179532                   0.969823   
max            1.192607         0.639491                   4.753126   

       share_ratio_of_funds_std  num_of_funds_mean  num_of_funds_std  \
count                 58.000000          58.000000         58.000000   
mean                   0.749475           2.886574          3.907257   
std                    1.059790           2.151333          2.522438   
min                    0.037347          -0.754902          0.250626   
25%                    0.306792           1.194849          2.131385   
50%                    0.488310           2.614602          3.639520   
75%                    0.849884           4.694805          5.074422   
max                    7.848938           7.653846          9.899495   

       fund_owner_affinity_mean  fund_owner_affinity_std  cyclical_industry  
count                 58.000000                58.000000          58.000000  
mean                   0.588103                 0.043976          -0.586207  
std                    0.173659                 0.048517           0.817237  
min                    0.166667                 0.000000          -1.000000  
25%                    0.501132                 0.015826          -1.000000  
50%                    0.618596                 0.030217          -1.000000  
75%                    0.697224                 0.053764          -1.000000  
max                    0.938135                 0.245271           1.000000  

stock indicators
fund indicators
common part
>>> 2
>>> 3
>>> 4
get_stocks_industry_static_indicators
-----before filter database.describe:                 是          成长型          混合型          价值型          小盘股  \
count  4467.000000  4467.000000  4467.000000  4467.000000  4467.000000   
mean      0.067120     0.388316     0.327004     0.284680     0.560649   
std       0.056125     0.097380     0.021038     0.098820     0.095560   
min       0.037627     0.189873     0.290698     0.180837     0.321705   
25%       0.040302     0.298450     0.306343     0.187192     0.515385   
50%       0.041538     0.429891     0.325777     0.244332     0.578947   
75%       0.060729     0.472906     0.339901     0.377551     0.599496   
max       0.279070     0.512821     0.383333     0.518987     0.700434   

               中盘股          大盘股  market_value_mean  market_value_std  \
count  4467.000000  4467.000000        4467.000000       4467.000000   
mean      0.302429     0.136922           0.073804          0.095025   
std       0.045636     0.057795           0.103169          0.022909   
min       0.230101     0.069465          -0.116158          0.040863   
25%       0.282116     0.112011           0.043865          0.082914   
50%       0.309042     0.118388           0.043865          0.082914   
75%       0.316923     0.152709           0.089179          0.113879   
max       0.408333     0.321705           0.334044          0.145417   

       fund_shareholding_mean  fund_shareholding_std  fund_number_mean  \
count             4467.000000            4467.000000       4467.000000   
mean                 1.364873               1.597567         -0.362879   
std                  0.906464               0.436750          0.059727   
min                  0.028174               0.588483         -0.559626   
25%                  1.278157               1.565825         -0.386429   
50%                  1.385687               1.681819         -0.337853   
75%                  1.529338               1.927179         -0.310847   
max                  5.374536               2.336818         -0.302785   

       fund_number_std  close_price_mean  close_price_std  avg_price_mean  \
count      4467.000000       1876.000000      1781.000000     1876.000000   
mean          0.682503          0.037269         0.109775        0.068910   
std           0.064805          0.277537         0.116878        0.281894   
min           0.505060         -0.809285         0.000000       -0.804768   
25%           0.602728         -0.123132         0.037581       -0.104427   
50%           0.722200          0.053618         0.083385        0.086532   
75%           0.722969          0.190476         0.149257        0.236781   
max           0.802161          2.060799         2.884893        2.152418   

       avg_price_std  turnover_rate_mean  turnover_rate_std  amplitutde_mean  \
count    1781.000000         1876.000000        1781.000000      1876.000000   
mean        0.100481            0.371381           0.500551         0.491837   
std         0.101548            0.961128           0.698328         1.475523   
min         0.000012           -0.928996           0.000159        -0.876242   
25%         0.034203           -0.224048           0.111931        -0.154389   
50%         0.078678            0.160850           0.258426         0.240289   
75%         0.139724            0.677251           0.619130         0.764645   
max         2.281289            8.792577           5.739883        28.738740   

       amplitutde_std  margin_diff_mean  margin_diff_std  \
count     1781.000000       1876.000000      1781.000000   
mean         0.473025         -0.012707         0.307147   
std          1.524112          4.263049         4.773746   
min          0.000114       -158.975020         0.000006   
25%          0.103176         -0.233368         0.037912   
50%          0.230239          0.014902         0.087283   
75%          0.473955          0.205163         0.174127   
max         38.406014         88.300288       175.998908   

       share_ratio_of_funds_mean  share_ratio_of_funds_std  num_of_funds_mean  \
count                1806.000000               1248.000000        1806.000000   
mean                   12.076968                  1.237913          -0.197418   
std                   323.076005                  6.890387           0.869383   
min                    -0.999983                  0.000178          -0.983333   
25%                    -0.470404                  0.219617          -0.542452   
50%                    -0.198628                  0.372930          -0.403245   
75%                     0.254431                  0.636876          -0.136447   
max                 13320.518987                176.038937          11.000000   

       num_of_funds_std  fund_owner_affinity_mean  fund_owner_affinity_std  \
count       1248.000000                970.000000               970.000000   
mean           0.677626                  0.579436                 0.053655   
std            0.601914                  0.154047                 0.058374   
min            0.000000                  0.000000                 0.000000   
25%            0.449251                  0.497301                 0.000000   
50%            0.618718                  0.600000                 0.038864   
75%            0.755271                  0.690422                 0.083333   
max           13.435029                  0.942743                 0.388889   

       cyclical_industry  
count        4467.000000  
mean           -0.388852  
std             0.921404  
min            -1.000000  
25%            -1.000000  
50%            -1.000000  
75%             1.000000  
max             1.000000  

-----end_date:2021-09-30 00:00:00

/opt/workspace/xiaoying/goldenspoon/goldenspoon/goldenspoon/indicators.py:96: RuntimeWarning: Mean of empty slice.
  change_mean = stock_quater_fund_owner_affinity.mean()
/usr/local/lib/python3.8/dist-packages/numpy/core/_methods.py:189: RuntimeWarning: invalid value encountered in double_scalars
  ret = ret.dtype.type(ret / rcount)
/usr/local/lib/python3.8/dist-packages/numpy/core/_methods.py:262: RuntimeWarning: Degrees of freedom <= 0 for slice
  ret = _var(a, axis=axis, dtype=dtype, out=out, ddof=ddof,
/usr/local/lib/python3.8/dist-packages/numpy/core/_methods.py:222: RuntimeWarning: invalid value encountered in true_divide
  arrmean = um.true_divide(arrmean, div, out=arrmean, casting='unsafe',
/usr/local/lib/python3.8/dist-packages/numpy/core/_methods.py:254: RuntimeWarning: invalid value encountered in double_scalars
  ret = ret.dtype.type(ret / rcount)
-----after filter database.describe:                是         成长型         混合型         价值型         小盘股         中盘股  \
count  853.000000  853.000000  853.000000  853.000000  853.000000  853.000000   
mean     0.082781    0.392564    0.326793    0.280642    0.532222    0.314707   
std      0.071501    0.094300    0.023708    0.098035    0.102262    0.044334   
min      0.037627    0.189873    0.290698    0.180837    0.321705    0.230101   
25%      0.040302    0.298450    0.306343    0.187192    0.472906    0.282116   
50%      0.060729    0.429891    0.325777    0.244332    0.523207    0.316923   
75%      0.092827    0.472906    0.346154    0.325000    0.599496    0.356589   
max      0.279070    0.512821    0.383333    0.518987    0.700434    0.408333   

              大盘股  market_value_mean  market_value_std  \
count  853.000000         853.000000        853.000000   
mean     0.153071           0.078658          0.095504   
std      0.067971           0.105985          0.023600   
min      0.069465          -0.116158          0.040863   
25%      0.112011           0.041556          0.076592   
50%      0.147679           0.069342          0.082914   
75%      0.167692           0.161132          0.113879   
max      0.321705           0.334044          0.145417   

       fund_shareholding_mean  fund_shareholding_std  fund_number_mean  \
count              853.000000             853.000000        853.000000   
mean                 1.157532               1.481408         -0.372363   
std                  0.919692               0.499517          0.060474   
min                  0.028174               0.588483         -0.559626   
25%                  0.399527               1.076066         -0.426699   
50%                  1.278157               1.681819         -0.356475   
75%                  1.529338               1.841292         -0.329227   
max                  5.374536               2.336818         -0.302785   

       fund_number_std  close_price_mean  close_price_std  avg_price_mean  \
count       853.000000        853.000000       853.000000      853.000000   
mean          0.671711         -0.000018         0.112044        0.013331   
std           0.067660          0.299068         0.100727        0.291776   
min           0.505060         -0.708022         0.000000       -0.686256   
25%           0.595291         -0.195982         0.037576       -0.189118   
50%           0.698655         -0.009640         0.086364        0.003147   
75%           0.722200          0.178930         0.158354        0.182163   
max           0.802161          1.681298         1.081237        1.838816   

       avg_price_std  turnover_rate_mean  turnover_rate_std  amplitutde_mean  \
count     853.000000          853.000000         853.000000       853.000000   
mean        0.097097            0.276759           0.380143         0.252143   
std         0.088235            0.723967           0.494449         0.632066   
min         0.000012           -0.928996           0.000971        -0.866342   
25%         0.032655           -0.170685           0.101832        -0.200442   
50%         0.076224            0.135238           0.216979         0.148554   
75%         0.133112            0.531283           0.459620         0.613724   
max         0.985340            4.997454           3.790684         3.876321   

       amplitutde_std  margin_diff_mean  margin_diff_std  \
count      853.000000        853.000000       853.000000   
mean         0.330018         -0.035042         0.180574   
std          0.387450          0.771558         0.385937   
min          0.000114         -6.171049         0.000087   
25%          0.091634         -0.307575         0.041667   
50%          0.209085         -0.071728         0.097291   
75%          0.424044          0.155505         0.192589   
max          3.223114          7.700875         8.017055   

       share_ratio_of_funds_mean  share_ratio_of_funds_std  num_of_funds_mean  \
count                 853.000000                853.000000         853.000000   
mean                   -0.079277                  0.461525          -0.440358   
std                     0.967298                  0.618144           0.222342   
min                    -0.994079                  0.000178          -0.919922   
25%                    -0.480407                  0.214971          -0.580357   
50%                    -0.278439                  0.341186          -0.464534   
75%                     0.011257                  0.532971          -0.342508   
max                     9.091466                  9.437938           1.250000   

       num_of_funds_std  fund_owner_affinity_mean  fund_owner_affinity_std  \
count        853.000000                853.000000               853.000000   
mean           0.606920                  0.581688                 0.059580   
std            0.234991                  0.154704                 0.058767   
min            0.020203                  0.000000                 0.000000   
25%            0.452752                  0.500000                 0.015615   
50%            0.599698                  0.600449                 0.046479   
75%            0.729436                  0.692308                 0.087703   
max            2.121320                  0.942743                 0.388889   

       cyclical_industry  
count         853.000000  
mean           -0.284877  
std             0.959126  
min            -1.000000  
25%            -1.000000  
50%            -1.000000  
75%             1.000000  
max             1.000000  

stock indicators
fund indicators
common part
>>> 2
>>> 3
>>> 4
get_stocks_industry_static_indicators
-----before filter database.describe:                 是          成长型          混合型          价值型          小盘股  \
count  4467.000000  4467.000000  4467.000000  4467.000000  4467.000000   
mean      0.067120     0.388316     0.327004     0.284680     0.560649   
std       0.056125     0.097380     0.021038     0.098820     0.095560   
min       0.037627     0.189873     0.290698     0.180837     0.321705   
25%       0.040302     0.298450     0.306343     0.187192     0.515385   
50%       0.041538     0.429891     0.325777     0.244332     0.578947   
75%       0.060729     0.472906     0.339901     0.377551     0.599496   
max       0.279070     0.512821     0.383333     0.518987     0.700434   

               中盘股          大盘股  market_value_mean  market_value_std  \
count  4467.000000  4467.000000        4467.000000       4467.000000   
mean      0.302429     0.136922          -0.118741          0.069913   
std       0.045636     0.057795           0.036758          0.007873   
min       0.230101     0.069465          -0.221214          0.049873   
25%       0.282116     0.112011          -0.131943          0.065867   
50%       0.309042     0.118388          -0.116747          0.067177   
75%       0.316923     0.152709          -0.110457          0.078964   
max       0.408333     0.321705          -0.031223          0.084571   

       fund_shareholding_mean  fund_shareholding_std  fund_number_mean  \
count             4467.000000            4467.000000       4467.000000   
mean               125.974377             103.101375          7.777441   
std                121.913339             108.920957          1.457429   
min                  3.614281               4.975833          6.090072   
25%                 25.040480              30.831561          6.928928   
50%                115.019906              31.870234          7.487889   
75%                234.935389             150.182484          9.128948   
max                356.870763             322.919317         12.586058   

       fund_number_std  close_price_mean  close_price_std  avg_price_mean  \
count      4467.000000       1819.000000      1683.000000     1819.000000   
mean         10.525465         -0.045224         0.103124       -0.061988   
std           1.837000          0.196777         0.107460        0.191684   
min           8.586982         -0.653740         0.000000       -0.675279   
25%           9.537757         -0.154660         0.028567       -0.176912   
50%          10.255162         -0.043175         0.068254       -0.068915   
75%          11.592504          0.048300         0.146047        0.032724   
max          17.211240          1.312086         0.909854        1.181092   

       avg_price_std  turnover_rate_mean  turnover_rate_std  amplitutde_mean  \
count    1683.000000         1819.000000        1683.000000      1819.000000   
mean        0.083780            0.735786           0.761936         0.447064   
std         0.088215            1.179401           0.982501         1.122769   
min         0.000240           -0.932905           0.000567        -0.895398   
25%         0.026235           -0.071873           0.193093        -0.074546   
50%         0.059042            0.403984           0.419258         0.268452   
75%         0.111300            1.238155           0.914100         0.703246   
max         0.817238            7.616269           8.800419        21.039117   

       amplitutde_std  margin_diff_mean  margin_diff_std  \
count     1683.000000       1819.000000      1683.000000   
mean         0.626157         -0.227036         0.139458   
std          0.542790          4.926714         0.434307   
min          0.001150       -206.355924         0.000031   
25%          0.267893         -0.322503         0.034356   
50%          0.510276         -0.135317         0.077218   
75%          0.814463          0.011490         0.153362   
max          5.485268         30.101196        11.849218   

       share_ratio_of_funds_mean  share_ratio_of_funds_std  num_of_funds_mean  \
count                1773.000000               1337.000000        1773.000000   
mean                   84.640330                 79.771592           6.158770   
std                  1775.803169               1457.819487          10.828566   
min                    -0.999752                  0.000525          -0.992308   
25%                    -0.202200                  0.346890           0.000000   
50%                     0.389121                  0.765788           2.000000   
75%                     1.929395                  1.887637           7.500000   
max                 64017.163808              44914.717901          92.500000   

       num_of_funds_std  fund_owner_affinity_mean  fund_owner_affinity_std  \
count       1337.000000                889.000000               889.000000   
mean          10.902391                  0.561682                 0.048400   
std           15.564204                  0.157304                 0.051041   
min            0.000000                  0.000000                 0.000000   
25%            1.565736                  0.477273                 0.005051   
50%            5.232590                  0.572703                 0.034176   
75%           12.727922                  0.673215                 0.073415   
max          115.258405                  0.938135                 0.361111   

       cyclical_industry  
count        4467.000000  
mean           -0.388852  
std             0.921404  
min            -1.000000  
25%            -1.000000  
50%            -1.000000  
75%             1.000000  
max             1.000000  

-----end_date:2021-03-31 00:00:00

/opt/workspace/xiaoying/goldenspoon/goldenspoon/goldenspoon/indicators.py:96: RuntimeWarning: Mean of empty slice.
  change_mean = stock_quater_fund_owner_affinity.mean()
/usr/local/lib/python3.8/dist-packages/numpy/core/_methods.py:189: RuntimeWarning: invalid value encountered in double_scalars
  ret = ret.dtype.type(ret / rcount)
/usr/local/lib/python3.8/dist-packages/numpy/core/_methods.py:262: RuntimeWarning: Degrees of freedom <= 0 for slice
  ret = _var(a, axis=axis, dtype=dtype, out=out, ddof=ddof,
/usr/local/lib/python3.8/dist-packages/numpy/core/_methods.py:222: RuntimeWarning: invalid value encountered in true_divide
  arrmean = um.true_divide(arrmean, div, out=arrmean, casting='unsafe',
/usr/local/lib/python3.8/dist-packages/numpy/core/_methods.py:254: RuntimeWarning: invalid value encountered in double_scalars
  ret = ret.dtype.type(ret / rcount)
-----after filter database.describe:               是        成长型        混合型        价值型        小盘股        中盘股  \
count  58.000000  58.000000  58.000000  58.000000  58.000000  58.000000   
mean    0.086716   0.310345   0.354721   0.334934   0.496144   0.334352   
std     0.012069   0.062069   0.032758   0.094827   0.053448   0.010345   
min     0.063291   0.189873   0.291139   0.286920   0.392405   0.329114   
25%     0.092827   0.341772   0.371308   0.286920   0.523207   0.329114   
50%     0.092827   0.341772   0.371308   0.286920   0.523207   0.329114   
75%     0.092827   0.341772   0.371308   0.286920   0.523207   0.329114   
max     0.092827   0.341772   0.371308   0.518987   0.523207   0.354430   

             大盘股  market_value_mean  market_value_std  fund_shareholding_mean  \
count  58.000000          58.000000         58.000000               58.000000   
mean    0.169504          -0.184276          0.079502                4.594158   
std     0.043103           0.072951          0.002612                1.935246   
min     0.147679          -0.221214          0.078180                3.614281   
25%     0.147679          -0.221214          0.078180                3.614281   
50%     0.147679          -0.221214          0.078180                3.614281   
75%     0.147679          -0.221214          0.078180                3.614281   
max     0.253165          -0.042682          0.084571                8.350351   

       fund_shareholding_std  fund_number_mean  fund_number_std  \
count              58.000000         58.000000        58.000000   
mean                5.726081          6.679196         8.866274   
std                 1.481732          0.150294         0.551600   
min                 4.975833          6.603098         8.586982   
25%                 4.975833          6.603098         8.586982   
50%                 4.975833          6.603098         8.586982   
75%                 4.975833          6.603098         8.586982   
max                 8.602031          6.970907         9.936896   

       close_price_mean  close_price_std  avg_price_mean  avg_price_std  \
count         58.000000        58.000000       58.000000      58.000000   
mean          -0.151554         0.122650       -0.208420       0.102718   
std            0.185667         0.097482        0.174780       0.075680   
min           -0.454665         0.002401       -0.501669       0.001827   
25%           -0.272401         0.051795       -0.338786       0.045118   
50%           -0.184431         0.104150       -0.242500       0.094869   
75%           -0.024785         0.171064       -0.122116       0.142232   
max            0.384340         0.412672        0.304439       0.371158   

       turnover_rate_mean  turnover_rate_std  amplitutde_mean  amplitutde_std  \
count           58.000000          58.000000        58.000000       58.000000   
mean             0.358420           0.584109         0.178915        0.478472   
std              0.818125           0.996451         0.535633        0.416644   
min             -0.551832           0.015359        -0.483801        0.043307   
25%             -0.069259           0.143968        -0.117989        0.162692   
50%              0.223327           0.369057         0.041510        0.406146   
75%              0.420981           0.615495         0.275960        0.610104   
max              3.932137           6.002165         1.925500        2.002076   

       margin_diff_mean  margin_diff_std  share_ratio_of_funds_mean  \
count         58.000000        58.000000                  58.000000   
mean          -0.168785         0.133676                   0.650554   
std            0.356823         0.150491                   1.210877   
min           -1.162860         0.007873                  -0.892836   
25%           -0.348342         0.029922                  -0.009504   
50%           -0.188877         0.075067                   0.227797   
75%            0.012212         0.179532                   0.969823   
max            1.192607         0.639491                   4.753126   

       share_ratio_of_funds_std  num_of_funds_mean  num_of_funds_std  \
count                 58.000000          58.000000         58.000000   
mean                   0.749475           2.886574          3.907257   
std                    1.059790           2.151333          2.522438   
min                    0.037347          -0.754902          0.250626   
25%                    0.306792           1.194849          2.131385   
50%                    0.488310           2.614602          3.639520   
75%                    0.849884           4.694805          5.074422   
max                    7.848938           7.653846          9.899495   

       fund_owner_affinity_mean  fund_owner_affinity_std  cyclical_industry  
count                 58.000000                58.000000          58.000000  
mean                   0.588103                 0.043976          -0.586207  
std                    0.173659                 0.048517           0.817237  
min                    0.166667                 0.000000          -1.000000  
25%                    0.501132                 0.015826          -1.000000  
50%                    0.618596                 0.030217          -1.000000  
75%                    0.697224                 0.053764          -1.000000  
max                    0.938135                 0.245271           1.000000  

stock indicators
fund indicators
common part
>>> 2
>>> 3
>>> 4
get_stocks_industry_static_indicators
-----before filter database.describe:                 是          成长型          混合型          价值型          小盘股  \
count  4467.000000  4467.000000  4467.000000  4467.000000  4467.000000   
mean      0.067120     0.388316     0.327004     0.284680     0.560649   
std       0.056125     0.097380     0.021038     0.098820     0.095560   
min       0.037627     0.189873     0.290698     0.180837     0.321705   
25%       0.040302     0.298450     0.306343     0.187192     0.515385   
50%       0.041538     0.429891     0.325777     0.244332     0.578947   
75%       0.060729     0.472906     0.339901     0.377551     0.599496   
max       0.279070     0.512821     0.383333     0.518987     0.700434   

               中盘股          大盘股  market_value_mean  market_value_std  \
count  4467.000000  4467.000000        4467.000000       4467.000000   
mean      0.302429     0.136922          -0.006120          0.108938   
std       0.045636     0.057795           0.052656          0.012689   
min       0.230101     0.069465          -0.056285          0.075952   
25%       0.282116     0.112011          -0.038782          0.104920   
50%       0.309042     0.118388          -0.023330          0.107991   
75%       0.316923     0.152709           0.029269          0.109357   
max       0.408333     0.321705           0.147534          0.138075   

       fund_shareholding_mean  fund_shareholding_std  fund_number_mean  \
count             4467.000000            4467.000000       4467.000000   
mean                24.461926              15.643620         -0.081713   
std                 40.966556              20.769968          0.102653   
min                  0.261036               0.962834         -0.258560   
25%                  3.373914               4.117001         -0.204357   
50%                  8.725152               6.703573         -0.031863   
75%                 12.573512              14.270753         -0.007748   
max                119.997610              63.329250          0.015922   

       fund_number_std  close_price_mean  close_price_std  avg_price_mean  \
count      4467.000000       1876.000000      1813.000000     1876.000000   
mean          0.736528          0.024014         0.101345        0.030208   
std           0.094330          0.263115         0.109089        0.230056   
min           0.600012         -0.806638         0.000000       -0.687959   
25%           0.628330         -0.122865         0.031661       -0.098522   
50%           0.766475          0.014360         0.070567        0.021138   
75%           0.824488          0.155663         0.136064        0.140080   
max           0.828181          3.075111         1.307997        1.515144   

       avg_price_std  turnover_rate_mean  turnover_rate_std  amplitutde_mean  \
count    1813.000000         1876.000000        1813.000000      1876.000000   
mean        0.105265            0.405273           0.633631         0.188681   
std         0.095309            1.078564           0.912052         1.438972   
min         0.000065           -0.943899           0.000875        -0.951360   
25%         0.039947           -0.252975           0.114389        -0.316205   
50%         0.077849            0.129976           0.301966        -0.076831   
75%         0.145251            0.715884           0.758741         0.300034   
max         0.950950           12.186482          10.383913        28.738740   

       amplitutde_std  margin_diff_mean  margin_diff_std  \
count     1813.000000       1876.000000      1813.000000   
mean         0.460935          0.030061         0.306922   
std          1.505676          2.295967         4.183343   
min          0.000017         -9.346342         0.000100   
25%          0.103077         -0.229182         0.053871   
50%          0.240607         -0.068413         0.119535   
75%          0.456568          0.073078         0.231437   
max         38.406014         88.300288       175.998908   

       share_ratio_of_funds_mean  share_ratio_of_funds_std  num_of_funds_mean  \
count                1850.000000               1732.000000        1850.000000   
mean                   17.367096                 12.008958          -0.052851   
std                   471.359050                238.181583           1.125626   
min                    -0.999543                  0.000000          -0.974747   
25%                    -0.438187                  0.166994          -0.515545   
50%                    -0.175232                  0.436029          -0.358968   
75%                     0.371329                  0.893611           0.000000   
max                 19964.784810               9396.410839          22.500000   

       num_of_funds_std  fund_owner_affinity_mean  fund_owner_affinity_std  \
count       1732.000000                971.000000               971.000000   
mean           0.735717                  0.579182                 0.053600   
std            1.055810                  0.154170                 0.058370   
min            0.000000                  0.000000                 0.000000   
25%            0.326318                  0.496421                 0.000000   
50%            0.582965                  0.600000                 0.038809   
75%            0.821310                  0.690358                 0.083333   
max           27.577164                  0.942743                 0.388889   

       cyclical_industry  
count        4467.000000  
mean           -0.388852  
std             0.921404  
min            -1.000000  
25%            -1.000000  
50%            -1.000000  
75%             1.000000  
max             1.000000  

-----end_date:2021-06-30 00:00:00

/opt/workspace/xiaoying/goldenspoon/goldenspoon/goldenspoon/indicators.py:96: RuntimeWarning: Mean of empty slice.
  change_mean = stock_quater_fund_owner_affinity.mean()
/usr/local/lib/python3.8/dist-packages/numpy/core/_methods.py:189: RuntimeWarning: invalid value encountered in double_scalars
  ret = ret.dtype.type(ret / rcount)
/usr/local/lib/python3.8/dist-packages/numpy/core/_methods.py:262: RuntimeWarning: Degrees of freedom <= 0 for slice
  ret = _var(a, axis=axis, dtype=dtype, out=out, ddof=ddof,
/usr/local/lib/python3.8/dist-packages/numpy/core/_methods.py:222: RuntimeWarning: invalid value encountered in true_divide
  arrmean = um.true_divide(arrmean, div, out=arrmean, casting='unsafe',
/usr/local/lib/python3.8/dist-packages/numpy/core/_methods.py:254: RuntimeWarning: invalid value encountered in double_scalars
  ret = ret.dtype.type(ret / rcount)
-----after filter database.describe:                是         成长型         混合型         价值型         小盘股         中盘股  \
count  629.000000  629.000000  629.000000  629.000000  629.000000  629.000000   
mean     0.082911    0.405113    0.320639    0.274248    0.521293    0.313715   
std      0.081496    0.085638    0.022701    0.090234    0.099689    0.033118   
min      0.040302    0.189873    0.290698    0.180837    0.321705    0.234694   
25%      0.040302    0.396923    0.306343    0.244332    0.515385    0.282116   
50%      0.041538    0.429891    0.325777    0.244332    0.578947    0.309042   
75%      0.060729    0.429891    0.346154    0.256923    0.599496    0.316923   
max      0.279070    0.512821    0.383333    0.518987    0.663265    0.408333   

              大盘股  market_value_mean  market_value_std  \
count  629.000000         629.000000        629.000000   
mean     0.164992          -0.000834          0.105820   
std      0.072819           0.057186          0.009033   
min      0.102041          -0.056285          0.075952   
25%      0.112011          -0.054360          0.104920   
50%      0.118388          -0.023330          0.107991   
75%      0.167692           0.083374          0.109357   
max      0.321705           0.147534          0.115486   

       fund_shareholding_mean  fund_shareholding_std  fund_number_mean  \
count              629.000000             629.000000        629.000000   
mean                 5.048300               4.704271         -0.102763   
std                  3.124268               2.199800          0.121204   
min                  0.261036               0.962834         -0.258560   
25%                  3.373914               4.117001         -0.240322   
50%                  6.663642               6.376032         -0.007748   
75%                  8.725152               6.703573         -0.007748   
max                  8.725152               6.703573          0.015922   

       fund_number_std  close_price_mean  close_price_std  avg_price_mean  \
count       629.000000        629.000000       629.000000      629.000000   
mean          0.742127         -0.058549         0.104631       -0.046910   
std           0.101108          0.247438         0.107907        0.217067   
min           0.600012         -0.710293         0.000000       -0.687959   
25%           0.632546         -0.219008         0.037330       -0.181477   
50%           0.824488         -0.054498         0.074256       -0.043478   
75%           0.824488          0.075828         0.140028        0.059948   
max           0.828181          1.251201         1.167043        1.326523   

       avg_price_std  turnover_rate_mean  turnover_rate_std  amplitutde_mean  \
count     629.000000          629.000000         629.000000       629.000000   
mean        0.110446            0.145163           0.439953        -0.039268   
std         0.097100            0.725007           0.577447         0.497101   
min         0.000065           -0.904416           0.000875        -0.868239   
25%         0.045379           -0.312888           0.104082        -0.349314   
50%         0.084102           -0.016660           0.243422        -0.161624   
75%         0.156611            0.411452           0.548022         0.161376   
max         0.925087            4.469720           4.204722         4.460542   

       amplitutde_std  margin_diff_mean  margin_diff_std  \
count      629.000000        629.000000       629.000000   
mean         0.321108         -0.086989         0.211668   
std          0.375193          0.807236         0.424411   
min          0.000259         -9.346342         0.000100   
25%          0.095748         -0.262949         0.053874   
50%          0.210581         -0.122693         0.118771   
75%          0.419022          0.025376         0.233554   
max          3.292893          6.912586         6.107797   

       share_ratio_of_funds_mean  share_ratio_of_funds_std  num_of_funds_mean  \
count                 629.000000                629.000000         629.000000   
mean                   -0.133673                  0.535771          -0.422286   
std                     0.761833                  0.687223           0.311243   
min                    -0.994079                  0.000769          -0.974747   
25%                    -0.486536                  0.145644          -0.584270   
50%                    -0.289612                  0.366714          -0.474006   
75%                    -0.020489                  0.696666          -0.332168   
max                     7.355009                  8.991838           2.586957   

       num_of_funds_std  fund_owner_affinity_mean  fund_owner_affinity_std  \
count        629.000000                629.000000               629.000000   
mean           0.616351                  0.573340                 0.059253   
std            0.412364                  0.157270                 0.059671   
min            0.000000                  0.000000                 0.000000   
25%            0.383016                  0.479167                 0.005682   
50%            0.577266                  0.597494                 0.045278   
75%            0.759485                  0.688644                 0.089714   
max            4.888260                  0.909091                 0.310345   

       cyclical_industry  
count         629.000000  
mean           -0.081081  
std             0.997501  
min            -1.000000  
25%            -1.000000  
50%            -1.000000  
75%             1.000000  
max             1.000000  

