('是', 0.22252289684225274)
('成长型', -0.07827206515561048)
('混合型', 0.2106957345939951)
('价值型', -0.13242366943838638)
('小盘股', 1.1865356853371982)
('中盘股', -0.9414489540150915)
('大盘股', -0.24508673132210262)
('market_value_mean', -0.4697542999154072)
('market_value_std', 0.07285467075884627)
('fund_shareholding_mean', -0.13350903703594916)
('fund_shareholding_std', 0.10234556001801323)
('fund_number_mean', -0.9312780259027308)
('fund_number_std', -0.6515749149186467)
('close_price_mean', 0.27508659795836654)
('close_price_std', -0.4349072273419385)
('avg_price_mean', -0.3204249460947087)
('avg_price_std', 0.36509582922758455)
('turnover_rate_mean', -0.02796227717554133)
('turnover_rate_std', 0.039549209249761484)
('amplitutde_mean', -0.003029510596203911)
('amplitutde_std', 0.04972546951030516)
('margin_diff_mean', -0.019799001966759038)
('margin_diff_std', -0.028299293454815713)
('share_ratio_of_funds_mean', -0.07566326111757102)
('share_ratio_of_funds_std', 0.08468027898939133)
('num_of_funds_mean', -0.15186170658308257)
('num_of_funds_std', -0.0013897219936473903)
('fund_owner_affinity_mean', -0.03395439740565099)
('fund_owner_affinity_std', 0.05490414701433174)
('cyclical_industry', -0.15238080151066408)
