('是', 250357494464.33905)
('成长型', -110545166406.83192)
('混合型', 86586165472.73772)
('价值型', 23959000934.095226)
('小盘股', 46615296366.20009)
('中盘股', 157361039682.78595)
('大盘股', -203976336048.9879)
('market_value_mean', -64424647288.84143)
('market_value_std', -93945014290.43642)
('fund_shareholding_mean', -7635178372.9568)
('fund_shareholding_std', 16504789544.108246)
('fund_number_mean', -16603386680.752022)
('fund_number_std', 7507493101.105446)
('close_price_mean', -0.40953897248936844)
('close_price_std', 0.44343737475463857)
('avg_price_mean', 0.2849304000088355)
('avg_price_std', -0.433861572872526)
('turnover_rate_mean', -0.027958184480667114)
('turnover_rate_std', 0.0131072998046875)
('amplitutde_mean', 0.0017921924591064453)
('amplitutde_std', 0.027846932411193848)
('margin_diff_mean', -0.013018965721130371)
('margin_diff_std', 0.008284956216812134)
('share_ratio_of_funds_mean', -0.006962895393371582)
('share_ratio_of_funds_std', 0.015079021453857422)
('num_of_funds_mean', -0.009726762771606445)
('num_of_funds_std', 0.004757404327392578)
('fund_owner_affinity_mean', -0.03074270486831665)
('fund_owner_affinity_std', 0.06467443704605103)
('cyclical_industry', -0.08192062377929688)
