-----indicator_list:['是', '成长型', '混合型', '价值型', '小盘股', '中盘股', '大盘股', 'market_value_mean', 'market_value_std', 'fund_shareholding_mean', 'fund_shareholding_std', 'fund_number_mean', 'fund_number_std', 'close_price_mean', 'close_price_std', 'avg_price_mean', 'avg_price_std', 'turnover_rate_mean', 'turnover_rate_std', 'amplitutde_mean', 'amplitutde_std', 'margin_diff_mean', 'margin_diff_std', 'share_ratio_of_funds_mean', 'share_ratio_of_funds_std', 'num_of_funds_mean', 'num_of_funds_std', 'fund_owner_affinity_mean', 'fund_owner_affinity_std', 'cyclical_industry']

-----i_month_predict:1

-----i_month_label:1_predict_changerate_price

train date: 2021-06-30
test date: 2021-09-30
-----x_train.shape:(220, 30)

-----x_test.shape:(853, 30)

-----y_train.shape:(220,)

-----y_test.shape:(853,)

            index       pred       true
count   10.000000  10.000000  10.000000
mean   326.900000   0.951854  -0.027631
std    246.849684   0.093361   0.075316
min     18.000000   0.899438  -0.130163
25%    186.250000   0.902572  -0.078582
50%    268.500000   0.927939  -0.043283
75%    421.250000   0.947291   0.022203
max    830.000000   1.210311   0.117848
TP:324, FP:456, TN:1, FN:0
-----i_month_predict:2

-----i_month_label:2_predict_changerate_price

train date: 2021-06-30
test date: 2021-09-30
-----x_train.shape:(319, 30)

-----x_test.shape:(853, 30)

-----y_train.shape:(319,)

-----y_test.shape:(853,)

            index       pred       true
count   10.000000  10.000000  10.000000
mean   395.600000   1.087499   0.073651
std    188.119466   0.028807   0.152691
min     99.000000   1.052249  -0.083853
25%    272.750000   1.066449  -0.040794
50%    375.500000   1.084550   0.027076
75%    558.750000   1.111528   0.122550
max    677.000000   1.130478   0.333801
TP:444, FP:390, TN:0, FN:0
-----i_month_predict:3

-----i_month_label:3_predict_changerate_price

train date: 2021-06-30
test date: 2021-09-30
-----x_train.shape:(305, 30)

-----x_test.shape:(853, 30)

-----y_train.shape:(305,)

-----y_test.shape:(853,)

            index       pred       true
count   10.000000  10.000000  10.000000
mean   351.500000   0.824980  -0.029746
std    149.203254   0.027969   0.116611
min     99.000000   0.801924  -0.279595
25%    263.750000   0.807087  -0.050988
50%    358.000000   0.815611   0.023630
75%    450.750000   0.828372   0.046698
max    590.000000   0.890403   0.069601
TP:438, FP:393, TN:0, FN:1
