('是', -0.10039859906755015)
('成长型', -0.03246272895448493)
('混合型', -0.26138975252322116)
('价值型', 0.2938524814776834)
('小盘股', -0.0257951394427928)
('中盘股', -0.11359530724369932)
('大盘股', 0.13939044668648226)
('market_value_mean', 0.10376786982406602)
('market_value_std', -0.012452485796761342)
('fund_shareholding_mean', -0.18337928304333004)
('fund_shareholding_std', 0.14705664842903815)
('fund_number_mean', 0.22350824145073667)
('fund_number_std', 0.44455620226018694)
('close_price_mean', -0.08049071417895565)
('close_price_std', 0.06749090652914896)
('avg_price_mean', 0.10813910144141872)
('avg_price_std', -0.13815687037478566)
('turnover_rate_mean', -0.004250533261782692)
('turnover_rate_std', 0.012353221825292825)
('amplitutde_mean', -0.050673727459088345)
('amplitutde_std', 0.006569213095493981)
('margin_diff_mean', -0.011629943080251016)
('margin_diff_std', -0.01910913924630888)
('share_ratio_of_funds_mean', 0.03228015503003274)
('share_ratio_of_funds_std', -0.011268946898401723)
('num_of_funds_mean', -0.0614778333815595)
('num_of_funds_std', 0.03553374571837598)
('fund_owner_affinity_mean', -0.044391089333537685)
('fund_owner_affinity_std', -0.0959491001130406)
('cyclical_industry', 0.06912268438021302)
