('是', -0.7000583599013673)
('成长型', -0.22617401853426986)
('混合型', 0.09104913372935826)
('价值型', 0.1351248848049149)
('小盘股', -0.0659044976185615)
('中盘股', 0.31874834150041986)
('大盘股', -0.2528438438818587)
('market_value_mean', -0.5782506670205371)
('market_value_std', -0.16944348189389183)
('fund_shareholding_mean', 0.005442310600668446)
('fund_shareholding_std', -0.02841403849456253)
('fund_number_mean', -0.030408804191685714)
('fund_number_std', 0.13687088448456988)
('close_price_mean', 0.24520476632539195)
('close_price_std', 0.03415676202070314)
('avg_price_mean', -0.2549734908320389)
('avg_price_std', -0.07715245402645367)
('turnover_rate_mean', -0.012746989014130225)
('turnover_rate_std', 0.04432188974647484)
('amplitutde_mean', 0.008682163229417245)
('amplitutde_std', 0.01472896623190837)
('margin_diff_mean', -0.02375300395603828)
('margin_diff_std', -0.021044942693557826)
('share_ratio_of_funds_mean', -0.024714963539242806)
('share_ratio_of_funds_std', 0.027613519194068837)
('num_of_funds_mean', -0.15878843232598908)
('num_of_funds_std', 0.04059499828216525)
('fund_owner_affinity_mean', -0.07680801953394864)
('fund_owner_affinity_std', -0.09738242230626783)
('cyclical_industry', -0.03902687132687004)
