('是', -0.08003803318182123)
('成长型', 0.49274774911330804)
('混合型', -0.6668713012527016)
('价值型', 0.17412355213939795)
('小盘股', 0.018720111464636837)
('中盘股', -0.20890474265490186)
('大盘股', 0.1901846311902687)
('market_value_mean', -0.5898060972360053)
('market_value_std', 0.21601930400777064)
('fund_shareholding_mean', 0.05345604805248611)
('fund_shareholding_std', -0.043046573694405794)
('fund_number_mean', 0.011670916509620002)
('fund_number_std', -0.014329321477072115)
('close_price_mean', -0.162849985820118)
('close_price_std', 0.34607751994425806)
('avg_price_mean', 0.03861723219968182)
('avg_price_std', -0.2518179144023872)
('turnover_rate_mean', -0.004568467177265128)
('turnover_rate_std', -0.002742077459900373)
('amplitutde_mean', -0.009173289452203566)
('amplitutde_std', 0.026864969464233064)
('margin_diff_mean', -0.0011451346458617208)
('margin_diff_std', 0.00831247497897666)
('share_ratio_of_funds_mean', -0.007278445051874725)
('share_ratio_of_funds_std', 0.0016990394077432604)
('num_of_funds_mean', -0.035977486552560424)
('num_of_funds_std', 0.025175563825776064)
('fund_owner_affinity_mean', 0.00832301476719258)
('fund_owner_affinity_std', 0.010727280339256505)
('cyclical_industry', -0.02908682620888474)
