('是', 0.013472227536198417)
('成长型', -0.07120336651583596)
('混合型', 0.3033154308351877)
('价值型', -0.23211206431934908)
('小盘股', 0.0804696514884028)
('中盘股', -0.38146653298319727)
('大盘股', 0.30099688149478837)
('avg_price_mean_x', -0.2156601508154229)
('avg_price_std_x', 0.44592413673355247)
('fund_shareholding_mean', 0.012653966426978431)
('fund_shareholding_std', -0.0016725474513536866)
('fund_number_mean', -0.07458785131267232)
('fund_number_std', 0.062200023776348264)
('close_price_mean', -0.10225544806178832)
('close_price_std', 0.25198326204733973)
('avg_price_mean_y', 0.03589720270903014)
('avg_price_std_y', -0.1395527894880337)
('turnover_rate_mean', -0.0037242591516860606)
('turnover_rate_std', -0.004738899977796699)
('amplitutde_mean', -0.008014965534908446)
('amplitutde_std', 0.023476981629175702)
('margin_diff_mean', -0.002749713799978089)
('margin_diff_std', 0.007982253360546405)
('share_ratio_of_funds_mean', -0.004499615196321844)
('share_ratio_of_funds_std', -0.004173021772047825)
('num_of_funds_mean', -0.03253480893876773)
('num_of_funds_std', 0.02105554075268651)
('fund_owner_affinity_mean', 0.026910692283761382)
('fund_owner_affinity_std', 0.04797532594013785)
('cyclical_industry', -0.0047299437042120605)
