('是', 0.20883773543678025)
('成长型', -0.010011705569974196)
('混合型', 0.13051401650408997)
('价值型', -0.12050231093411624)
('小盘股', 0.7467822792754398)
('中盘股', -0.6258770527487686)
('大盘股', -0.12090522652667057)
('market_value_mean', -0.10920113280392835)
('market_value_std', 0.1108562256224293)
('fund_shareholding_mean', -0.0880458442140208)
('fund_shareholding_std', 0.07669943212018931)
('fund_number_mean', -0.6723717375337248)
('fund_number_std', -0.502840220769897)
('close_price_mean', 0.07145590686240005)
('close_price_std', 0.32538575806062103)
('avg_price_mean', -0.1737330931798501)
('avg_price_std', -0.25221946174505633)
('turnover_rate_mean', -0.041159252133015196)
('turnover_rate_std', 0.04688330315258766)
('amplitutde_mean', -0.010905934007088731)
('amplitutde_std', 0.058632384016241275)
('margin_diff_mean', -0.02171467796626498)
('margin_diff_std', -0.002527977175898695)
('share_ratio_of_funds_mean', -0.03182782451834289)
('share_ratio_of_funds_std', 0.028196154390684555)
('num_of_funds_mean', -0.1375955251402849)
('num_of_funds_std', 0.046636490723497626)
('fund_owner_affinity_mean', -0.10638357265979942)
('fund_owner_affinity_std', 0.05195010694735721)
('cyclical_industry', -0.08680768707786074)
