('market_value_mean', 0.1347704945339524)
('market_value_std', -0.08813800367898081)
('fund_shareholding_mean', 0.012965869146605044)
('fund_shareholding_std', 0.03487451005553544)
('fund_number_mean', -0.3728917629786137)
('fund_number_std', 0.34533693864866455)
('close_price_mean', -0.1547970552250404)
('close_price_std', 0.23674816064563978)
('avg_price_mean', -0.07036221785412167)
('avg_price_std', -0.235180432283408)
('turnover_rate_mean', 0.0020766181312032715)
('turnover_rate_std', -0.02222635068373912)
('amplitutde_mean', 1.5886286614478167e-05)
('amplitutde_std', 0.05703235524847726)
('margin_diff_mean', -0.019630364795575714)
('margin_diff_std', -0.010619547056389013)
('share_ratio_of_funds_mean', 0.012025762074320058)
('share_ratio_of_funds_std', 0.020022047111765168)
('num_of_funds_mean', -0.12404156973608747)
('num_of_funds_std', 0.09550725081414893)
('fund_owner_affinity_mean', -0.14941740599459793)
('fund_owner_affinity_std', -0.10977903357512703)
('cyclical_industry', 0.037308102536949043)
