('是', -0.9918273289374218)
('成长型', 0.7430051949842412)
('混合型', -1.1411302239519532)
('价值型', 0.3981250289677493)
('小盘股', -0.23494706212133648)
('中盘股', 0.1629063434561708)
('大盘股', 0.07204071866516619)
('market_value_mean', -0.4492263724894147)
('market_value_std', -1.7822652414618176)
('fund_shareholding_mean', -0.012183391293386086)
('fund_shareholding_std', -0.018111012819875934)
('fund_number_mean', 0.4404575249098493)
('fund_number_std', -0.3617288094922598)
('close_price_mean', 0.04956488412356923)
('close_price_std', 0.32483722232631507)
('avg_price_mean', -0.16601748843226788)
('avg_price_std', -0.29462266800312725)
('turnover_rate_mean', 0.004098113720394833)
('turnover_rate_std', -0.0022181539383052543)
('amplitutde_mean', 0.004412279331038057)
('amplitutde_std', 0.023000777157751347)
('margin_diff_mean', -0.012911029455367828)
('margin_diff_std', 0.003386043719317923)
('share_ratio_of_funds_mean', -0.0057838094935608216)
('share_ratio_of_funds_std', 0.009017417935428443)
('num_of_funds_mean', -0.10696232781539097)
('num_of_funds_std', 0.0694832690368872)
('fund_owner_affinity_mean', -0.06749491531321157)
('fund_owner_affinity_std', -0.056143204871864694)
('cyclical_industry', -0.02002346799046814)
