('是', -0.5538639388510709)
('成长型', 0.08534049716825552)
('混合型', -0.3002690946760006)
('价值型', 0.21492859750769902)
('小盘股', -0.2981273376756931)
('中盘股', 0.17984686190459392)
('大盘股', 0.11828047577108723)
('market_value_mean', 0.1029542741021244)
('market_value_std', -0.06140043943486475)
('fund_shareholding_mean', 0.01239376517725672)
('fund_shareholding_std', 0.026450022176308745)
('fund_number_mean', -0.3428707187809217)
('fund_number_std', 0.3230218946985378)
('close_price_mean', -0.15814996664523992)
('close_price_std', 0.23064126833754395)
('avg_price_mean', -0.07585819903194052)
('avg_price_std', -0.2173294591422068)
('turnover_rate_mean', 0.011788888995927723)
('turnover_rate_std', -0.026559566031039122)
('amplitutde_mean', -0.0026118496773603114)
('amplitutde_std', 0.055943339177175956)
('margin_diff_mean', -0.019296384786126615)
('margin_diff_std', -0.009469107016093757)
('share_ratio_of_funds_mean', 0.014179069732825093)
('share_ratio_of_funds_std', 0.01676048344308932)
('num_of_funds_mean', -0.13131989959744847)
('num_of_funds_std', 0.10173401654311244)
('fund_owner_affinity_mean', -0.1259158233937054)
('fund_owner_affinity_std', -0.10354661970131585)
('cyclical_industry', 0.02434170189402833)
