('是', -0.7967170228116637)
('成长型', -0.26343114642245635)
('混合型', 0.21594968987145774)
('价值型', 0.04748145655100609)
('小盘股', 0.3038787240879534)
('中盘股', 0.10061756288737052)
('大盘股', -0.4044962869753231)
('market_value_mean', -0.4836938397275885)
('market_value_std', 0.03345244364335632)
('fund_shareholding_mean', -0.08776087774924526)
('fund_shareholding_std', 0.04388491219224995)
('fund_number_mean', -0.3439385366369689)
('fund_number_std', -0.07293056264592343)
('close_price_mean', 0.6034922669879402)
('close_price_std', -0.26111005353652283)
('avg_price_mean', -0.5352269152819701)
('avg_price_std', -0.137036683651742)
('turnover_rate_mean', 0.007395410186165999)
('turnover_rate_std', 0.03497851734840351)
('amplitutde_mean', -0.0034438632599667176)
('amplitutde_std', 0.0662339077839226)
('margin_diff_mean', -0.016084619601190682)
('margin_diff_std', -0.0344175256026108)
('share_ratio_of_funds_mean', -0.03288339044199759)
('share_ratio_of_funds_std', 0.035142739923609195)
('num_of_funds_mean', -0.4306197352453445)
('num_of_funds_std', 0.26555324031926597)
('fund_owner_affinity_mean', -0.04913482560213781)
('fund_owner_affinity_std', -0.27402957409101725)
('cyclical_industry', -0.05090042742347444)
