('是', -0.21946450053929734)
('成长型', -0.026550550396772978)
('混合型', -0.38818731798330924)
('价值型', 0.4147378683800862)
('小盘股', 0.25139785506290113)
('中盘股', -0.3088079465186392)
('大盘股', 0.05741009145573668)
('market_value_mean', 0.6156501925136637)
('market_value_std', 0.35919922439932106)
('fund_shareholding_mean', -0.7922737275131326)
('fund_shareholding_std', 0.5511342724956437)
('fund_number_mean', 0.6592583078503966)
('fund_number_std', 0.7135469619975363)
('close_price_mean', -0.31841009137456644)
('close_price_std', 0.4012080837001714)
('avg_price_mean', 0.36668698033840125)
('avg_price_std', -0.6182756258159825)
('turnover_rate_mean', -0.03840256077473897)
('turnover_rate_std', -0.004839835342496894)
('amplitutde_mean', -0.04235855727451154)
('amplitutde_std', 0.045854450877115864)
('margin_diff_mean', -0.008267805957553196)
('margin_diff_std', 0.010163199945826885)
('share_ratio_of_funds_mean', -0.021466403142814595)
('share_ratio_of_funds_std', 0.03290143887095564)
('num_of_funds_mean', -0.04507872736764442)
('num_of_funds_std', 0.04304393096225787)
('fund_owner_affinity_mean', -0.033120744265267094)
('fund_owner_affinity_std', -0.08613096073953831)
('cyclical_industry', 0.039947076316341895)
