data_path                                 -----> regress_data/past_quater_4/
save_path                                 -----> regress_result/XY_ridge_1_Sample_Drop_0.1/
indicator_use_list                        -----> []
train_date_list                           -----> ['2021-06-30']
test_date_list                            -----> ['2021-09-30']
n_month_predict                           -----> 3
predict_mode                              -----> predict_changerate_price
drop_small_change_stock_fortrain          -----> True
train_drop_ponit                          -----> 0.1
drop_small_change_stock_fortest           -----> True
test_drop_ponit                           -----> 0.15
training_model                            -----> ridge


-----indicator_list:['是', '成长型', '混合型', '价值型', '小盘股', '中盘股', '大盘股', 'market_value_mean', 'market_value_std', 'fund_shareholding_mean', 'fund_shareholding_std', 'fund_number_mean', 'fund_number_std', 'close_price_mean', 'close_price_std', 'avg_price_mean', 'avg_price_std', 'turnover_rate_mean', 'turnover_rate_std', 'amplitutde_mean', 'amplitutde_std', 'margin_diff_mean', 'margin_diff_std', 'share_ratio_of_funds_mean', 'share_ratio_of_funds_std', 'num_of_funds_mean', 'num_of_funds_std', 'fund_owner_affinity_mean', 'fund_owner_affinity_std', 'cyclical_industry']

-----i_month_predict:1

-----i_month_label:1_predict_changerate_price

train date: 2021-06-30
test date: 2021-09-30
-----x_train.shape:(365, 30)

-----x_test.shape:(841, 30)

-----y_train.shape:(365,)

-----y_test.shape:(841,)

stock index [4] stock id ['300860.SZ'] prediction [-0.17364478] truevalue [-0.02255639]
stock index [11] stock id ['688085.SH'] prediction [-0.15539001] truevalue [-0.02025316]
stock index [35] stock id ['603363.SH'] prediction [-0.20025909] truevalue [0.20141343]
stock index [75] stock id ['688356.SH'] prediction [-0.24877692] truevalue [0.0803876]
stock index [99] stock id ['002124.SZ'] prediction [-0.17053311] truevalue [0.05369128]
stock index [108] stock id ['600971.SH'] prediction [0.22738006] truevalue [-0.14652015]
stock index [112] stock id ['688366.SH'] prediction [-0.15047617] truevalue [-0.17479072]
stock index [123] stock id ['002375.SZ'] prediction [-0.17950647] truevalue [-0.00268097]
stock index [133] stock id ['300182.SZ'] prediction [-0.17552049] truevalue [-0.07013575]
stock index [159] stock id ['000718.SZ'] prediction [-0.30495618] truevalue [0.]
stock index [183] stock id ['600123.SH'] prediction [0.32451198] truevalue [-0.15109034]
stock index [208] stock id ['603113.SH'] prediction [0.23504951] truevalue [-0.16587957]
stock index [215] stock id ['603355.SH'] prediction [-0.16302522] truevalue [-0.02267396]
stock index [233] stock id ['688202.SH'] prediction [-0.2373456] truevalue [-0.01391255]
stock index [234] stock id ['002127.SZ'] prediction [-0.15029058] truevalue [0.08636364]
stock index [240] stock id ['600459.SH'] prediction [0.15375683] truevalue [0.00974314]
stock index [249] stock id ['600577.SH'] prediction [-0.15386288] truevalue [0.085554]
stock index [251] stock id ['600340.SH'] prediction [-0.25133509] truevalue [-0.08229426]
stock index [253] stock id ['002036.SZ'] prediction [0.18781597] truevalue [0.22820823]
stock index [264] stock id ['600339.SH'] prediction [0.20716437] truevalue [-0.04320988]
stock index [269] stock id ['601311.SH'] prediction [0.243568] truevalue [0.07730263]
stock index [315] stock id ['002221.SZ'] prediction [0.23388592] truevalue [-0.15135929]
stock index [326] stock id ['300136.SZ'] prediction [-0.15697615] truevalue [0.05545697]
stock index [337] stock id ['600583.SH'] prediction [0.26854512] truevalue [-0.02922756]
stock index [349] stock id ['601666.SH'] prediction [0.22735735] truevalue [-0.3346395]
stock index [373] stock id ['688099.SH'] prediction [0.16760932] truevalue [0.02553273]
stock index [396] stock id ['002128.SZ'] prediction [0.24522204] truevalue [-0.16524029]
stock index [403] stock id ['002353.SZ'] prediction [0.20905934] truevalue [-0.12660058]
stock index [497] stock id ['600704.SH'] prediction [-0.21001014] truevalue [-0.03240741]
stock index [501] stock id ['600348.SH'] prediction [0.25168879] truevalue [-0.14262429]
stock index [532] stock id ['600663.SH'] prediction [-0.25260954] truevalue [-0.04916594]
stock index [534] stock id ['603338.SH'] prediction [-0.15648024] truevalue [-0.03106383]
stock index [550] stock id ['000895.SZ'] prediction [-0.1590433] truevalue [0.08655617]
stock index [566] stock id ['000683.SZ'] prediction [-0.19694395] truevalue [-0.20294427]
stock index [582] stock id ['601808.SH'] prediction [0.21163829] truevalue [-0.0757764]
stock index [598] stock id ['601699.SH'] prediction [0.2955695] truevalue [-0.13790806]
stock index [607] stock id ['600256.SH'] prediction [0.21251588] truevalue [-0.23847926]
stock index [619] stock id ['000983.SZ'] prediction [0.22064016] truevalue [-0.22091062]
stock index [623] stock id ['000723.SZ'] prediction [0.23527801] truevalue [0.04363974]
stock index [625] stock id ['000876.SZ'] prediction [-0.17074788] truevalue [-0.02506775]
stock index [667] stock id ['600132.SH'] prediction [-0.16321091] truevalue [0.14646041]
stock index [670] stock id ['601788.SH'] prediction [-0.1541263] truevalue [-0.01931745]
stock index [673] stock id ['000799.SZ'] prediction [-0.18755462] truevalue [-0.13248295]
stock index [691] stock id ['601898.SH'] prediction [0.36391947] truevalue [-0.22616408]
stock index [694] stock id ['600188.SH'] prediction [0.25642789] truevalue [-0.22111073]
stock index [764] stock id ['601225.SH'] prediction [0.2133837] truevalue [-0.15472973]
stock index [778] stock id ['300274.SZ'] prediction [-0.16987283] truevalue [0.1059442]
stock index [820] stock id ['600809.SH'] prediction [-0.20155998] truevalue [-0.04437401]
stock index [821] stock id ['601088.SH'] prediction [0.21868029] truevalue [-0.12224184]
stock index [827] stock id ['600028.SH'] prediction [0.22259045] truevalue [-0.0470852]
stock index [835] stock id ['000858.SZ'] prediction [-0.15149433] truevalue [-0.01312731]
stock index [836] stock id ['601857.SH'] prediction [0.21590414] truevalue [-0.08818636]
            index       pred       true
count   10.000000  10.000000  10.000000
mean   393.800000   0.269402  -0.147786
std    214.239119   0.045362   0.111365
min    108.000000   0.227357  -0.334639
25%    223.250000   0.237179  -0.207303
50%    343.000000   0.254058  -0.148805
75%    573.750000   0.288813  -0.139087
max    694.000000   0.363919   0.077303
TP:5, FP:20, TN:17, FN:10
-----i_month_predict:2

-----i_month_label:2_predict_changerate_price

train date: 2021-06-30
test date: 2021-09-30
-----x_train.shape:(356, 30)

-----x_test.shape:(841, 30)

-----y_train.shape:(356,)

-----y_test.shape:(841,)

stock index [0] stock id ['688309.SH'] prediction [-0.2213426] truevalue [-0.11030355]
stock index [1] stock id ['688051.SH'] prediction [-0.22391127] truevalue [-0.00041745]
stock index [4] stock id ['300860.SZ'] prediction [-0.27370983] truevalue [0.19749373]
stock index [5] stock id ['002947.SZ'] prediction [-0.25417349] truevalue [0.10315186]
stock index [6] stock id ['688021.SH'] prediction [-0.17471171] truevalue [0.20202911]
stock index [7] stock id ['688058.SH'] prediction [-0.19805139] truevalue [0.01443092]
stock index [8] stock id ['300887.SZ'] prediction [-0.24796578] truevalue [0.06690693]
stock index [9] stock id ['688595.SH'] prediction [-0.22009806] truevalue [0.22873684]
stock index [10] stock id ['688526.SH'] prediction [-0.34945983] truevalue [-0.06763973]
stock index [11] stock id ['688085.SH'] prediction [-0.31418313] truevalue [0.10958409]
stock index [12] stock id ['688580.SH'] prediction [-0.19206392] truevalue [0.08945386]
stock index [13] stock id ['688268.SH'] prediction [0.22337944] truevalue [0.11216389]
stock index [16] stock id ['688015.SH'] prediction [-0.20934093] truevalue [0.15266927]
stock index [17] stock id ['688157.SH'] prediction [0.20988251] truevalue [0.33699006]
stock index [18] stock id ['300010.SZ'] prediction [-0.22150457] truevalue [0.11989101]
stock index [19] stock id ['688020.SH'] prediction [-0.25746582] truevalue [0.08427568]
stock index [20] stock id ['688357.SH'] prediction [0.17679987] truevalue [0.66809937]
stock index [22] stock id ['603083.SH'] prediction [-0.23514654] truevalue [0.02679939]
stock index [23] stock id ['300888.SZ'] prediction [-0.19924111] truevalue [0.07531433]
stock index [25] stock id ['688369.SH'] prediction [-0.17776988] truevalue [-0.0543015]
stock index [27] stock id ['000589.SZ'] prediction [0.19077252] truevalue [0.01083032]
stock index [29] stock id ['300284.SZ'] prediction [-0.15723177] truevalue [-0.00641026]
stock index [32] stock id ['002697.SZ'] prediction [-0.24553295] truevalue [0.0210084]
stock index [33] stock id ['300113.SZ'] prediction [-0.17527906] truevalue [0.18388934]
stock index [34] stock id ['688198.SH'] prediction [-0.19101034] truevalue [0.05308594]
stock index [35] stock id ['603363.SH'] prediction [-0.34337647] truevalue [0.23321555]
stock index [36] stock id ['300762.SZ'] prediction [-0.27196989] truevalue [0.12636505]
stock index [37] stock id ['002376.SZ'] prediction [-0.15971494] truevalue [0.13906448]
stock index [38] stock id ['300078.SZ'] prediction [-0.29657712] truevalue [0.05409583]
stock index [39] stock id ['603018.SH'] prediction [-0.22901464] truevalue [-0.02967742]
stock index [41] stock id ['600285.SH'] prediction [-0.20126433] truevalue [0.18148148]
stock index [42] stock id ['002301.SZ'] prediction [-0.15908822] truevalue [-0.08900524]
stock index [43] stock id ['002567.SZ'] prediction [-0.21914962] truevalue [0.01408451]
stock index [45] stock id ['688186.SH'] prediction [0.16981258] truevalue [0.05077097]
stock index [46] stock id ['002035.SZ'] prediction [-0.16364487] truevalue [-0.12611276]
stock index [48] stock id ['603368.SH'] prediction [-0.20663471] truevalue [-0.02268547]
stock index [50] stock id ['300145.SZ'] prediction [-0.24246245] truevalue [-0.028125]
stock index [51] stock id ['600976.SH'] prediction [-0.32106263] truevalue [0.24121444]
stock index [54] stock id ['300378.SZ'] prediction [-0.20150745] truevalue [0.04457452]
stock index [55] stock id ['000036.SZ'] prediction [-0.23041286] truevalue [0.03432494]
stock index [57] stock id ['002695.SZ'] prediction [-0.27316199] truevalue [-0.02906574]
stock index [58] stock id ['002317.SZ'] prediction [-0.17309443] truevalue [0.25102881]
stock index [60] stock id ['000915.SZ'] prediction [-0.19430611] truevalue [-0.05920602]
stock index [61] stock id ['688301.SH'] prediction [-0.19270163] truevalue [0.30850048]
stock index [62] stock id ['300663.SZ'] prediction [-0.41305679] truevalue [0.06930693]
stock index [64] stock id ['300770.SZ'] prediction [-0.15045952] truevalue [0.26370757]
stock index [65] stock id ['002154.SZ'] prediction [-0.15201529] truevalue [0.08576998]
stock index [67] stock id ['300326.SZ'] prediction [-0.21928253] truevalue [0.05847374]
stock index [69] stock id ['002419.SZ'] prediction [-0.16966869] truevalue [-0.01477833]
stock index [72] stock id ['688390.SH'] prediction [-0.27895249] truevalue [0.17312759]
stock index [73] stock id ['300666.SZ'] prediction [-0.19225003] truevalue [0.0866588]
stock index [75] stock id ['688356.SH'] prediction [-0.39150619] truevalue [0.49224806]
stock index [76] stock id ['603328.SH'] prediction [-0.19897131] truevalue [-0.00135318]
stock index [81] stock id ['300271.SZ'] prediction [-0.17309261] truevalue [0.07477477]
stock index [82] stock id ['600138.SH'] prediction [0.17274474] truevalue [-0.03510532]
stock index [84] stock id ['300166.SZ'] prediction [-0.33656003] truevalue [0.14912281]
stock index [85] stock id ['002100.SZ'] prediction [-0.25225281] truevalue [0.03828306]
stock index [86] stock id ['000034.SZ'] prediction [-0.23330287] truevalue [0.02210663]
stock index [88] stock id ['002413.SZ'] prediction [-0.20011364] truevalue [0.15346535]
stock index [89] stock id ['000603.SZ'] prediction [0.15009355] truevalue [0.04465038]
stock index [92] stock id ['601038.SH'] prediction [-0.25052528] truevalue [-0.00726392]
stock index [99] stock id ['002124.SZ'] prediction [-0.30472566] truevalue [0.06208054]
stock index [101] stock id ['688029.SH'] prediction [-0.18556792] truevalue [-0.03025842]
stock index [105] stock id ['603601.SH'] prediction [0.16838943] truevalue [0.02677824]
stock index [106] stock id ['603708.SH'] prediction [-0.21180436] truevalue [-0.03459747]
stock index [107] stock id ['000930.SZ'] prediction [-0.17420901] truevalue [0.15529179]
stock index [108] stock id ['600971.SH'] prediction [0.42274712] truevalue [-0.23687424]
stock index [109] stock id ['688018.SH'] prediction [-0.23811031] truevalue [-0.01524055]
stock index [110] stock id ['688518.SH'] prediction [-0.1518902] truevalue [0.64524677]
stock index [112] stock id ['688366.SH'] prediction [-0.27928841] truevalue [-0.29691639]
stock index [113] stock id ['688321.SH'] prediction [-0.18042073] truevalue [-0.04470463]
stock index [114] stock id ['300598.SZ'] prediction [-0.36985952] truevalue [-0.08666926]
stock index [115] stock id ['688333.SH'] prediction [-0.21342817] truevalue [0.06227019]
stock index [116] stock id ['300394.SZ'] prediction [-0.21415188] truevalue [0.35548308]
stock index [117] stock id ['300348.SZ'] prediction [-0.2018884] truevalue [-0.03457447]
stock index [118] stock id ['300315.SZ'] prediction [-0.16529548] truevalue [0.06896552]
stock index [119] stock id ['002254.SZ'] prediction [0.15241913] truevalue [0.1388601]
stock index [120] stock id ['001872.SZ'] prediction [0.16231157] truevalue [-0.05998835]
stock index [121] stock id ['600195.SH'] prediction [-0.21633397] truevalue [-0.01336898]
stock index [122] stock id ['000789.SZ'] prediction [0.15056016] truevalue [-0.15146948]
stock index [123] stock id ['002375.SZ'] prediction [-0.30945921] truevalue [-0.00268097]
stock index [125] stock id ['002149.SZ'] prediction [0.2389895] truevalue [0.2272203]
stock index [126] stock id ['300451.SZ'] prediction [-0.19972507] truevalue [0.29395973]
stock index [128] stock id ['002182.SZ'] prediction [0.22182503] truevalue [0.09722222]
stock index [132] stock id ['300036.SZ'] prediction [-0.23299678] truevalue [0.27557411]
stock index [133] stock id ['300182.SZ'] prediction [-0.2682689] truevalue [0.07239819]
stock index [134] stock id ['300226.SZ'] prediction [-0.15831509] truevalue [-0.26702413]
stock index [136] stock id ['002726.SZ'] prediction [-0.22255759] truevalue [0.14994934]
stock index [137] stock id ['002332.SZ'] prediction [-0.23171908] truevalue [0.12220149]
stock index [138] stock id ['688298.SH'] prediction [-0.16983666] truevalue [0.13034311]
stock index [139] stock id ['300123.SZ'] prediction [-0.27334881] truevalue [0.0170394]
stock index [143] stock id ['300068.SZ'] prediction [-0.2205177] truevalue [0.12521008]
stock index [144] stock id ['000030.SZ'] prediction [0.18302558] truevalue [0.38936535]
stock index [145] stock id ['300188.SZ'] prediction [-0.17685484] truevalue [0.02910855]
stock index [148] stock id ['688088.SH'] prediction [-0.29075404] truevalue [0.18938656]
stock index [150] stock id ['688536.SH'] prediction [-0.26564888] truevalue [0.38220683]
stock index [151] stock id ['300463.SZ'] prediction [-0.20171189] truevalue [0.08431645]
stock index [152] stock id ['300638.SZ'] prediction [-0.31280941] truevalue [0.3200093]
stock index [154] stock id ['688516.SH'] prediction [-0.25096943] truevalue [0.31661279]
stock index [156] stock id ['688017.SH'] prediction [-0.16223236] truevalue [0.28011847]
stock index [157] stock id ['603881.SH'] prediction [-0.20117008] truevalue [0.10598345]
stock index [160] stock id ['002085.SZ'] prediction [0.18145914] truevalue [0.01061947]
stock index [162] stock id ['600718.SH'] prediction [-0.20969827] truevalue [0.19978518]
stock index [166] stock id ['002727.SZ'] prediction [-0.17153667] truevalue [0.14807437]
stock index [167] stock id ['002675.SZ'] prediction [-0.15129421] truevalue [0.11687414]
stock index [168] stock id ['300679.SZ'] prediction [-0.2285213] truevalue [0.29292221]
stock index [170] stock id ['002572.SZ'] prediction [-0.16509938] truevalue [0.01623572]
stock index [171] stock id ['002233.SZ'] prediction [0.17969406] truevalue [-0.1058296]
stock index [172] stock id ['300630.SZ'] prediction [-0.25447176] truevalue [0.13001083]
stock index [173] stock id ['002773.SZ'] prediction [-0.22422056] truevalue [0.01745772]
stock index [177] stock id ['300257.SZ'] prediction [-0.19313491] truevalue [-0.13033833]
stock index [180] stock id ['600993.SH'] prediction [-0.2608983] truevalue [-0.06259781]
stock index [183] stock id ['600123.SH'] prediction [0.50931707] truevalue [-0.27959502]
stock index [184] stock id ['688188.SH'] prediction [-0.22304299] truevalue [-0.0525212]
stock index [189] stock id ['300457.SZ'] prediction [-0.2559136] truevalue [0.43559529]
stock index [190] stock id ['002390.SZ'] prediction [-0.19115063] truevalue [-0.11734029]
stock index [192] stock id ['000848.SZ'] prediction [-0.18420029] truevalue [-0.11954625]
stock index [194] stock id ['300369.SZ'] prediction [-0.17609131] truevalue [-0.05722222]
stock index [196] stock id ['600771.SH'] prediction [-0.20563899] truevalue [0.06234143]
stock index [197] stock id ['300009.SZ'] prediction [-0.24171834] truevalue [0.10627615]
stock index [201] stock id ['688408.SH'] prediction [-0.17340169] truevalue [0.3742379]
stock index [203] stock id ['002291.SZ'] prediction [-0.17646305] truevalue [-0.12372052]
stock index [204] stock id ['603505.SH'] prediction [0.19794386] truevalue [0.13095548]
stock index [206] stock id ['600305.SH'] prediction [-0.22534805] truevalue [-0.01686122]
stock index [208] stock id ['603113.SH'] prediction [0.38404822] truevalue [-0.10330579]
stock index [209] stock id ['601952.SH'] prediction [-0.16146403] truevalue [0.16486752]
stock index [210] stock id ['002701.SZ'] prediction [0.19717254] truevalue [0.11285266]
stock index [211] stock id ['603688.SH'] prediction [0.21313572] truevalue [0.50385604]
stock index [215] stock id ['603355.SH'] prediction [-0.27917621] truevalue [0.2005473]
stock index [216] stock id ['002019.SZ'] prediction [-0.21452592] truevalue [0.07393244]
stock index [219] stock id ['600060.SH'] prediction [-0.16365571] truevalue [0.13504274]
stock index [222] stock id ['600566.SH'] prediction [-0.18553187] truevalue [0.08258528]
stock index [225] stock id ['600273.SH'] prediction [0.18221667] truevalue [0.04985889]
stock index [227] stock id ['002318.SZ'] prediction [0.19485994] truevalue [0.16059957]
stock index [228] stock id ['300168.SZ'] prediction [-0.18676232] truevalue [-0.01980198]
stock index [229] stock id ['002171.SZ'] prediction [0.16092056] truevalue [0.24332344]
stock index [231] stock id ['601000.SH'] prediction [0.15654573] truevalue [-0.09352518]
stock index [232] stock id ['300502.SZ'] prediction [-0.24075893] truevalue [0.02465102]
stock index [233] stock id ['688202.SH'] prediction [-0.3089963] truevalue [-0.2091847]
stock index [234] stock id ['002127.SZ'] prediction [-0.24742955] truevalue [-0.01060606]
stock index [235] stock id ['600597.SH'] prediction [-0.21151222] truevalue [-0.00503597]
stock index [236] stock id ['002745.SZ'] prediction [-0.18304152] truevalue [0.0996119]
stock index [239] stock id ['002281.SZ'] prediction [-0.24150411] truevalue [0.04017857]
stock index [240] stock id ['600459.SH'] prediction [0.19317417] truevalue [0.16829052]
stock index [241] stock id ['002285.SZ'] prediction [-0.17986394] truevalue [-0.05454545]
stock index [243] stock id ['600567.SH'] prediction [0.20289472] truevalue [-0.06725146]
stock index [244] stock id ['300294.SZ'] prediction [-0.21104865] truevalue [0.09401709]
stock index [246] stock id ['600216.SH'] prediction [-0.21748669] truevalue [0.04085366]
stock index [247] stock id ['002258.SZ'] prediction [0.2021148] truevalue [0.10642857]
stock index [249] stock id ['600577.SH'] prediction [-0.26781602] truevalue [0.33380084]
stock index [250] stock id ['688363.SH'] prediction [-0.18553228] truevalue [-0.13222473]
stock index [256] stock id ['000672.SZ'] prediction [0.21405416] truevalue [-0.08240887]
stock index [258] stock id ['688050.SH'] prediction [-0.21769873] truevalue [-0.14126462]
stock index [259] stock id ['688023.SH'] prediction [-0.15554583] truevalue [-0.21135977]
stock index [260] stock id ['603599.SH'] prediction [0.17164846] truevalue [0.24126303]
stock index [264] stock id ['600339.SH'] prediction [0.39676993] truevalue [-0.13580247]
stock index [268] stock id ['300866.SZ'] prediction [-0.18187539] truevalue [0.04417671]
stock index [269] stock id ['601311.SH'] prediction [0.33272982] truevalue [0.45394737]
stock index [271] stock id ['002563.SZ'] prediction [-0.15402495] truevalue [-0.05366492]
stock index [272] stock id ['002153.SZ'] prediction [-0.24907438] truevalue [0.11302983]
stock index [277] stock id ['600006.SH'] prediction [0.28114398] truevalue [-0.0123119]
stock index [279] stock id ['000951.SZ'] prediction [-0.2092152] truevalue [-0.09919028]
stock index [280] stock id ['000778.SZ'] prediction [0.20323751] truevalue [-0.14252874]
stock index [281] stock id ['002705.SZ'] prediction [-0.21192488] truevalue [0.29885683]
stock index [283] stock id ['600201.SH'] prediction [-0.23070033] truevalue [0.07372654]
stock index [286] stock id ['002747.SZ'] prediction [-0.17919973] truevalue [0.25501825]
stock index [288] stock id ['603588.SH'] prediction [-0.17404793] truevalue [-0.06535948]
stock index [293] stock id ['300476.SZ'] prediction [-0.16017949] truevalue [0.07605634]
stock index [296] stock id ['300618.SZ'] prediction [0.25022759] truevalue [0.30913943]
stock index [298] stock id ['601003.SH'] prediction [0.21829444] truevalue [-0.19626168]
stock index [300] stock id ['002402.SZ'] prediction [-0.18838195] truevalue [0.29423077]
stock index [306] stock id ['002081.SZ'] prediction [-0.18895896] truevalue [-0.09984152]
stock index [307] stock id ['002373.SZ'] prediction [-0.18118369] truevalue [-0.00338295]
stock index [309] stock id ['600282.SH'] prediction [0.20023105] truevalue [-0.11809045]
stock index [310] stock id ['601717.SH'] prediction [0.19010526] truevalue [0.09507347]
stock index [312] stock id ['000516.SZ'] prediction [-0.24167497] truevalue [-0.05618964]
stock index [313] stock id ['300115.SZ'] prediction [-0.20219422] truevalue [0.07063712]
stock index [315] stock id ['002221.SZ'] prediction [0.3920547] truevalue [-0.07127112]
stock index [317] stock id ['000623.SZ'] prediction [-0.15166422] truevalue [-0.02553444]
stock index [318] stock id ['600323.SH'] prediction [-0.21195458] truevalue [-0.18566038]
stock index [323] stock id ['002557.SZ'] prediction [-0.24585205] truevalue [0.15275387]
stock index [326] stock id ['300136.SZ'] prediction [-0.29185326] truevalue [0.10913931]
stock index [327] stock id ['300070.SZ'] prediction [-0.17344792] truevalue [-0.09009009]
stock index [328] stock id ['603005.SH'] prediction [-0.18049204] truevalue [0.40122728]
stock index [329] stock id ['002422.SZ'] prediction [-0.24254384] truevalue [0.05731775]
stock index [331] stock id ['300296.SZ'] prediction [-0.1616316] truevalue [-0.00482625]
stock index [333] stock id ['002399.SZ'] prediction [-0.16399552] truevalue [0.03225806]
stock index [334] stock id ['600535.SH'] prediction [-0.22387082] truevalue [0.02030075]
stock index [335] stock id ['600529.SH'] prediction [0.16238789] truevalue [0.50067114]
stock index [336] stock id ['002461.SZ'] prediction [-0.1568768] truevalue [0.02908277]
stock index [337] stock id ['600583.SH'] prediction [0.45137438] truevalue [-0.10020877]
stock index [341] stock id ['002157.SZ'] prediction [-0.2954399] truevalue [0.02757158]
stock index [343] stock id ['603883.SH'] prediction [-0.20789847] truevalue [-0.07948718]
stock index [345] stock id ['600498.SH'] prediction [-0.19960149] truevalue [0.00623583]
stock index [347] stock id ['002456.SZ'] prediction [-0.17974075] truevalue [0.04285714]
stock index [349] stock id ['601666.SH'] prediction [0.41165321] truevalue [-0.39184953]
stock index [350] stock id ['002439.SZ'] prediction [-0.15556729] truevalue [0.04128939]
stock index [353] stock id ['002507.SZ'] prediction [-0.22369383] truevalue [0.05622359]
stock index [356] stock id ['002558.SZ'] prediction [-0.24750656] truevalue [-0.02884615]
stock index [361] stock id ['600867.SH'] prediction [-0.16634657] truevalue [0.04942966]
stock index [363] stock id ['600873.SH'] prediction [-0.15079386] truevalue [0.12946429]
stock index [367] stock id ['002511.SZ'] prediction [-0.29470983] truevalue [-0.03703704]
stock index [368] stock id ['600546.SH'] prediction [-0.15452156] truevalue [-0.36190476]
stock index [370] stock id ['002299.SZ'] prediction [-0.1993307] truevalue [0.01435185]
stock index [371] stock id ['000423.SZ'] prediction [-0.19963425] truevalue [0.16847516]
stock index [372] stock id ['300146.SZ'] prediction [-0.29088625] truevalue [-0.16643059]
stock index [375] stock id ['300747.SZ'] prediction [-0.1775259] truevalue [0.10930755]
stock index [376] stock id ['600970.SH'] prediction [-0.18643053] truevalue [0.0254386]
stock index [377] stock id ['600380.SH'] prediction [-0.19049069] truevalue [0.05096661]
stock index [378] stock id ['600827.SH'] prediction [-0.24059743] truevalue [-0.08385308]
stock index [379] stock id ['600153.SH'] prediction [0.1514593] truevalue [-0.034689]
stock index [384] stock id ['000998.SZ'] prediction [-0.18212104] truevalue [0.12179188]
stock index [386] stock id ['601992.SH'] prediction [0.17942984] truevalue [-0.04609929]
stock index [387] stock id ['002925.SZ'] prediction [-0.16146442] truevalue [-0.00830861]
stock index [390] stock id ['300373.SZ'] prediction [-0.28881109] truevalue [0.69008079]
stock index [392] stock id ['600171.SH'] prediction [-0.18522755] truevalue [-0.21827837]
stock index [393] stock id ['000021.SZ'] prediction [-0.18963765] truevalue [0.09964413]
stock index [396] stock id ['002128.SZ'] prediction [0.42695213] truevalue [-0.23699803]
stock index [402] stock id ['688396.SH'] prediction [-0.21953454] truevalue [0.03965142]
stock index [403] stock id ['002353.SZ'] prediction [0.35205098] truevalue [-0.19392813]
stock index [405] stock id ['002110.SZ'] prediction [0.18804462] truevalue [-0.25315006]
stock index [406] stock id ['600536.SH'] prediction [-0.19038111] truevalue [0.05022276]
stock index [409] stock id ['000860.SZ'] prediction [-0.26836702] truevalue [-0.09168081]
stock index [411] stock id ['688122.SH'] prediction [0.15594091] truevalue [0.35236769]
stock index [412] stock id ['002465.SZ'] prediction [-0.20001755] truevalue [0.01757812]
stock index [413] stock id ['300676.SZ'] prediction [-0.21624672] truevalue [0.08559022]
stock index [414] stock id ['600521.SH'] prediction [-0.28157399] truevalue [0.21788342]
stock index [415] stock id ['000513.SZ'] prediction [-0.21130199] truevalue [-0.07060036]
stock index [418] stock id ['002138.SZ'] prediction [-0.18336383] truevalue [0.12260536]
stock index [420] stock id ['000636.SZ'] prediction [-0.20984825] truevalue [0.05736823]
stock index [422] stock id ['300529.SZ'] prediction [-0.21393479] truevalue [-0.12721995]
stock index [423] stock id ['002385.SZ'] prediction [-0.22390179] truevalue [0.19973545]
stock index [424] stock id ['300896.SZ'] prediction [-0.24381088] truevalue [-0.04724954]
stock index [425] stock id ['600170.SH'] prediction [-0.15328779] truevalue [-0.24390244]
stock index [428] stock id ['600522.SH'] prediction [-0.30273926] truevalue [1.04175824]
stock index [430] stock id ['600456.SH'] prediction [0.18943325] truevalue [0.52467698]
stock index [432] stock id ['300253.SZ'] prediction [-0.17766653] truevalue [0.08189952]
stock index [435] stock id ['600872.SH'] prediction [-0.26692169] truevalue [0.03172111]
stock index [436] stock id ['002030.SZ'] prediction [-0.19108265] truevalue [0.14378029]
stock index [439] stock id ['603866.SH'] prediction [-0.24503172] truevalue [0.06019952]
stock index [441] stock id ['000878.SZ'] prediction [0.23915778] truevalue [-0.03963839]
stock index [442] stock id ['300725.SZ'] prediction [-0.18093609] truevalue [-0.25512996]
stock index [444] stock id ['000988.SZ'] prediction [-0.19184271] truevalue [0.02704553]
stock index [448] stock id ['002384.SZ'] prediction [-0.19163099] truevalue [0.14990421]
stock index [453] stock id ['600782.SH'] prediction [0.22718735] truevalue [-0.25105189]
stock index [454] stock id ['000999.SZ'] prediction [-0.16697318] truevalue [-0.13613861]
stock index [455] stock id ['600637.SH'] prediction [-0.164907] truevalue [0.]
stock index [462] stock id ['002624.SZ'] prediction [-0.21899673] truevalue [0.24933687]
stock index [464] stock id ['600998.SH'] prediction [-0.25038545] truevalue [-0.11692506]
stock index [465] stock id ['600803.SH'] prediction [0.17606897] truevalue [0.06892779]
stock index [466] stock id ['002294.SZ'] prediction [-0.16928393] truevalue [-0.0238342]
stock index [468] stock id ['603444.SH'] prediction [-0.15287998] truevalue [-0.03940912]
stock index [469] stock id ['002372.SZ'] prediction [-0.22361914] truevalue [0.09769094]
stock index [470] stock id ['002555.SZ'] prediction [-0.15758242] truevalue [0.12386851]
stock index [474] stock id ['600039.SH'] prediction [-0.15719995] truevalue [0.42180095]
stock index [475] stock id ['002044.SZ'] prediction [-0.23242259] truevalue [0.00539084]
stock index [476] stock id ['600673.SH'] prediction [0.18368607] truevalue [0.29259694]
stock index [477] stock id ['603658.SH'] prediction [-0.24993668] truevalue [0.05028143]
stock index [478] stock id ['601865.SH'] prediction [-0.19338364] truevalue [-0.01343445]
stock index [482] stock id ['002223.SZ'] prediction [-0.2307568] truevalue [0.11107683]
stock index [483] stock id ['600418.SH'] prediction [0.21310505] truevalue [0.25259259]
stock index [484] stock id ['600497.SH'] prediction [0.25242768] truevalue [0.04158004]
stock index [486] stock id ['600315.SH'] prediction [-0.24760728] truevalue [-0.04515393]
stock index [487] stock id ['600801.SH'] prediction [0.18006082] truevalue [-0.13349633]
stock index [489] stock id ['600079.SH'] prediction [-0.21886717] truevalue [0.05406746]
stock index [492] stock id ['603712.SH'] prediction [-0.23225705] truevalue [0.00924918]
stock index [496] stock id ['000039.SZ'] prediction [-0.15761091] truevalue [-0.0448682]
stock index [497] stock id ['600704.SH'] prediction [-0.53644057] truevalue [-0.06481481]
stock index [498] stock id ['603589.SH'] prediction [-0.19640136] truevalue [0.31081616]
stock index [501] stock id ['600348.SH'] prediction [0.44160099] truevalue [-0.12795436]
stock index [503] stock id ['300037.SZ'] prediction [0.16038664] truevalue [-0.21806452]
stock index [506] stock id ['603605.SH'] prediction [-0.26372753] truevalue [0.14495677]
stock index [512] stock id ['601231.SH'] prediction [-0.157801] truevalue [0.10966811]
stock index [513] stock id ['300285.SZ'] prediction [0.19226244] truevalue [0.09113001]
stock index [515] stock id ['002430.SZ'] prediction [-0.17642844] truevalue [-0.07743989]
stock index [518] stock id ['002508.SZ'] prediction [-0.17389645] truevalue [-0.06893491]
stock index [520] stock id ['000709.SZ'] prediction [0.20348351] truevalue [-0.1618705]
stock index [522] stock id ['603707.SH'] prediction [-0.15313301] truevalue [0.1575]
stock index [525] stock id ['600141.SH'] prediction [0.21640581] truevalue [-0.10925307]
stock index [526] stock id ['002078.SZ'] prediction [0.16533113] truevalue [-0.04013378]
stock index [527] stock id ['002497.SZ'] prediction [0.16717605] truevalue [-0.0694864]
stock index [529] stock id ['300558.SZ'] prediction [-0.18151282] truevalue [-0.11088559]
stock index [530] stock id ['603456.SH'] prediction [-0.21431732] truevalue [0.08803776]
stock index [534] stock id ['603338.SH'] prediction [-0.27500162] truevalue [0.16780142]
stock index [535] stock id ['600563.SH'] prediction [-0.16699696] truevalue [0.461177]
stock index [538] stock id ['603233.SH'] prediction [-0.27424589] truevalue [-0.16859231]
stock index [539] stock id ['002444.SZ'] prediction [-0.15047163] truevalue [0.16557496]
stock index [541] stock id ['300699.SZ'] prediction [0.20888947] truevalue [0.28663004]
stock index [542] stock id ['601138.SH'] prediction [-0.23614829] truevalue [-0.03872633]
stock index [543] stock id ['002568.SZ'] prediction [-0.26117442] truevalue [-0.21707612]
stock index [545] stock id ['600298.SH'] prediction [-0.25637901] truevalue [0.11660355]
stock index [546] stock id ['002841.SZ'] prediction [-0.16305656] truevalue [-0.11359285]
stock index [547] stock id ['300595.SZ'] prediction [-0.17981859] truevalue [-0.30075925]
stock index [550] stock id ['000895.SZ'] prediction [-0.32446459] truevalue [0.04825046]
stock index [552] stock id ['601933.SH'] prediction [-0.27201481] truevalue [-0.01020408]
stock index [553] stock id ['601607.SH'] prediction [-0.20292751] truevalue [-0.03815996]
stock index [555] stock id ['603517.SH'] prediction [-0.23223963] truevalue [0.0151681]
stock index [557] stock id ['603345.SH'] prediction [-0.28316372] truevalue [-0.09526538]
stock index [558] stock id ['000960.SZ'] prediction [0.1796384] truevalue [-0.0148857]
stock index [560] stock id ['688012.SH'] prediction [-0.1850464] truevalue [0.05421607]
stock index [563] stock id ['600161.SH'] prediction [-0.21071388] truevalue [-0.06248047]
stock index [564] stock id ['603939.SH'] prediction [-0.24874284] truevalue [-0.13306452]
stock index [565] stock id ['000739.SZ'] prediction [-0.18032229] truevalue [0.08224201]
stock index [570] stock id ['600549.SH'] prediction [0.25952935] truevalue [0.10515203]
stock index [571] stock id ['600392.SH'] prediction [0.16532625] truevalue [0.11094527]
stock index [572] stock id ['603198.SH'] prediction [-0.16911133] truevalue [0.3328128]
stock index [574] stock id ['300012.SZ'] prediction [-0.22046043] truevalue [-0.02524655]
stock index [575] stock id ['000703.SZ'] prediction [0.1608272] truevalue [-0.08956522]
stock index [576] stock id ['300628.SZ'] prediction [-0.27021307] truevalue [-0.04701538]
stock index [579] stock id ['300003.SZ'] prediction [-0.19146282] truevalue [-0.17368617]
stock index [580] stock id ['603156.SH'] prediction [-0.23267285] truevalue [-0.02771438]
stock index [581] stock id ['300413.SZ'] prediction [-0.16751685] truevalue [-0.00183528]
stock index [582] stock id ['601808.SH'] prediction [0.36069455] truevalue [-0.15838509]
stock index [586] stock id ['603127.SH'] prediction [-0.23527752] truevalue [-0.11392405]
stock index [587] stock id ['600332.SH'] prediction [-0.18625167] truevalue [-0.01310044]
stock index [591] stock id ['000630.SZ'] prediction [0.23126599] truevalue [-0.12276215]
stock index [593] stock id ['002916.SZ'] prediction [-0.21287926] truevalue [0.10736132]
stock index [596] stock id ['600352.SH'] prediction [0.17181876] truevalue [-0.07470414]
stock index [597] stock id ['600236.SH'] prediction [-0.15740102] truevalue [-0.18121693]
stock index [598] stock id ['601699.SH'] prediction [0.45336432] truevalue [-0.28047968]
stock index [600] stock id ['000932.SZ'] prediction [0.16469593] truevalue [-0.2413273]
stock index [601] stock id ['600885.SH'] prediction [-0.18603699] truevalue [0.1625521]
stock index [602] stock id ['300223.SZ'] prediction [-0.15444391] truevalue [0.05906615]
stock index [603] stock id ['000807.SZ'] prediction [0.1508646] truevalue [-0.27916386]
stock index [604] stock id ['600068.SH'] prediction [-0.21500479] truevalue [0.]
stock index [605] stock id ['600516.SH'] prediction [0.18950503] truevalue [0.19014778]
stock index [607] stock id ['600256.SH'] prediction [0.36773324] truevalue [-0.31451613]
stock index [609] stock id ['002007.SZ'] prediction [-0.20754572] truevalue [0.03584229]
stock index [610] stock id ['002414.SZ'] prediction [-0.17886698] truevalue [0.04063302]
stock index [611] stock id ['002600.SZ'] prediction [-0.15383346] truevalue [0.0495356]
stock index [612] stock id ['603160.SH'] prediction [-0.15947476] truevalue [-0.00677018]
stock index [613] stock id ['600115.SH'] prediction [0.16474687] truevalue [-0.01061571]
stock index [616] stock id ['601216.SH'] prediction [0.21593172] truevalue [-0.07342657]
stock index [619] stock id ['000983.SZ'] prediction [0.34307157] truevalue [-0.32715008]
stock index [623] stock id ['000723.SZ'] prediction [0.41078258] truevalue [0.25348189]
stock index [625] stock id ['000876.SZ'] prediction [-0.32493626] truevalue [-0.02642276]
stock index [628] stock id ['300207.SZ'] prediction [-0.23015506] truevalue [0.4157754]
stock index [632] stock id ['300759.SZ'] prediction [-0.21824008] truevalue [-0.15691008]
stock index [639] stock id ['000963.SZ'] prediction [-0.21436393] truevalue [0.14184636]
stock index [640] stock id ['603369.SH'] prediction [-0.2030142] truevalue [0.24613687]
stock index [641] stock id ['600362.SH'] prediction [0.18149823] truevalue [-0.06827473]
stock index [642] stock id ['002080.SZ'] prediction [0.17637596] truevalue [0.03107345]
stock index [643] stock id ['000538.SZ'] prediction [-0.17586647] truevalue [-0.09673791]
stock index [650] stock id ['000009.SZ'] prediction [-0.27927516] truevalue [-0.07559958]
stock index [651] stock id ['600029.SH'] prediction [0.16775314] truevalue [0.05882353]
stock index [652] stock id ['688036.SH'] prediction [-0.27070363] truevalue [0.18638298]
stock index [655] stock id ['600779.SH'] prediction [-0.25805208] truevalue [0.02485254]
stock index [656] stock id ['600600.SH'] prediction [-0.23021702] truevalue [0.22649944]
stock index [659] stock id ['600219.SH'] prediction [0.2319892] truevalue [0.00457666]
stock index [664] stock id ['300601.SZ'] prediction [-0.18109895] truevalue [0.04349405]
stock index [665] stock id ['601727.SH'] prediction [-0.15203675] truevalue [-0.06923077]
stock index [667] stock id ['600132.SH'] prediction [-0.30590456] truevalue [0.10180599]
stock index [668] stock id ['300498.SZ'] prediction [-0.28896754] truevalue [0.10228058]
stock index [671] stock id ['300661.SZ'] prediction [-0.20749519] truevalue [0.03086587]
stock index [673] stock id ['000799.SZ'] prediction [-0.27797104] truevalue [-0.09344851]
stock index [675] stock id ['000938.SZ'] prediction [-0.16426747] truevalue [0.03688853]
stock index [676] stock id ['601117.SH'] prediction [-0.17429882] truevalue [0.02962963]
stock index [679] stock id ['600763.SH'] prediction [-0.25347866] truevalue [-0.34597047]
stock index [685] stock id ['300782.SZ'] prediction [-0.16801708] truevalue [0.06477273]
stock index [689] stock id ['300347.SZ'] prediction [-0.18365214] truevalue [-0.21103448]
stock index [691] stock id ['601898.SH'] prediction [0.55843814] truevalue [-0.32926829]
stock index [692] stock id ['601111.SH'] prediction [0.16438665] truevalue [0.07258065]
stock index [693] stock id ['002821.SZ'] prediction [-0.1972923] truevalue [0.15077372]
stock index [694] stock id ['600188.SH'] prediction [0.42530369] truevalue [-0.21628148]
stock index [697] stock id ['002001.SZ'] prediction [-0.23894383] truevalue [0.08078928]
stock index [702] stock id ['600845.SH'] prediction [-0.18983719] truevalue [0.00439394]
stock index [703] stock id ['000338.SZ'] prediction [-0.18501541] truevalue [-0.10081585]
stock index [707] stock id ['000596.SZ'] prediction [-0.17200174] truevalue [0.06351669]
stock index [712] stock id ['000661.SZ'] prediction [-0.23765592] truevalue [0.03174834]
stock index [714] stock id ['002050.SZ'] prediction [-0.18283036] truevalue [0.02065026]
stock index [715] stock id ['300316.SZ'] prediction [-0.18534421] truevalue [0.11623932]
stock index [716] stock id ['603986.SH'] prediction [-0.19383782] truevalue [0.03869232]
stock index [717] stock id ['601006.SH'] prediction [0.1591474] truevalue [-0.02715655]
stock index [718] stock id ['603833.SH'] prediction [-0.17927241] truevalue [-0.07205624]
stock index [724] stock id ['603659.SH'] prediction [-0.17060782] truevalue [0.05813953]
stock index [728] stock id ['300450.SZ'] prediction [-0.20092328] truevalue [0.13534804]
stock index [729] stock id ['601600.SH'] prediction [0.22343719] truevalue [-0.32903226]
stock index [732] stock id ['002230.SZ'] prediction [-0.18912617] truevalue [0.02079395]
stock index [733] stock id ['600745.SH'] prediction [-0.26829039] truevalue [0.31005766]
stock index [735] stock id ['002027.SZ'] prediction [-0.19283196] truevalue [-0.03415301]
stock index [737] stock id ['600588.SH'] prediction [-0.15745443] truevalue [-0.01780863]
stock index [738] stock id ['002311.SZ'] prediction [-0.23659829] truevalue [-0.04807122]
stock index [747] stock id ['601100.SH'] prediction [-0.1760301] truevalue [-0.06916529]
stock index [748] stock id ['300433.SZ'] prediction [-0.18850595] truevalue [0.00334608]
stock index [752] stock id ['603993.SH'] prediction [0.23153544] truevalue [-0.02483444]
stock index [753] stock id ['600196.SH'] prediction [-0.20033212] truevalue [0.0707457]
stock index [756] stock id ['000063.SZ'] prediction [-0.25622542] truevalue [-0.0739511]
stock index [757] stock id ['600050.SH'] prediction [-0.18594188] truevalue [-0.05596107]
stock index [759] stock id ['601816.SH'] prediction [0.2265482] truevalue [-0.05042017]
stock index [761] stock id ['600703.SH'] prediction [-0.1565346] truevalue [0.10539602]
stock index [762] stock id ['603806.SH'] prediction [-0.19583871] truevalue [-0.04100946]
stock index [764] stock id ['601225.SH'] prediction [0.38008157] truevalue [-0.1972973]
stock index [765] stock id ['601238.SH'] prediction [0.1770066] truevalue [0.08819629]
stock index [766] stock id ['002241.SZ'] prediction [-0.23046508] truevalue [0.20835267]
stock index [768] stock id ['603799.SH'] prediction [0.15257422] truevalue [0.25145068]
stock index [769] stock id ['300124.SZ'] prediction [-0.23801244] truevalue [0.04126984]
stock index [775] stock id ['300122.SZ'] prediction [-0.22246299] truevalue [-0.18938298]
stock index [777] stock id ['002371.SZ'] prediction [-0.29416186] truevalue [0.05824606]
stock index [778] stock id ['300274.SZ'] prediction [-0.24305147] truevalue [0.08828683]
stock index [781] stock id ['002714.SZ'] prediction [-0.42686653] truevalue [0.00963391]
stock index [783] stock id ['300014.SZ'] prediction [-0.20859562] truevalue [0.47672422]
stock index [784] stock id ['300760.SZ'] prediction [-0.20962413] truevalue [-0.0700275]
stock index [785] stock id ['002466.SZ'] prediction [0.16522039] truevalue [0.16223666]
stock index [788] stock id ['600690.SH'] prediction [-0.17487048] truevalue [0.04091778]
stock index [789] stock id ['603501.SH'] prediction [-0.22321839] truevalue [0.12270723]
stock index [790] stock id ['300015.SZ'] prediction [-0.27372727] truevalue [-0.20074906]
stock index [791] stock id ['600111.SH'] prediction [0.17885463] truevalue [0.21572171]
stock index [795] stock id ['000725.SZ'] prediction [-0.15167018] truevalue [-0.04554455]
stock index [797] stock id ['600436.SH'] prediction [-0.23708972] truevalue [0.18191433]
stock index [801] stock id ['603260.SH'] prediction [0.23988419] truevalue [-0.14017494]
stock index [802] stock id ['002304.SZ'] prediction [-0.21670786] truevalue [0.04949422]
stock index [803] stock id ['600887.SH'] prediction [-0.25766827] truevalue [0.03899204]
stock index [804] stock id ['002812.SZ'] prediction [0.1758851] truevalue [-0.09253177]
stock index [805] stock id ['600019.SH'] prediction [0.17012372] truevalue [-0.25057471]
stock index [809] stock id ['600031.SH'] prediction [-0.25647416] truevalue [-0.13915094]
stock index [810] stock id ['002475.SZ'] prediction [-0.29324272] truevalue [0.11033324]
stock index [811] stock id ['000651.SZ'] prediction [-0.15497561] truevalue [-0.10812903]
stock index [814] stock id ['600438.SH'] prediction [-0.22929516] truevalue [-0.11817825]
stock index [816] stock id ['000568.SZ'] prediction [-0.28120388] truevalue [0.03822547]
stock index [819] stock id ['600276.SH'] prediction [-0.1787399] truevalue [-0.00119451]
stock index [820] stock id ['600809.SH'] prediction [-0.31839468] truevalue [-0.01736926]
stock index [821] stock id ['601088.SH'] prediction [0.39865842] truevalue [-0.13768756]
stock index [822] stock id ['603259.SH'] prediction [-0.23447403] truevalue [-0.05759162]
stock index [825] stock id ['603288.SH'] prediction [-0.21086071] truevalue [0.02090909]
stock index [827] stock id ['600028.SH'] prediction [0.36708596] truevalue [-0.0941704]
stock index [830] stock id ['601012.SH'] prediction [-0.23726089] truevalue [0.05989331]
stock index [831] stock id ['000333.SZ'] prediction [-0.17159122] truevalue [-0.02614943]
stock index [835] stock id ['000858.SZ'] prediction [-0.31541169] truevalue [-0.00633575]
stock index [836] stock id ['601857.SH'] prediction [0.26065016] truevalue [-0.21630616]
stock index [838] stock id ['300750.SZ'] prediction [-0.23848647] truevalue [0.2934396]
stock index [840] stock id ['600519.SH'] prediction [-0.30361119] truevalue [0.05506557]
            index       pred       true
count   10.000000  10.000000  10.000000
mean   454.600000   0.446923  -0.223600
std    241.608131   0.051163   0.097489
min    108.000000   0.396770  -0.391850
25%    282.250000   0.414427  -0.280259
50%    425.000000   0.433452  -0.226578
75%    667.750000   0.452867  -0.136274
max    821.000000   0.558438  -0.100209
TP:45, FP:58, TN:124, FN:204
-----i_month_predict:3

-----i_month_label:3_predict_changerate_price

train date: 2021-06-30
test date: 2021-09-30
-----x_train.shape:(368, 30)

-----x_test.shape:(841, 30)

-----y_train.shape:(368,)

-----y_test.shape:(841,)

stock index [0] stock id ['688309.SH'] prediction [-0.17956024] truevalue [-0.11030355]
stock index [1] stock id ['688051.SH'] prediction [-0.24360775] truevalue [-0.00041745]
stock index [2] stock id ['300877.SZ'] prediction [-0.22514177] truevalue [-0.04081633]
stock index [3] stock id ['688093.SH'] prediction [-0.22592415] truevalue [0.10619711]
stock index [4] stock id ['300860.SZ'] prediction [-0.23726401] truevalue [0.19749373]
stock index [5] stock id ['002947.SZ'] prediction [-0.27802494] truevalue [0.10315186]
stock index [6] stock id ['688021.SH'] prediction [-0.16548399] truevalue [0.20202911]
stock index [7] stock id ['688058.SH'] prediction [-0.21616522] truevalue [0.01443092]
stock index [8] stock id ['300887.SZ'] prediction [-0.15838261] truevalue [0.06690693]
stock index [9] stock id ['688595.SH'] prediction [-0.29097835] truevalue [0.22873684]
stock index [10] stock id ['688526.SH'] prediction [-0.29903766] truevalue [-0.06763973]
stock index [11] stock id ['688085.SH'] prediction [-0.28382644] truevalue [0.10958409]
stock index [12] stock id ['688580.SH'] prediction [-0.20886979] truevalue [0.08945386]
stock index [13] stock id ['688268.SH'] prediction [0.22267508] truevalue [0.11216389]
stock index [14] stock id ['688189.SH'] prediction [-0.16665286] truevalue [0.0631839]
stock index [16] stock id ['688015.SH'] prediction [-0.23747795] truevalue [0.15266927]
stock index [18] stock id ['300010.SZ'] prediction [-0.24500277] truevalue [0.11989101]
stock index [19] stock id ['688020.SH'] prediction [-0.30159941] truevalue [0.08427568]
stock index [20] stock id ['688357.SH'] prediction [0.19815494] truevalue [0.66809937]
stock index [22] stock id ['603083.SH'] prediction [-0.30852412] truevalue [0.02679939]
stock index [23] stock id ['300888.SZ'] prediction [-0.26730525] truevalue [0.07531433]
stock index [24] stock id ['688519.SH'] prediction [-0.24079962] truevalue [0.02986726]
stock index [25] stock id ['688369.SH'] prediction [-0.21349021] truevalue [-0.0543015]
stock index [26] stock id ['002912.SZ'] prediction [-0.1843362] truevalue [-0.06480938]
stock index [32] stock id ['002697.SZ'] prediction [-0.25398769] truevalue [0.0210084]
stock index [33] stock id ['300113.SZ'] prediction [-0.20309717] truevalue [0.18388934]
stock index [34] stock id ['688198.SH'] prediction [-0.21808996] truevalue [0.05308594]
stock index [35] stock id ['603363.SH'] prediction [-0.30847283] truevalue [0.23321555]
stock index [36] stock id ['300762.SZ'] prediction [-0.25644863] truevalue [0.12636505]
stock index [37] stock id ['002376.SZ'] prediction [-0.20966149] truevalue [0.13906448]
stock index [38] stock id ['300078.SZ'] prediction [-0.26580576] truevalue [0.05409583]
stock index [39] stock id ['603018.SH'] prediction [-0.22115747] truevalue [-0.02967742]
stock index [40] stock id ['300768.SZ'] prediction [-0.18554401] truevalue [0.02654071]
stock index [41] stock id ['600285.SH'] prediction [-0.1914465] truevalue [0.18148148]
stock index [43] stock id ['002567.SZ'] prediction [-0.26601471] truevalue [0.01408451]
stock index [46] stock id ['002035.SZ'] prediction [-0.23107843] truevalue [-0.12611276]
stock index [48] stock id ['603368.SH'] prediction [-0.19957473] truevalue [-0.02268547]
stock index [49] stock id ['688368.SH'] prediction [-0.24064218] truevalue [-0.16227577]
stock index [50] stock id ['300145.SZ'] prediction [-0.17228114] truevalue [-0.028125]
stock index [51] stock id ['600976.SH'] prediction [-0.27146665] truevalue [0.24121444]
stock index [54] stock id ['300378.SZ'] prediction [-0.24989139] truevalue [0.04457452]
stock index [57] stock id ['002695.SZ'] prediction [-0.29672352] truevalue [-0.02906574]
stock index [58] stock id ['002317.SZ'] prediction [-0.19668656] truevalue [0.25102881]
stock index [60] stock id ['000915.SZ'] prediction [-0.19169903] truevalue [-0.05920602]
stock index [61] stock id ['688301.SH'] prediction [-0.27092719] truevalue [0.30850048]
stock index [62] stock id ['300663.SZ'] prediction [-0.2829458] truevalue [0.06930693]
stock index [64] stock id ['300770.SZ'] prediction [-0.25304911] truevalue [0.26370757]
stock index [65] stock id ['002154.SZ'] prediction [-0.22910751] truevalue [0.08576998]
stock index [67] stock id ['300326.SZ'] prediction [-0.21023902] truevalue [0.05847374]
stock index [69] stock id ['002419.SZ'] prediction [-0.22020785] truevalue [-0.01477833]
stock index [72] stock id ['688390.SH'] prediction [-0.24686375] truevalue [0.17312759]
stock index [73] stock id ['300666.SZ'] prediction [-0.217854] truevalue [0.0866588]
stock index [75] stock id ['688356.SH'] prediction [-0.30332682] truevalue [0.49224806]
stock index [76] stock id ['603328.SH'] prediction [-0.22463187] truevalue [-0.00135318]
stock index [79] stock id ['600761.SH'] prediction [-0.1735562] truevalue [0.14650284]
stock index [80] stock id ['000681.SZ'] prediction [-0.19846776] truevalue [0.37367625]
stock index [81] stock id ['300271.SZ'] prediction [-0.2416823] truevalue [0.07477477]
stock index [84] stock id ['300166.SZ'] prediction [-0.27792128] truevalue [0.14912281]
stock index [85] stock id ['002100.SZ'] prediction [-0.26634476] truevalue [0.03828306]
stock index [86] stock id ['000034.SZ'] prediction [-0.28017214] truevalue [0.02210663]
stock index [88] stock id ['002413.SZ'] prediction [-0.17330516] truevalue [0.15346535]
stock index [92] stock id ['601038.SH'] prediction [-0.24219033] truevalue [-0.00726392]
stock index [93] stock id ['300133.SZ'] prediction [-0.16765867] truevalue [-0.02735043]
stock index [95] stock id ['600059.SH'] prediction [-0.1695198] truevalue [0.02717391]
stock index [99] stock id ['002124.SZ'] prediction [-0.29219924] truevalue [0.06208054]
stock index [101] stock id ['688029.SH'] prediction [-0.22998448] truevalue [-0.03025842]
stock index [102] stock id ['300002.SZ'] prediction [-0.18583893] truevalue [-0.0017301]
stock index [106] stock id ['603708.SH'] prediction [-0.24221418] truevalue [-0.03459747]
stock index [107] stock id ['000930.SZ'] prediction [-0.21851127] truevalue [0.15529179]
stock index [108] stock id ['600971.SH'] prediction [0.35626369] truevalue [-0.23687424]
stock index [109] stock id ['688018.SH'] prediction [-0.28319374] truevalue [-0.01524055]
stock index [111] stock id ['600562.SH'] prediction [-0.17027214] truevalue [0.25219298]
stock index [112] stock id ['688366.SH'] prediction [-0.21507487] truevalue [-0.29691639]
stock index [113] stock id ['688321.SH'] prediction [-0.18393624] truevalue [-0.04470463]
stock index [114] stock id ['300598.SZ'] prediction [-0.33126826] truevalue [-0.08666926]
stock index [115] stock id ['688333.SH'] prediction [-0.27959391] truevalue [0.06227019]
stock index [116] stock id ['300394.SZ'] prediction [-0.23876982] truevalue [0.35548308]
stock index [117] stock id ['300348.SZ'] prediction [-0.20206954] truevalue [-0.03457447]
stock index [118] stock id ['300315.SZ'] prediction [-0.22737327] truevalue [0.06896552]
stock index [121] stock id ['600195.SH'] prediction [-0.20014551] truevalue [-0.01336898]
stock index [123] stock id ['002375.SZ'] prediction [-0.23218573] truevalue [-0.00268097]
stock index [124] stock id ['600729.SH'] prediction [-0.21586753] truevalue [0.04317144]
stock index [125] stock id ['002149.SZ'] prediction [0.16598714] truevalue [0.2272203]
stock index [126] stock id ['300451.SZ'] prediction [-0.19009263] truevalue [0.29395973]
stock index [127] stock id ['300567.SZ'] prediction [-0.1634942] truevalue [0.18708415]
stock index [128] stock id ['002182.SZ'] prediction [0.1602065] truevalue [0.09722222]
stock index [132] stock id ['300036.SZ'] prediction [-0.19605134] truevalue [0.27557411]
stock index [133] stock id ['300182.SZ'] prediction [-0.2908122] truevalue [0.07239819]
stock index [134] stock id ['300226.SZ'] prediction [-0.20599403] truevalue [-0.26702413]
stock index [135] stock id ['002214.SZ'] prediction [-0.22490142] truevalue [0.02059087]
stock index [136] stock id ['002726.SZ'] prediction [-0.24877152] truevalue [0.14994934]
stock index [137] stock id ['002332.SZ'] prediction [-0.22818677] truevalue [0.12220149]
stock index [138] stock id ['688298.SH'] prediction [-0.20288661] truevalue [0.13034311]
stock index [139] stock id ['300123.SZ'] prediction [-0.19412862] truevalue [0.0170394]
stock index [140] stock id ['300773.SZ'] prediction [-0.15595555] truevalue [0.14880712]
stock index [142] stock id ['002174.SZ'] prediction [-0.18426546] truevalue [0.30887372]
stock index [143] stock id ['300068.SZ'] prediction [-0.20744943] truevalue [0.12521008]
stock index [145] stock id ['300188.SZ'] prediction [-0.2285765] truevalue [0.02910855]
stock index [146] stock id ['688009.SH'] prediction [-0.19657175] truevalue [-0.05813953]
stock index [148] stock id ['688088.SH'] prediction [-0.32414368] truevalue [0.18938656]
stock index [149] stock id ['002481.SZ'] prediction [-0.19225876] truevalue [-0.21826087]
stock index [150] stock id ['688536.SH'] prediction [-0.33747351] truevalue [0.38220683]
stock index [151] stock id ['300463.SZ'] prediction [-0.21789022] truevalue [0.08431645]
stock index [152] stock id ['300638.SZ'] prediction [-0.36988391] truevalue [0.3200093]
stock index [154] stock id ['688516.SH'] prediction [-0.27557677] truevalue [0.31661279]
stock index [156] stock id ['688017.SH'] prediction [-0.24482206] truevalue [0.28011847]
stock index [157] stock id ['603881.SH'] prediction [-0.22702272] truevalue [0.10598345]
stock index [161] stock id ['002262.SZ'] prediction [-0.18081646] truevalue [0.11087268]
stock index [162] stock id ['600718.SH'] prediction [-0.22232319] truevalue [0.19978518]
stock index [163] stock id ['600037.SH'] prediction [-0.2121215] truevalue [-0.03184713]
stock index [164] stock id ['000921.SZ'] prediction [-0.19842316] truevalue [-0.05583333]
stock index [165] stock id ['600062.SH'] prediction [-0.15256831] truevalue [0.07771136]
stock index [166] stock id ['002727.SZ'] prediction [-0.1924268] truevalue [0.14807437]
stock index [167] stock id ['002675.SZ'] prediction [-0.17943377] truevalue [0.11687414]
stock index [168] stock id ['300679.SZ'] prediction [-0.23108239] truevalue [0.29292221]
stock index [169] stock id ['603989.SH'] prediction [-0.21201568] truevalue [0.33292194]
stock index [170] stock id ['002572.SZ'] prediction [-0.21771352] truevalue [0.01623572]
stock index [172] stock id ['300630.SZ'] prediction [-0.23071377] truevalue [0.13001083]
stock index [173] stock id ['002773.SZ'] prediction [-0.21359067] truevalue [0.01745772]
stock index [176] stock id ['000028.SZ'] prediction [-0.17514012] truevalue [-0.0454023]
stock index [177] stock id ['300257.SZ'] prediction [-0.18644734] truevalue [-0.13033833]
stock index [178] stock id ['600835.SH'] prediction [-0.15479336] truevalue [0.0047043]
stock index [179] stock id ['600197.SH'] prediction [-0.18367229] truevalue [-0.05880164]
stock index [180] stock id ['600993.SH'] prediction [-0.25915922] truevalue [-0.06259781]
stock index [183] stock id ['600123.SH'] prediction [0.41411908] truevalue [-0.27959502]
stock index [184] stock id ['688188.SH'] prediction [-0.29591329] truevalue [-0.0525212]
stock index [186] stock id ['603195.SH'] prediction [-0.23762017] truevalue [-0.0351608]
stock index [187] stock id ['300379.SZ'] prediction [-0.19848553] truevalue [0.09676365]
stock index [188] stock id ['000967.SZ'] prediction [-0.16892858] truevalue [0.14532374]
stock index [189] stock id ['300457.SZ'] prediction [-0.23129117] truevalue [0.43559529]
stock index [190] stock id ['002390.SZ'] prediction [-0.17791979] truevalue [-0.11734029]
stock index [191] stock id ['300482.SZ'] prediction [-0.16445935] truevalue [-0.09953488]
stock index [192] stock id ['000848.SZ'] prediction [-0.23487582] truevalue [-0.11954625]
stock index [194] stock id ['300369.SZ'] prediction [-0.22069327] truevalue [-0.05722222]
stock index [196] stock id ['600771.SH'] prediction [-0.23713266] truevalue [0.06234143]
stock index [197] stock id ['300009.SZ'] prediction [-0.21157146] truevalue [0.10627615]
stock index [199] stock id ['002690.SZ'] prediction [-0.19582181] truevalue [0.02419143]
stock index [201] stock id ['688408.SH'] prediction [-0.22812079] truevalue [0.3742379]
stock index [202] stock id ['300244.SZ'] prediction [-0.18298663] truevalue [0.14372675]
stock index [203] stock id ['002291.SZ'] prediction [-0.27254959] truevalue [-0.12372052]
stock index [206] stock id ['600305.SH'] prediction [-0.24994602] truevalue [-0.01686122]
stock index [208] stock id ['603113.SH'] prediction [0.32711016] truevalue [-0.10330579]
stock index [209] stock id ['601952.SH'] prediction [-0.20990291] truevalue [0.16486752]
stock index [210] stock id ['002701.SZ'] prediction [0.15548919] truevalue [0.11285266]
stock index [211] stock id ['603688.SH'] prediction [0.1522395] truevalue [0.50385604]
stock index [214] stock id ['600116.SH'] prediction [-0.1716843] truevalue [-0.11400359]
stock index [215] stock id ['603355.SH'] prediction [-0.29224546] truevalue [0.2005473]
stock index [216] stock id ['002019.SZ'] prediction [-0.22312031] truevalue [0.07393244]
stock index [219] stock id ['600060.SH'] prediction [-0.24250336] truevalue [0.13504274]
stock index [221] stock id ['600612.SH'] prediction [-0.20736583] truevalue [-0.02368648]
stock index [222] stock id ['600566.SH'] prediction [-0.18524945] truevalue [0.08258528]
stock index [224] stock id ['002368.SZ'] prediction [-0.20355864] truevalue [0.19800333]
stock index [228] stock id ['300168.SZ'] prediction [-0.23677417] truevalue [-0.01980198]
stock index [232] stock id ['300502.SZ'] prediction [-0.25131133] truevalue [0.02465102]
stock index [233] stock id ['688202.SH'] prediction [-0.26227962] truevalue [-0.2091847]
stock index [234] stock id ['002127.SZ'] prediction [-0.27245004] truevalue [-0.01060606]
stock index [235] stock id ['600597.SH'] prediction [-0.24111364] truevalue [-0.00503597]
stock index [236] stock id ['002745.SZ'] prediction [-0.20792056] truevalue [0.0996119]
stock index [237] stock id ['002131.SZ'] prediction [-0.20192937] truevalue [-0.05179283]
stock index [239] stock id ['002281.SZ'] prediction [-0.30100404] truevalue [0.04017857]
stock index [240] stock id ['600459.SH'] prediction [0.16670435] truevalue [0.16829052]
stock index [242] stock id ['601098.SH'] prediction [-0.20252474] truevalue [0.02566964]
stock index [243] stock id ['600567.SH'] prediction [0.15314472] truevalue [-0.06725146]
stock index [244] stock id ['300294.SZ'] prediction [-0.20622337] truevalue [0.09401709]
stock index [245] stock id ['002242.SZ'] prediction [-0.21760144] truevalue [0.04604052]
stock index [246] stock id ['600216.SH'] prediction [-0.20741514] truevalue [0.04085366]
stock index [249] stock id ['600577.SH'] prediction [-0.21777168] truevalue [0.33380084]
stock index [250] stock id ['688363.SH'] prediction [-0.22393079] truevalue [-0.13222473]
stock index [254] stock id ['600511.SH'] prediction [-0.1550617] truevalue [0.053206]
stock index [256] stock id ['000672.SZ'] prediction [0.18076132] truevalue [-0.08240887]
stock index [258] stock id ['688050.SH'] prediction [-0.22343341] truevalue [-0.14126462]
stock index [259] stock id ['688023.SH'] prediction [-0.18432917] truevalue [-0.21135977]
stock index [263] stock id ['002041.SZ'] prediction [-0.20803716] truevalue [0.28003876]
stock index [264] stock id ['600339.SH'] prediction [0.36850925] truevalue [-0.13580247]
stock index [266] stock id ['000729.SZ'] prediction [-0.20537489] truevalue [0.03816794]
stock index [268] stock id ['300866.SZ'] prediction [-0.25464153] truevalue [0.04417671]
stock index [269] stock id ['601311.SH'] prediction [0.1678078] truevalue [0.45394737]
stock index [271] stock id ['002563.SZ'] prediction [-0.22412137] truevalue [-0.05366492]
stock index [272] stock id ['002153.SZ'] prediction [-0.26537805] truevalue [0.11302983]
stock index [274] stock id ['603515.SH'] prediction [-0.21943376] truevalue [-0.05777564]
stock index [275] stock id ['603606.SH'] prediction [-0.15848025] truevalue [0.95302013]
stock index [276] stock id ['300474.SZ'] prediction [-0.15718191] truevalue [0.49566474]
stock index [278] stock id ['300088.SZ'] prediction [-0.17501615] truevalue [0.54385965]
stock index [279] stock id ['000951.SZ'] prediction [-0.1800999] truevalue [-0.09919028]
stock index [280] stock id ['000778.SZ'] prediction [0.15581168] truevalue [-0.14252874]
stock index [281] stock id ['002705.SZ'] prediction [-0.31594246] truevalue [0.29885683]
stock index [282] stock id ['603868.SH'] prediction [-0.20875621] truevalue [0.04088934]
stock index [283] stock id ['600201.SH'] prediction [-0.21632931] truevalue [0.07372654]
stock index [284] stock id ['300418.SZ'] prediction [-0.18493057] truevalue [0.24542773]
stock index [286] stock id ['002747.SZ'] prediction [-0.17192457] truevalue [0.25501825]
stock index [288] stock id ['603588.SH'] prediction [-0.18895931] truevalue [-0.06535948]
stock index [289] stock id ['601928.SH'] prediction [-0.1825645] truevalue [-0.0567867]
stock index [293] stock id ['300476.SZ'] prediction [-0.22594468] truevalue [0.07605634]
stock index [295] stock id ['688388.SH'] prediction [-0.16509217] truevalue [0.139962]
stock index [296] stock id ['300618.SZ'] prediction [0.16626305] truevalue [0.30913943]
stock index [297] stock id ['300458.SZ'] prediction [-0.29365396] truevalue [-0.02882759]
stock index [298] stock id ['601003.SH'] prediction [0.16006144] truevalue [-0.19626168]
stock index [300] stock id ['002402.SZ'] prediction [-0.23326109] truevalue [0.29423077]
stock index [302] stock id ['002266.SZ'] prediction [-0.15239068] truevalue [-0.11640212]
stock index [306] stock id ['002081.SZ'] prediction [-0.18343961] truevalue [-0.09984152]
stock index [307] stock id ['002373.SZ'] prediction [-0.22458512] truevalue [-0.00338295]
stock index [308] stock id ['600667.SH'] prediction [-0.18200784] truevalue [0.02351485]
stock index [312] stock id ['000516.SZ'] prediction [-0.24522203] truevalue [-0.05618964]
stock index [313] stock id ['300115.SZ'] prediction [-0.23673223] truevalue [0.07063712]
stock index [315] stock id ['002221.SZ'] prediction [0.33208331] truevalue [-0.07127112]
stock index [316] stock id ['300327.SZ'] prediction [-0.24477357] truevalue [0.22711973]
stock index [317] stock id ['000623.SZ'] prediction [-0.16862752] truevalue [-0.02553444]
stock index [318] stock id ['600323.SH'] prediction [-0.180101] truevalue [-0.18566038]
stock index [321] stock id ['600559.SH'] prediction [-0.21389947] truevalue [0.02697842]
stock index [323] stock id ['002557.SZ'] prediction [-0.26337376] truevalue [0.15275387]
stock index [325] stock id ['688200.SH'] prediction [-0.2352518] truevalue [-0.02345757]
stock index [326] stock id ['300136.SZ'] prediction [-0.36230204] truevalue [0.10913931]
stock index [327] stock id ['300070.SZ'] prediction [-0.16021732] truevalue [-0.09009009]
stock index [328] stock id ['603005.SH'] prediction [-0.23065278] truevalue [0.40122728]
stock index [329] stock id ['002422.SZ'] prediction [-0.21564374] truevalue [0.05731775]
stock index [331] stock id ['300296.SZ'] prediction [-0.1936858] truevalue [-0.00482625]
stock index [333] stock id ['002399.SZ'] prediction [-0.18516492] truevalue [0.03225806]
stock index [334] stock id ['600535.SH'] prediction [-0.20327766] truevalue [0.02030075]
stock index [336] stock id ['002461.SZ'] prediction [-0.20267992] truevalue [0.02908277]
stock index [337] stock id ['600583.SH'] prediction [0.4025928] truevalue [-0.10020877]
stock index [339] stock id ['002382.SZ'] prediction [-0.17184127] truevalue [-0.06785317]
stock index [341] stock id ['002157.SZ'] prediction [-0.27942272] truevalue [0.02757158]
stock index [343] stock id ['603883.SH'] prediction [-0.20990652] truevalue [-0.07948718]
stock index [344] stock id ['603228.SH'] prediction [-0.20704991] truevalue [0.18394101]
stock index [345] stock id ['600498.SH'] prediction [-0.29038952] truevalue [0.00623583]
stock index [347] stock id ['002456.SZ'] prediction [-0.2199464] truevalue [0.04285714]
stock index [349] stock id ['601666.SH'] prediction [0.34716469] truevalue [-0.39184953]
stock index [350] stock id ['002439.SZ'] prediction [-0.21492704] truevalue [0.04128939]
stock index [351] stock id ['600737.SH'] prediction [-0.18933211] truevalue [0.04390779]
stock index [353] stock id ['002507.SZ'] prediction [-0.26333229] truevalue [0.05622359]
stock index [356] stock id ['002558.SZ'] prediction [-0.2714146] truevalue [-0.02884615]
stock index [358] stock id ['688139.SH'] prediction [-0.31898039] truevalue [-0.2015859]
stock index [361] stock id ['600867.SH'] prediction [-0.19361233] truevalue [0.04942966]
stock index [363] stock id ['600873.SH'] prediction [-0.19029583] truevalue [0.12946429]
stock index [364] stock id ['603858.SH'] prediction [-0.16907359] truevalue [0.01572668]
stock index [365] stock id ['300383.SZ'] prediction [-0.19971209] truevalue [0.14607615]
stock index [366] stock id ['002463.SZ'] prediction [-0.20153346] truevalue [0.35236396]
stock index [367] stock id ['002511.SZ'] prediction [-0.27639595] truevalue [-0.03703704]
stock index [368] stock id ['600546.SH'] prediction [-0.17759705] truevalue [-0.36190476]
stock index [369] stock id ['002065.SZ'] prediction [-0.18960846] truevalue [-0.04599212]
stock index [370] stock id ['002299.SZ'] prediction [-0.24289808] truevalue [0.01435185]
stock index [371] stock id ['000423.SZ'] prediction [-0.20929043] truevalue [0.16847516]
stock index [372] stock id ['300146.SZ'] prediction [-0.28340482] truevalue [-0.16643059]
stock index [373] stock id ['688099.SH'] prediction [-0.33813398] truevalue [0.1625072]
stock index [374] stock id ['600271.SH'] prediction [-0.16897597] truevalue [0.11754828]
stock index [375] stock id ['300747.SZ'] prediction [-0.23838139] truevalue [0.10930755]
stock index [376] stock id ['600970.SH'] prediction [-0.18919567] truevalue [0.0254386]
stock index [377] stock id ['600380.SH'] prediction [-0.19018883] truevalue [0.05096661]
stock index [378] stock id ['600827.SH'] prediction [-0.25835638] truevalue [-0.08385308]
stock index [381] stock id ['300357.SZ'] prediction [-0.17914193] truevalue [-0.04334471]
stock index [384] stock id ['000998.SZ'] prediction [-0.22944042] truevalue [0.12179188]
stock index [387] stock id ['002925.SZ'] prediction [-0.26866102] truevalue [-0.00830861]
stock index [389] stock id ['688598.SH'] prediction [-0.16474983] truevalue [0.04892156]
stock index [390] stock id ['300373.SZ'] prediction [-0.31145553] truevalue [0.69008079]
stock index [391] stock id ['002603.SZ'] prediction [-0.16507665] truevalue [0.03126879]
stock index [392] stock id ['600171.SH'] prediction [-0.21355866] truevalue [-0.21827837]
stock index [393] stock id ['000021.SZ'] prediction [-0.22346268] truevalue [0.09964413]
stock index [396] stock id ['002128.SZ'] prediction [0.35250948] truevalue [-0.23699803]
stock index [398] stock id ['688208.SH'] prediction [-0.3781313] truevalue [0.06265912]
stock index [402] stock id ['688396.SH'] prediction [-0.28648397] truevalue [0.03965142]
stock index [403] stock id ['002353.SZ'] prediction [0.29961142] truevalue [-0.19392813]
stock index [406] stock id ['600536.SH'] prediction [-0.23787974] truevalue [0.05022276]
stock index [409] stock id ['000860.SZ'] prediction [-0.27154472] truevalue [-0.09168081]
stock index [410] stock id ['002056.SZ'] prediction [-0.16707943] truevalue [0.51826484]
stock index [412] stock id ['002465.SZ'] prediction [-0.28923119] truevalue [0.01757812]
stock index [413] stock id ['300676.SZ'] prediction [-0.21381411] truevalue [0.08559022]
stock index [414] stock id ['600521.SH'] prediction [-0.24664161] truevalue [0.21788342]
stock index [415] stock id ['000513.SZ'] prediction [-0.20659592] truevalue [-0.07060036]
stock index [416] stock id ['002429.SZ'] prediction [-0.2197124] truevalue [-0.00606061]
stock index [418] stock id ['002138.SZ'] prediction [-0.22251765] truevalue [0.12260536]
stock index [419] stock id ['300308.SZ'] prediction [-0.207903] truevalue [0.0934633]
stock index [420] stock id ['000636.SZ'] prediction [-0.24948989] truevalue [0.05736823]
stock index [422] stock id ['300529.SZ'] prediction [-0.20971493] truevalue [-0.12721995]
stock index [423] stock id ['002385.SZ'] prediction [-0.25447175] truevalue [0.19973545]
stock index [424] stock id ['300896.SZ'] prediction [-0.26150265] truevalue [-0.04724954]
stock index [425] stock id ['600170.SH'] prediction [-0.16160383] truevalue [-0.24390244]
stock index [426] stock id ['688008.SH'] prediction [-0.21889872] truevalue [0.38545699]
stock index [427] stock id ['002405.SZ'] prediction [-0.17708579] truevalue [0.4137931]
stock index [428] stock id ['600522.SH'] prediction [-0.35277006] truevalue [1.04175824]
stock index [431] stock id ['688002.SH'] prediction [-0.20557373] truevalue [-0.01026226]
stock index [432] stock id ['300253.SZ'] prediction [-0.19302935] truevalue [0.08189952]
stock index [434] stock id ['600859.SH'] prediction [-0.21884746] truevalue [-0.04747475]
stock index [435] stock id ['600872.SH'] prediction [-0.28350651] truevalue [0.03172111]
stock index [436] stock id ['002030.SZ'] prediction [-0.20112603] truevalue [0.14378029]
stock index [439] stock id ['603866.SH'] prediction [-0.2892646] truevalue [0.06019952]
stock index [441] stock id ['000878.SZ'] prediction [0.15831319] truevalue [-0.03963839]
stock index [442] stock id ['300725.SZ'] prediction [-0.19691286] truevalue [-0.25512996]
stock index [443] stock id ['002531.SZ'] prediction [-0.15286209] truevalue [0.17126761]
stock index [444] stock id ['000988.SZ'] prediction [-0.24321399] truevalue [0.02704553]
stock index [447] stock id ['600598.SH'] prediction [-0.19300796] truevalue [-0.05874587]
stock index [448] stock id ['002384.SZ'] prediction [-0.24485261] truevalue [0.14990421]
stock index [449] stock id ['002156.SZ'] prediction [-0.21714245] truevalue [0.14865577]
stock index [453] stock id ['600782.SH'] prediction [0.16783753] truevalue [-0.25105189]
stock index [454] stock id ['000999.SZ'] prediction [-0.18268375] truevalue [-0.13613861]
stock index [455] stock id ['600637.SH'] prediction [-0.22333704] truevalue [0.]
stock index [460] stock id ['300251.SZ'] prediction [-0.22770102] truevalue [0.02318548]
stock index [462] stock id ['002624.SZ'] prediction [-0.25230678] truevalue [0.24933687]
stock index [464] stock id ['600998.SH'] prediction [-0.22490852] truevalue [-0.11692506]
stock index [466] stock id ['002294.SZ'] prediction [-0.19465006] truevalue [-0.0238342]
stock index [468] stock id ['603444.SH'] prediction [-0.21685036] truevalue [-0.03940912]
stock index [469] stock id ['002372.SZ'] prediction [-0.2097455] truevalue [0.09769094]
stock index [470] stock id ['002555.SZ'] prediction [-0.21895152] truevalue [0.12386851]
stock index [472] stock id ['300001.SZ'] prediction [-0.18096954] truevalue [0.178125]
stock index [474] stock id ['600039.SH'] prediction [-0.15694878] truevalue [0.42180095]
stock index [475] stock id ['002044.SZ'] prediction [-0.25014095] truevalue [0.00539084]
stock index [477] stock id ['603658.SH'] prediction [-0.31931302] truevalue [0.05028143]
stock index [478] stock id ['601865.SH'] prediction [-0.21854152] truevalue [-0.01343445]
stock index [480] stock id ['002032.SZ'] prediction [-0.20751976] truevalue [0.3174909]
stock index [481] stock id ['600177.SH'] prediction [-0.23351194] truevalue [0.02028081]
stock index [482] stock id ['002223.SZ'] prediction [-0.22844248] truevalue [0.11107683]
stock index [484] stock id ['600497.SH'] prediction [0.16447685] truevalue [0.04158004]
stock index [486] stock id ['600315.SH'] prediction [-0.26624563] truevalue [-0.04515393]
stock index [487] stock id ['600801.SH'] prediction [0.15609126] truevalue [-0.13349633]
stock index [489] stock id ['600079.SH'] prediction [-0.21636323] truevalue [0.05406746]
stock index [492] stock id ['603712.SH'] prediction [-0.31169436] truevalue [0.00924918]
stock index [494] stock id ['300073.SZ'] prediction [-0.15520462] truevalue [0.27649208]
stock index [496] stock id ['000039.SZ'] prediction [-0.21132979] truevalue [-0.0448682]
stock index [497] stock id ['600704.SH'] prediction [-0.37509202] truevalue [-0.06481481]
stock index [498] stock id ['603589.SH'] prediction [-0.26214925] truevalue [0.31081616]
stock index [501] stock id ['600348.SH'] prediction [0.37301858] truevalue [-0.12795436]
stock index [504] stock id ['002739.SZ'] prediction [-0.23388402] truevalue [-0.02206406]
stock index [506] stock id ['603605.SH'] prediction [-0.240904] truevalue [0.14495677]
stock index [508] stock id ['000050.SZ'] prediction [-0.17988864] truevalue [-0.07885041]
stock index [509] stock id ['600398.SH'] prediction [-0.23064108] truevalue [-0.09530583]
stock index [511] stock id ['002602.SZ'] prediction [-0.19683568] truevalue [-0.00945946]
stock index [512] stock id ['601231.SH'] prediction [-0.21827994] truevalue [0.10966811]
stock index [513] stock id ['300285.SZ'] prediction [0.15825542] truevalue [0.09113001]
stock index [515] stock id ['002430.SZ'] prediction [-0.1820227] truevalue [-0.07743989]
stock index [516] stock id ['603678.SH'] prediction [-0.2031002] truevalue [0.17859674]
stock index [518] stock id ['002508.SZ'] prediction [-0.23414107] truevalue [-0.06893491]
stock index [521] stock id ['600875.SH'] prediction [-0.15681423] truevalue [0.1147541]
stock index [522] stock id ['603707.SH'] prediction [-0.17649846] truevalue [0.1575]
stock index [525] stock id ['600141.SH'] prediction [0.16777412] truevalue [-0.10925307]
stock index [528] stock id ['002185.SZ'] prediction [-0.20570192] truevalue [0.14226634]
stock index [529] stock id ['300558.SZ'] prediction [-0.19345913] truevalue [-0.11088559]
stock index [530] stock id ['603456.SH'] prediction [-0.21094445] truevalue [0.08803776]
stock index [534] stock id ['603338.SH'] prediction [-0.27300124] truevalue [0.16780142]
stock index [535] stock id ['600563.SH'] prediction [-0.20685205] truevalue [0.461177]
stock index [536] stock id ['601615.SH'] prediction [-0.17793793] truevalue [0.27735471]
stock index [538] stock id ['603233.SH'] prediction [-0.2585395] truevalue [-0.16859231]
stock index [539] stock id ['002444.SZ'] prediction [-0.1645217] truevalue [0.16557496]
stock index [541] stock id ['300699.SZ'] prediction [0.15863382] truevalue [0.28663004]
stock index [542] stock id ['601138.SH'] prediction [-0.30663866] truevalue [-0.03872633]
stock index [543] stock id ['002568.SZ'] prediction [-0.25755359] truevalue [-0.21707612]
stock index [545] stock id ['600298.SH'] prediction [-0.27731255] truevalue [0.11660355]
stock index [546] stock id ['002841.SZ'] prediction [-0.21307005] truevalue [-0.11359285]
stock index [547] stock id ['300595.SZ'] prediction [-0.21619549] truevalue [-0.30075925]
stock index [548] stock id ['300496.SZ'] prediction [-0.1875709] truevalue [0.25377426]
stock index [549] stock id ['600739.SH'] prediction [-0.153209] truevalue [-0.25182186]
stock index [550] stock id ['000895.SZ'] prediction [-0.33170605] truevalue [0.04825046]
stock index [552] stock id ['601933.SH'] prediction [-0.29815241] truevalue [-0.01020408]
stock index [553] stock id ['601607.SH'] prediction [-0.20023123] truevalue [-0.03815996]
stock index [555] stock id ['603517.SH'] prediction [-0.2579382] truevalue [0.0151681]
stock index [557] stock id ['603345.SH'] prediction [-0.28797617] truevalue [-0.09526538]
stock index [560] stock id ['688012.SH'] prediction [-0.24094329] truevalue [0.05421607]
stock index [561] stock id ['002180.SZ'] prediction [-0.18231648] truevalue [0.17376171]
stock index [563] stock id ['600161.SH'] prediction [-0.21803289] truevalue [-0.06248047]
stock index [564] stock id ['603939.SH'] prediction [-0.25539492] truevalue [-0.13306452]
stock index [565] stock id ['000739.SZ'] prediction [-0.18598613] truevalue [0.08224201]
stock index [570] stock id ['600549.SH'] prediction [0.16243421] truevalue [0.10515203]
stock index [572] stock id ['603198.SH'] prediction [-0.23634903] truevalue [0.3328128]
stock index [574] stock id ['300012.SZ'] prediction [-0.22027438] truevalue [-0.02524655]
stock index [576] stock id ['300628.SZ'] prediction [-0.3496529] truevalue [-0.04701538]
stock index [577] stock id ['002024.SZ'] prediction [-0.19785268] truevalue [-0.22845691]
stock index [578] stock id ['603019.SH'] prediction [-0.18580181] truevalue [0.04250559]
stock index [579] stock id ['300003.SZ'] prediction [-0.18748723] truevalue [-0.17368617]
stock index [580] stock id ['603156.SH'] prediction [-0.26210515] truevalue [-0.02771438]
stock index [581] stock id ['300413.SZ'] prediction [-0.23298343] truevalue [-0.00183528]
stock index [582] stock id ['601808.SH'] prediction [0.30286409] truevalue [-0.15838509]
stock index [583] stock id ['000066.SZ'] prediction [-0.16210767] truevalue [0.06595906]
stock index [585] stock id ['002236.SZ'] prediction [-0.20209402] truevalue [0.03499157]
stock index [586] stock id ['603127.SH'] prediction [-0.23451895] truevalue [-0.11392405]
stock index [587] stock id ['600332.SH'] prediction [-0.20061044] truevalue [-0.01310044]
stock index [589] stock id ['000977.SZ'] prediction [-0.17250564] truevalue [0.13955119]
stock index [590] stock id ['002008.SZ'] prediction [-0.20229932] truevalue [0.19349722]
stock index [591] stock id ['000630.SZ'] prediction [0.15468998] truevalue [-0.12276215]
stock index [593] stock id ['002916.SZ'] prediction [-0.25093666] truevalue [0.10736132]
stock index [597] stock id ['600236.SH'] prediction [-0.16505489] truevalue [-0.18121693]
stock index [598] stock id ['601699.SH'] prediction [0.38894126] truevalue [-0.28047968]
stock index [599] stock id ['603816.SH'] prediction [-0.2172809] truevalue [0.11583333]
stock index [601] stock id ['600885.SH'] prediction [-0.19336666] truevalue [0.1625521]
stock index [602] stock id ['300223.SZ'] prediction [-0.24638275] truevalue [0.05906615]
stock index [604] stock id ['600068.SH'] prediction [-0.19188981] truevalue [0.]
stock index [606] stock id ['600085.SH'] prediction [-0.17473035] truevalue [0.15784439]
stock index [607] stock id ['600256.SH'] prediction [0.34512961] truevalue [-0.31451613]
stock index [608] stock id ['600862.SH'] prediction [-0.15342831] truevalue [0.12219834]
stock index [609] stock id ['002007.SZ'] prediction [-0.22090546] truevalue [0.03584229]
stock index [611] stock id ['002600.SZ'] prediction [-0.23797072] truevalue [0.0495356]
stock index [612] stock id ['603160.SH'] prediction [-0.1996452] truevalue [-0.00677018]
stock index [615] stock id ['603882.SH'] prediction [-0.16626435] truevalue [0.0685413]
stock index [616] stock id ['601216.SH'] prediction [0.16954516] truevalue [-0.07342657]
stock index [617] stock id ['600884.SH'] prediction [-0.1597426] truevalue [0.09093559]
stock index [619] stock id ['000983.SZ'] prediction [0.28961732] truevalue [-0.32715008]
stock index [623] stock id ['000723.SZ'] prediction [0.33689472] truevalue [0.25348189]
stock index [624] stock id ['000733.SZ'] prediction [-0.18203279] truevalue [0.20764318]
stock index [625] stock id ['000876.SZ'] prediction [-0.31017033] truevalue [-0.02642276]
stock index [628] stock id ['300207.SZ'] prediction [-0.21167991] truevalue [0.4157754]
stock index [629] stock id ['688111.SH'] prediction [-0.19944453] truevalue [-0.04404913]
stock index [632] stock id ['300759.SZ'] prediction [-0.23942979] truevalue [-0.15691008]
stock index [634] stock id ['600183.SH'] prediction [-0.20507548] truevalue [0.08956602]
stock index [635] stock id ['601799.SH'] prediction [-0.17155548] truevalue [0.19889503]
stock index [636] stock id ['600584.SH'] prediction [-0.18080668] truevalue [0.03523542]
stock index [639] stock id ['000963.SZ'] prediction [-0.22303744] truevalue [0.14184636]
stock index [640] stock id ['603369.SH'] prediction [-0.22741859] truevalue [0.24613687]
stock index [643] stock id ['000538.SZ'] prediction [-0.18575089] truevalue [-0.09673791]
stock index [650] stock id ['000009.SZ'] prediction [-0.20577672] truevalue [-0.07559958]
stock index [652] stock id ['688036.SH'] prediction [-0.42194419] truevalue [0.18638298]
stock index [655] stock id ['600779.SH'] prediction [-0.26114732] truevalue [0.02485254]
stock index [656] stock id ['600600.SH'] prediction [-0.24986811] truevalue [0.22649944]
stock index [659] stock id ['600219.SH'] prediction [0.15888103] truevalue [0.00457666]
stock index [661] stock id ['603899.SH'] prediction [-0.15262844] truevalue [-0.1762283]
stock index [662] stock id ['002410.SZ'] prediction [-0.17511042] truevalue [-0.0412727]
stock index [664] stock id ['300601.SZ'] prediction [-0.18485978] truevalue [0.04349405]
stock index [665] stock id ['601727.SH'] prediction [-0.17378678] truevalue [-0.06923077]
stock index [666] stock id ['300408.SZ'] prediction [-0.213525] truevalue [0.12398922]
stock index [667] stock id ['600132.SH'] prediction [-0.30065254] truevalue [0.10180599]
stock index [668] stock id ['300498.SZ'] prediction [-0.2793977] truevalue [0.10228058]
stock index [671] stock id ['300661.SZ'] prediction [-0.23336054] truevalue [0.03086587]
stock index [672] stock id ['300454.SZ'] prediction [-0.19957336] truevalue [-0.16368286]
stock index [673] stock id ['000799.SZ'] prediction [-0.27071696] truevalue [-0.09344851]
stock index [675] stock id ['000938.SZ'] prediction [-0.19743195] truevalue [0.03688853]
stock index [676] stock id ['601117.SH'] prediction [-0.18031352] truevalue [0.02962963]
stock index [678] stock id ['600460.SH'] prediction [-0.22583733] truevalue [0.08723069]
stock index [679] stock id ['600763.SH'] prediction [-0.22262256] truevalue [-0.34597047]
stock index [683] stock id ['688599.SH'] prediction [-0.20318162] truevalue [0.36538462]
stock index [685] stock id ['300782.SZ'] prediction [-0.2585826] truevalue [0.06477273]
stock index [689] stock id ['300347.SZ'] prediction [-0.19494775] truevalue [-0.21103448]
stock index [691] stock id ['601898.SH'] prediction [0.47783215] truevalue [-0.32926829]
stock index [693] stock id ['002821.SZ'] prediction [-0.19557663] truevalue [0.15077372]
stock index [694] stock id ['600188.SH'] prediction [0.35536951] truevalue [-0.21628148]
stock index [697] stock id ['002001.SZ'] prediction [-0.23365716] truevalue [0.08078928]
stock index [702] stock id ['600845.SH'] prediction [-0.22766178] truevalue [0.00439394]
stock index [703] stock id ['000338.SZ'] prediction [-0.19373113] truevalue [-0.10081585]
stock index [707] stock id ['000596.SZ'] prediction [-0.21725073] truevalue [0.06351669]
stock index [709] stock id ['601360.SH'] prediction [-0.22409414] truevalue [0.00673401]
stock index [712] stock id ['000661.SZ'] prediction [-0.20673052] truevalue [0.03174834]
stock index [714] stock id ['002050.SZ'] prediction [-0.1843294] truevalue [0.02065026]
stock index [715] stock id ['300316.SZ'] prediction [-0.19654812] truevalue [0.11623932]
stock index [716] stock id ['603986.SH'] prediction [-0.24339982] truevalue [0.03869232]
stock index [718] stock id ['603833.SH'] prediction [-0.24497254] truevalue [-0.07205624]
stock index [720] stock id ['000100.SZ'] prediction [-0.20912702] truevalue [-0.01916933]
stock index [721] stock id ['002179.SZ'] prediction [-0.2063326] truevalue [0.25304729]
stock index [724] stock id ['603659.SH'] prediction [-0.17621819] truevalue [0.05813953]
stock index [728] stock id ['300450.SZ'] prediction [-0.19038075] truevalue [0.13534804]
stock index [732] stock id ['002230.SZ'] prediction [-0.24489918] truevalue [0.02079395]
stock index [733] stock id ['600745.SH'] prediction [-0.32117326] truevalue [0.31005766]
stock index [735] stock id ['002027.SZ'] prediction [-0.26188604] truevalue [-0.03415301]
stock index [736] stock id ['688981.SH'] prediction [-0.32692954] truevalue [-0.01702899]
stock index [737] stock id ['600588.SH'] prediction [-0.21283011] truevalue [-0.01780863]
stock index [738] stock id ['002311.SZ'] prediction [-0.26257917] truevalue [-0.04807122]
stock index [739] stock id ['600025.SH'] prediction [-0.15987009] truevalue [-0.29742389]
stock index [741] stock id ['300142.SZ'] prediction [-0.16715853] truevalue [0.0889522]
stock index [747] stock id ['601100.SH'] prediction [-0.17762783] truevalue [-0.06916529]
stock index [748] stock id ['300433.SZ'] prediction [-0.23328762] truevalue [0.00334608]
stock index [752] stock id ['603993.SH'] prediction [0.16458558] truevalue [-0.02483444]
stock index [753] stock id ['600196.SH'] prediction [-0.22752475] truevalue [0.0707457]
stock index [756] stock id ['000063.SZ'] prediction [-0.3148787] truevalue [-0.0739511]
stock index [757] stock id ['600050.SH'] prediction [-0.27147586] truevalue [-0.05596107]
stock index [758] stock id ['002049.SZ'] prediction [-0.18563191] truevalue [0.11648936]
stock index [761] stock id ['600703.SH'] prediction [-0.21090399] truevalue [0.10539602]
stock index [762] stock id ['603806.SH'] prediction [-0.20674975] truevalue [-0.04100946]
stock index [764] stock id ['601225.SH'] prediction [0.32711049] truevalue [-0.1972973]
stock index [766] stock id ['002241.SZ'] prediction [-0.26585563] truevalue [0.20835267]
stock index [769] stock id ['300124.SZ'] prediction [-0.23796874] truevalue [0.04126984]
stock index [775] stock id ['300122.SZ'] prediction [-0.20965576] truevalue [-0.18938298]
stock index [776] stock id ['002129.SZ'] prediction [-0.16381209] truevalue [-0.01896664]
stock index [777] stock id ['002371.SZ'] prediction [-0.30462345] truevalue [0.05824606]
stock index [778] stock id ['300274.SZ'] prediction [-0.22211883] truevalue [0.08828683]
stock index [781] stock id ['002714.SZ'] prediction [-0.37165621] truevalue [0.00963391]
stock index [783] stock id ['300014.SZ'] prediction [-0.19111035] truevalue [0.47672422]
stock index [784] stock id ['300760.SZ'] prediction [-0.19592144] truevalue [-0.0700275]
stock index [788] stock id ['600690.SH'] prediction [-0.24079222] truevalue [0.04091778]
stock index [789] stock id ['603501.SH'] prediction [-0.26408306] truevalue [0.12270723]
stock index [790] stock id ['300015.SZ'] prediction [-0.24266385] truevalue [-0.20074906]
stock index [795] stock id ['000725.SZ'] prediction [-0.20736576] truevalue [-0.04554455]
stock index [796] stock id ['600406.SH'] prediction [-0.15129249] truevalue [0.15316068]
stock index [797] stock id ['600436.SH'] prediction [-0.21913262] truevalue [0.18191433]
stock index [801] stock id ['603260.SH'] prediction [0.15772671] truevalue [-0.14017494]
stock index [802] stock id ['002304.SZ'] prediction [-0.22351] truevalue [0.04949422]
stock index [803] stock id ['600887.SH'] prediction [-0.27469792] truevalue [0.03899204]
stock index [809] stock id ['600031.SH'] prediction [-0.24523665] truevalue [-0.13915094]
stock index [810] stock id ['002475.SZ'] prediction [-0.29776423] truevalue [0.11033324]
stock index [811] stock id ['000651.SZ'] prediction [-0.2339328] truevalue [-0.10812903]
stock index [814] stock id ['600438.SH'] prediction [-0.2747548] truevalue [-0.11817825]
stock index [816] stock id ['000568.SZ'] prediction [-0.2699184] truevalue [0.03822547]
stock index [819] stock id ['600276.SH'] prediction [-0.20659116] truevalue [-0.00119451]
stock index [820] stock id ['600809.SH'] prediction [-0.44597671] truevalue [-0.01736926]
stock index [821] stock id ['601088.SH'] prediction [0.35013012] truevalue [-0.13768756]
stock index [822] stock id ['603259.SH'] prediction [-0.23365891] truevalue [-0.05759162]
stock index [825] stock id ['603288.SH'] prediction [-0.24639063] truevalue [0.02090909]
stock index [827] stock id ['600028.SH'] prediction [0.33934321] truevalue [-0.0941704]
stock index [828] stock id ['600900.SH'] prediction [-0.16755742] truevalue [-0.11227273]
stock index [830] stock id ['601012.SH'] prediction [-0.20449813] truevalue [0.05989331]
stock index [831] stock id ['000333.SZ'] prediction [-0.26115032] truevalue [-0.02614943]
stock index [835] stock id ['000858.SZ'] prediction [-0.30084928] truevalue [-0.00633575]
stock index [836] stock id ['601857.SH'] prediction [0.25552053] truevalue [-0.21630616]
stock index [838] stock id ['300750.SZ'] prediction [-0.20997245] truevalue [0.2934396]
stock index [840] stock id ['600519.SH'] prediction [-0.29214189] truevalue [0.05506557]
            index       pred       true
count   10.000000  10.000000  10.000000
mean   454.600000   0.383394  -0.223600
std    241.608131   0.040182   0.097489
min    108.000000   0.347165  -0.391850
25%    282.250000   0.355593  -0.280259
50%    425.000000   0.370764  -0.226578
75%    667.750000   0.399180  -0.136274
max    821.000000   0.477832  -0.100209
TP:15, FP:32, TN:165, FN:286
