data_path                                 -----> regress_data/past_quater_4/
save_path                                 -----> regress_result/Joyan_1_Sample_Drop_0.0/
indicator_use_list                        -----> []
train_date_list                           -----> ['2021-06-30']
test_date_list                            -----> ['2021-09-30']
n_month_predict                           -----> 3
predict_mode                              -----> predict_changerate_price
drop_small_change_stock_fortrain          -----> True
train_drop_ponit                          -----> 0.0
drop_small_change_stock_fortest           -----> True
test_drop_ponit                           -----> 0.15


-----indicator_list:['是', '成长型', '混合型', '价值型', '小盘股', '中盘股', '大盘股', 'market_value_mean', 'market_value_std', 'fund_shareholding_mean', 'fund_shareholding_std', 'fund_number_mean', 'fund_number_std', 'close_price_mean', 'close_price_std', 'avg_price_mean', 'avg_price_std', 'turnover_rate_mean', 'turnover_rate_std', 'amplitutde_mean', 'amplitutde_std', 'margin_diff_mean', 'margin_diff_std', 'share_ratio_of_funds_mean', 'share_ratio_of_funds_std', 'num_of_funds_mean', 'num_of_funds_std', 'fund_owner_affinity_mean', 'fund_owner_affinity_std', 'cyclical_industry']

-----i_month_predict:1

-----i_month_label:1_predict_changerate_price

train date: 2021-06-30
test date: 2021-09-30
-----x_train.shape:(589, 30)

-----x_test.shape:(841, 30)

-----y_train.shape:(589,)

-----y_test.shape:(841,)

-----sample_weight: None
stock index [0] stock id ['688309.SH'] prediction [-0.23807263] truevalue [-0.13467294]
stock index [4] stock id ['300860.SZ'] prediction [-0.26666084] truevalue [-0.02255639]
stock index [6] stock id ['688021.SH'] prediction [-0.17257562] truevalue [-0.10895457]
stock index [8] stock id ['300887.SZ'] prediction [-0.1953293] truevalue [0.09119398]
stock index [11] stock id ['688085.SH'] prediction [-0.21272018] truevalue [-0.02025316]
stock index [18] stock id ['300010.SZ'] prediction [-0.156799] truevalue [-0.02179837]
stock index [29] stock id ['300284.SZ'] prediction [-0.22122277] truevalue [-0.09294872]
stock index [30] stock id ['002367.SZ'] prediction [-0.15727474] truevalue [-0.06777494]
stock index [35] stock id ['603363.SH'] prediction [-0.22678022] truevalue [0.20141343]
stock index [36] stock id ['300762.SZ'] prediction [-0.19734629] truevalue [-0.01287051]
stock index [38] stock id ['300078.SZ'] prediction [-0.16142848] truevalue [-0.04945904]
stock index [39] stock id ['603018.SH'] prediction [-0.16355028] truevalue [-0.0916129]
stock index [42] stock id ['002301.SZ'] prediction [-0.18201148] truevalue [-0.13219895]
stock index [50] stock id ['300145.SZ'] prediction [-0.22885913] truevalue [-0.06875]
stock index [62] stock id ['300663.SZ'] prediction [-0.19824393] truevalue [-0.07590759]
stock index [72] stock id ['688390.SH'] prediction [-0.18785427] truevalue [0.21829131]
stock index [75] stock id ['688356.SH'] prediction [-0.20284603] truevalue [0.0803876]
stock index [84] stock id ['300166.SZ'] prediction [-0.2040829] truevalue [-0.03289474]
stock index [85] stock id ['002100.SZ'] prediction [-0.1570995] truevalue [0.01740139]
stock index [88] stock id ['002413.SZ'] prediction [-0.17581193] truevalue [-0.05115512]
stock index [91] stock id ['603699.SH'] prediction [-0.15820307] truevalue [-0.13603604]
stock index [92] stock id ['601038.SH'] prediction [-0.21938363] truevalue [0.02582728]
stock index [99] stock id ['002124.SZ'] prediction [-0.1828197] truevalue [0.05369128]
stock index [104] stock id ['000976.SZ'] prediction [-0.18410713] truevalue [-0.13076923]
stock index [108] stock id ['600971.SH'] prediction [0.4438978] truevalue [-0.14652015]
stock index [110] stock id ['688518.SH'] prediction [-0.22287359] truevalue [0.25869493]
stock index [115] stock id ['688333.SH'] prediction [-0.20765025] truevalue [0.02464066]
stock index [123] stock id ['002375.SZ'] prediction [-0.30469813] truevalue [-0.00268097]
stock index [133] stock id ['300182.SZ'] prediction [-0.25942849] truevalue [-0.07013575]
stock index [139] stock id ['300123.SZ'] prediction [-0.23232603] truevalue [-0.08945687]
stock index [143] stock id ['300068.SZ'] prediction [-0.17936999] truevalue [-0.05042017]
stock index [152] stock id ['300638.SZ'] prediction [-0.15787285] truevalue [0.07273995]
stock index [156] stock id ['688017.SH'] prediction [-0.18171214] truevalue [-0.0077749]
stock index [159] stock id ['000718.SZ'] prediction [-0.31780226] truevalue [0.]
stock index [173] stock id ['002773.SZ'] prediction [-0.16700638] truevalue [-0.00381888]
stock index [177] stock id ['300257.SZ'] prediction [-0.18973941] truevalue [0.00388242]
stock index [183] stock id ['600123.SH'] prediction [0.51588108] truevalue [-0.15109034]
stock index [188] stock id ['000967.SZ'] prediction [-0.15425108] truevalue [-0.09928058]
stock index [189] stock id ['300457.SZ'] prediction [-0.18073945] truevalue [0.26980902]
stock index [201] stock id ['688408.SH'] prediction [-0.16658138] truevalue [0.24327555]
stock index [208] stock id ['603113.SH'] prediction [0.46116713] truevalue [-0.16587957]
stock index [215] stock id ['603355.SH'] prediction [-0.15710656] truevalue [-0.02267396]
stock index [223] stock id ['600963.SH'] prediction [-0.15357234] truevalue [-0.12547051]
stock index [233] stock id ['688202.SH'] prediction [-0.25348346] truevalue [-0.01391255]
stock index [234] stock id ['002127.SZ'] prediction [-0.26277539] truevalue [0.08636364]
stock index [249] stock id ['600577.SH'] prediction [-0.22096294] truevalue [0.085554]
stock index [251] stock id ['600340.SH'] prediction [-0.23830123] truevalue [-0.08229426]
stock index [264] stock id ['600339.SH'] prediction [0.436527] truevalue [-0.04320988]
stock index [265] stock id ['000598.SZ'] prediction [0.15010879] truevalue [0.03502627]
stock index [269] stock id ['601311.SH'] prediction [0.17348035] truevalue [0.07730263]
stock index [279] stock id ['000951.SZ'] prediction [-0.17165415] truevalue [-0.10661269]
stock index [286] stock id ['002747.SZ'] prediction [-0.16704496] truevalue [0.20666058]
stock index [304] stock id ['000591.SZ'] prediction [0.21082226] truevalue [-0.11376293]
stock index [306] stock id ['002081.SZ'] prediction [-0.19888841] truevalue [-0.05388273]
stock index [312] stock id ['000516.SZ'] prediction [-0.1814359] truevalue [0.04741001]
stock index [315] stock id ['002221.SZ'] prediction [0.45013435] truevalue [-0.15135929]
stock index [318] stock id ['600323.SH'] prediction [-0.16549443] truevalue [-0.16603774]
stock index [322] stock id ['603128.SH'] prediction [-0.16328416] truevalue [-0.02908805]
stock index [326] stock id ['300136.SZ'] prediction [-0.192773] truevalue [0.05545697]
stock index [327] stock id ['300070.SZ'] prediction [-0.22093795] truevalue [-0.1016731]
stock index [337] stock id ['600583.SH'] prediction [0.47903609] truevalue [-0.02922756]
stock index [341] stock id ['002157.SZ'] prediction [-0.15896872] truevalue [0.06256628]
stock index [349] stock id ['601666.SH'] prediction [0.47707] truevalue [-0.3346395]
stock index [367] stock id ['002511.SZ'] prediction [-0.16484222] truevalue [-0.01388889]
stock index [376] stock id ['600970.SH'] prediction [-0.20889283] truevalue [-0.08859649]
stock index [385] stock id ['601016.SH'] prediction [0.17522625] truevalue [-0.06844106]
stock index [396] stock id ['002128.SZ'] prediction [0.46244394] truevalue [-0.16524029]
stock index [400] stock id ['600483.SH'] prediction [0.15588583] truevalue [-0.02357456]
stock index [403] stock id ['002353.SZ'] prediction [0.44372884] truevalue [-0.12660058]
stock index [407] stock id ['601222.SH'] prediction [0.21465712] truevalue [-0.08951613]
stock index [408] stock id ['601005.SH'] prediction [-0.15373892] truevalue [-0.09881423]
stock index [450] stock id ['002010.SZ'] prediction [-0.19214041] truevalue [-0.01680672]
stock index [469] stock id ['002372.SZ'] prediction [-0.23245182] truevalue [0.06571936]
stock index [474] stock id ['600039.SH'] prediction [-0.17130033] truevalue [0.42417062]
stock index [478] stock id ['601865.SH'] prediction [-0.15773646] truevalue [0.19198267]
stock index [488] stock id ['600642.SH'] prediction [0.15778186] truevalue [-0.21843434]
stock index [497] stock id ['600704.SH'] prediction [-0.38804077] truevalue [-0.03240741]
stock index [501] stock id ['600348.SH'] prediction [0.47859072] truevalue [-0.14262429]
stock index [515] stock id ['002430.SZ'] prediction [-0.16446881] truevalue [-0.08415842]
stock index [517] stock id ['601139.SH'] prediction [0.17374057] truevalue [-0.11317073]
stock index [532] stock id ['600663.SH'] prediction [-0.27032766] truevalue [-0.04916594]
stock index [533] stock id ['600233.SH'] prediction [-0.1699027] truevalue [0.04809763]
stock index [534] stock id ['603338.SH'] prediction [-0.23570991] truevalue [-0.03106383]
stock index [549] stock id ['600739.SH'] prediction [-0.15746056] truevalue [-0.17611336]
stock index [550] stock id ['000895.SZ'] prediction [-0.16677344] truevalue [0.08655617]
stock index [557] stock id ['603345.SH'] prediction [-0.15717755] truevalue [0.05547164]
stock index [574] stock id ['300012.SZ'] prediction [-0.19323212] truevalue [0.08994083]
stock index [582] stock id ['601808.SH'] prediction [0.42558152] truevalue [-0.0757764]
stock index [597] stock id ['600236.SH'] prediction [0.16069345] truevalue [-0.23412698]
stock index [598] stock id ['601699.SH'] prediction [0.47682192] truevalue [-0.13790806]
stock index [604] stock id ['600068.SH'] prediction [-0.15667835] truevalue [0.]
stock index [607] stock id ['600256.SH'] prediction [0.41676815] truevalue [-0.23847926]
stock index [610] stock id ['002414.SZ'] prediction [-0.15861502] truevalue [-0.07185629]
stock index [619] stock id ['000983.SZ'] prediction [0.43495652] truevalue [-0.22091062]
stock index [622] stock id ['600023.SH'] prediction [0.17115612] truevalue [-0.08029197]
stock index [623] stock id ['000723.SZ'] prediction [0.48184712] truevalue [0.04363974]
stock index [625] stock id ['000876.SZ'] prediction [-0.20896962] truevalue [-0.02506775]
stock index [628] stock id ['300207.SZ'] prediction [-0.1674392] truevalue [0.31791444]
stock index [638] stock id ['600795.SH'] prediction [0.17548406] truevalue [-0.14153846]
stock index [667] stock id ['600132.SH'] prediction [-0.1763605] truevalue [0.14646041]
stock index [673] stock id ['000799.SZ'] prediction [-0.195219] truevalue [-0.13248295]
stock index [691] stock id ['601898.SH'] prediction [0.5449702] truevalue [-0.22616408]
stock index [694] stock id ['600188.SH'] prediction [0.4699869] truevalue [-0.22111073]
stock index [703] stock id ['000338.SZ'] prediction [-0.15826824] truevalue [-0.12004662]
stock index [715] stock id ['300316.SZ'] prediction [-0.1832778] truevalue [0.18741259]
stock index [727] stock id ['601985.SH'] prediction [0.17098329] truevalue [-0.04993065]
stock index [764] stock id ['601225.SH'] prediction [0.43390901] truevalue [-0.15472973]
stock index [769] stock id ['300124.SZ'] prediction [-0.15216733] truevalue [0.03539683]
stock index [778] stock id ['300274.SZ'] prediction [-0.23587986] truevalue [0.1059442]
stock index [783] stock id ['300014.SZ'] prediction [-0.20415815] truevalue [0.14561244]
stock index [806] stock id ['601919.SH'] prediction [-0.24697412] truevalue [-0.04340278]
stock index [809] stock id ['600031.SH'] prediction [-0.2027667] truevalue [-0.09748428]
stock index [816] stock id ['000568.SZ'] prediction [-0.15168905] truevalue [0.03326112]
stock index [820] stock id ['600809.SH'] prediction [-0.24382525] truevalue [-0.04437401]
stock index [821] stock id ['601088.SH'] prediction [0.44044556] truevalue [-0.12224184]
stock index [827] stock id ['600028.SH'] prediction [0.43859955] truevalue [-0.0470852]
stock index [828] stock id ['600900.SH'] prediction [0.17639921] truevalue [-0.03409091]
stock index [830] stock id ['601012.SH'] prediction [-0.19432417] truevalue [0.18440834]
stock index [836] stock id ['601857.SH'] prediction [0.42957831] truevalue [-0.08818636]
stock index [838] stock id ['300750.SZ'] prediction [-0.20462022] truevalue [0.21587126]
            index       pred       true
count   10.000000  10.000000  10.000000
mean   449.000000   0.478787  -0.167741
std    247.103217   0.031337   0.080017
min    108.000000   0.440446  -0.334639
25%    240.250000   0.463372  -0.207303
50%    425.000000   0.476946  -0.148805
75%    667.750000   0.478925  -0.139087
max    821.000000   0.544970  -0.029228
TP:3, FP:31, TN:49, FN:37
-----i_month_predict:2

-----i_month_label:2_predict_changerate_price

train date: 2021-06-30
test date: 2021-09-30
-----x_train.shape:(588, 30)

-----x_test.shape:(841, 30)

-----y_train.shape:(588,)

-----y_test.shape:(841,)

-----sample_weight: None
stock index [0] stock id ['688309.SH'] prediction [-0.27143787] truevalue [-0.11030355]
stock index [1] stock id ['688051.SH'] prediction [-0.1889813] truevalue [-0.00041745]
stock index [4] stock id ['300860.SZ'] prediction [-0.31614443] truevalue [0.19749373]
stock index [5] stock id ['002947.SZ'] prediction [-0.20801473] truevalue [0.10315186]
stock index [6] stock id ['688021.SH'] prediction [-0.23447466] truevalue [0.20202911]
stock index [7] stock id ['688058.SH'] prediction [-0.18356886] truevalue [0.01443092]
stock index [8] stock id ['300887.SZ'] prediction [-0.32404888] truevalue [0.06690693]
stock index [9] stock id ['688595.SH'] prediction [-0.17011432] truevalue [0.22873684]
stock index [10] stock id ['688526.SH'] prediction [-0.27279162] truevalue [-0.06763973]
stock index [11] stock id ['688085.SH'] prediction [-0.26720662] truevalue [0.10958409]
stock index [12] stock id ['688580.SH'] prediction [-0.20842915] truevalue [0.08945386]
stock index [16] stock id ['688015.SH'] prediction [-0.17673561] truevalue [0.15266927]
stock index [18] stock id ['300010.SZ'] prediction [-0.20200378] truevalue [0.11989101]
stock index [19] stock id ['688020.SH'] prediction [-0.2202336] truevalue [0.08427568]
stock index [22] stock id ['603083.SH'] prediction [-0.18039071] truevalue [0.02679939]
stock index [23] stock id ['300888.SZ'] prediction [-0.16855215] truevalue [0.07531433]
stock index [25] stock id ['688369.SH'] prediction [-0.15459445] truevalue [-0.0543015]
stock index [29] stock id ['300284.SZ'] prediction [-0.23286612] truevalue [-0.00641026]
stock index [30] stock id ['002367.SZ'] prediction [-0.20084821] truevalue [-0.04092072]
stock index [31] stock id ['300867.SZ'] prediction [0.15995457] truevalue [-0.18471157]
stock index [32] stock id ['002697.SZ'] prediction [-0.1849753] truevalue [0.0210084]
stock index [33] stock id ['300113.SZ'] prediction [-0.15899053] truevalue [0.18388934]
stock index [34] stock id ['688198.SH'] prediction [-0.17201992] truevalue [0.05308594]
stock index [35] stock id ['603363.SH'] prediction [-0.2817907] truevalue [0.23321555]
stock index [36] stock id ['300762.SZ'] prediction [-0.30505775] truevalue [0.12636505]
stock index [37] stock id ['002376.SZ'] prediction [-0.1581537] truevalue [0.13906448]
stock index [38] stock id ['300078.SZ'] prediction [-0.26773881] truevalue [0.05409583]
stock index [39] stock id ['603018.SH'] prediction [-0.26815891] truevalue [-0.02967742]
stock index [41] stock id ['600285.SH'] prediction [-0.18921375] truevalue [0.18148148]
stock index [42] stock id ['002301.SZ'] prediction [-0.21780014] truevalue [-0.08900524]
stock index [43] stock id ['002567.SZ'] prediction [-0.17151288] truevalue [0.01408451]
stock index [48] stock id ['603368.SH'] prediction [-0.17790994] truevalue [-0.02268547]
stock index [50] stock id ['300145.SZ'] prediction [-0.3110356] truevalue [-0.028125]
stock index [51] stock id ['600976.SH'] prediction [-0.23055103] truevalue [0.24121444]
stock index [53] stock id ['688166.SH'] prediction [-0.15402453] truevalue [0.40931373]
stock index [54] stock id ['300378.SZ'] prediction [-0.17426203] truevalue [0.04457452]
stock index [55] stock id ['000036.SZ'] prediction [-0.15206632] truevalue [0.03432494]
stock index [57] stock id ['002695.SZ'] prediction [-0.21394574] truevalue [-0.02906574]
stock index [60] stock id ['000915.SZ'] prediction [-0.17498115] truevalue [-0.05920602]
stock index [61] stock id ['688301.SH'] prediction [-0.17451334] truevalue [0.30850048]
stock index [62] stock id ['300663.SZ'] prediction [-0.39848033] truevalue [0.06930693]
stock index [67] stock id ['300326.SZ'] prediction [-0.18370957] truevalue [0.05847374]
stock index [72] stock id ['688390.SH'] prediction [-0.30712458] truevalue [0.17312759]
stock index [73] stock id ['300666.SZ'] prediction [-0.16846826] truevalue [0.0866588]
stock index [75] stock id ['688356.SH'] prediction [-0.30466471] truevalue [0.49224806]
stock index [76] stock id ['603328.SH'] prediction [-0.16464171] truevalue [-0.00135318]
stock index [79] stock id ['600761.SH'] prediction [-0.17984401] truevalue [0.14650284]
stock index [81] stock id ['300271.SZ'] prediction [-0.16525027] truevalue [0.07477477]
stock index [84] stock id ['300166.SZ'] prediction [-0.32058372] truevalue [0.14912281]
stock index [85] stock id ['002100.SZ'] prediction [-0.20019915] truevalue [0.03828306]
stock index [86] stock id ['000034.SZ'] prediction [-0.20817297] truevalue [0.02210663]
stock index [88] stock id ['002413.SZ'] prediction [-0.25257228] truevalue [0.15346535]
stock index [91] stock id ['603699.SH'] prediction [-0.2045586] truevalue [-0.05405405]
stock index [92] stock id ['601038.SH'] prediction [-0.30613784] truevalue [-0.00726392]
stock index [99] stock id ['002124.SZ'] prediction [-0.23621168] truevalue [0.06208054]
stock index [101] stock id ['688029.SH'] prediction [-0.18130583] truevalue [-0.03025842]
stock index [104] stock id ['000976.SZ'] prediction [-0.19633678] truevalue [-0.11538462]
stock index [106] stock id ['603708.SH'] prediction [-0.1828489] truevalue [-0.03459747]
stock index [108] stock id ['600971.SH'] prediction [0.7165496] truevalue [-0.23687424]
stock index [109] stock id ['688018.SH'] prediction [-0.20252901] truevalue [-0.01524055]
stock index [110] stock id ['688518.SH'] prediction [-0.24599503] truevalue [0.64524677]
stock index [112] stock id ['688366.SH'] prediction [-0.25253493] truevalue [-0.29691639]
stock index [113] stock id ['688321.SH'] prediction [-0.17020459] truevalue [-0.04470463]
stock index [114] stock id ['300598.SZ'] prediction [-0.31102667] truevalue [-0.08666926]
stock index [115] stock id ['688333.SH'] prediction [-0.25325993] truevalue [0.06227019]
stock index [116] stock id ['300394.SZ'] prediction [-0.16193186] truevalue [0.35548308]
stock index [117] stock id ['300348.SZ'] prediction [-0.19413581] truevalue [-0.03457447]
stock index [118] stock id ['300315.SZ'] prediction [-0.17773192] truevalue [0.06896552]
stock index [121] stock id ['600195.SH'] prediction [-0.20551639] truevalue [-0.01336898]
stock index [123] stock id ['002375.SZ'] prediction [-0.3741324] truevalue [-0.00268097]
stock index [129] stock id ['688006.SH'] prediction [-0.17581375] truevalue [0.4860423]
stock index [131] stock id ['002698.SZ'] prediction [-0.19146427] truevalue [0.04416404]
stock index [132] stock id ['300036.SZ'] prediction [-0.25314773] truevalue [0.27557411]
stock index [133] stock id ['300182.SZ'] prediction [-0.19264511] truevalue [0.07239819]
stock index [136] stock id ['002726.SZ'] prediction [-0.16197443] truevalue [0.14994934]
stock index [137] stock id ['002332.SZ'] prediction [-0.18974199] truevalue [0.12220149]
stock index [138] stock id ['688298.SH'] prediction [-0.15738284] truevalue [0.13034311]
stock index [139] stock id ['300123.SZ'] prediction [-0.32599419] truevalue [0.0170394]
stock index [141] stock id ['000049.SZ'] prediction [-0.17421536] truevalue [0.52922886]
stock index [142] stock id ['002174.SZ'] prediction [-0.15300359] truevalue [0.30887372]
stock index [143] stock id ['300068.SZ'] prediction [-0.25611026] truevalue [0.12521008]
stock index [145] stock id ['300188.SZ'] prediction [-0.15849337] truevalue [0.02910855]
stock index [148] stock id ['688088.SH'] prediction [-0.22050956] truevalue [0.18938656]
stock index [150] stock id ['688536.SH'] prediction [-0.23466912] truevalue [0.38220683]
stock index [151] stock id ['300463.SZ'] prediction [-0.15635415] truevalue [0.08431645]
stock index [152] stock id ['300638.SZ'] prediction [-0.25447271] truevalue [0.3200093]
stock index [154] stock id ['688516.SH'] prediction [-0.27316802] truevalue [0.31661279]
stock index [156] stock id ['688017.SH'] prediction [-0.24889396] truevalue [0.28011847]
stock index [157] stock id ['603881.SH'] prediction [-0.17513379] truevalue [0.10598345]
stock index [159] stock id ['000718.SZ'] prediction [-0.19481679] truevalue [-0.07708333]
stock index [162] stock id ['600718.SH'] prediction [-0.18934161] truevalue [0.19978518]
stock index [168] stock id ['300679.SZ'] prediction [-0.19941886] truevalue [0.29292221]
stock index [172] stock id ['300630.SZ'] prediction [-0.20698268] truevalue [0.13001083]
stock index [173] stock id ['002773.SZ'] prediction [-0.20372184] truevalue [0.01745772]
stock index [174] stock id ['000528.SZ'] prediction [-0.15778541] truevalue [-0.0343075]
stock index [177] stock id ['300257.SZ'] prediction [-0.25693466] truevalue [-0.13033833]
stock index [178] stock id ['600835.SH'] prediction [-0.1574275] truevalue [0.0047043]
stock index [180] stock id ['600993.SH'] prediction [-0.18648978] truevalue [-0.06259781]
stock index [183] stock id ['600123.SH'] prediction [0.75843234] truevalue [-0.27959502]
stock index [184] stock id ['688188.SH'] prediction [-0.18996402] truevalue [-0.0525212]
stock index [185] stock id ['000690.SZ'] prediction [0.16378258] truevalue [-0.21145374]
stock index [188] stock id ['000967.SZ'] prediction [-0.20681275] truevalue [0.14532374]
stock index [189] stock id ['300457.SZ'] prediction [-0.30135779] truevalue [0.43559529]
stock index [190] stock id ['002390.SZ'] prediction [-0.19800598] truevalue [-0.11734029]
stock index [194] stock id ['300369.SZ'] prediction [-0.17699787] truevalue [-0.05722222]
stock index [195] stock id ['600869.SH'] prediction [-0.18950862] truevalue [0.30872483]
stock index [196] stock id ['600771.SH'] prediction [-0.15641553] truevalue [0.06234143]
stock index [197] stock id ['300009.SZ'] prediction [-0.20190934] truevalue [0.10627615]
stock index [201] stock id ['688408.SH'] prediction [-0.22450197] truevalue [0.3742379]
stock index [206] stock id ['600305.SH'] prediction [-0.17005873] truevalue [-0.01686122]
stock index [207] stock id ['002158.SZ'] prediction [-0.17470856] truevalue [0.25429553]
stock index [208] stock id ['603113.SH'] prediction [0.66615996] truevalue [-0.10330579]
stock index [212] stock id ['600764.SH'] prediction [-0.17893722] truevalue [0.1877536]
stock index [215] stock id ['603355.SH'] prediction [-0.15357714] truevalue [0.2005473]
stock index [216] stock id ['002019.SZ'] prediction [-0.20135294] truevalue [0.07393244]
stock index [217] stock id ['300861.SZ'] prediction [-0.15300705] truevalue [-0.0007657]
stock index [218] stock id ['002595.SZ'] prediction [-0.17965721] truevalue [0.0805501]
stock index [222] stock id ['600566.SH'] prediction [-0.15859343] truevalue [0.08258528]
stock index [228] stock id ['300168.SZ'] prediction [-0.169814] truevalue [-0.01980198]
stock index [232] stock id ['300502.SZ'] prediction [-0.18697272] truevalue [0.02465102]
stock index [233] stock id ['688202.SH'] prediction [-0.33627682] truevalue [-0.2091847]
stock index [234] stock id ['002127.SZ'] prediction [-0.29551403] truevalue [-0.01060606]
stock index [235] stock id ['600597.SH'] prediction [-0.17041109] truevalue [-0.00503597]
stock index [236] stock id ['002745.SZ'] prediction [-0.17227893] truevalue [0.0996119]
stock index [238] stock id ['300726.SZ'] prediction [-0.17743522] truevalue [0.26694693]
stock index [239] stock id ['002281.SZ'] prediction [-0.1956151] truevalue [0.04017857]
stock index [244] stock id ['300294.SZ'] prediction [-0.18101645] truevalue [0.09401709]
stock index [246] stock id ['600216.SH'] prediction [-0.18040437] truevalue [0.04085366]
stock index [249] stock id ['600577.SH'] prediction [-0.33617008] truevalue [0.33380084]
stock index [250] stock id ['688363.SH'] prediction [-0.17539806] truevalue [-0.13222473]
stock index [258] stock id ['688050.SH'] prediction [-0.18627357] truevalue [-0.14126462]
stock index [264] stock id ['600339.SH'] prediction [0.69900888] truevalue [-0.13580247]
stock index [265] stock id ['000598.SZ'] prediction [0.15166528] truevalue [0.05604203]
stock index [268] stock id ['300866.SZ'] prediction [-0.17192592] truevalue [0.04417671]
stock index [269] stock id ['601311.SH'] prediction [0.22156196] truevalue [0.45394737]
stock index [272] stock id ['002153.SZ'] prediction [-0.19754419] truevalue [0.11302983]
stock index [275] stock id ['603606.SH'] prediction [-0.17764291] truevalue [0.95302013]
stock index [276] stock id ['300474.SZ'] prediction [-0.21147088] truevalue [0.49566474]
stock index [277] stock id ['600006.SH'] prediction [0.20181294] truevalue [-0.0123119]
stock index [278] stock id ['300088.SZ'] prediction [-0.15038786] truevalue [0.54385965]
stock index [279] stock id ['000951.SZ'] prediction [-0.26955584] truevalue [-0.09919028]
stock index [283] stock id ['600201.SH'] prediction [-0.1803648] truevalue [0.07372654]
stock index [285] stock id ['300034.SZ'] prediction [-0.17726528] truevalue [0.52731038]
stock index [286] stock id ['002747.SZ'] prediction [-0.22988612] truevalue [0.25501825]
stock index [288] stock id ['603588.SH'] prediction [-0.23726836] truevalue [-0.06535948]
stock index [295] stock id ['688388.SH'] prediction [-0.2083841] truevalue [0.139962]
stock index [300] stock id ['002402.SZ'] prediction [-0.1656449] truevalue [0.29423077]
stock index [302] stock id ['002266.SZ'] prediction [-0.23462137] truevalue [-0.11640212]
stock index [304] stock id ['000591.SZ'] prediction [0.22775664] truevalue [-0.20445505]
stock index [305] stock id ['600528.SH'] prediction [-0.1586069] truevalue [-0.04]
stock index [306] stock id ['002081.SZ'] prediction [-0.24942333] truevalue [-0.09984152]
stock index [307] stock id ['002373.SZ'] prediction [-0.17397462] truevalue [-0.00338295]
stock index [312] stock id ['000516.SZ'] prediction [-0.26471844] truevalue [-0.05618964]
stock index [313] stock id ['300115.SZ'] prediction [-0.17950357] truevalue [0.07063712]
stock index [315] stock id ['002221.SZ'] prediction [0.6828364] truevalue [-0.07127112]
stock index [318] stock id ['600323.SH'] prediction [-0.26336795] truevalue [-0.18566038]
stock index [322] stock id ['603128.SH'] prediction [-0.15854816] truevalue [0.02751572]
stock index [323] stock id ['002557.SZ'] prediction [-0.19296905] truevalue [0.15275387]
stock index [326] stock id ['300136.SZ'] prediction [-0.23666312] truevalue [0.10913931]
stock index [327] stock id ['300070.SZ'] prediction [-0.26095623] truevalue [-0.09009009]
stock index [328] stock id ['603005.SH'] prediction [-0.1639815] truevalue [0.40122728]
stock index [329] stock id ['002422.SZ'] prediction [-0.21189082] truevalue [0.05731775]
stock index [330] stock id ['000547.SZ'] prediction [-0.18635916] truevalue [0.08560053]
stock index [331] stock id ['300296.SZ'] prediction [-0.16973362] truevalue [-0.00482625]
stock index [333] stock id ['002399.SZ'] prediction [-0.15332901] truevalue [0.03225806]
stock index [334] stock id ['600535.SH'] prediction [-0.19648373] truevalue [0.02030075]
stock index [337] stock id ['600583.SH'] prediction [0.73432182] truevalue [-0.10020877]
stock index [338] stock id ['002212.SZ'] prediction [-0.20137991] truevalue [0.173125]
stock index [341] stock id ['002157.SZ'] prediction [-0.23349348] truevalue [0.02757158]
stock index [343] stock id ['603883.SH'] prediction [-0.17058109] truevalue [-0.07948718]
stock index [345] stock id ['600498.SH'] prediction [-0.16133954] truevalue [0.00623583]
stock index [347] stock id ['002456.SZ'] prediction [-0.17678534] truevalue [0.04285714]
stock index [349] stock id ['601666.SH'] prediction [0.69984712] truevalue [-0.39184953]
stock index [352] stock id ['002610.SZ'] prediction [-0.16933364] truevalue [0.22921348]
stock index [353] stock id ['002507.SZ'] prediction [-0.17904092] truevalue [0.05622359]
stock index [356] stock id ['002558.SZ'] prediction [-0.22286919] truevalue [-0.02884615]
stock index [357] stock id ['000975.SZ'] prediction [-0.16023617] truevalue [0.05889282]
stock index [358] stock id ['688139.SH'] prediction [-0.18231578] truevalue [-0.2015859]
stock index [359] stock id ['002389.SZ'] prediction [-0.17640281] truevalue [0.24063401]
stock index [367] stock id ['002511.SZ'] prediction [-0.25826171] truevalue [-0.03703704]
stock index [368] stock id ['600546.SH'] prediction [-0.22226272] truevalue [-0.36190476]
stock index [370] stock id ['002299.SZ'] prediction [-0.15308755] truevalue [0.01435185]
stock index [371] stock id ['000423.SZ'] prediction [-0.16954359] truevalue [0.16847516]
stock index [372] stock id ['300146.SZ'] prediction [-0.24135415] truevalue [-0.16643059]
stock index [376] stock id ['600970.SH'] prediction [-0.25173213] truevalue [0.0254386]
stock index [377] stock id ['600380.SH'] prediction [-0.17595795] truevalue [0.05096661]
stock index [378] stock id ['600827.SH'] prediction [-0.24433994] truevalue [-0.08385308]
stock index [384] stock id ['000998.SZ'] prediction [-0.15879705] truevalue [0.12179188]
stock index [389] stock id ['688598.SH'] prediction [-0.20498612] truevalue [0.04892156]
stock index [390] stock id ['300373.SZ'] prediction [-0.22202405] truevalue [0.69008079]
stock index [392] stock id ['600171.SH'] prediction [-0.20343182] truevalue [-0.21827837]
stock index [393] stock id ['000021.SZ'] prediction [-0.18434693] truevalue [0.09964413]
stock index [395] stock id ['600110.SH'] prediction [-0.15375412] truevalue [0.01774872]
stock index [396] stock id ['002128.SZ'] prediction [0.71936293] truevalue [-0.23699803]
stock index [400] stock id ['600483.SH'] prediction [0.18632036] truevalue [-0.17708333]
stock index [402] stock id ['688396.SH'] prediction [-0.16139745] truevalue [0.03965142]
stock index [403] stock id ['002353.SZ'] prediction [0.66320968] truevalue [-0.19392813]
stock index [406] stock id ['600536.SH'] prediction [-0.16387039] truevalue [0.05022276]
stock index [407] stock id ['601222.SH'] prediction [0.18376756] truevalue [0.00322581]
stock index [409] stock id ['000860.SZ'] prediction [-0.20856209] truevalue [-0.09168081]
stock index [410] stock id ['002056.SZ'] prediction [-0.21007122] truevalue [0.51826484]
stock index [412] stock id ['002465.SZ'] prediction [-0.16529476] truevalue [0.01757812]
stock index [413] stock id ['300676.SZ'] prediction [-0.17123867] truevalue [0.08559022]
stock index [414] stock id ['600521.SH'] prediction [-0.23322756] truevalue [0.21788342]
stock index [415] stock id ['000513.SZ'] prediction [-0.19390374] truevalue [-0.07060036]
stock index [417] stock id ['600415.SH'] prediction [-0.18371593] truevalue [-0.0212766]
stock index [418] stock id ['002138.SZ'] prediction [-0.16150792] truevalue [0.12260536]
stock index [420] stock id ['000636.SZ'] prediction [-0.16903091] truevalue [0.05736823]
stock index [422] stock id ['300529.SZ'] prediction [-0.18477068] truevalue [-0.12721995]
stock index [423] stock id ['002385.SZ'] prediction [-0.17726388] truevalue [0.19973545]
stock index [424] stock id ['300896.SZ'] prediction [-0.18850588] truevalue [-0.04724954]
stock index [425] stock id ['600170.SH'] prediction [-0.19442246] truevalue [-0.24390244]
stock index [428] stock id ['600522.SH'] prediction [-0.24015521] truevalue [1.04175824]
stock index [432] stock id ['300253.SZ'] prediction [-0.15862727] truevalue [0.08189952]
stock index [435] stock id ['600872.SH'] prediction [-0.20491935] truevalue [0.03172111]
stock index [436] stock id ['002030.SZ'] prediction [-0.15480528] truevalue [0.14378029]
stock index [439] stock id ['603866.SH'] prediction [-0.18592421] truevalue [0.06019952]
stock index [442] stock id ['300725.SZ'] prediction [-0.15694302] truevalue [-0.25512996]
stock index [443] stock id ['002531.SZ'] prediction [-0.19837904] truevalue [0.17126761]
stock index [444] stock id ['000988.SZ'] prediction [-0.1637043] truevalue [0.02704553]
stock index [446] stock id ['002025.SZ'] prediction [-0.174899] truevalue [0.32556634]
stock index [448] stock id ['002384.SZ'] prediction [-0.1540036] truevalue [0.14990421]
stock index [450] stock id ['002010.SZ'] prediction [-0.2145584] truevalue [0.09003601]
stock index [462] stock id ['002624.SZ'] prediction [-0.19219102] truevalue [0.24933687]
stock index [463] stock id ['603885.SH'] prediction [-0.1684403] truevalue [-0.02921647]
stock index [464] stock id ['600998.SH'] prediction [-0.20018745] truevalue [-0.11692506]
stock index [466] stock id ['002294.SZ'] prediction [-0.17980966] truevalue [-0.0238342]
stock index [467] stock id ['000738.SZ'] prediction [-0.1662339] truevalue [0.28375571]
stock index [469] stock id ['002372.SZ'] prediction [-0.28529547] truevalue [0.09769094]
stock index [471] stock id ['600765.SH'] prediction [-0.18771517] truevalue [0.66392634]
stock index [472] stock id ['300001.SZ'] prediction [-0.19089586] truevalue [0.178125]
stock index [474] stock id ['600039.SH'] prediction [-0.22619516] truevalue [0.42180095]
stock index [475] stock id ['002044.SZ'] prediction [-0.20920413] truevalue [0.00539084]
stock index [477] stock id ['603658.SH'] prediction [-0.20724215] truevalue [0.05028143]
stock index [478] stock id ['601865.SH'] prediction [-0.22548] truevalue [-0.01343445]
stock index [482] stock id ['002223.SZ'] prediction [-0.19198503] truevalue [0.11107683]
stock index [483] stock id ['600418.SH'] prediction [0.15130524] truevalue [0.25259259]
stock index [486] stock id ['600315.SH'] prediction [-0.20880721] truevalue [-0.04515393]
stock index [489] stock id ['600079.SH'] prediction [-0.17633714] truevalue [0.05406746]
stock index [492] stock id ['603712.SH'] prediction [-0.19341671] truevalue [0.00924918]
stock index [493] stock id ['600316.SH'] prediction [-0.16217459] truevalue [0.12075472]
stock index [494] stock id ['300073.SZ'] prediction [-0.20506159] truevalue [0.27649208]
stock index [496] stock id ['000039.SZ'] prediction [-0.20967146] truevalue [-0.0448682]
stock index [497] stock id ['600704.SH'] prediction [-0.60957026] truevalue [-0.06481481]
stock index [498] stock id ['603589.SH'] prediction [-0.17064639] truevalue [0.31081616]
stock index [501] stock id ['600348.SH'] prediction [0.72831753] truevalue [-0.12795436]
stock index [506] stock id ['603605.SH'] prediction [-0.22180855] truevalue [0.14495677]
stock index [515] stock id ['002430.SZ'] prediction [-0.23140276] truevalue [-0.07743989]
stock index [521] stock id ['600875.SH'] prediction [-0.21345166] truevalue [0.1147541]
stock index [524] stock id ['600118.SH'] prediction [-0.1845577] truevalue [-0.0325477]
stock index [529] stock id ['300558.SZ'] prediction [-0.16424971] truevalue [-0.11088559]
stock index [530] stock id ['603456.SH'] prediction [-0.18112925] truevalue [0.08803776]
stock index [531] stock id ['600372.SH'] prediction [-0.1762106] truevalue [0.23665049]
stock index [532] stock id ['600663.SH'] prediction [-0.15579094] truevalue [-0.0834065]
stock index [534] stock id ['603338.SH'] prediction [-0.308174] truevalue [0.16780142]
stock index [535] stock id ['600563.SH'] prediction [-0.15490925] truevalue [0.461177]
stock index [536] stock id ['601615.SH'] prediction [-0.18106383] truevalue [0.27735471]
stock index [538] stock id ['603233.SH'] prediction [-0.20129514] truevalue [-0.16859231]
stock index [539] stock id ['002444.SZ'] prediction [-0.22160827] truevalue [0.16557496]
stock index [542] stock id ['601138.SH'] prediction [-0.19189646] truevalue [-0.03872633]
stock index [543] stock id ['002568.SZ'] prediction [-0.21572836] truevalue [-0.21707612]
stock index [545] stock id ['600298.SH'] prediction [-0.187592] truevalue [0.11660355]
stock index [547] stock id ['300595.SZ'] prediction [-0.1748237] truevalue [-0.30075925]
stock index [549] stock id ['600739.SH'] prediction [-0.20064759] truevalue [-0.25182186]
stock index [550] stock id ['000895.SZ'] prediction [-0.25946234] truevalue [0.04825046]
stock index [551] stock id ['603568.SH'] prediction [-0.2093943] truevalue [0.30978261]
stock index [552] stock id ['601933.SH'] prediction [-0.21782999] truevalue [-0.01020408]
stock index [553] stock id ['601607.SH'] prediction [-0.16799426] truevalue [-0.03815996]
stock index [555] stock id ['603517.SH'] prediction [-0.18686202] truevalue [0.0151681]
stock index [557] stock id ['603345.SH'] prediction [-0.22603392] truevalue [-0.09526538]
stock index [560] stock id ['688012.SH'] prediction [-0.17796066] truevalue [0.05421607]
stock index [563] stock id ['600161.SH'] prediction [-0.1751109] truevalue [-0.06248047]
stock index [564] stock id ['603939.SH'] prediction [-0.18923358] truevalue [-0.13306452]
stock index [566] stock id ['000683.SZ'] prediction [-0.16008026] truevalue [-0.23974763]
stock index [574] stock id ['300012.SZ'] prediction [-0.27844523] truevalue [-0.02524655]
stock index [576] stock id ['300628.SZ'] prediction [-0.21765078] truevalue [-0.04701538]
stock index [579] stock id ['300003.SZ'] prediction [-0.17378325] truevalue [-0.17368617]
stock index [580] stock id ['603156.SH'] prediction [-0.19269844] truevalue [-0.02771438]
stock index [582] stock id ['601808.SH'] prediction [0.64742591] truevalue [-0.15838509]
stock index [586] stock id ['603127.SH'] prediction [-0.21951812] truevalue [-0.11392405]
stock index [593] stock id ['002916.SZ'] prediction [-0.19575402] truevalue [0.10736132]
stock index [598] stock id ['601699.SH'] prediction [0.68953164] truevalue [-0.28047968]
stock index [601] stock id ['600885.SH'] prediction [-0.23355296] truevalue [0.1625521]
stock index [604] stock id ['600068.SH'] prediction [-0.26001753] truevalue [0.]
stock index [607] stock id ['600256.SH'] prediction [0.6467727] truevalue [-0.31451613]
stock index [608] stock id ['600862.SH'] prediction [-0.21152636] truevalue [0.12219834]
stock index [609] stock id ['002007.SZ'] prediction [-0.15710999] truevalue [0.03584229]
stock index [610] stock id ['002414.SZ'] prediction [-0.23414233] truevalue [0.04063302]
stock index [617] stock id ['600884.SH'] prediction [-0.18723087] truevalue [0.09093559]
stock index [619] stock id ['000983.SZ'] prediction [0.6419558] truevalue [-0.32715008]
stock index [622] stock id ['600023.SH'] prediction [0.15538676] truevalue [-0.0973236]
stock index [623] stock id ['000723.SZ'] prediction [0.70401444] truevalue [0.25348189]
stock index [625] stock id ['000876.SZ'] prediction [-0.28785669] truevalue [-0.02642276]
stock index [626] stock id ['002013.SZ'] prediction [-0.20970411] truevalue [0.28398792]
stock index [628] stock id ['300207.SZ'] prediction [-0.26701104] truevalue [0.4157754]
stock index [632] stock id ['300759.SZ'] prediction [-0.2053088] truevalue [-0.15691008]
stock index [638] stock id ['600795.SH'] prediction [0.16299898] truevalue [-0.21846154]
stock index [639] stock id ['000963.SZ'] prediction [-0.19744611] truevalue [0.14184636]
stock index [640] stock id ['603369.SH'] prediction [-0.16013181] truevalue [0.24613687]
stock index [645] stock id ['000425.SZ'] prediction [-0.17639964] truevalue [-0.15164521]
stock index [649] stock id ['002202.SZ'] prediction [-0.16042629] truevalue [0.05232892]
stock index [650] stock id ['000009.SZ'] prediction [-0.30601571] truevalue [-0.07559958]
stock index [652] stock id ['688036.SH'] prediction [-0.24241085] truevalue [0.18638298]
stock index [654] stock id ['002340.SZ'] prediction [-0.20399396] truevalue [0.01073345]
stock index [655] stock id ['600779.SH'] prediction [-0.23015199] truevalue [0.02485254]
stock index [656] stock id ['600600.SH'] prediction [-0.18178868] truevalue [0.22649944]
stock index [660] stock id ['000157.SZ'] prediction [-0.16445583] truevalue [-0.15393939]
stock index [661] stock id ['603899.SH'] prediction [-0.20612331] truevalue [-0.1762283]
stock index [663] stock id ['002074.SZ'] prediction [-0.15959259] truevalue [0.40071594]
stock index [664] stock id ['300601.SZ'] prediction [-0.1542441] truevalue [0.04349405]
stock index [665] stock id ['601727.SH'] prediction [-0.2065736] truevalue [-0.06923077]
stock index [667] stock id ['600132.SH'] prediction [-0.25586092] truevalue [0.10180599]
stock index [668] stock id ['300498.SZ'] prediction [-0.23368234] truevalue [0.10228058]
stock index [671] stock id ['300661.SZ'] prediction [-0.18264276] truevalue [0.03086587]
stock index [673] stock id ['000799.SZ'] prediction [-0.26775348] truevalue [-0.09344851]
stock index [675] stock id ['000938.SZ'] prediction [-0.16288112] truevalue [0.03688853]
stock index [676] stock id ['601117.SH'] prediction [-0.23591805] truevalue [0.02962963]
stock index [678] stock id ['600460.SH'] prediction [-0.16203443] truevalue [0.08723069]
stock index [679] stock id ['600763.SH'] prediction [-0.22622071] truevalue [-0.34597047]
stock index [683] stock id ['688599.SH'] prediction [-0.17167965] truevalue [0.36538462]
stock index [689] stock id ['300347.SZ'] prediction [-0.16790481] truevalue [-0.21103448]
stock index [691] stock id ['601898.SH'] prediction [0.78133241] truevalue [-0.32926829]
stock index [693] stock id ['002821.SZ'] prediction [-0.17768742] truevalue [0.15077372]
stock index [694] stock id ['600188.SH'] prediction [0.7087447] truevalue [-0.21628148]
stock index [695] stock id ['601669.SH'] prediction [-0.15155367] truevalue [-0.22432113]
stock index [697] stock id ['002001.SZ'] prediction [-0.18193775] truevalue [0.08078928]
stock index [700] stock id ['000768.SZ'] prediction [-0.15113787] truevalue [0.26264905]
stock index [702] stock id ['600845.SH'] prediction [-0.15196275] truevalue [0.00439394]
stock index [703] stock id ['000338.SZ'] prediction [-0.24316713] truevalue [-0.10081585]
stock index [710] stock id ['601618.SH'] prediction [-0.17704551] truevalue [-0.12873563]
stock index [712] stock id ['000661.SZ'] prediction [-0.19255569] truevalue [0.03174834]
stock index [714] stock id ['002050.SZ'] prediction [-0.21909311] truevalue [0.02065026]
stock index [715] stock id ['300316.SZ'] prediction [-0.24396884] truevalue [0.11623932]
stock index [716] stock id ['603986.SH'] prediction [-0.1716028] truevalue [0.03869232]
stock index [724] stock id ['603659.SH'] prediction [-0.22516012] truevalue [0.05813953]
stock index [725] stock id ['601989.SH'] prediction [-0.18508813] truevalue [-0.05442177]
stock index [726] stock id ['601186.SH'] prediction [-0.17924068] truevalue [-0.07594937]
stock index [728] stock id ['300450.SZ'] prediction [-0.24613331] truevalue [0.13534804]
stock index [731] stock id ['601800.SH'] prediction [-0.16631303] truevalue [-0.14441748]
stock index [732] stock id ['002230.SZ'] prediction [-0.17221914] truevalue [0.02079395]
stock index [733] stock id ['600745.SH'] prediction [-0.22495496] truevalue [0.31005766]
stock index [734] stock id ['600089.SH'] prediction [-0.1670202] truevalue [-0.05608247]
stock index [738] stock id ['002311.SZ'] prediction [-0.20630563] truevalue [-0.04807122]
stock index [747] stock id ['601100.SH'] prediction [-0.22680093] truevalue [-0.06916529]
stock index [748] stock id ['300433.SZ'] prediction [-0.16974281] truevalue [0.00334608]
stock index [749] stock id ['601877.SH'] prediction [-0.19372075] truevalue [-0.08480565]
stock index [750] stock id ['601390.SH'] prediction [-0.20006142] truevalue [-0.06360424]
stock index [751] stock id ['600893.SH'] prediction [-0.20016712] truevalue [0.20962587]
stock index [753] stock id ['600196.SH'] prediction [-0.16290302] truevalue [0.0707457]
stock index [756] stock id ['000063.SZ'] prediction [-0.20848905] truevalue [-0.0739511]
stock index [757] stock id ['600050.SH'] prediction [-0.15597047] truevalue [-0.05596107]
stock index [762] stock id ['603806.SH'] prediction [-0.24819845] truevalue [-0.04100946]
stock index [764] stock id ['601225.SH'] prediction [0.66559509] truevalue [-0.1972973]
stock index [766] stock id ['002241.SZ'] prediction [-0.18245372] truevalue [0.20835267]
stock index [769] stock id ['300124.SZ'] prediction [-0.27156656] truevalue [0.04126984]
stock index [773] stock id ['600760.SH'] prediction [-0.20914748] truevalue [0.06789582]
stock index [775] stock id ['300122.SZ'] prediction [-0.19350776] truevalue [-0.18938298]
stock index [776] stock id ['002129.SZ'] prediction [-0.20106169] truevalue [-0.01896664]
stock index [777] stock id ['002371.SZ'] prediction [-0.23351906] truevalue [0.05824606]
stock index [778] stock id ['300274.SZ'] prediction [-0.29525232] truevalue [0.08828683]
stock index [781] stock id ['002714.SZ'] prediction [-0.31349237] truevalue [0.00963391]
stock index [782] stock id ['601766.SH'] prediction [-0.17448914] truevalue [-0.01932367]
stock index [783] stock id ['300014.SZ'] prediction [-0.27870974] truevalue [0.47672422]
stock index [784] stock id ['300760.SZ'] prediction [-0.18151494] truevalue [-0.0700275]
stock index [789] stock id ['603501.SH'] prediction [-0.18919432] truevalue [0.12270723]
stock index [790] stock id ['300015.SZ'] prediction [-0.23388341] truevalue [-0.20074906]
stock index [796] stock id ['600406.SH'] prediction [-0.21413514] truevalue [0.15316068]
stock index [797] stock id ['600436.SH'] prediction [-0.20996949] truevalue [0.18191433]
stock index [800] stock id ['601668.SH'] prediction [-0.18917547] truevalue [-0.03333333]
stock index [802] stock id ['002304.SZ'] prediction [-0.18440429] truevalue [0.04949422]
stock index [803] stock id ['600887.SH'] prediction [-0.2035087] truevalue [0.03899204]
stock index [806] stock id ['601919.SH'] prediction [-0.2357197] truevalue [0.00520833]
stock index [809] stock id ['600031.SH'] prediction [-0.28936662] truevalue [-0.13915094]
stock index [810] stock id ['002475.SZ'] prediction [-0.23098463] truevalue [0.11033324]
stock index [814] stock id ['600438.SH'] prediction [-0.18182243] truevalue [-0.11817825]
stock index [816] stock id ['000568.SZ'] prediction [-0.23912678] truevalue [0.03822547]
stock index [820] stock id ['600809.SH'] prediction [-0.31549261] truevalue [-0.01736926]
stock index [821] stock id ['601088.SH'] prediction [0.68723268] truevalue [-0.13768756]
stock index [822] stock id ['603259.SH'] prediction [-0.21050408] truevalue [-0.05759162]
stock index [825] stock id ['603288.SH'] prediction [-0.16852164] truevalue [0.02090909]
stock index [827] stock id ['600028.SH'] prediction [0.65809043] truevalue [-0.0941704]
stock index [830] stock id ['601012.SH'] prediction [-0.28927691] truevalue [0.05989331]
stock index [835] stock id ['000858.SZ'] prediction [-0.24345556] truevalue [-0.00633575]
stock index [836] stock id ['601857.SH'] prediction [0.58724848] truevalue [-0.21630616]
stock index [838] stock id ['300750.SZ'] prediction [-0.28378241] truevalue [0.2934396]
stock index [840] stock id ['600519.SH'] prediction [-0.23304839] truevalue [0.05506557]
            index       pred       true
count   10.000000  10.000000  10.000000
mean   454.600000   0.720332  -0.223600
std    241.608131   0.030731   0.097489
min    108.000000   0.687233  -0.391850
25%    282.250000   0.699218  -0.280259
50%    425.000000   0.712647  -0.226578
75%    667.750000   0.732821  -0.136274
max    821.000000   0.781332  -0.100209
TP:5, FP:27, TN:127, FN:227
-----i_month_predict:3

-----i_month_label:3_predict_changerate_price

train date: 2021-06-30
test date: 2021-09-30
-----x_train.shape:(588, 30)

-----x_test.shape:(841, 30)

-----y_train.shape:(588,)

-----y_test.shape:(841,)

-----sample_weight: None
stock index [0] stock id ['688309.SH'] prediction [-0.25383048] truevalue [-0.11030355]
stock index [1] stock id ['688051.SH'] prediction [-0.22715258] truevalue [-0.00041745]
stock index [4] stock id ['300860.SZ'] prediction [-0.29886041] truevalue [0.19749373]
stock index [5] stock id ['002947.SZ'] prediction [-0.25820067] truevalue [0.10315186]
stock index [6] stock id ['688021.SH'] prediction [-0.22001095] truevalue [0.20202911]
stock index [7] stock id ['688058.SH'] prediction [-0.20274855] truevalue [0.01443092]
stock index [8] stock id ['300887.SZ'] prediction [-0.24665157] truevalue [0.06690693]
stock index [9] stock id ['688595.SH'] prediction [-0.25071959] truevalue [0.22873684]
stock index [10] stock id ['688526.SH'] prediction [-0.25431632] truevalue [-0.06763973]
stock index [11] stock id ['688085.SH'] prediction [-0.26058108] truevalue [0.10958409]
stock index [12] stock id ['688580.SH'] prediction [-0.2100451] truevalue [0.08945386]
stock index [16] stock id ['688015.SH'] prediction [-0.23050324] truevalue [0.15266927]
stock index [18] stock id ['300010.SZ'] prediction [-0.23974081] truevalue [0.11989101]
stock index [19] stock id ['688020.SH'] prediction [-0.28203325] truevalue [0.08427568]
stock index [22] stock id ['603083.SH'] prediction [-0.24239804] truevalue [0.02679939]
stock index [23] stock id ['300888.SZ'] prediction [-0.22336401] truevalue [0.07531433]
stock index [24] stock id ['688519.SH'] prediction [-0.2282434] truevalue [0.02986726]
stock index [25] stock id ['688369.SH'] prediction [-0.17518837] truevalue [-0.0543015]
stock index [26] stock id ['002912.SZ'] prediction [-0.18104701] truevalue [-0.06480938]
stock index [28] stock id ['300872.SZ'] prediction [-0.16624586] truevalue [0.08138759]
stock index [29] stock id ['300284.SZ'] prediction [-0.23397755] truevalue [-0.00641026]
stock index [30] stock id ['002367.SZ'] prediction [-0.2023813] truevalue [-0.04092072]
stock index [32] stock id ['002697.SZ'] prediction [-0.19546787] truevalue [0.0210084]
stock index [33] stock id ['300113.SZ'] prediction [-0.1834612] truevalue [0.18388934]
stock index [34] stock id ['688198.SH'] prediction [-0.20999317] truevalue [0.05308594]
stock index [35] stock id ['603363.SH'] prediction [-0.26566541] truevalue [0.23321555]
stock index [36] stock id ['300762.SZ'] prediction [-0.30929631] truevalue [0.12636505]
stock index [37] stock id ['002376.SZ'] prediction [-0.19821599] truevalue [0.13906448]
stock index [38] stock id ['300078.SZ'] prediction [-0.26271043] truevalue [0.05409583]
stock index [39] stock id ['603018.SH'] prediction [-0.25090872] truevalue [-0.02967742]
stock index [40] stock id ['300768.SZ'] prediction [-0.19642241] truevalue [0.02654071]
stock index [41] stock id ['600285.SH'] prediction [-0.19260743] truevalue [0.18148148]
stock index [42] stock id ['002301.SZ'] prediction [-0.20388647] truevalue [-0.08900524]
stock index [43] stock id ['002567.SZ'] prediction [-0.2345349] truevalue [0.01408451]
stock index [48] stock id ['603368.SH'] prediction [-0.17220402] truevalue [-0.02268547]
stock index [49] stock id ['688368.SH'] prediction [-0.21460592] truevalue [-0.16227577]
stock index [50] stock id ['300145.SZ'] prediction [-0.2597602] truevalue [-0.028125]
stock index [51] stock id ['600976.SH'] prediction [-0.2104178] truevalue [0.24121444]
stock index [54] stock id ['300378.SZ'] prediction [-0.24439804] truevalue [0.04457452]
stock index [57] stock id ['002695.SZ'] prediction [-0.24166168] truevalue [-0.02906574]
stock index [58] stock id ['002317.SZ'] prediction [-0.18989544] truevalue [0.25102881]
stock index [60] stock id ['000915.SZ'] prediction [-0.1662002] truevalue [-0.05920602]
stock index [61] stock id ['688301.SH'] prediction [-0.25724046] truevalue [0.30850048]
stock index [62] stock id ['300663.SZ'] prediction [-0.29175725] truevalue [0.06930693]
stock index [67] stock id ['300326.SZ'] prediction [-0.18660598] truevalue [0.05847374]
stock index [72] stock id ['688390.SH'] prediction [-0.28612224] truevalue [0.17312759]
stock index [73] stock id ['300666.SZ'] prediction [-0.21445444] truevalue [0.0866588]
stock index [75] stock id ['688356.SH'] prediction [-0.25150551] truevalue [0.49224806]
stock index [76] stock id ['603328.SH'] prediction [-0.2160308] truevalue [-0.00135318]
stock index [79] stock id ['600761.SH'] prediction [-0.22904139] truevalue [0.14650284]
stock index [81] stock id ['300271.SZ'] prediction [-0.23348753] truevalue [0.07477477]
stock index [84] stock id ['300166.SZ'] prediction [-0.2907245] truevalue [0.14912281]
stock index [85] stock id ['002100.SZ'] prediction [-0.23352957] truevalue [0.03828306]
stock index [86] stock id ['000034.SZ'] prediction [-0.29163856] truevalue [0.02210663]
stock index [88] stock id ['002413.SZ'] prediction [-0.23862734] truevalue [0.15346535]
stock index [91] stock id ['603699.SH'] prediction [-0.21748362] truevalue [-0.05405405]
stock index [92] stock id ['601038.SH'] prediction [-0.30231258] truevalue [-0.00726392]
stock index [99] stock id ['002124.SZ'] prediction [-0.24152637] truevalue [0.06208054]
stock index [101] stock id ['688029.SH'] prediction [-0.20318897] truevalue [-0.03025842]
stock index [102] stock id ['300002.SZ'] prediction [-0.20361226] truevalue [-0.0017301]
stock index [104] stock id ['000976.SZ'] prediction [-0.23130345] truevalue [-0.11538462]
stock index [106] stock id ['603708.SH'] prediction [-0.20445066] truevalue [-0.03459747]
stock index [107] stock id ['000930.SZ'] prediction [-0.17267487] truevalue [0.15529179]
stock index [108] stock id ['600971.SH'] prediction [0.68672714] truevalue [-0.23687424]
stock index [109] stock id ['688018.SH'] prediction [-0.26618075] truevalue [-0.01524055]
stock index [110] stock id ['688518.SH'] prediction [-0.26077086] truevalue [0.64524677]
stock index [111] stock id ['600562.SH'] prediction [-0.15769369] truevalue [0.25219298]
stock index [112] stock id ['688366.SH'] prediction [-0.20249913] truevalue [-0.29691639]
stock index [113] stock id ['688321.SH'] prediction [-0.20435077] truevalue [-0.04470463]
stock index [114] stock id ['300598.SZ'] prediction [-0.31319663] truevalue [-0.08666926]
stock index [115] stock id ['688333.SH'] prediction [-0.33503088] truevalue [0.06227019]
stock index [116] stock id ['300394.SZ'] prediction [-0.16935038] truevalue [0.35548308]
stock index [117] stock id ['300348.SZ'] prediction [-0.19057276] truevalue [-0.03457447]
stock index [118] stock id ['300315.SZ'] prediction [-0.24487196] truevalue [0.06896552]
stock index [121] stock id ['600195.SH'] prediction [-0.19760051] truevalue [-0.01336898]
stock index [123] stock id ['002375.SZ'] prediction [-0.30925815] truevalue [-0.00268097]
stock index [129] stock id ['688006.SH'] prediction [-0.19074323] truevalue [0.4860423]
stock index [131] stock id ['002698.SZ'] prediction [-0.18763615] truevalue [0.04416404]
stock index [132] stock id ['300036.SZ'] prediction [-0.199081] truevalue [0.27557411]
stock index [133] stock id ['300182.SZ'] prediction [-0.2624328] truevalue [0.07239819]
stock index [134] stock id ['300226.SZ'] prediction [-0.17766811] truevalue [-0.26702413]
stock index [135] stock id ['002214.SZ'] prediction [-0.2106531] truevalue [0.02059087]
stock index [136] stock id ['002726.SZ'] prediction [-0.18707027] truevalue [0.14994934]
stock index [137] stock id ['002332.SZ'] prediction [-0.18283755] truevalue [0.12220149]
stock index [138] stock id ['688298.SH'] prediction [-0.16411016] truevalue [0.13034311]
stock index [139] stock id ['300123.SZ'] prediction [-0.27363575] truevalue [0.0170394]
stock index [140] stock id ['300773.SZ'] prediction [-0.16222826] truevalue [0.14880712]
stock index [141] stock id ['000049.SZ'] prediction [-0.17792109] truevalue [0.52922886]
stock index [142] stock id ['002174.SZ'] prediction [-0.21702181] truevalue [0.30887372]
stock index [143] stock id ['300068.SZ'] prediction [-0.24969683] truevalue [0.12521008]
stock index [145] stock id ['300188.SZ'] prediction [-0.20663976] truevalue [0.02910855]
stock index [146] stock id ['688009.SH'] prediction [-0.20382837] truevalue [-0.05813953]
stock index [148] stock id ['688088.SH'] prediction [-0.30402796] truevalue [0.18938656]
stock index [149] stock id ['002481.SZ'] prediction [-0.17358642] truevalue [-0.21826087]
stock index [150] stock id ['688536.SH'] prediction [-0.30914292] truevalue [0.38220683]
stock index [151] stock id ['300463.SZ'] prediction [-0.17465744] truevalue [0.08431645]
stock index [152] stock id ['300638.SZ'] prediction [-0.31586595] truevalue [0.3200093]
stock index [154] stock id ['688516.SH'] prediction [-0.30645446] truevalue [0.31661279]
stock index [156] stock id ['688017.SH'] prediction [-0.28603287] truevalue [0.28011847]
stock index [157] stock id ['603881.SH'] prediction [-0.21509844] truevalue [0.10598345]
stock index [161] stock id ['002262.SZ'] prediction [-0.16634444] truevalue [0.11087268]
stock index [162] stock id ['600718.SH'] prediction [-0.22119159] truevalue [0.19978518]
stock index [166] stock id ['002727.SZ'] prediction [-0.17044167] truevalue [0.14807437]
stock index [167] stock id ['002675.SZ'] prediction [-0.1693077] truevalue [0.11687414]
stock index [168] stock id ['300679.SZ'] prediction [-0.21537891] truevalue [0.29292221]
stock index [169] stock id ['603989.SH'] prediction [-0.18917499] truevalue [0.33292194]
stock index [172] stock id ['300630.SZ'] prediction [-0.18106335] truevalue [0.13001083]
stock index [173] stock id ['002773.SZ'] prediction [-0.18793212] truevalue [0.01745772]
stock index [174] stock id ['000528.SZ'] prediction [-0.20281777] truevalue [-0.0343075]
stock index [176] stock id ['000028.SZ'] prediction [-0.15679256] truevalue [-0.0454023]
stock index [177] stock id ['300257.SZ'] prediction [-0.24685818] truevalue [-0.13033833]
stock index [178] stock id ['600835.SH'] prediction [-0.21245666] truevalue [0.0047043]
stock index [180] stock id ['600993.SH'] prediction [-0.20624705] truevalue [-0.06259781]
stock index [183] stock id ['600123.SH'] prediction [0.70173198] truevalue [-0.27959502]
stock index [184] stock id ['688188.SH'] prediction [-0.25833756] truevalue [-0.0525212]
stock index [187] stock id ['300379.SZ'] prediction [-0.16444496] truevalue [0.09676365]
stock index [188] stock id ['000967.SZ'] prediction [-0.23244059] truevalue [0.14532374]
stock index [189] stock id ['300457.SZ'] prediction [-0.26636607] truevalue [0.43559529]
stock index [190] stock id ['002390.SZ'] prediction [-0.16316123] truevalue [-0.11734029]
stock index [192] stock id ['000848.SZ'] prediction [-0.1902758] truevalue [-0.11954625]
stock index [194] stock id ['300369.SZ'] prediction [-0.21279845] truevalue [-0.05722222]
stock index [196] stock id ['600771.SH'] prediction [-0.20946114] truevalue [0.06234143]
stock index [197] stock id ['300009.SZ'] prediction [-0.17698859] truevalue [0.10627615]
stock index [199] stock id ['002690.SZ'] prediction [-0.17410997] truevalue [0.02419143]
stock index [201] stock id ['688408.SH'] prediction [-0.27661404] truevalue [0.3742379]
stock index [202] stock id ['300244.SZ'] prediction [-0.16029652] truevalue [0.14372675]
stock index [203] stock id ['002291.SZ'] prediction [-0.17270518] truevalue [-0.12372052]
stock index [206] stock id ['600305.SH'] prediction [-0.19205801] truevalue [-0.01686122]
stock index [207] stock id ['002158.SZ'] prediction [-0.1875148] truevalue [0.25429553]
stock index [208] stock id ['603113.SH'] prediction [0.68245419] truevalue [-0.10330579]
stock index [209] stock id ['601952.SH'] prediction [-0.16461203] truevalue [0.16486752]
stock index [212] stock id ['600764.SH'] prediction [-0.1714894] truevalue [0.1877536]
stock index [215] stock id ['603355.SH'] prediction [-0.19067803] truevalue [0.2005473]
stock index [216] stock id ['002019.SZ'] prediction [-0.20469657] truevalue [0.07393244]
stock index [217] stock id ['300861.SZ'] prediction [-0.17989211] truevalue [-0.0007657]
stock index [222] stock id ['600566.SH'] prediction [-0.17880322] truevalue [0.08258528]
stock index [224] stock id ['002368.SZ'] prediction [-0.18858851] truevalue [0.19800333]
stock index [228] stock id ['300168.SZ'] prediction [-0.21690431] truevalue [-0.01980198]
stock index [232] stock id ['300502.SZ'] prediction [-0.20350088] truevalue [0.02465102]
stock index [233] stock id ['688202.SH'] prediction [-0.26475075] truevalue [-0.2091847]
stock index [234] stock id ['002127.SZ'] prediction [-0.33189605] truevalue [-0.01060606]
stock index [235] stock id ['600597.SH'] prediction [-0.189234] truevalue [-0.00503597]
stock index [236] stock id ['002745.SZ'] prediction [-0.19797689] truevalue [0.0996119]
stock index [238] stock id ['300726.SZ'] prediction [-0.17399065] truevalue [0.26694693]
stock index [239] stock id ['002281.SZ'] prediction [-0.24712827] truevalue [0.04017857]
stock index [244] stock id ['300294.SZ'] prediction [-0.18643169] truevalue [0.09401709]
stock index [246] stock id ['600216.SH'] prediction [-0.17231298] truevalue [0.04085366]
stock index [249] stock id ['600577.SH'] prediction [-0.27961495] truevalue [0.33380084]
stock index [250] stock id ['688363.SH'] prediction [-0.21310263] truevalue [-0.13222473]
stock index [255] stock id ['002273.SZ'] prediction [-0.15513327] truevalue [0.20260989]
stock index [258] stock id ['688050.SH'] prediction [-0.18654727] truevalue [-0.14126462]
stock index [263] stock id ['002041.SZ'] prediction [-0.16828054] truevalue [0.28003876]
stock index [264] stock id ['600339.SH'] prediction [0.70663394] truevalue [-0.13580247]
stock index [266] stock id ['000729.SZ'] prediction [-0.16891477] truevalue [0.03816794]
stock index [268] stock id ['300866.SZ'] prediction [-0.23990277] truevalue [0.04417671]
stock index [272] stock id ['002153.SZ'] prediction [-0.20256453] truevalue [0.11302983]
stock index [275] stock id ['603606.SH'] prediction [-0.20797457] truevalue [0.95302013]
stock index [276] stock id ['300474.SZ'] prediction [-0.20722655] truevalue [0.49566474]
stock index [278] stock id ['300088.SZ'] prediction [-0.18119177] truevalue [0.54385965]
stock index [279] stock id ['000951.SZ'] prediction [-0.23839656] truevalue [-0.09919028]
stock index [281] stock id ['002705.SZ'] prediction [-0.16919541] truevalue [0.29885683]
stock index [283] stock id ['600201.SH'] prediction [-0.18345552] truevalue [0.07372654]
stock index [284] stock id ['300418.SZ'] prediction [-0.17789502] truevalue [0.24542773]
stock index [285] stock id ['300034.SZ'] prediction [-0.20143822] truevalue [0.52731038]
stock index [286] stock id ['002747.SZ'] prediction [-0.22773257] truevalue [0.25501825]
stock index [287] stock id ['600820.SH'] prediction [-0.18417014] truevalue [-0.1079646]
stock index [288] stock id ['603588.SH'] prediction [-0.2413026] truevalue [-0.06535948]
stock index [293] stock id ['300476.SZ'] prediction [-0.20682766] truevalue [0.07605634]
stock index [295] stock id ['688388.SH'] prediction [-0.22188379] truevalue [0.139962]
stock index [297] stock id ['300458.SZ'] prediction [-0.27467175] truevalue [-0.02882759]
stock index [300] stock id ['002402.SZ'] prediction [-0.20549962] truevalue [0.29423077]
stock index [302] stock id ['002266.SZ'] prediction [-0.21759621] truevalue [-0.11640212]
stock index [304] stock id ['000591.SZ'] prediction [0.1847789] truevalue [-0.20445505]
stock index [305] stock id ['600528.SH'] prediction [-0.21223819] truevalue [-0.04]
stock index [306] stock id ['002081.SZ'] prediction [-0.24933423] truevalue [-0.09984152]
stock index [307] stock id ['002373.SZ'] prediction [-0.21797213] truevalue [-0.00338295]
stock index [308] stock id ['600667.SH'] prediction [-0.19365723] truevalue [0.02351485]
stock index [312] stock id ['000516.SZ'] prediction [-0.24371722] truevalue [-0.05618964]
stock index [313] stock id ['300115.SZ'] prediction [-0.23444555] truevalue [0.07063712]
stock index [315] stock id ['002221.SZ'] prediction [0.66587596] truevalue [-0.07127112]
stock index [316] stock id ['300327.SZ'] prediction [-0.24728635] truevalue [0.22711973]
stock index [317] stock id ['000623.SZ'] prediction [-0.15372473] truevalue [-0.02553444]
stock index [318] stock id ['600323.SH'] prediction [-0.21790289] truevalue [-0.18566038]
stock index [321] stock id ['600559.SH'] prediction [-0.1678092] truevalue [0.02697842]
stock index [322] stock id ['603128.SH'] prediction [-0.16865492] truevalue [0.02751572]
stock index [323] stock id ['002557.SZ'] prediction [-0.20197431] truevalue [0.15275387]
stock index [325] stock id ['688200.SH'] prediction [-0.20107844] truevalue [-0.02345757]
stock index [326] stock id ['300136.SZ'] prediction [-0.31846736] truevalue [0.10913931]
stock index [327] stock id ['300070.SZ'] prediction [-0.25563366] truevalue [-0.09009009]
stock index [328] stock id ['603005.SH'] prediction [-0.21618658] truevalue [0.40122728]
stock index [329] stock id ['002422.SZ'] prediction [-0.19114967] truevalue [0.05731775]
stock index [330] stock id ['000547.SZ'] prediction [-0.17741018] truevalue [0.08560053]
stock index [331] stock id ['300296.SZ'] prediction [-0.20504174] truevalue [-0.00482625]
stock index [332] stock id ['600580.SH'] prediction [-0.17423547] truevalue [0.48908954]
stock index [333] stock id ['002399.SZ'] prediction [-0.17551319] truevalue [0.03225806]
stock index [334] stock id ['600535.SH'] prediction [-0.20088674] truevalue [0.02030075]
stock index [336] stock id ['002461.SZ'] prediction [-0.15749933] truevalue [0.02908277]
stock index [337] stock id ['600583.SH'] prediction [0.72622915] truevalue [-0.10020877]
stock index [338] stock id ['002212.SZ'] prediction [-0.21030675] truevalue [0.173125]
stock index [339] stock id ['002382.SZ'] prediction [-0.16488123] truevalue [-0.06785317]
stock index [341] stock id ['002157.SZ'] prediction [-0.23070901] truevalue [0.02757158]
stock index [342] stock id ['300118.SZ'] prediction [-0.17697701] truevalue [0.86818889]
stock index [343] stock id ['603883.SH'] prediction [-0.18452168] truevalue [-0.07948718]
stock index [344] stock id ['603228.SH'] prediction [-0.1968944] truevalue [0.18394101]
stock index [345] stock id ['600498.SH'] prediction [-0.24312893] truevalue [0.00623583]
stock index [347] stock id ['002456.SZ'] prediction [-0.22393069] truevalue [0.04285714]
stock index [349] stock id ['601666.SH'] prediction [0.70237039] truevalue [-0.39184953]
stock index [350] stock id ['002439.SZ'] prediction [-0.19022738] truevalue [0.04128939]
stock index [352] stock id ['002610.SZ'] prediction [-0.17272904] truevalue [0.22921348]
stock index [353] stock id ['002507.SZ'] prediction [-0.20975757] truevalue [0.05622359]
stock index [354] stock id ['002028.SZ'] prediction [-0.17603343] truevalue [0.38473205]
stock index [356] stock id ['002558.SZ'] prediction [-0.24480361] truevalue [-0.02884615]
stock index [358] stock id ['688139.SH'] prediction [-0.28036564] truevalue [-0.2015859]
stock index [359] stock id ['002389.SZ'] prediction [-0.18595775] truevalue [0.24063401]
stock index [361] stock id ['600867.SH'] prediction [-0.17068577] truevalue [0.04942966]
stock index [362] stock id ['600879.SH'] prediction [-0.15539786] truevalue [0.13414634]
stock index [363] stock id ['600873.SH'] prediction [-0.16261177] truevalue [0.12946429]
stock index [364] stock id ['603858.SH'] prediction [-0.17087494] truevalue [0.01572668]
stock index [365] stock id ['300383.SZ'] prediction [-0.19449299] truevalue [0.14607615]
stock index [366] stock id ['002463.SZ'] prediction [-0.19270841] truevalue [0.35236396]
stock index [367] stock id ['002511.SZ'] prediction [-0.22880882] truevalue [-0.03703704]
stock index [368] stock id ['600546.SH'] prediction [-0.22727657] truevalue [-0.36190476]
stock index [369] stock id ['002065.SZ'] prediction [-0.19004092] truevalue [-0.04599212]
stock index [370] stock id ['002299.SZ'] prediction [-0.18925597] truevalue [0.01435185]
stock index [371] stock id ['000423.SZ'] prediction [-0.1916517] truevalue [0.16847516]
stock index [372] stock id ['300146.SZ'] prediction [-0.23375001] truevalue [-0.16643059]
stock index [373] stock id ['688099.SH'] prediction [-0.260821] truevalue [0.1625072]
stock index [374] stock id ['600271.SH'] prediction [-0.18068542] truevalue [0.11754828]
stock index [375] stock id ['300747.SZ'] prediction [-0.18933072] truevalue [0.10930755]
stock index [376] stock id ['600970.SH'] prediction [-0.26573753] truevalue [0.0254386]
stock index [377] stock id ['600380.SH'] prediction [-0.16171583] truevalue [0.05096661]
stock index [378] stock id ['600827.SH'] prediction [-0.24571996] truevalue [-0.08385308]
stock index [384] stock id ['000998.SZ'] prediction [-0.18145065] truevalue [0.12179188]
stock index [385] stock id ['601016.SH'] prediction [0.16801455] truevalue [-0.18884664]
stock index [389] stock id ['688598.SH'] prediction [-0.20460195] truevalue [0.04892156]
stock index [390] stock id ['300373.SZ'] prediction [-0.26406107] truevalue [0.69008079]
stock index [391] stock id ['002603.SZ'] prediction [-0.15481806] truevalue [0.03126879]
stock index [392] stock id ['600171.SH'] prediction [-0.22910557] truevalue [-0.21827837]
stock index [393] stock id ['000021.SZ'] prediction [-0.23431041] truevalue [0.09964413]
stock index [395] stock id ['600110.SH'] prediction [-0.20829841] truevalue [0.01774872]
stock index [396] stock id ['002128.SZ'] prediction [0.68828414] truevalue [-0.23699803]
stock index [398] stock id ['688208.SH'] prediction [-0.31811615] truevalue [0.06265912]
stock index [400] stock id ['600483.SH'] prediction [0.15052518] truevalue [-0.17708333]
stock index [402] stock id ['688396.SH'] prediction [-0.27668006] truevalue [0.03965142]
stock index [403] stock id ['002353.SZ'] prediction [0.65250293] truevalue [-0.19392813]
stock index [406] stock id ['600536.SH'] prediction [-0.20344519] truevalue [0.05022276]
stock index [407] stock id ['601222.SH'] prediction [0.18268037] truevalue [0.00322581]
stock index [409] stock id ['000860.SZ'] prediction [-0.19653638] truevalue [-0.09168081]
stock index [410] stock id ['002056.SZ'] prediction [-0.22397955] truevalue [0.51826484]
stock index [412] stock id ['002465.SZ'] prediction [-0.23823487] truevalue [0.01757812]
stock index [413] stock id ['300676.SZ'] prediction [-0.17469798] truevalue [0.08559022]
stock index [414] stock id ['600521.SH'] prediction [-0.21085093] truevalue [0.21788342]
stock index [415] stock id ['000513.SZ'] prediction [-0.18961636] truevalue [-0.07060036]
stock index [417] stock id ['600415.SH'] prediction [-0.17688458] truevalue [-0.0212766]
stock index [418] stock id ['002138.SZ'] prediction [-0.21633596] truevalue [0.12260536]
stock index [419] stock id ['300308.SZ'] prediction [-0.20000636] truevalue [0.0934633]
stock index [420] stock id ['000636.SZ'] prediction [-0.2120382] truevalue [0.05736823]
stock index [422] stock id ['300529.SZ'] prediction [-0.18067627] truevalue [-0.12721995]
stock index [423] stock id ['002385.SZ'] prediction [-0.1878418] truevalue [0.19973545]
stock index [424] stock id ['300896.SZ'] prediction [-0.21083478] truevalue [-0.04724954]
stock index [425] stock id ['600170.SH'] prediction [-0.21518743] truevalue [-0.24390244]
stock index [426] stock id ['688008.SH'] prediction [-0.21376968] truevalue [0.38545699]
stock index [427] stock id ['002405.SZ'] prediction [-0.19289462] truevalue [0.4137931]
stock index [428] stock id ['600522.SH'] prediction [-0.27868535] truevalue [1.04175824]
stock index [431] stock id ['688002.SH'] prediction [-0.18526667] truevalue [-0.01026226]
stock index [432] stock id ['300253.SZ'] prediction [-0.16390325] truevalue [0.08189952]
stock index [435] stock id ['600872.SH'] prediction [-0.22282107] truevalue [0.03172111]
stock index [436] stock id ['002030.SZ'] prediction [-0.16494972] truevalue [0.14378029]
stock index [439] stock id ['603866.SH'] prediction [-0.23849436] truevalue [0.06019952]
stock index [442] stock id ['300725.SZ'] prediction [-0.15478344] truevalue [-0.25512996]
stock index [443] stock id ['002531.SZ'] prediction [-0.21456452] truevalue [0.17126761]
stock index [444] stock id ['000988.SZ'] prediction [-0.2287191] truevalue [0.02704553]
stock index [446] stock id ['002025.SZ'] prediction [-0.16281511] truevalue [0.32556634]
stock index [447] stock id ['600598.SH'] prediction [-0.16055378] truevalue [-0.05874587]
stock index [448] stock id ['002384.SZ'] prediction [-0.22806553] truevalue [0.14990421]
stock index [449] stock id ['002156.SZ'] prediction [-0.2135571] truevalue [0.14865577]
stock index [450] stock id ['002010.SZ'] prediction [-0.15836203] truevalue [0.09003601]
stock index [454] stock id ['000999.SZ'] prediction [-0.16311664] truevalue [-0.13613861]
stock index [462] stock id ['002624.SZ'] prediction [-0.22448846] truevalue [0.24933687]
stock index [463] stock id ['603885.SH'] prediction [-0.15927183] truevalue [-0.02921647]
stock index [464] stock id ['600998.SH'] prediction [-0.16608393] truevalue [-0.11692506]
stock index [466] stock id ['002294.SZ'] prediction [-0.18875644] truevalue [-0.0238342]
stock index [467] stock id ['000738.SZ'] prediction [-0.1966789] truevalue [0.28375571]
stock index [468] stock id ['603444.SH'] prediction [-0.18189262] truevalue [-0.03940912]
stock index [469] stock id ['002372.SZ'] prediction [-0.27455917] truevalue [0.09769094]
stock index [470] stock id ['002555.SZ'] prediction [-0.19167143] truevalue [0.12386851]
stock index [471] stock id ['600765.SH'] prediction [-0.18497448] truevalue [0.66392634]
stock index [472] stock id ['300001.SZ'] prediction [-0.23040537] truevalue [0.178125]
stock index [473] stock id ['600711.SH'] prediction [-0.17645179] truevalue [-0.02356902]
stock index [474] stock id ['600039.SH'] prediction [-0.22904556] truevalue [0.42180095]
stock index [475] stock id ['002044.SZ'] prediction [-0.21545662] truevalue [0.00539084]
stock index [477] stock id ['603658.SH'] prediction [-0.274199] truevalue [0.05028143]
stock index [478] stock id ['601865.SH'] prediction [-0.25824748] truevalue [-0.01343445]
stock index [482] stock id ['002223.SZ'] prediction [-0.20132116] truevalue [0.11107683]
stock index [486] stock id ['600315.SH'] prediction [-0.23573302] truevalue [-0.04515393]
stock index [489] stock id ['600079.SH'] prediction [-0.18174097] truevalue [0.05406746]
stock index [492] stock id ['603712.SH'] prediction [-0.23483325] truevalue [0.00924918]
stock index [494] stock id ['300073.SZ'] prediction [-0.21430101] truevalue [0.27649208]
stock index [496] stock id ['000039.SZ'] prediction [-0.2824585] truevalue [-0.0448682]
stock index [497] stock id ['600704.SH'] prediction [-0.4632553] truevalue [-0.06481481]
stock index [498] stock id ['603589.SH'] prediction [-0.2011916] truevalue [0.31081616]
stock index [501] stock id ['600348.SH'] prediction [0.7022643] truevalue [-0.12795436]
stock index [506] stock id ['603605.SH'] prediction [-0.17964376] truevalue [0.14495677]
stock index [507] stock id ['601866.SH'] prediction [-0.16888896] truevalue [-0.17179487]
stock index [508] stock id ['000050.SZ'] prediction [-0.17801776] truevalue [-0.07885041]
stock index [511] stock id ['002602.SZ'] prediction [-0.20052787] truevalue [-0.00945946]
stock index [512] stock id ['601231.SH'] prediction [-0.21057672] truevalue [0.10966811]
stock index [515] stock id ['002430.SZ'] prediction [-0.23186229] truevalue [-0.07743989]
stock index [516] stock id ['603678.SH'] prediction [-0.18535391] truevalue [0.17859674]
stock index [521] stock id ['600875.SH'] prediction [-0.2283316] truevalue [0.1147541]
stock index [522] stock id ['603707.SH'] prediction [-0.16224431] truevalue [0.1575]
stock index [523] stock id ['600038.SH'] prediction [-0.17063351] truevalue [0.30935252]
stock index [524] stock id ['600118.SH'] prediction [-0.18074817] truevalue [-0.0325477]
stock index [528] stock id ['002185.SZ'] prediction [-0.20273184] truevalue [0.14226634]
stock index [529] stock id ['300558.SZ'] prediction [-0.15323403] truevalue [-0.11088559]
stock index [530] stock id ['603456.SH'] prediction [-0.16668047] truevalue [0.08803776]
stock index [531] stock id ['600372.SH'] prediction [-0.19495188] truevalue [0.23665049]
stock index [533] stock id ['600233.SH'] prediction [-0.1650504] truevalue [0.15721464]
stock index [534] stock id ['603338.SH'] prediction [-0.30330538] truevalue [0.16780142]
stock index [535] stock id ['600563.SH'] prediction [-0.1865545] truevalue [0.461177]
stock index [536] stock id ['601615.SH'] prediction [-0.22853533] truevalue [0.27735471]
stock index [538] stock id ['603233.SH'] prediction [-0.19958723] truevalue [-0.16859231]
stock index [539] stock id ['002444.SZ'] prediction [-0.21477639] truevalue [0.16557496]
stock index [542] stock id ['601138.SH'] prediction [-0.25491198] truevalue [-0.03872633]
stock index [543] stock id ['002568.SZ'] prediction [-0.21009683] truevalue [-0.21707612]
stock index [545] stock id ['600298.SH'] prediction [-0.19166068] truevalue [0.11660355]
stock index [546] stock id ['002841.SZ'] prediction [-0.17681887] truevalue [-0.11359285]
stock index [547] stock id ['300595.SZ'] prediction [-0.19099228] truevalue [-0.30075925]
stock index [548] stock id ['300496.SZ'] prediction [-0.17165398] truevalue [0.25377426]
stock index [549] stock id ['600739.SH'] prediction [-0.2211491] truevalue [-0.25182186]
stock index [550] stock id ['000895.SZ'] prediction [-0.25936281] truevalue [0.04825046]
stock index [551] stock id ['603568.SH'] prediction [-0.22051736] truevalue [0.30978261]
stock index [552] stock id ['601933.SH'] prediction [-0.24145666] truevalue [-0.01020408]
stock index [553] stock id ['601607.SH'] prediction [-0.16737102] truevalue [-0.03815996]
stock index [555] stock id ['603517.SH'] prediction [-0.19410488] truevalue [0.0151681]
stock index [557] stock id ['603345.SH'] prediction [-0.25010719] truevalue [-0.09526538]
stock index [560] stock id ['688012.SH'] prediction [-0.24113659] truevalue [0.05421607]
stock index [561] stock id ['002180.SZ'] prediction [-0.1862217] truevalue [0.17376171]
stock index [563] stock id ['600161.SH'] prediction [-0.18847218] truevalue [-0.06248047]
stock index [564] stock id ['603939.SH'] prediction [-0.20452334] truevalue [-0.13306452]
stock index [572] stock id ['603198.SH'] prediction [-0.20210722] truevalue [0.3328128]
stock index [574] stock id ['300012.SZ'] prediction [-0.25937654] truevalue [-0.02524655]
stock index [576] stock id ['300628.SZ'] prediction [-0.27069511] truevalue [-0.04701538]
stock index [578] stock id ['603019.SH'] prediction [-0.18946816] truevalue [0.04250559]
stock index [579] stock id ['300003.SZ'] prediction [-0.16611086] truevalue [-0.17368617]
stock index [580] stock id ['603156.SH'] prediction [-0.22782569] truevalue [-0.02771438]
stock index [582] stock id ['601808.SH'] prediction [0.63686649] truevalue [-0.15838509]
stock index [585] stock id ['002236.SZ'] prediction [-0.18832763] truevalue [0.03499157]
stock index [586] stock id ['603127.SH'] prediction [-0.21938336] truevalue [-0.11392405]
stock index [587] stock id ['600332.SH'] prediction [-0.173705] truevalue [-0.01310044]
stock index [589] stock id ['000977.SZ'] prediction [-0.16833781] truevalue [0.13955119]
stock index [590] stock id ['002008.SZ'] prediction [-0.18348344] truevalue [0.19349722]
stock index [593] stock id ['002916.SZ'] prediction [-0.24987789] truevalue [0.10736132]
stock index [598] stock id ['601699.SH'] prediction [0.66016193] truevalue [-0.28047968]
stock index [601] stock id ['600885.SH'] prediction [-0.2299097] truevalue [0.1625521]
stock index [602] stock id ['300223.SZ'] prediction [-0.20464238] truevalue [0.05906615]
stock index [604] stock id ['600068.SH'] prediction [-0.24575361] truevalue [0.]
stock index [606] stock id ['600085.SH'] prediction [-0.15377401] truevalue [0.15784439]
stock index [607] stock id ['600256.SH'] prediction [0.67130182] truevalue [-0.31451613]
stock index [608] stock id ['600862.SH'] prediction [-0.20412004] truevalue [0.12219834]
stock index [609] stock id ['002007.SZ'] prediction [-0.18174866] truevalue [0.03584229]
stock index [610] stock id ['002414.SZ'] prediction [-0.19427945] truevalue [0.04063302]
stock index [611] stock id ['002600.SZ'] prediction [-0.24243845] truevalue [0.0495356]
stock index [612] stock id ['603160.SH'] prediction [-0.19180214] truevalue [-0.00677018]
stock index [617] stock id ['600884.SH'] prediction [-0.21606694] truevalue [0.09093559]
stock index [619] stock id ['000983.SZ'] prediction [0.62366365] truevalue [-0.32715008]
stock index [620] stock id ['600009.SH'] prediction [-0.15592167] truevalue [-0.02463277]
stock index [623] stock id ['000723.SZ'] prediction [0.69316176] truevalue [0.25348189]
stock index [624] stock id ['000733.SZ'] prediction [-0.16078602] truevalue [0.20764318]
stock index [625] stock id ['000876.SZ'] prediction [-0.27857059] truevalue [-0.02642276]
stock index [626] stock id ['002013.SZ'] prediction [-0.19636277] truevalue [0.28398792]
stock index [628] stock id ['300207.SZ'] prediction [-0.24060825] truevalue [0.4157754]
stock index [632] stock id ['300759.SZ'] prediction [-0.20523944] truevalue [-0.15691008]
stock index [634] stock id ['600183.SH'] prediction [-0.20208924] truevalue [0.08956602]
stock index [635] stock id ['601799.SH'] prediction [-0.15448951] truevalue [0.19889503]
stock index [636] stock id ['600584.SH'] prediction [-0.16866036] truevalue [0.03523542]
stock index [639] stock id ['000963.SZ'] prediction [-0.20811274] truevalue [0.14184636]
stock index [640] stock id ['603369.SH'] prediction [-0.16230268] truevalue [0.24613687]
stock index [645] stock id ['000425.SZ'] prediction [-0.18560055] truevalue [-0.15164521]
stock index [649] stock id ['002202.SZ'] prediction [-0.19065975] truevalue [0.05232892]
stock index [650] stock id ['000009.SZ'] prediction [-0.28967518] truevalue [-0.07559958]
stock index [652] stock id ['688036.SH'] prediction [-0.31511366] truevalue [0.18638298]
stock index [654] stock id ['002340.SZ'] prediction [-0.19000108] truevalue [0.01073345]
stock index [655] stock id ['600779.SH'] prediction [-0.19581639] truevalue [0.02485254]
stock index [656] stock id ['600600.SH'] prediction [-0.19828313] truevalue [0.22649944]
stock index [660] stock id ['000157.SZ'] prediction [-0.20697795] truevalue [-0.15393939]
stock index [661] stock id ['603899.SH'] prediction [-0.206856] truevalue [-0.1762283]
stock index [663] stock id ['002074.SZ'] prediction [-0.19633376] truevalue [0.40071594]
stock index [665] stock id ['601727.SH'] prediction [-0.22943445] truevalue [-0.06923077]
stock index [666] stock id ['300408.SZ'] prediction [-0.2015933] truevalue [0.12398922]
stock index [667] stock id ['600132.SH'] prediction [-0.25118483] truevalue [0.10180599]
stock index [668] stock id ['300498.SZ'] prediction [-0.23474834] truevalue [0.10228058]
stock index [671] stock id ['300661.SZ'] prediction [-0.21960067] truevalue [0.03086587]
stock index [672] stock id ['300454.SZ'] prediction [-0.17317685] truevalue [-0.16368286]
stock index [673] stock id ['000799.SZ'] prediction [-0.22209023] truevalue [-0.09344851]
stock index [675] stock id ['000938.SZ'] prediction [-0.20060009] truevalue [0.03688853]
stock index [676] stock id ['601117.SH'] prediction [-0.2542054] truevalue [0.02962963]
stock index [678] stock id ['600460.SH'] prediction [-0.2155946] truevalue [0.08723069]
stock index [679] stock id ['600763.SH'] prediction [-0.19121127] truevalue [-0.34597047]
stock index [683] stock id ['688599.SH'] prediction [-0.25801863] truevalue [0.36538462]
stock index [685] stock id ['300782.SZ'] prediction [-0.23844788] truevalue [0.06477273]
stock index [689] stock id ['300347.SZ'] prediction [-0.16671756] truevalue [-0.21103448]
stock index [690] stock id ['600426.SH'] prediction [-0.15974953] truevalue [-0.10719708]
stock index [691] stock id ['601898.SH'] prediction [0.72769667] truevalue [-0.32926829]
stock index [693] stock id ['002821.SZ'] prediction [-0.17039944] truevalue [0.15077372]
stock index [694] stock id ['600188.SH'] prediction [0.67340162] truevalue [-0.21628148]
stock index [695] stock id ['601669.SH'] prediction [-0.18554543] truevalue [-0.22432113]
stock index [697] stock id ['002001.SZ'] prediction [-0.17819842] truevalue [0.08078928]
stock index [700] stock id ['000768.SZ'] prediction [-0.16543974] truevalue [0.26264905]
stock index [702] stock id ['600845.SH'] prediction [-0.18318954] truevalue [0.00439394]
stock index [703] stock id ['000338.SZ'] prediction [-0.24894606] truevalue [-0.10081585]
stock index [707] stock id ['000596.SZ'] prediction [-0.15160791] truevalue [0.06351669]
stock index [709] stock id ['601360.SH'] prediction [-0.22322102] truevalue [0.00673401]
stock index [710] stock id ['601618.SH'] prediction [-0.1966122] truevalue [-0.12873563]
stock index [714] stock id ['002050.SZ'] prediction [-0.21828572] truevalue [0.02065026]
stock index [715] stock id ['300316.SZ'] prediction [-0.26585427] truevalue [0.11623932]
stock index [716] stock id ['603986.SH'] prediction [-0.23132812] truevalue [0.03869232]
stock index [721] stock id ['002179.SZ'] prediction [-0.18379023] truevalue [0.25304729]
stock index [724] stock id ['603659.SH'] prediction [-0.21902909] truevalue [0.05813953]
stock index [725] stock id ['601989.SH'] prediction [-0.18637354] truevalue [-0.05442177]
stock index [726] stock id ['601186.SH'] prediction [-0.21773184] truevalue [-0.07594937]
stock index [728] stock id ['300450.SZ'] prediction [-0.23106961] truevalue [0.13534804]
stock index [731] stock id ['601800.SH'] prediction [-0.19190974] truevalue [-0.14441748]
stock index [732] stock id ['002230.SZ'] prediction [-0.21584446] truevalue [0.02079395]
stock index [733] stock id ['600745.SH'] prediction [-0.26060968] truevalue [0.31005766]
stock index [734] stock id ['600089.SH'] prediction [-0.20581823] truevalue [-0.05608247]
stock index [736] stock id ['688981.SH'] prediction [-0.25708169] truevalue [-0.01702899]
stock index [737] stock id ['600588.SH'] prediction [-0.1897515] truevalue [-0.01780863]
stock index [738] stock id ['002311.SZ'] prediction [-0.20297956] truevalue [-0.04807122]
stock index [747] stock id ['601100.SH'] prediction [-0.21473553] truevalue [-0.06916529]
stock index [748] stock id ['300433.SZ'] prediction [-0.21209915] truevalue [0.00334608]
stock index [749] stock id ['601877.SH'] prediction [-0.17771775] truevalue [-0.08480565]
stock index [750] stock id ['601390.SH'] prediction [-0.20701511] truevalue [-0.06360424]
stock index [751] stock id ['600893.SH'] prediction [-0.17037101] truevalue [0.20962587]
stock index [753] stock id ['600196.SH'] prediction [-0.19596428] truevalue [0.0707457]
stock index [756] stock id ['000063.SZ'] prediction [-0.24138976] truevalue [-0.0739511]
stock index [757] stock id ['600050.SH'] prediction [-0.22996061] truevalue [-0.05596107]
stock index [758] stock id ['002049.SZ'] prediction [-0.15755303] truevalue [0.11648936]
stock index [761] stock id ['600703.SH'] prediction [-0.17423355] truevalue [0.10539602]
stock index [762] stock id ['603806.SH'] prediction [-0.25154819] truevalue [-0.04100946]
stock index [764] stock id ['601225.SH'] prediction [0.66545659] truevalue [-0.1972973]
stock index [766] stock id ['002241.SZ'] prediction [-0.22087941] truevalue [0.20835267]
stock index [769] stock id ['300124.SZ'] prediction [-0.27321345] truevalue [0.04126984]
stock index [773] stock id ['600760.SH'] prediction [-0.16894661] truevalue [0.06789582]
stock index [775] stock id ['300122.SZ'] prediction [-0.18126685] truevalue [-0.18938298]
stock index [776] stock id ['002129.SZ'] prediction [-0.21863118] truevalue [-0.01896664]
stock index [777] stock id ['002371.SZ'] prediction [-0.25057711] truevalue [0.05824606]
stock index [778] stock id ['300274.SZ'] prediction [-0.26945342] truevalue [0.08828683]
stock index [781] stock id ['002714.SZ'] prediction [-0.27679144] truevalue [0.00963391]
stock index [782] stock id ['601766.SH'] prediction [-0.21340996] truevalue [-0.01932367]
stock index [783] stock id ['300014.SZ'] prediction [-0.23925775] truevalue [0.47672422]
stock index [784] stock id ['300760.SZ'] prediction [-0.15189491] truevalue [-0.0700275]
stock index [789] stock id ['603501.SH'] prediction [-0.22780351] truevalue [0.12270723]
stock index [790] stock id ['300015.SZ'] prediction [-0.1993906] truevalue [-0.20074906]
stock index [795] stock id ['000725.SZ'] prediction [-0.16529899] truevalue [-0.04554455]
stock index [796] stock id ['600406.SH'] prediction [-0.20299763] truevalue [0.15316068]
stock index [797] stock id ['600436.SH'] prediction [-0.18067454] truevalue [0.18191433]
stock index [800] stock id ['601668.SH'] prediction [-0.19647949] truevalue [-0.03333333]
stock index [802] stock id ['002304.SZ'] prediction [-0.1671395] truevalue [0.04949422]
stock index [803] stock id ['600887.SH'] prediction [-0.19624399] truevalue [0.03899204]
stock index [806] stock id ['601919.SH'] prediction [-0.26312149] truevalue [0.00520833]
stock index [809] stock id ['600031.SH'] prediction [-0.27068617] truevalue [-0.13915094]
stock index [810] stock id ['002475.SZ'] prediction [-0.25263202] truevalue [0.11033324]
stock index [814] stock id ['600438.SH'] prediction [-0.20929274] truevalue [-0.11817825]
stock index [816] stock id ['000568.SZ'] prediction [-0.20606735] truevalue [0.03822547]
stock index [820] stock id ['600809.SH'] prediction [-0.3918987] truevalue [-0.01736926]
stock index [821] stock id ['601088.SH'] prediction [0.6915878] truevalue [-0.13768756]
stock index [822] stock id ['603259.SH'] prediction [-0.19067101] truevalue [-0.05759162]
stock index [825] stock id ['603288.SH'] prediction [-0.19315563] truevalue [0.02090909]
stock index [827] stock id ['600028.SH'] prediction [0.67643939] truevalue [-0.0941704]
stock index [830] stock id ['601012.SH'] prediction [-0.2355146] truevalue [0.05989331]
stock index [835] stock id ['000858.SZ'] prediction [-0.22384] truevalue [-0.00633575]
stock index [836] stock id ['601857.SH'] prediction [0.61087091] truevalue [-0.21630616]
stock index [838] stock id ['300750.SZ'] prediction [-0.24673368] truevalue [0.2934396]
stock index [840] stock id ['600519.SH'] prediction [-0.20978841] truevalue [0.05506557]
            index       pred       true
count   10.000000  10.000000  10.000000
mean   428.900000   0.700413  -0.193672
std    266.746426   0.017065   0.107762
min    108.000000   0.676439  -0.391850
25%    222.000000   0.687942  -0.268915
50%    343.000000   0.701998  -0.136745
75%    643.500000   0.705568  -0.109468
max    827.000000   0.727697  -0.094170
TP:2, FP:23, TN:156, FN:294
