+ dates='
       2020-09-30
       2020-12-31
       2021-03-31
       2021-06-30
       2021-09-30
       '
+ past_quater_number=4
+ regress_dir=./regress_data_new_4/
+ for end_date in $dates
+ for end_date in $dates
+ python main.py 2020-09-30 ./regress_data_new_4/ 4
+ for end_date in $dates
+ for end_date in $dates
+ python main.py 2020-12-31 ./regress_data_new_4/ 4
+ for end_date in $dates
+ python main.py 2021-03-31 ./regress_data_new_4/ 4
+ python main.py 2021-06-30 ./regress_data_new_4/ 4
+ wait
+ python main.py 2021-09-30 ./regress_data_new_4/ 4
stock indicators
fund indicators
common part
>>> 2
>>> 3
>>> 4
get_stocks_industry_static_indicators
-----before filter database.describe:                 是          成长型          混合型          价值型          小盘股  \
count  4467.000000  4467.000000  4467.000000  4467.000000  4467.000000   
mean      0.067120     0.388316     0.327004     0.284680     0.560649   
std       0.056125     0.097380     0.021038     0.098820     0.095560   
min       0.037627     0.189873     0.290698     0.180837     0.321705   
25%       0.040302     0.298450     0.306343     0.187192     0.515385   
50%       0.041538     0.429891     0.325777     0.244332     0.578947   
75%       0.060729     0.472906     0.339901     0.377551     0.599496   
max       0.279070     0.512821     0.383333     0.518987     0.700434   

               中盘股          大盘股  market_value_mean  market_value_std  \
count  4467.000000  4467.000000        4467.000000       4467.000000   
mean      0.302429     0.136922          -0.124492          0.068931   
std       0.045636     0.057795           0.036923          0.007309   
min       0.230101     0.069465          -0.221214          0.049873   
25%       0.282116     0.112011          -0.134799          0.064869   
50%       0.309042     0.118388          -0.122316          0.067177   
75%       0.316923     0.152709          -0.110457          0.074719   
max       0.408333     0.321705          -0.031223          0.084571   

       fund_shareholding_mean  fund_shareholding_std  fund_number_mean  \
count             4467.000000            4467.000000       4467.000000   
mean               153.758668             117.000599         10.164251   
std                175.555792             159.042519          1.437252   
min                  3.997823               5.645730          7.649470   
25%                 11.528778              12.276697          9.311808   
50%                 94.228841              41.154096         10.156467   
75%                345.435337             118.358485         11.225386   
max                480.411353             475.293130         15.389855   

       fund_number_std  close_price_mean  close_price_std  avg_price_mean  \
count      4467.000000       1689.000000      1657.000000     1689.000000   
mean         13.451861         -0.055215         0.100415       -0.074524   
std           1.870398          0.187573         0.103479        0.182566   
min           9.818448         -0.653740         0.000000       -0.675279   
25%          12.523233         -0.159743         0.028284       -0.181280   
50%          13.538350         -0.049804         0.067833       -0.074800   
75%          14.009461          0.036247         0.142351        0.019805   
max          20.800364          1.312086         0.909854        1.181092   

       avg_price_std  turnover_rate_mean  turnover_rate_std  amplitutde_mean  \
count    1657.000000         1689.000000        1657.000000      1689.000000   
mean        0.081575            0.720322           0.730530         0.393843   
std         0.084930            1.225198           0.922286         0.680711   
min         0.000240           -0.932905           0.000567        -0.895398   
25%         0.026148           -0.085096           0.190451        -0.060115   
50%         0.058211            0.387579           0.412504         0.274834   
75%         0.108615            1.188492           0.886887         0.681371   
max         0.817238           11.554102           8.800419         6.094971   

       amplitutde_std  margin_diff_mean  margin_diff_std  \
count     1657.000000       1689.000000      1657.000000   
mean         0.621189         -0.112118         0.137509   
std          0.527898          0.980688         0.435873   
min          0.001150         -9.472952         0.000031   
25%          0.270751         -0.322497         0.034017   
50%          0.512053         -0.138073         0.077087   
75%          0.812376          0.007964         0.150511   
max          5.485268         30.101196        11.849218   

       share_ratio_of_funds_mean  share_ratio_of_funds_std  num_of_funds_mean  \
count                1344.000000               1033.000000        1344.000000   
mean                  389.659267                 81.458303           9.528609   
std                 10747.238819               1582.014735          14.814612   
min                    -0.999953                  0.000619          -0.991667   
25%                    -0.065448                  0.374666           1.382029   
50%                     0.573738                  0.801030           4.718254   
75%                     2.273366                  1.935991          11.287879   
max                387099.084211              44914.717901         156.000000   

       num_of_funds_std  fund_owner_affinity_mean  fund_owner_affinity_std  \
count       1033.000000                901.000000               901.000000   
mean          13.811857                  0.559084                 0.046707   
std           16.615393                  0.157425                 0.052721   
min            0.144308                  0.000000                 0.000000   
25%            3.889087                  0.466667                 0.000000   
50%            7.778175                  0.571396                 0.032822   
75%           16.263456                  0.669397                 0.071429   
max          115.258405                  0.931818                 0.383333   

       cyclical_industry  
count        4467.000000  
mean           -0.388852  
std             0.921404  
min            -1.000000  
25%            -1.000000  
50%            -1.000000  
75%             1.000000  
max             1.000000  

-----end_date:2020-09-30 00:00:00

/opt/workspace/xiaoying/goldenspoon/goldenspoon/goldenspoon/indicators.py:96: RuntimeWarning: Mean of empty slice.
  change_mean = stock_quater_fund_owner_affinity.mean()
/usr/local/lib/python3.8/dist-packages/numpy/core/_methods.py:189: RuntimeWarning: invalid value encountered in double_scalars
  ret = ret.dtype.type(ret / rcount)
/usr/local/lib/python3.8/dist-packages/numpy/core/_methods.py:262: RuntimeWarning: Degrees of freedom <= 0 for slice
  ret = _var(a, axis=axis, dtype=dtype, out=out, ddof=ddof,
/usr/local/lib/python3.8/dist-packages/numpy/core/_methods.py:222: RuntimeWarning: invalid value encountered in true_divide
  arrmean = um.true_divide(arrmean, div, out=arrmean, casting='unsafe',
/usr/local/lib/python3.8/dist-packages/numpy/core/_methods.py:254: RuntimeWarning: invalid value encountered in double_scalars
  ret = ret.dtype.type(ret / rcount)
-----after filter database.describe:                  是        成长型           混合型           价值型           小盘股  \
count  4.500000e+01  45.000000  4.500000e+01  4.500000e+01  4.500000e+01   
mean   9.282700e-02   0.341772  3.713080e-01  2.869198e-01  5.232068e-01   
std    1.403460e-17   0.000000  5.613842e-17  5.613842e-17  1.122768e-16   
min    9.282700e-02   0.341772  3.713080e-01  2.869198e-01  5.232068e-01   
25%    9.282700e-02   0.341772  3.713080e-01  2.869198e-01  5.232068e-01   
50%    9.282700e-02   0.341772  3.713080e-01  2.869198e-01  5.232068e-01   
75%    9.282700e-02   0.341772  3.713080e-01  2.869198e-01  5.232068e-01   
max    9.282700e-02   0.341772  3.713080e-01  2.869198e-01  5.232068e-01   

             中盘股           大盘股  market_value_mean  market_value_std  \
count  45.000000  4.500000e+01       4.500000e+01      4.500000e+01   
mean    0.329114  1.476793e-01      -2.212137e-01      7.817982e-02   
std     0.000000  2.806921e-17       2.806921e-17      1.403460e-17   
min     0.329114  1.476793e-01      -2.212137e-01      7.817982e-02   
25%     0.329114  1.476793e-01      -2.212137e-01      7.817982e-02   
50%     0.329114  1.476793e-01      -2.212137e-01      7.817982e-02   
75%     0.329114  1.476793e-01      -2.212137e-01      7.817982e-02   
max     0.329114  1.476793e-01      -2.212137e-01      7.817982e-02   

       fund_shareholding_mean  fund_shareholding_std  fund_number_mean  \
count            4.500000e+01               45.00000      4.500000e+01   
mean             3.997823e+00                5.64573      7.649470e+00   
std              4.491073e-16                0.00000      8.982147e-16   
min              3.997823e+00                5.64573      7.649470e+00   
25%              3.997823e+00                5.64573      7.649470e+00   
50%              3.997823e+00                5.64573      7.649470e+00   
75%              3.997823e+00                5.64573      7.649470e+00   
max              3.997823e+00                5.64573      7.649470e+00   

       fund_number_std  close_price_mean  close_price_std  avg_price_mean  \
count     4.500000e+01         45.000000        45.000000       45.000000   
mean      9.818448e+00         -0.169006         0.141675       -0.246576   
std       3.592859e-15          0.198525         0.099564        0.164730   
min       9.818448e+00         -0.454665         0.003359       -0.501669   
25%       9.818448e+00         -0.284282         0.067784       -0.349884   
50%       9.818448e+00         -0.207922         0.125656       -0.271692   
75%       9.818448e+00         -0.084655         0.178920       -0.167898   
max       9.818448e+00          0.384340         0.412672        0.304439   

       avg_price_std  turnover_rate_mean  turnover_rate_std  amplitutde_mean  \
count      45.000000           45.000000          45.000000        45.000000   
mean        0.116673            0.410542           0.568458         0.094726   
std         0.077819            0.718497           0.898966         0.399279   
min         0.005111           -0.301758           0.015359        -0.459173   
25%         0.060067            0.071383           0.168346        -0.164142   
50%         0.114295            0.245010           0.373407         0.022211   
75%         0.156272            0.453180           0.619905         0.275925   
max         0.371158            3.932137           6.002165         1.887543   

       amplitutde_std  margin_diff_mean  margin_diff_std  \
count       45.000000         45.000000        45.000000   
mean         0.449535         -0.193794         0.157246   
std          0.374748          0.387004         0.162857   
min          0.043307         -1.162860         0.007873   
25%          0.172824         -0.357876         0.030493   
50%          0.394639         -0.235212         0.115174   
75%          0.598318         -0.123208         0.185371   
max          1.738357          1.192607         0.639491   

       share_ratio_of_funds_mean  share_ratio_of_funds_std  num_of_funds_mean  \
count                  45.000000                 45.000000          45.000000   
mean                    0.503480                  0.584451           2.852501   
std                     0.960152                  0.349609           1.994467   
min                    -0.773192                  0.037347          -0.104714   
25%                     0.026570                  0.346752           1.253623   
50%                     0.202410                  0.501702           2.557971   
75%                     0.711829                  0.795697           4.078947   
max                     4.608311                  1.370436           7.653846   

       num_of_funds_std  fund_owner_affinity_mean  fund_owner_affinity_std  \
count         45.000000                 45.000000                45.000000   
mean           3.671849                  0.640014                 0.040964   
std            2.114949                  0.139617                 0.030984   
min            0.250626                  0.194444                 0.000000   
25%            2.132912                  0.591205                 0.018131   
50%            3.304117                  0.646002                 0.032730   
75%            4.995367                  0.720406                 0.062847   
max            8.648460                  0.931818                 0.141639   

       cyclical_industry  
count               45.0  
mean                -1.0  
std                  0.0  
min                 -1.0  
25%                 -1.0  
50%                 -1.0  
75%                 -1.0  
max                 -1.0  

stock indicators
fund indicators
common part
>>> 2
>>> 3
>>> 4
get_stocks_industry_static_indicators
-----before filter database.describe:                 是          成长型          混合型          价值型          小盘股  \
count  4467.000000  4467.000000  4467.000000  4467.000000  4467.000000   
mean      0.067120     0.388316     0.327004     0.284680     0.560649   
std       0.056125     0.097380     0.021038     0.098820     0.095560   
min       0.037627     0.189873     0.290698     0.180837     0.321705   
25%       0.040302     0.298450     0.306343     0.187192     0.515385   
50%       0.041538     0.429891     0.325777     0.244332     0.578947   
75%       0.060729     0.472906     0.339901     0.377551     0.599496   
max       0.279070     0.512821     0.383333     0.518987     0.700434   

               中盘股          大盘股  market_value_mean  market_value_std  \
count  4467.000000  4467.000000        4467.000000       4467.000000   
mean      0.302429     0.136922          -0.039518          0.113451   
std       0.045636     0.057795           0.055288          0.017628   
min       0.230101     0.069465          -0.124933          0.073271   
25%       0.282116     0.112011          -0.061221          0.105096   
50%       0.309042     0.118388          -0.059842          0.106011   
75%       0.316923     0.152709          -0.024754          0.119475   
max       0.408333     0.321705           0.130475          0.154304   

       fund_shareholding_mean  fund_shareholding_std  fund_number_mean  \
count             4467.000000            4467.000000       4467.000000   
mean                18.176274              22.787284         -0.379339   
std                 23.601564              28.828185          0.072256   
min                 -0.153427               0.529219         -0.550312   
25%                  0.691682               1.133908         -0.439195   
50%                  1.757514               1.942779         -0.345295   
75%                 56.221729              69.021272         -0.319954   
max                 56.221729              69.021272         -0.301656   

       fund_number_std  close_price_mean  close_price_std  avg_price_mean  \
count      4467.000000       1819.000000      1683.000000     1819.000000   
mean          0.726546         -0.007911         0.125287        0.005258   
std           0.076676          0.257317         0.108882        0.227457   
min           0.570263         -0.763005         0.001120       -0.730824   
25%           0.651749         -0.158430         0.053747       -0.125992   
50%           0.759413         -0.007361         0.097652        0.003351   
75%           0.776580          0.131822         0.167660        0.123231   
max           0.833043          2.413630         1.470214        1.188691   

       avg_price_std  turnover_rate_mean  turnover_rate_std  amplitutde_mean  \
count    1683.000000         1819.000000        1683.000000      1819.000000   
mean        0.121743            0.627520           0.851717         0.256981   
std         0.097079            1.171970           1.004427         1.079527   
min         0.001048           -0.941026           0.001990        -0.941183   
25%         0.056333           -0.150673           0.236865        -0.150967   
50%         0.097594            0.306158           0.505631         0.107056   
75%         0.161067            1.151581           1.084383         0.421477   
max         0.972377           11.854979          10.943357        21.039117   

       amplitutde_std  margin_diff_mean  margin_diff_std  \
count     1683.000000       1819.000000      1683.000000   
mean         0.525183         -0.180169         0.213351   
std          0.430887          4.964966         0.582731   
min          0.008168       -206.355924         0.002090   
25%          0.266822         -0.279067         0.075392   
50%          0.429467         -0.117394         0.141347   
75%          0.648718          0.036707         0.234393   
max          5.052576         36.580670        19.399739   

       share_ratio_of_funds_mean  share_ratio_of_funds_std  num_of_funds_mean  \
count                1773.000000               1337.000000        1773.000000   
mean                   13.133270                 18.825518          -0.217213   
std                   283.171173                441.074311           1.009886   
min                    -0.999752                  0.000525          -0.992308   
25%                    -0.503934                  0.234452          -0.652582   
50%                    -0.252545                  0.419153          -0.502564   
75%                     0.288351                  0.749286          -0.142857   
max                 10340.544932              14469.454632          15.000000   

       num_of_funds_std  fund_owner_affinity_mean  fund_owner_affinity_std  \
count       1337.000000                962.000000               962.000000   
mean           0.721230                  0.556200                 0.056820   
std            0.658844                  0.152551                 0.056127   
min            0.000000                  0.000000                 0.000000   
25%            0.423659                  0.474288                 0.008615   
50%            0.566369                  0.566226                 0.044180   
75%            0.771389                  0.659771                 0.086485   
max            8.557709                  0.934836                 0.383333   

       cyclical_industry  
count        4467.000000  
mean           -0.388852  
std             0.921404  
min            -1.000000  
25%            -1.000000  
50%            -1.000000  
75%             1.000000  
max             1.000000  

-----end_date:2020-12-31 00:00:00

/opt/workspace/xiaoying/goldenspoon/goldenspoon/goldenspoon/indicators.py:96: RuntimeWarning: Mean of empty slice.
  change_mean = stock_quater_fund_owner_affinity.mean()
/usr/local/lib/python3.8/dist-packages/numpy/core/_methods.py:189: RuntimeWarning: invalid value encountered in double_scalars
  ret = ret.dtype.type(ret / rcount)
/usr/local/lib/python3.8/dist-packages/numpy/core/_methods.py:262: RuntimeWarning: Degrees of freedom <= 0 for slice
  ret = _var(a, axis=axis, dtype=dtype, out=out, ddof=ddof,
/usr/local/lib/python3.8/dist-packages/numpy/core/_methods.py:222: RuntimeWarning: invalid value encountered in true_divide
  arrmean = um.true_divide(arrmean, div, out=arrmean, casting='unsafe',
/usr/local/lib/python3.8/dist-packages/numpy/core/_methods.py:254: RuntimeWarning: invalid value encountered in double_scalars
  ret = ret.dtype.type(ret / rcount)
-----after filter database.describe:                是         成长型         混合型         价值型         小盘股         中盘股  \
count  558.000000  558.000000  558.000000  558.000000  558.000000  558.000000   
mean     0.101171    0.342866    0.332060    0.325074    0.503760    0.323154   
std      0.084056    0.087545    0.027448    0.102676    0.119640    0.053130   
min      0.037627    0.189873    0.290698    0.187192    0.321705    0.230101   
25%      0.041538    0.293362    0.321274    0.256923    0.430727    0.316923   
50%      0.091837    0.341772    0.339901    0.286920    0.515385    0.329114   
75%      0.096059    0.396923    0.346154    0.410853    0.523207    0.356589   
max      0.279070    0.472906    0.383333    0.518987    0.700434    0.408333   

              大盘股  market_value_mean  market_value_std  \
count  558.000000         558.000000        558.000000   
mean     0.173086          -0.053266          0.117633   
std      0.078822           0.051079          0.023795   
min      0.069465          -0.124933          0.073271   
25%      0.147679          -0.089557          0.104161   
50%      0.152709          -0.059842          0.105380   
75%      0.173173          -0.024754          0.149881   
max      0.321705           0.130475          0.154304   

       fund_shareholding_mean  fund_shareholding_std  fund_number_mean  \
count              558.000000             558.000000        558.000000   
mean                 0.757209               1.285742         -0.432217   
std                  0.717410               0.554793          0.065993   
min                 -0.153427               0.529219         -0.550312   
25%                  0.060227               0.626262         -0.456625   
50%                  0.528757               1.381091         -0.439195   
75%                  1.757514               1.942779         -0.371733   
max                  1.965365               2.389466         -0.345295   

       fund_number_std  close_price_mean  close_price_std  avg_price_mean  \
count       558.000000        558.000000       558.000000      558.000000   
mean          0.677016         -0.066870         0.136205       -0.062759   
std           0.073209          0.252264         0.107220        0.223964   
min           0.570263         -0.685004         0.002319       -0.637781   
25%           0.648861         -0.228573         0.062031       -0.207168   
50%           0.651749         -0.067367         0.115840       -0.065191   
75%           0.755300          0.064726         0.174920        0.060613   
max           0.819213          1.234614         0.925678        1.188691   

       avg_price_std  turnover_rate_mean  turnover_rate_std  amplitutde_mean  \
count     558.000000          558.000000         558.000000       558.000000   
mean        0.130048            0.348777           0.604627         0.183422   
std         0.090944            0.916705           0.737998         0.488949   
min         0.006562           -0.901450           0.005260        -0.846015   
25%         0.062234           -0.230447           0.189547        -0.155610   
50%         0.110890            0.142114           0.352138         0.110876   
75%         0.175304            0.651799           0.705380         0.412302   
max         0.679091            7.434877           5.608930         2.134192   

       amplitutde_std  margin_diff_mean  margin_diff_std  \
count      558.000000        558.000000       558.000000   
mean         0.492927         -0.103325         0.234036   
std          0.381207          0.757348         0.441125   
min          0.015513         -6.145281         0.002090   
25%          0.257890         -0.316705         0.084996   
50%          0.402717         -0.160321         0.155241   
75%          0.595458         -0.001092         0.252430   
max          3.020013          6.707776         6.559981   

       share_ratio_of_funds_mean  share_ratio_of_funds_std  num_of_funds_mean  \
count                 558.000000                558.000000         558.000000   
mean                   -0.077652                  0.590476          -0.505928   
std                     1.036101                  0.857583           0.318499   
min                    -0.989530                  0.009356          -0.931073   
25%                    -0.513458                  0.220896          -0.670510   
50%                    -0.331052                  0.372766          -0.591663   
75%                    -0.042611                  0.619348          -0.448418   
max                     9.612718                  9.771367           1.623188   

       num_of_funds_std  fund_owner_affinity_mean  fund_owner_affinity_std  \
count        558.000000                558.000000               558.000000   
mean           0.592493                  0.562055                 0.058269   
std            0.386172                  0.158396                 0.056980   
min            0.000000                  0.000000                 0.000000   
25%            0.395254                  0.473809                 0.015933   
50%            0.506540                  0.576765                 0.045017   
75%            0.660944                  0.669948                 0.085607   
max            3.838501                  0.934836                 0.383333   

       cyclical_industry  
count         558.000000  
mean            0.025090  
std             1.000582  
min            -1.000000  
25%            -1.000000  
50%             1.000000  
75%             1.000000  
max             1.000000  

stock indicators
fund indicators
common part
>>> 2
>>> 3
>>> 4
get_stocks_industry_static_indicators
-----before filter database.describe:                 是          成长型          混合型          价值型          小盘股  \
count  4467.000000  4467.000000  4467.000000  4467.000000  4467.000000   
mean      0.067120     0.388316     0.327004     0.284680     0.560649   
std       0.056125     0.097380     0.021038     0.098820     0.095560   
min       0.037627     0.189873     0.290698     0.180837     0.321705   
25%       0.040302     0.298450     0.306343     0.187192     0.515385   
50%       0.041538     0.429891     0.325777     0.244332     0.578947   
75%       0.060729     0.472906     0.339901     0.377551     0.599496   
max       0.279070     0.512821     0.383333     0.518987     0.700434   

               中盘股          大盘股  market_value_mean  market_value_std  \
count  4467.000000  4467.000000        4467.000000       4467.000000   
mean      0.302429     0.136922           0.073804          0.095025   
std       0.045636     0.057795           0.103169          0.022909   
min       0.230101     0.069465          -0.116158          0.040863   
25%       0.282116     0.112011           0.043865          0.082914   
50%       0.309042     0.118388           0.043865          0.082914   
75%       0.316923     0.152709           0.089179          0.113879   
max       0.408333     0.321705           0.334044          0.145417   

       fund_shareholding_mean  fund_shareholding_std  fund_number_mean  \
count             4467.000000            4467.000000       4467.000000   
mean                 1.364873               1.597567         -0.362879   
std                  0.906464               0.436750          0.059727   
min                  0.028174               0.588483         -0.559626   
25%                  1.278157               1.565825         -0.386429   
50%                  1.385687               1.681819         -0.337853   
75%                  1.529338               1.927179         -0.310847   
max                  5.374536               2.336818         -0.302785   

       fund_number_std  close_price_mean  close_price_std  avg_price_mean  \
count      4467.000000       1876.000000      1781.000000     1876.000000   
mean          0.682503          0.037269         0.109775        0.068910   
std           0.064805          0.277537         0.116878        0.281894   
min           0.505060         -0.809285         0.000000       -0.804768   
25%           0.602728         -0.123132         0.037581       -0.104427   
50%           0.722200          0.053618         0.083385        0.086532   
75%           0.722969          0.190476         0.149257        0.236781   
max           0.802161          2.060799         2.884893        2.152418   

       avg_price_std  turnover_rate_mean  turnover_rate_std  amplitutde_mean  \
count    1781.000000         1876.000000        1781.000000      1876.000000   
mean        0.100481            0.371381           0.500551         0.491837   
std         0.101548            0.961128           0.698328         1.475523   
min         0.000012           -0.928996           0.000159        -0.876242   
25%         0.034203           -0.224048           0.111931        -0.154389   
50%         0.078678            0.160850           0.258426         0.240289   
75%         0.139724            0.677251           0.619130         0.764645   
max         2.281289            8.792577           5.739883        28.738740   

       amplitutde_std  margin_diff_mean  margin_diff_std  \
count     1781.000000       1876.000000      1781.000000   
mean         0.473025         -0.012707         0.307147   
std          1.524112          4.263049         4.773746   
min          0.000114       -158.975020         0.000006   
25%          0.103176         -0.233368         0.037912   
50%          0.230239          0.014902         0.087283   
75%          0.473955          0.205163         0.174127   
max         38.406014         88.300288       175.998908   

       share_ratio_of_funds_mean  share_ratio_of_funds_std  num_of_funds_mean  \
count                1806.000000               1248.000000        1806.000000   
mean                   12.076968                  1.237913          -0.197418   
std                   323.076005                  6.890387           0.869383   
min                    -0.999983                  0.000178          -0.983333   
25%                    -0.470404                  0.219617          -0.542452   
50%                    -0.198628                  0.372930          -0.403245   
75%                     0.254431                  0.636876          -0.136447   
max                 13320.518987                176.038937          11.000000   

       num_of_funds_std  fund_owner_affinity_mean  fund_owner_affinity_std  \
count       1248.000000                970.000000               970.000000   
mean           0.677626                  0.579436                 0.053655   
std            0.601914                  0.154047                 0.058374   
min            0.000000                  0.000000                 0.000000   
25%            0.449251                  0.497301                 0.000000   
50%            0.618718                  0.600000                 0.038864   
75%            0.755271                  0.690422                 0.083333   
max           13.435029                  0.942743                 0.388889   

       cyclical_industry  
count        4467.000000  
mean           -0.388852  
std             0.921404  
min            -1.000000  
25%            -1.000000  
50%            -1.000000  
75%             1.000000  
max             1.000000  

-----end_date:2021-09-30 00:00:00

/opt/workspace/xiaoying/goldenspoon/goldenspoon/goldenspoon/indicators.py:96: RuntimeWarning: Mean of empty slice.
  change_mean = stock_quater_fund_owner_affinity.mean()
/usr/local/lib/python3.8/dist-packages/numpy/core/_methods.py:189: RuntimeWarning: invalid value encountered in double_scalars
  ret = ret.dtype.type(ret / rcount)
/usr/local/lib/python3.8/dist-packages/numpy/core/_methods.py:262: RuntimeWarning: Degrees of freedom <= 0 for slice
  ret = _var(a, axis=axis, dtype=dtype, out=out, ddof=ddof,
/usr/local/lib/python3.8/dist-packages/numpy/core/_methods.py:222: RuntimeWarning: invalid value encountered in true_divide
  arrmean = um.true_divide(arrmean, div, out=arrmean, casting='unsafe',
/usr/local/lib/python3.8/dist-packages/numpy/core/_methods.py:254: RuntimeWarning: invalid value encountered in double_scalars
  ret = ret.dtype.type(ret / rcount)
-----after filter database.describe:                是         成长型         混合型         价值型         小盘股         中盘股  \
count  853.000000  853.000000  853.000000  853.000000  853.000000  853.000000   
mean     0.082781    0.392564    0.326793    0.280642    0.532222    0.314707   
std      0.071501    0.094300    0.023708    0.098035    0.102262    0.044334   
min      0.037627    0.189873    0.290698    0.180837    0.321705    0.230101   
25%      0.040302    0.298450    0.306343    0.187192    0.472906    0.282116   
50%      0.060729    0.429891    0.325777    0.244332    0.523207    0.316923   
75%      0.092827    0.472906    0.346154    0.325000    0.599496    0.356589   
max      0.279070    0.512821    0.383333    0.518987    0.700434    0.408333   

              大盘股  market_value_mean  market_value_std  \
count  853.000000         853.000000        853.000000   
mean     0.153071           0.078658          0.095504   
std      0.067971           0.105985          0.023600   
min      0.069465          -0.116158          0.040863   
25%      0.112011           0.041556          0.076592   
50%      0.147679           0.069342          0.082914   
75%      0.167692           0.161132          0.113879   
max      0.321705           0.334044          0.145417   

       fund_shareholding_mean  fund_shareholding_std  fund_number_mean  \
count              853.000000             853.000000        853.000000   
mean                 1.157532               1.481408         -0.372363   
std                  0.919692               0.499517          0.060474   
min                  0.028174               0.588483         -0.559626   
25%                  0.399527               1.076066         -0.426699   
50%                  1.278157               1.681819         -0.356475   
75%                  1.529338               1.841292         -0.329227   
max                  5.374536               2.336818         -0.302785   

       fund_number_std  close_price_mean  close_price_std  avg_price_mean  \
count       853.000000        853.000000       853.000000      853.000000   
mean          0.671711         -0.000018         0.112044        0.013331   
std           0.067660          0.299068         0.100727        0.291776   
min           0.505060         -0.708022         0.000000       -0.686256   
25%           0.595291         -0.195982         0.037576       -0.189118   
50%           0.698655         -0.009640         0.086364        0.003147   
75%           0.722200          0.178930         0.158354        0.182163   
max           0.802161          1.681298         1.081237        1.838816   

       avg_price_std  turnover_rate_mean  turnover_rate_std  amplitutde_mean  \
count     853.000000          853.000000         853.000000       853.000000   
mean        0.097097            0.276759           0.380143         0.252143   
std         0.088235            0.723967           0.494449         0.632066   
min         0.000012           -0.928996           0.000971        -0.866342   
25%         0.032655           -0.170685           0.101832        -0.200442   
50%         0.076224            0.135238           0.216979         0.148554   
75%         0.133112            0.531283           0.459620         0.613724   
max         0.985340            4.997454           3.790684         3.876321   

       amplitutde_std  margin_diff_mean  margin_diff_std  \
count      853.000000        853.000000       853.000000   
mean         0.330018         -0.035042         0.180574   
std          0.387450          0.771558         0.385937   
min          0.000114         -6.171049         0.000087   
25%          0.091634         -0.307575         0.041667   
50%          0.209085         -0.071728         0.097291   
75%          0.424044          0.155505         0.192589   
max          3.223114          7.700875         8.017055   

       share_ratio_of_funds_mean  share_ratio_of_funds_std  num_of_funds_mean  \
count                 853.000000                853.000000         853.000000   
mean                   -0.079277                  0.461525          -0.440358   
std                     0.967298                  0.618144           0.222342   
min                    -0.994079                  0.000178          -0.919922   
25%                    -0.480407                  0.214971          -0.580357   
50%                    -0.278439                  0.341186          -0.464534   
75%                     0.011257                  0.532971          -0.342508   
max                     9.091466                  9.437938           1.250000   

       num_of_funds_std  fund_owner_affinity_mean  fund_owner_affinity_std  \
count        853.000000                853.000000               853.000000   
mean           0.606920                  0.581688                 0.059580   
std            0.234991                  0.154704                 0.058767   
min            0.020203                  0.000000                 0.000000   
25%            0.452752                  0.500000                 0.015615   
50%            0.599698                  0.600449                 0.046479   
75%            0.729436                  0.692308                 0.087703   
max            2.121320                  0.942743                 0.388889   

       cyclical_industry  
count         853.000000  
mean           -0.284877  
std             0.959126  
min            -1.000000  
25%            -1.000000  
50%            -1.000000  
75%             1.000000  
max             1.000000  

stock indicators
fund indicators
common part
>>> 2
>>> 3
>>> 4
get_stocks_industry_static_indicators
-----before filter database.describe:                 是          成长型          混合型          价值型          小盘股  \
count  4467.000000  4467.000000  4467.000000  4467.000000  4467.000000   
mean      0.067120     0.388316     0.327004     0.284680     0.560649   
std       0.056125     0.097380     0.021038     0.098820     0.095560   
min       0.037627     0.189873     0.290698     0.180837     0.321705   
25%       0.040302     0.298450     0.306343     0.187192     0.515385   
50%       0.041538     0.429891     0.325777     0.244332     0.578947   
75%       0.060729     0.472906     0.339901     0.377551     0.599496   
max       0.279070     0.512821     0.383333     0.518987     0.700434   

               中盘股          大盘股  market_value_mean  market_value_std  \
count  4467.000000  4467.000000        4467.000000       4467.000000   
mean      0.302429     0.136922          -0.039518          0.113451   
std       0.045636     0.057795           0.055288          0.017628   
min       0.230101     0.069465          -0.124933          0.073271   
25%       0.282116     0.112011          -0.061221          0.105096   
50%       0.309042     0.118388          -0.059842          0.106011   
75%       0.316923     0.152709          -0.024754          0.119475   
max       0.408333     0.321705           0.130475          0.154304   

       fund_shareholding_mean  fund_shareholding_std  fund_number_mean  \
count             4467.000000            4467.000000       4467.000000   
mean                18.176274              22.787284         -0.379339   
std                 23.601564              28.828185          0.072256   
min                 -0.153427               0.529219         -0.550312   
25%                  0.691682               1.133908         -0.439195   
50%                  1.757514               1.942779         -0.345295   
75%                 56.221729              69.021272         -0.319954   
max                 56.221729              69.021272         -0.301656   

       fund_number_std  close_price_mean  close_price_std  avg_price_mean  \
count      4467.000000       1819.000000      1683.000000     1819.000000   
mean          0.726546         -0.007911         0.125287        0.005258   
std           0.076676          0.257317         0.108882        0.227457   
min           0.570263         -0.763005         0.001120       -0.730824   
25%           0.651749         -0.158430         0.053747       -0.125992   
50%           0.759413         -0.007361         0.097652        0.003351   
75%           0.776580          0.131822         0.167660        0.123231   
max           0.833043          2.413630         1.470214        1.188691   

       avg_price_std  turnover_rate_mean  turnover_rate_std  amplitutde_mean  \
count    1683.000000         1819.000000        1683.000000      1819.000000   
mean        0.121743            0.627520           0.851717         0.256981   
std         0.097079            1.171970           1.004427         1.079527   
min         0.001048           -0.941026           0.001990        -0.941183   
25%         0.056333           -0.150673           0.236865        -0.150967   
50%         0.097594            0.306158           0.505631         0.107056   
75%         0.161067            1.151581           1.084383         0.421477   
max         0.972377           11.854979          10.943357        21.039117   

       amplitutde_std  margin_diff_mean  margin_diff_std  \
count     1683.000000       1819.000000      1683.000000   
mean         0.525183         -0.180169         0.213351   
std          0.430887          4.964966         0.582731   
min          0.008168       -206.355924         0.002090   
25%          0.266822         -0.279067         0.075392   
50%          0.429467         -0.117394         0.141347   
75%          0.648718          0.036707         0.234393   
max          5.052576         36.580670        19.399739   

       share_ratio_of_funds_mean  share_ratio_of_funds_std  num_of_funds_mean  \
count                1773.000000               1337.000000        1773.000000   
mean                   13.133270                 18.825518          -0.217213   
std                   283.171173                441.074311           1.009886   
min                    -0.999752                  0.000525          -0.992308   
25%                    -0.503934                  0.234452          -0.652582   
50%                    -0.252545                  0.419153          -0.502564   
75%                     0.288351                  0.749286          -0.142857   
max                 10340.544932              14469.454632          15.000000   

       num_of_funds_std  fund_owner_affinity_mean  fund_owner_affinity_std  \
count       1337.000000                962.000000               962.000000   
mean           0.721230                  0.556200                 0.056820   
std            0.658844                  0.152551                 0.056127   
min            0.000000                  0.000000                 0.000000   
25%            0.423659                  0.474288                 0.008615   
50%            0.566369                  0.566226                 0.044180   
75%            0.771389                  0.659771                 0.086485   
max            8.557709                  0.934836                 0.383333   

       cyclical_industry  
count        4467.000000  
mean           -0.388852  
std             0.921404  
min            -1.000000  
25%            -1.000000  
50%            -1.000000  
75%             1.000000  
max             1.000000  

-----end_date:2021-03-31 00:00:00

/opt/workspace/xiaoying/goldenspoon/goldenspoon/goldenspoon/indicators.py:96: RuntimeWarning: Mean of empty slice.
  change_mean = stock_quater_fund_owner_affinity.mean()
/usr/local/lib/python3.8/dist-packages/numpy/core/_methods.py:189: RuntimeWarning: invalid value encountered in double_scalars
  ret = ret.dtype.type(ret / rcount)
/usr/local/lib/python3.8/dist-packages/numpy/core/_methods.py:262: RuntimeWarning: Degrees of freedom <= 0 for slice
  ret = _var(a, axis=axis, dtype=dtype, out=out, ddof=ddof,
/usr/local/lib/python3.8/dist-packages/numpy/core/_methods.py:222: RuntimeWarning: invalid value encountered in true_divide
  arrmean = um.true_divide(arrmean, div, out=arrmean, casting='unsafe',
/usr/local/lib/python3.8/dist-packages/numpy/core/_methods.py:254: RuntimeWarning: invalid value encountered in double_scalars
  ret = ret.dtype.type(ret / rcount)
-----after filter database.describe:                是         成长型         混合型         价值型         小盘股         中盘股  \
count  558.000000  558.000000  558.000000  558.000000  558.000000  558.000000   
mean     0.101171    0.342866    0.332060    0.325074    0.503760    0.323154   
std      0.084056    0.087545    0.027448    0.102676    0.119640    0.053130   
min      0.037627    0.189873    0.290698    0.187192    0.321705    0.230101   
25%      0.041538    0.293362    0.321274    0.256923    0.430727    0.316923   
50%      0.091837    0.341772    0.339901    0.286920    0.515385    0.329114   
75%      0.096059    0.396923    0.346154    0.410853    0.523207    0.356589   
max      0.279070    0.472906    0.383333    0.518987    0.700434    0.408333   

              大盘股  market_value_mean  market_value_std  \
count  558.000000         558.000000        558.000000   
mean     0.173086          -0.053266          0.117633   
std      0.078822           0.051079          0.023795   
min      0.069465          -0.124933          0.073271   
25%      0.147679          -0.089557          0.104161   
50%      0.152709          -0.059842          0.105380   
75%      0.173173          -0.024754          0.149881   
max      0.321705           0.130475          0.154304   

       fund_shareholding_mean  fund_shareholding_std  fund_number_mean  \
count              558.000000             558.000000        558.000000   
mean                 0.757209               1.285742         -0.432217   
std                  0.717410               0.554793          0.065993   
min                 -0.153427               0.529219         -0.550312   
25%                  0.060227               0.626262         -0.456625   
50%                  0.528757               1.381091         -0.439195   
75%                  1.757514               1.942779         -0.371733   
max                  1.965365               2.389466         -0.345295   

       fund_number_std  close_price_mean  close_price_std  avg_price_mean  \
count       558.000000        558.000000       558.000000      558.000000   
mean          0.677016         -0.066870         0.136205       -0.062759   
std           0.073209          0.252264         0.107220        0.223964   
min           0.570263         -0.685004         0.002319       -0.637781   
25%           0.648861         -0.228573         0.062031       -0.207168   
50%           0.651749         -0.067367         0.115840       -0.065191   
75%           0.755300          0.064726         0.174920        0.060613   
max           0.819213          1.234614         0.925678        1.188691   

       avg_price_std  turnover_rate_mean  turnover_rate_std  amplitutde_mean  \
count     558.000000          558.000000         558.000000       558.000000   
mean        0.130048            0.348777           0.604627         0.183422   
std         0.090944            0.916705           0.737998         0.488949   
min         0.006562           -0.901450           0.005260        -0.846015   
25%         0.062234           -0.230447           0.189547        -0.155610   
50%         0.110890            0.142114           0.352138         0.110876   
75%         0.175304            0.651799           0.705380         0.412302   
max         0.679091            7.434877           5.608930         2.134192   

       amplitutde_std  margin_diff_mean  margin_diff_std  \
count      558.000000        558.000000       558.000000   
mean         0.492927         -0.103325         0.234036   
std          0.381207          0.757348         0.441125   
min          0.015513         -6.145281         0.002090   
25%          0.257890         -0.316705         0.084996   
50%          0.402717         -0.160321         0.155241   
75%          0.595458         -0.001092         0.252430   
max          3.020013          6.707776         6.559981   

       share_ratio_of_funds_mean  share_ratio_of_funds_std  num_of_funds_mean  \
count                 558.000000                558.000000         558.000000   
mean                   -0.077652                  0.590476          -0.505928   
std                     1.036101                  0.857583           0.318499   
min                    -0.989530                  0.009356          -0.931073   
25%                    -0.513458                  0.220896          -0.670510   
50%                    -0.331052                  0.372766          -0.591663   
75%                    -0.042611                  0.619348          -0.448418   
max                     9.612718                  9.771367           1.623188   

       num_of_funds_std  fund_owner_affinity_mean  fund_owner_affinity_std  \
count        558.000000                558.000000               558.000000   
mean           0.592493                  0.562055                 0.058269   
std            0.386172                  0.158396                 0.056980   
min            0.000000                  0.000000                 0.000000   
25%            0.395254                  0.473809                 0.015933   
50%            0.506540                  0.576765                 0.045017   
75%            0.660944                  0.669948                 0.085607   
max            3.838501                  0.934836                 0.383333   

       cyclical_industry  
count         558.000000  
mean            0.025090  
std             1.000582  
min            -1.000000  
25%            -1.000000  
50%             1.000000  
75%             1.000000  
max             1.000000  

stock indicators
fund indicators
common part
>>> 2
>>> 3
>>> 4
get_stocks_industry_static_indicators
-----before filter database.describe:                 是          成长型          混合型          价值型          小盘股  \
count  4467.000000  4467.000000  4467.000000  4467.000000  4467.000000   
mean      0.067120     0.388316     0.327004     0.284680     0.560649   
std       0.056125     0.097380     0.021038     0.098820     0.095560   
min       0.037627     0.189873     0.290698     0.180837     0.321705   
25%       0.040302     0.298450     0.306343     0.187192     0.515385   
50%       0.041538     0.429891     0.325777     0.244332     0.578947   
75%       0.060729     0.472906     0.339901     0.377551     0.599496   
max       0.279070     0.512821     0.383333     0.518987     0.700434   

               中盘股          大盘股  market_value_mean  market_value_std  \
count  4467.000000  4467.000000        4467.000000       4467.000000   
mean      0.302429     0.136922           0.040766          0.122282   
std       0.045636     0.057795           0.108926          0.017324   
min       0.230101     0.069465          -0.137672          0.072520   
25%       0.282116     0.112011           0.010237          0.115160   
50%       0.309042     0.118388           0.010237          0.119284   
75%       0.316923     0.152709           0.054207          0.136251   
max       0.408333     0.321705           0.334410          0.152439   

       fund_shareholding_mean  fund_shareholding_std  fund_number_mean  \
count             4467.000000            4467.000000       4467.000000   
mean                24.262662              16.162773          0.065595   
std                 41.568132              20.747334          0.142717   
min                  0.703634               1.116159         -0.196957   
25%                  5.451637               4.686416         -0.026337   
50%                  5.451637               6.999802          0.106642   
75%                 12.692347              14.459440          0.189924   
max                121.263773              63.850614          0.189924   

       fund_number_std  close_price_mean  close_price_std  avg_price_mean  \
count      4467.000000       1876.000000      1813.000000     1876.000000   
mean          0.721479          0.037513         0.137949        0.054856   
std           0.128150          0.310403         0.129489        0.308264   
min           0.530895         -0.831308         0.002162       -0.825261   
25%           0.615199         -0.151419         0.056866       -0.135783   
50%           0.736754          0.052176         0.107382        0.068059   
75%           0.871850          0.204147         0.180389        0.227624   
max           0.871850          2.241730         2.041987        2.311817   

       avg_price_std  turnover_rate_mean  turnover_rate_std  amplitutde_mean  \
count    1813.000000         1876.000000        1813.000000      1876.000000   
mean        0.127203            0.463026           0.712825         0.453950   
std         0.108137            1.056957           0.887191         1.464030   
min         0.002977           -0.920108           0.001172        -0.887036   
25%         0.059880           -0.197496           0.206696        -0.180780   
50%         0.101691            0.193877           0.423224         0.211466   
75%         0.163612            0.803750           0.844552         0.702834   
max         1.616269            8.792577           9.471633        28.738740   

       amplitutde_std  margin_diff_mean  margin_diff_std  \
count     1813.000000       1876.000000      1813.000000   
mean         0.575286         -0.064998         0.343464   
std          1.507593          4.489173         4.470685   
min          0.000259       -170.695663         0.001212   
25%          0.186701         -0.271050         0.080744   
50%          0.349029         -0.028342         0.140595   
75%          0.605905          0.165238         0.234096   
max         38.406014         88.300288       175.998908   

       share_ratio_of_funds_mean  share_ratio_of_funds_std  num_of_funds_mean  \
count                1850.000000               1732.000000        1850.000000   
mean                   16.909631                 11.778387           0.085005   
std                   469.023437                236.393081           1.410404   
min                    -0.999543                  0.000000          -0.938596   
25%                    -0.427193                  0.210989          -0.434868   
50%                    -0.089930                  0.406818          -0.241295   
75%                     0.562224                  0.842620           0.105186   
max                 19964.784810               9396.410839          22.500000   

       num_of_funds_std  fund_owner_affinity_mean  fund_owner_affinity_std  \
count       1732.000000               1027.000000              1027.000000   
mean           0.715746                  0.573993                 0.061263   
std            1.334844                  0.147100                 0.059892   
min            0.000000                  0.000000                 0.000000   
25%            0.314198                  0.490832                 0.000000   
50%            0.509888                  0.584187                 0.049070   
75%            0.707107                  0.680027                 0.092859   
max           27.577164                  0.940266                 0.350000   

       cyclical_industry  
count        4467.000000  
mean           -0.388852  
std             0.921404  
min            -1.000000  
25%            -1.000000  
50%            -1.000000  
75%             1.000000  
max             1.000000  

-----end_date:2021-06-30 00:00:00

/opt/workspace/xiaoying/goldenspoon/goldenspoon/goldenspoon/indicators.py:96: RuntimeWarning: Mean of empty slice.
  change_mean = stock_quater_fund_owner_affinity.mean()
/usr/local/lib/python3.8/dist-packages/numpy/core/_methods.py:189: RuntimeWarning: invalid value encountered in double_scalars
  ret = ret.dtype.type(ret / rcount)
/usr/local/lib/python3.8/dist-packages/numpy/core/_methods.py:262: RuntimeWarning: Degrees of freedom <= 0 for slice
  ret = _var(a, axis=axis, dtype=dtype, out=out, ddof=ddof,
/usr/local/lib/python3.8/dist-packages/numpy/core/_methods.py:222: RuntimeWarning: invalid value encountered in true_divide
  arrmean = um.true_divide(arrmean, div, out=arrmean, casting='unsafe',
/usr/local/lib/python3.8/dist-packages/numpy/core/_methods.py:254: RuntimeWarning: invalid value encountered in double_scalars
  ret = ret.dtype.type(ret / rcount)
-----after filter database.describe:                是         成长型         混合型         价值型         小盘股         中盘股  \
count  665.000000  665.000000  665.000000  665.000000  665.000000  665.000000   
mean     0.083402    0.405328    0.320332    0.274341    0.522778    0.313128   
std      0.081286    0.085888    0.022700    0.090232    0.100314    0.033958   
min      0.040302    0.189873    0.290698    0.180837    0.321705    0.234694   
25%      0.040302    0.316327    0.306343    0.244332    0.515385    0.282116   
50%      0.058333    0.429891    0.325777    0.244332    0.578947    0.309042   
75%      0.060729    0.429891    0.346154    0.325000    0.599496    0.316923   
max      0.279070    0.512821    0.383333    0.518987    0.663265    0.408333   

              大盘股  market_value_mean  market_value_std  \
count  665.000000         665.000000        665.000000   
mean     0.164094           0.050373          0.119916   
std      0.072911           0.134497          0.020223   
min      0.102041          -0.137672          0.072520   
25%      0.112011          -0.108110          0.107280   
50%      0.118388           0.010237          0.115160   
75%      0.167692           0.213897          0.146356   
max      0.321705           0.334410          0.152439   

       fund_shareholding_mean  fund_shareholding_std  fund_number_mean  \
count              665.000000             665.000000        665.000000   
mean                 4.807199               5.290231          0.051028   
std                  2.421258               2.376784          0.161423   
min                  0.703634               1.116159         -0.196957   
25%                  4.311587               4.296526         -0.189939   
50%                  5.451637               6.999802          0.183570   
75%                  5.790880               6.999802          0.189924   
max                  7.870668               7.555465          0.189924   

       fund_number_std  close_price_mean  close_price_std  avg_price_mean  \
count       665.000000        665.000000       665.000000      665.000000   
mean          0.726561         -0.026450         0.143649       -0.018627   
std           0.137985          0.323238         0.126573        0.314714   
min           0.530895         -0.766317         0.002162       -0.745565   
25%           0.590600         -0.252719         0.058020       -0.244630   
50%           0.816087         -0.029597         0.114489       -0.014540   
75%           0.871850          0.156109         0.187672        0.166021   
max           0.871850          2.241730         1.423501        2.311817   

       avg_price_std  turnover_rate_mean  turnover_rate_std  amplitutde_mean  \
count     665.000000          665.000000         665.000000       665.000000   
mean        0.130407            0.285661           0.532976         0.199138   
std         0.104620            0.783306           0.574699         0.612520   
min         0.002977           -0.920108           0.001746        -0.887036   
25%         0.060221           -0.200117           0.190161        -0.251377   
50%         0.107982            0.112449           0.360283         0.103868   
75%         0.169712            0.563615           0.689734         0.557331   
max         1.156775            4.830723           5.487787         2.797363   

       amplitutde_std  margin_diff_mean  margin_diff_std  \
count      665.000000        665.000000       665.000000   
mean         0.424903         -0.073500         0.213952   
std          0.377791          0.608460         0.296037   
min          0.000259         -2.156961         0.003392   
25%          0.168558         -0.343479         0.084225   
50%          0.313422         -0.100239         0.143528   
75%          0.549432          0.103110         0.237719   
max          2.278155          6.912586         4.075251   

       share_ratio_of_funds_mean  share_ratio_of_funds_std  num_of_funds_mean  \
count                 665.000000                665.000000         665.000000   
mean                    0.063393                  0.602111          -0.275396   
std                     1.100089                  0.909838           0.371899   
min                    -0.994079                  0.001973          -0.925170   
25%                    -0.472933                  0.215062          -0.514019   
50%                    -0.205353                  0.362536          -0.317739   
75%                     0.159743                  0.600344          -0.123188   
max                     9.364754                  9.932778           2.000000   

       num_of_funds_std  fund_owner_affinity_mean  fund_owner_affinity_std  \
count        665.000000                665.000000               665.000000   
mean           0.554553                  0.567839                 0.067100   
std            0.347442                  0.150540                 0.060595   
min            0.000000                  0.000000                 0.000000   
25%            0.364642                  0.481481                 0.017412   
50%            0.517258                  0.578526                 0.058358   
75%            0.654716                  0.678180                 0.101015   
max            3.699662                  0.909091                 0.330364   

       cyclical_industry  
count         665.000000  
mean           -0.097744  
std             0.995961  
min            -1.000000  
25%            -1.000000  
50%            -1.000000  
75%             1.000000  
max             1.000000  

