('是', -1.6488334627090768)
('成长型', 0.21938031559402812)
('混合型', -0.14531818485982287)
('价值型', -0.07406213073420434)
('小盘股', -0.15553747502547524)
('中盘股', -1.4768818937498895)
('大盘股', 1.6324193687753685)
('market_value_mean', 0.20768682024273077)
('market_value_std', 1.659727788319196)
('fund_shareholding_mean', -0.10160430379100757)
('fund_shareholding_std', 0.05386498652099435)
('fund_number_mean', -0.3936077948595081)
('fund_number_std', 0.37313208675620685)
('close_price_mean', -0.17750482900241193)
('close_price_std', 0.29001425738836767)
('avg_price_mean', 0.04766379615373268)
('avg_price_std', -0.3047638217665175)
('turnover_rate_mean', -0.010926192331948541)
('turnover_rate_std', -0.006670828133788895)
('amplitutde_mean', 0.0042870712613512305)
('amplitutde_std', 0.010473550363073847)
('margin_diff_mean', 0.001960368370473955)
('margin_diff_std', 0.0015763738138760406)
('share_ratio_of_funds_mean', -0.001737025122761306)
('share_ratio_of_funds_std', 0.01148859173709019)
('num_of_funds_mean', -0.006381560340828188)
('num_of_funds_std', 0.00552875598406281)
('fund_owner_affinity_mean', 0.005838458910062853)
('fund_owner_affinity_std', -0.019472501165569887)
('cyclical_industry', 0.00013005032279035655)
