('market_value_mean', -0.002279522692077226)
('market_value_std', 0.3865971739555399)
('fund_shareholding_mean', 0.08825001579323576)
('fund_shareholding_std', -0.0787238585961642)
('fund_number_mean', -0.25810840281402564)
('fund_number_std', 0.22896758824992672)
('close_price_mean', -0.15029101415570373)
('close_price_std', 0.29432532395741323)
('avg_price_mean', -0.049453181869149196)
('avg_price_std', -0.30690077644921526)
('turnover_rate_mean', -0.013075495611996843)
('turnover_rate_std', -0.01419059287916513)
('amplitutde_mean', 0.019247800719183927)
('amplitutde_std', 0.019102714783268655)
('margin_diff_mean', -0.005609521970642144)
('margin_diff_std', 0.006055973953862724)
('share_ratio_of_funds_mean', -0.005389327673976649)
('share_ratio_of_funds_std', 0.016831150701554668)
('num_of_funds_mean', -0.0007938204367009923)
('num_of_funds_std', 0.006529897926577686)
('fund_owner_affinity_mean', 0.003467667363691972)
('fund_owner_affinity_std', 0.05048315853318248)
('cyclical_industry', -0.027999698722913455)
