('是', -0.10038928022131854)
('成长型', -0.30606670094541366)
('混合型', -0.5246657174220434)
('价值型', 0.8307324183674637)
('小盘股', -0.07274563767053956)
('中盘股', -0.27532351447984)
('大盘股', 0.3480691521503759)
('market_value_mean', 0.8410232344303971)
('market_value_std', 0.4300807591346517)
('fund_shareholding_mean', -0.7743246375688145)
('fund_shareholding_std', 0.5619994876419223)
('fund_number_mean', 0.9188697513149028)
('fund_number_std', 0.8596630979283685)
('close_price_mean', -0.3196843253494687)
('close_price_std', 0.25971645065362525)
('avg_price_mean', 0.3695023157955359)
('avg_price_std', -0.3398811448508887)
('turnover_rate_mean', 0.009618679143874773)
('turnover_rate_std', -0.0025060713578016983)
('amplitutde_mean', -0.056213291026328924)
('amplitutde_std', 0.009401712605151201)
('margin_diff_mean', -0.002210204611666143)
('margin_diff_std', -0.01947928761395824)
('share_ratio_of_funds_mean', 0.06033089130473307)
('share_ratio_of_funds_std', -0.028998003129711288)
('num_of_funds_mean', -0.14011094327919926)
('num_of_funds_std', 0.08860306482477504)
('fund_owner_affinity_mean', -0.03792569394511826)
('fund_owner_affinity_std', -0.23372419610819614)
('cyclical_industry', 0.07390318223029743)
