('是', -0.1645055726009784)
('成长型', 0.09792234093842522)
('混合型', -0.18409723596823735)
('价值型', 0.08617489502981342)
('小盘股', 0.1718598230931244)
('中盘股', -0.1443854890685673)
('大盘股', -0.027474334024554535)
('market_value_mean', 0.07335471147603066)
('market_value_std', 0.01858997758105734)
('fund_shareholding_mean', -0.2540006967553103)
('fund_shareholding_std', 0.1696554498982347)
('fund_number_mean', 0.15990248367549198)
('fund_number_std', 0.36888762681228165)
('close_price_mean', -0.066778823342637)
('close_price_std', 0.1242773914727601)
('avg_price_mean', 0.06048815949967648)
('avg_price_std', -0.24142185128075733)
('turnover_rate_mean', -0.043300111320607)
('turnover_rate_std', 0.005349504838024046)
('amplitutde_mean', -0.028455982211062346)
('amplitutde_std', 0.033266228527140264)
('margin_diff_mean', -0.012707403606382683)
('margin_diff_std', 0.0013988087752732387)
('share_ratio_of_funds_mean', 0.004372892245527683)
('share_ratio_of_funds_std', 0.01131194513852669)
('num_of_funds_mean', -0.02132534666785656)
('num_of_funds_std', 0.038706550799170125)
('fund_owner_affinity_mean', -0.048207863911714145)
('fund_owner_affinity_std', -0.05047812167525348)
('cyclical_industry', 0.025058755734366393)
