('是', -1.9163521147136164)
('成长型', -0.0682125795831166)
('混合型', 0.022731169007475512)
('价值型', 0.04548141057563233)
('小盘股', -0.4370081091128709)
('中盘股', -0.9712632721377352)
('大盘股', 1.4082713812506167)
('market_value_mean', 0.4000383307541997)
('market_value_std', 0.9739865977089845)
('fund_shareholding_mean', -0.10764088880563905)
('fund_shareholding_std', 0.0780960723616516)
('fund_number_mean', -0.28879180657715237)
('fund_number_std', 0.29511985209210817)
('close_price_mean', -0.1096033020700041)
('close_price_std', 0.2779507729531353)
('avg_price_mean', -0.027664012048606905)
('avg_price_std', -0.27060333947670245)
('turnover_rate_mean', 0.010666102842045944)
('turnover_rate_std', -0.017683374337485895)
('amplitutde_mean', -0.008357586467795374)
('amplitutde_std', 0.018282941054596567)
('margin_diff_mean', -0.009444961049540845)
('margin_diff_std', -0.005724492036458167)
('share_ratio_of_funds_mean', 0.012199258175771766)
('share_ratio_of_funds_std', 0.006998851827770634)
('num_of_funds_mean', -0.07362540086922312)
('num_of_funds_std', 0.04804192345043438)
('fund_owner_affinity_mean', -0.050691606806736886)
('fund_owner_affinity_std', -0.07945792874479132)
('cyclical_industry', 0.019960872580923703)
