('是', -0.11927967576123782)
('成长型', -0.21332114535294577)
('混合型', -0.47758156994949486)
('价值型', 0.6909027153024396)
('小盘股', -0.07175499351028632)
('中盘股', -0.23142141015850837)
('大盘股', 0.30317640366879534)
('market_value_mean', 0.43886338278339154)
('market_value_std', 0.15448010583223143)
('fund_shareholding_mean', -0.5151978078823253)
('fund_shareholding_std', 0.37580395588903265)
('fund_number_mean', 0.5547810749774708)
('fund_number_std', 0.7477716478971844)
('close_price_mean', -0.2004939642528234)
('close_price_std', 0.1848543829393742)
('avg_price_mean', 0.22673911081704656)
('avg_price_std', -0.2611307598008412)
('turnover_rate_mean', -0.002581847479727636)
('turnover_rate_std', 0.006793679853030893)
('amplitutde_mean', -0.0441546652470908)
('amplitutde_std', 0.002192271388056716)
('margin_diff_mean', -0.010084239597115163)
('margin_diff_std', -0.016773008104621914)
('share_ratio_of_funds_mean', 0.039323549349070445)
('share_ratio_of_funds_std', -0.017495956224731928)
('num_of_funds_mean', -0.07889474493631875)
('num_of_funds_std', 0.04628528089194408)
('fund_owner_affinity_mean', -0.030059955246152965)
('fund_owner_affinity_std', -0.16580947362706974)
('cyclical_industry', 0.04378701953762189)
