('是', -0.9583230082926518)
('成长型', 0.38151016599166404)
('混合型', -0.5632761560906577)
('价值型', 0.18176599009899347)
('小盘股', -0.09519052865190364)
('中盘股', -0.19232022016478742)
('大盘股', 0.28751074881669547)
('avg_price_mean_x', -0.4740998157160851)
('avg_price_std_x', -1.0091951362192266)
('fund_shareholding_mean', 0.003248660028709717)
('fund_shareholding_std', -0.032911363071200336)
('fund_number_mean', 0.4143660768039417)
('fund_number_std', -0.3244619299496922)
('close_price_mean', -0.04188156019295434)
('close_price_std', 0.3263595161493874)
('avg_price_mean_y', 0.0007524206346600462)
('avg_price_std_y', -0.30975773297876397)
('turnover_rate_mean', 0.0009803057668570155)
('turnover_rate_std', 0.008994820867377337)
('amplitutde_mean', -0.02011311843676026)
('amplitutde_std', 0.03938479103250482)
('margin_diff_mean', -0.002426646536588948)
('margin_diff_std', -0.0011198671093284127)
('share_ratio_of_funds_mean', 0.004752699148542967)
('share_ratio_of_funds_std', -0.008965879273174004)
('num_of_funds_mean', -0.11567375714164638)
('num_of_funds_std', 0.0708803620879329)
('fund_owner_affinity_mean', -0.046300909966064493)
('fund_owner_affinity_std', 0.07629529102530923)
('cyclical_industry', -0.004812013900670042)
