('是', -0.6353128525236056)
('成长型', -0.03882615859487654)
('混合型', -0.08591944075647515)
('价值型', 0.12474559935135987)
('小盘股', -0.2549596209305065)
('中盘股', 0.14910533604946624)
('大盘股', 0.10585428488100572)
('close_price_mean', -0.10342833433723768)
('close_price_std', 0.19788206489303625)
('avg_price_mean', -0.08819485552090381)
('avg_price_std', -0.2123198103105273)
('turnover_rate_mean', 0.01300928147150472)
('turnover_rate_std', -0.01618305742127231)
('amplitutde_mean', -0.003452329682551009)
('amplitutde_std', 0.025777963330824202)
('margin_diff_mean', -0.009783677354604833)
('margin_diff_std', -0.010410685968057798)
('share_ratio_of_funds_mean', 0.010025884930276624)
('share_ratio_of_funds_std', 0.002326966962910547)
('num_of_funds_mean', -0.06773511190063204)
('num_of_funds_std', 0.08444485724588996)
('fund_owner_affinity_mean', -0.05218522581522069)
('fund_owner_affinity_std', -0.0689271814321558)
('cyclical_industry', 0.015149878831619593)
