('market_value_mean', 0.0019858632053431067)
('market_value_std', -0.007773151738037457)
('fund_shareholding_mean', 0.02403825708426325)
('fund_shareholding_std', 0.0038271063867833183)
('fund_number_mean', -0.19399128639942712)
('fund_number_std', 0.18476629922674218)
('close_price_mean', -0.06642709646239879)
('close_price_std', 0.2112289027403505)
('avg_price_mean', -0.06841928411754176)
('avg_price_std', -0.20485643531592496)
('turnover_rate_mean', 0.001663506150034494)
('turnover_rate_std', -0.011152576061496682)
('amplitutde_mean', -0.007374066802762732)
('amplitutde_std', 0.020027370173487734)
('margin_diff_mean', -0.011136250063577609)
('margin_diff_std', -0.006156352203157539)
('share_ratio_of_funds_mean', 0.008608208566429505)
('share_ratio_of_funds_std', 0.011943394907382807)
('num_of_funds_mean', -0.07028440512240185)
('num_of_funds_std', 0.046352025075874104)
('fund_owner_affinity_mean', -0.06950892928813554)
('fund_owner_affinity_std', -0.052137943659834006)
('cyclical_industry', 0.01789431112102721)
