('是', -0.21385162334989263)
('成长型', -0.30689229804667756)
('混合型', -0.501212575954301)
('价值型', 0.8081048740009769)
('小盘股', 0.21918504275327141)
('中盘股', -0.38804635350844136)
('大盘股', 0.16886131075516853)
('market_value_mean', 0.9899869413763208)
('market_value_std', 0.5758602363351455)
('fund_shareholding_mean', -0.913215213870594)
('fund_shareholding_std', 0.6504118784687838)
('fund_number_mean', 1.0475831394884503)
('fund_number_std', 0.86651053323838)
('close_price_mean', -0.3079874337493357)
('close_price_std', 0.39890385430964453)
('avg_price_mean', 0.36264823967796594)
('avg_price_std', -0.5667006793344889)
('turnover_rate_mean', -0.0462879287921146)
('turnover_rate_std', 0.029111384120158013)
('amplitutde_mean', -0.08752733889430599)
('amplitutde_std', 0.0053081289902976525)
('margin_diff_mean', -0.007574607571896668)
('margin_diff_std', 0.012129882314652413)
('share_ratio_of_funds_mean', 0.037022222451847164)
('share_ratio_of_funds_std', -0.007644989748644967)
('num_of_funds_mean', -0.15219061221442307)
('num_of_funds_std', 0.12198614653325887)
('fund_owner_affinity_mean', -0.10643707491520338)
('fund_owner_affinity_std', -0.21218714183398216)
('cyclical_industry', 0.112873877056484)
