('是', -0.5395651306499201)
('成长型', 0.15909894030692334)
('混合型', -0.27016203809811173)
('价值型', 0.11106309779120065)
('小盘股', -0.13158555643185624)
('中盘股', 0.047210225138650794)
('大盘股', 0.08437533129320285)
('market_value_mean', -0.06477012685246285)
('market_value_std', 0.02788221366281119)
('fund_shareholding_mean', -0.018714310361132195)
('fund_shareholding_std', 0.025112872275729236)
('fund_number_mean', -0.48523992096635743)
('fund_number_std', 0.4221078908904282)
('close_price_mean', -0.04976822086865374)
('close_price_std', 0.16437493385843227)
('avg_price_mean', -0.061286794388039016)
('avg_price_std', -0.2582836198659965)
('turnover_rate_mean', -0.04265085280481519)
('turnover_rate_std', 0.016656777763067156)
('amplitutde_mean', -0.008467157738573084)
('amplitutde_std', 0.0228418833414882)
('margin_diff_mean', -0.010816420849824088)
('margin_diff_std', -0.008267425578603953)
('share_ratio_of_funds_mean', -0.011329814089077843)
('share_ratio_of_funds_std', 0.04417772359225339)
('num_of_funds_mean', -0.018895432241777442)
('num_of_funds_std', 0.024546194999051835)
('fund_owner_affinity_mean', -0.08377007963347084)
('fund_owner_affinity_std', -0.08381877117363529)
('cyclical_industry', 0.05610642285099412)
