('是', -0.5866618963013576)
('成长型', 0.07130908069435458)
('混合型', -0.11419862847326372)
('价值型', 0.042889547778914856)
('小盘股', -0.1486214258703806)
('中盘股', 0.04720353780838602)
('大盘股', 0.10141788806200533)
('close_price_mean', -0.08258173167948425)
('close_price_std', 0.20398223982732344)
('avg_price_mean', -0.07902934068860101)
('avg_price_std', -0.27912204165995813)
('turnover_rate_mean', -0.01272583025268989)
('turnover_rate_std', 0.0013251166432799281)
('amplitutde_mean', 0.005811127694058804)
('amplitutde_std', -0.0021747028724249267)
('margin_diff_mean', -0.00970789674135652)
('margin_diff_std', -0.010066738462813528)
('share_ratio_of_funds_mean', 0.004131665743201249)
('share_ratio_of_funds_std', 0.01621501870509128)
('num_of_funds_mean', -0.169639470447652)
('num_of_funds_std', 0.15735490953572154)
('fund_owner_affinity_mean', -0.054982614140894816)
('fund_owner_affinity_std', -0.11481868965864292)
('cyclical_industry', 0.05515514917766264)
