('是', -0.20538157649519292)
('成长型', 0.23647344608382848)
('混合型', -0.2196597597569244)
('价值型', -0.0168136863268985)
('小盘股', 0.042739478771864514)
('中盘股', -0.11239169496322395)
('大盘股', 0.06965221619136856)
('close_price_mean', -0.11183691418736862)
('close_price_std', 0.19236758887395283)
('avg_price_mean', -0.046731674507887296)
('avg_price_std', -0.23458817711108124)
('turnover_rate_mean', -0.0015008318063186876)
('turnover_rate_std', -0.010786874379041264)
('amplitutde_mean', 0.006396418110888899)
('amplitutde_std', 0.019557115535371004)
('margin_diff_mean', -0.00035047818452405574)
('margin_diff_std', -0.0024348602813466873)
('share_ratio_of_funds_mean', 0.0012304536092766492)
('share_ratio_of_funds_std', 0.005532995043609628)
('num_of_funds_mean', -0.06821638437606933)
('num_of_funds_std', 0.06638468444600659)
('fund_owner_affinity_mean', 0.014070866303259492)
('fund_owner_affinity_std', -0.039588122742621974)
('cyclical_industry', 0.0024353465857340968)
