('是', -2.941464969673542)
('成长型', -0.05611886822389095)
('混合型', -0.12569976691784082)
('价值型', 0.1818186351416889)
('小盘股', -0.7444778647244051)
('中盘股', -1.1945640036977943)
('大盘股', 1.9390418684221993)
('market_value_mean', 0.634807543234447)
('market_value_std', 1.7245875122056702)
('fund_shareholding_mean', -0.14532283754853242)
('fund_shareholding_std', 0.1071832682746294)
('fund_number_mean', -0.5202015375291568)
('fund_number_std', 0.513447397098522)
('close_price_mean', -0.18230495076028438)
('close_price_std', 0.33215694483373054)
('avg_price_mean', 0.0015415007954068618)
('avg_price_std', -0.31228706431265213)
('turnover_rate_mean', 0.01777068978780604)
('turnover_rate_std', -0.02327506129311214)
('amplitutde_mean', -0.007764951226193792)
('amplitutde_std', 0.031838233505622274)
('margin_diff_mean', -0.011625284184140793)
('margin_diff_std', -0.007592880943153531)
('share_ratio_of_funds_mean', 0.009893622474238202)
('share_ratio_of_funds_std', 0.01354311182787379)
('num_of_funds_mean', -0.10102629222475919)
('num_of_funds_std', 0.07069142742127324)
('fund_owner_affinity_mean', -0.06877431871508875)
('fund_owner_affinity_std', -0.07017476851236462)
('cyclical_industry', 0.031048146968816928)
