('是', -0.21277960393355141)
('成长型', -0.16547423013338297)
('混合型', -0.47568729421417144)
('价值型', 0.641161524347557)
('小盘股', 0.11968861694779521)
('中盘股', -0.30232586863310823)
('大盘股', 0.1826372516853117)
('market_value_mean', 0.4116734347634622)
('market_value_std', 0.1569508516430659)
('fund_shareholding_mean', -0.5605330990863547)
('fund_shareholding_std', 0.3943184560496025)
('fund_number_mean', 0.5379687557948118)
('fund_number_std', 0.7705426253286394)
('close_price_mean', -0.038078031902652604)
('close_price_std', 0.18727510266441205)
('avg_price_mean', 0.012243578736293956)
('avg_price_std', -0.2852602867802383)
('turnover_rate_mean', -0.0482714918279657)
('turnover_rate_std', 0.025868556657832536)
('amplitutde_mean', -0.05450151975467737)
('amplitutde_std', -0.00018489888898588205)
('margin_diff_mean', -0.005846846828110225)
('margin_diff_std', -0.0034116781136990584)
('share_ratio_of_funds_mean', 0.005827816733555487)
('share_ratio_of_funds_std', 0.01179430278123023)
('num_of_funds_mean', -0.031772915890323154)
('num_of_funds_std', 0.030164787801926597)
('fund_owner_affinity_mean', -0.12595410612192567)
('fund_owner_affinity_std', -0.17773721523102845)
('cyclical_industry', 0.05369934782978655)
