('是', -0.2823553050095508)
('成长型', 0.4227160974993905)
('混合型', -0.21323082709754118)
('价值型', -0.20948527040184498)
('小盘股', 0.1606712898166041)
('中盘股', -0.159633027886872)
('大盘股', -0.0010382619297323408)
('market_value_mean', -0.13980300629201015)
('market_value_std', 0.04246118792384257)
('fund_shareholding_mean', -0.0022904033774103112)
('fund_shareholding_std', -0.009915006246632033)
('fund_number_mean', -0.3231763810697247)
('fund_number_std', 0.29091730699430024)
('close_price_mean', -0.13221109679784565)
('close_price_std', 0.16878838721154882)
('avg_price_mean', -0.011061511527259767)
('avg_price_std', -0.26973188190240616)
('turnover_rate_mean', -0.009343983986361019)
('turnover_rate_std', -0.03974258086292048)
('amplitutde_mean', 0.011569542414966442)
('amplitutde_std', 0.05094752476156866)
('margin_diff_mean', 0.0006760339843211871)
('margin_diff_std', -0.0006857971163232845)
('share_ratio_of_funds_mean', -0.030967906037116816)
('share_ratio_of_funds_std', 0.055641248419121124)
('num_of_funds_mean', 0.043650206672677404)
('num_of_funds_std', -0.03414179881460573)
('fund_owner_affinity_mean', -0.0502981434132428)
('fund_owner_affinity_std', 0.004650730168619408)
('cyclical_industry', 0.01660932543874438)
