('是', -0.17065830082143385)
('成长型', -0.03400882863920941)
('混合型', -0.28982782409854563)
('价值型', 0.3238366527377544)
('小盘股', 0.18629596978273147)
('中盘股', -0.22849019214216257)
('大盘股', 0.04219422235943016)
('market_value_mean', 0.4067944021121835)
('market_value_std', 0.2269984615061191)
('fund_shareholding_mean', -0.5305809357661782)
('fund_shareholding_std', 0.3621977614576625)
('fund_number_mean', 0.4580341142210628)
('fund_number_std', 0.5254672028629921)
('close_price_mean', -0.2077386110567787)
('close_price_std', 0.31800333637434447)
('avg_price_mean', 0.2046343590281653)
('avg_price_std', -0.459091269175615)
('turnover_rate_mean', -0.04172528727832284)
('turnover_rate_std', 0.001988331975754248)
('amplitutde_mean', -0.02755404913266404)
('amplitutde_std', 0.030479402786562415)
('margin_diff_mean', -0.011369000925974149)
('margin_diff_std', 0.002616600541943869)
('share_ratio_of_funds_mean', 0.008213693751230879)
('share_ratio_of_funds_std', 0.008156353583572275)
('num_of_funds_mean', -0.02639595931043019)
('num_of_funds_std', 0.03875040124853509)
('fund_owner_affinity_mean', -0.03871868518953544)
('fund_owner_affinity_std', -0.08498046870829808)
('cyclical_industry', 0.021041613745928632)
