('是', -2.798287358989489)
('成长型', 0.07180763415725999)
('混合型', -0.18925530371429633)
('价值型', 0.11744766955708336)
('小盘股', -0.5086273677848118)
('中盘股', -1.9759838138347463)
('大盘股', 2.4846111816195764)
('market_value_mean', 0.29739019909560044)
('market_value_std', 3.654225473986024)
('fund_shareholding_mean', -0.11585026339379072)
('fund_shareholding_std', 0.07380074539466053)
('fund_number_mean', -0.9151385941499633)
('fund_number_std', 0.843985177672509)
('close_price_mean', -0.13167288095811303)
('close_price_std', 0.3426834318709664)
('avg_price_mean', 0.04718046822661036)
('avg_price_std', -0.3950142823381328)
('turnover_rate_mean', -0.031560979534424126)
('turnover_rate_std', 0.012130250510715597)
('amplitutde_mean', -0.0025710324496681664)
('amplitutde_std', -0.013199456179866563)
('margin_diff_mean', -0.006887634242707384)
('margin_diff_std', 0.0021284923962879812)
('share_ratio_of_funds_mean', -0.0056389134822475845)
('share_ratio_of_funds_std', 0.022641620293341155)
('num_of_funds_mean', -0.029355694133853756)
('num_of_funds_std', 0.03483788846140542)
('fund_owner_affinity_mean', -0.02868781173540485)
('fund_owner_affinity_std', -0.06690502700939163)
('cyclical_industry', 0.051358578727770984)
