data_path                                 -----> regress_data/past_quater_4/
save_path                                 -----> regress_result/XY_ridge_all_dynamic_4_Sample_Drop_0.1/
indicator_use_list                        -----> []
indicator_use_type                        -----> all_dynamic
train_date_list                           -----> ['2020-09-30', '2020-12-31', '2021-03-31', '2021-06-30']
test_date_list                            -----> ['2021-09-30']
n_month_predict                           -----> 3
predict_mode                              -----> predict_changerate_price
drop_small_change_stock_fortrain          -----> True
train_drop_ponit                          -----> 0.1
drop_small_change_stock_fortest           -----> True
test_drop_ponit                           -----> 0.15
training_model                            -----> ridge


-----i_month_predict:1

-----i_month_label:1_predict_changerate_price

train date: 2020-09-30
train date: 2020-12-31
train date: 2021-03-31
train date: 2021-06-30
test date: 2021-09-30
-----x_train.shape:(833, 23)

-----x_test.shape:(841, 23)

-----y_train.shape:(833,)

-----y_test.shape:(841,)

stock index [65] stock id ['002154.SZ'] prediction [0.17747897] truevalue [-0.1208577]
stock index [116] stock id ['300394.SZ'] prediction [0.16486053] truevalue [0.04565838]
stock index [123] stock id ['002375.SZ'] prediction [-0.15446785] truevalue [-0.00268097]
stock index [159] stock id ['000718.SZ'] prediction [-0.25784736] truevalue [0.]
stock index [233] stock id ['688202.SH'] prediction [-0.2180249] truevalue [-0.01391255]
stock index [322] stock id ['603128.SH'] prediction [-0.1559238] truevalue [-0.02908805]
stock index [450] stock id ['002010.SZ'] prediction [-0.17441972] truevalue [-0.01680672]
stock index [532] stock id ['600663.SH'] prediction [-0.20367873] truevalue [-0.04916594]
stock index [806] stock id ['601919.SH'] prediction [-0.18191889] truevalue [-0.04340278]
            index      pred      true
count    4.000000  4.000000  4.000000
mean   473.250000 -0.189887 -0.033892
std    254.801066  0.027074  0.015769
min    233.000000 -0.218025 -0.049166
25%    299.750000 -0.207265 -0.044844
50%    427.000000 -0.192799 -0.036245
75%    600.500000 -0.175420 -0.025294
max    806.000000 -0.155924 -0.013913
TP:1, FP:1, TN:6, FN:1
-----i_month_predict:2

-----i_month_label:2_predict_changerate_price

train date: 2020-09-30
train date: 2020-12-31
train date: 2021-03-31
train date: 2021-06-30
test date: 2021-09-30
-----x_train.shape:(894, 23)

-----x_test.shape:(841, 23)

-----y_train.shape:(894,)

-----y_test.shape:(841,)

stock index [13] stock id ['688268.SH'] prediction [0.1810104] truevalue [0.11216389]
stock index [17] stock id ['688157.SH'] prediction [0.16156741] truevalue [0.33699006]
stock index [20] stock id ['688357.SH'] prediction [0.15959273] truevalue [0.66809937]
stock index [21] stock id ['688155.SH'] prediction [0.25487061] truevalue [0.10671256]
stock index [27] stock id ['000589.SZ'] prediction [0.16429404] truevalue [0.01083032]
stock index [62] stock id ['300663.SZ'] prediction [-0.16523384] truevalue [0.06930693]
stock index [65] stock id ['002154.SZ'] prediction [0.17169541] truevalue [0.08576998]
stock index [100] stock id ['600720.SH'] prediction [0.15628582] truevalue [-0.09638554]
stock index [125] stock id ['002149.SZ'] prediction [0.17747449] truevalue [0.2272203]
stock index [128] stock id ['002182.SZ'] prediction [0.16681055] truevalue [0.09722222]
stock index [171] stock id ['002233.SZ'] prediction [0.15194338] truevalue [-0.1058296]
stock index [183] stock id ['600123.SH'] prediction [0.18978049] truevalue [-0.27959502]
stock index [204] stock id ['603505.SH'] prediction [0.17633454] truevalue [0.13095548]
stock index [207] stock id ['002158.SZ'] prediction [0.16856068] truevalue [0.25429553]
stock index [211] stock id ['603688.SH'] prediction [0.19482402] truevalue [0.50385604]
stock index [227] stock id ['002318.SZ'] prediction [0.17857717] truevalue [0.16059957]
stock index [233] stock id ['688202.SH'] prediction [-0.16423462] truevalue [-0.2091847]
stock index [240] stock id ['600459.SH'] prediction [0.22132739] truevalue [0.16829052]
stock index [243] stock id ['600567.SH'] prediction [0.172738] truevalue [-0.06725146]
stock index [247] stock id ['002258.SZ'] prediction [0.16288552] truevalue [0.10642857]
stock index [252] stock id ['002075.SZ'] prediction [0.16064075] truevalue [-0.18221574]
stock index [253] stock id ['002036.SZ'] prediction [0.18133988] truevalue [0.28087167]
stock index [256] stock id ['000672.SZ'] prediction [0.17877052] truevalue [-0.08240887]
stock index [260] stock id ['603599.SH'] prediction [0.18483584] truevalue [0.24126303]
stock index [262] stock id ['300748.SZ'] prediction [0.15301106] truevalue [0.59730883]
stock index [269] stock id ['601311.SH'] prediction [0.33640844] truevalue [0.45394737]
stock index [277] stock id ['600006.SH'] prediction [0.17373428] truevalue [-0.0123119]
stock index [280] stock id ['000778.SZ'] prediction [0.1610618] truevalue [-0.14252874]
stock index [296] stock id ['300618.SZ'] prediction [0.17763247] truevalue [0.30913943]
stock index [298] stock id ['601003.SH'] prediction [0.15499243] truevalue [-0.19626168]
stock index [309] stock id ['600282.SH'] prediction [0.17702473] truevalue [-0.11809045]
stock index [310] stock id ['601717.SH'] prediction [0.15474066] truevalue [0.09507347]
stock index [335] stock id ['600529.SH'] prediction [0.15322405] truevalue [0.50067114]
stock index [360] stock id ['000887.SZ'] prediction [0.1611727] truevalue [0.61680328]
stock index [404] stock id ['002409.SZ'] prediction [0.15501294] truevalue [0.04544264]
stock index [405] stock id ['002110.SZ'] prediction [0.16612598] truevalue [-0.25315006]
stock index [430] stock id ['600456.SH'] prediction [0.15834774] truevalue [0.52467698]
stock index [441] stock id ['000878.SZ'] prediction [0.1783392] truevalue [-0.03963839]
stock index [453] stock id ['600782.SH'] prediction [0.17868841] truevalue [-0.25105189]
stock index [465] stock id ['600803.SH'] prediction [0.17683033] truevalue [0.06892779]
stock index [483] stock id ['600418.SH'] prediction [0.20725334] truevalue [0.25259259]
stock index [484] stock id ['600497.SH'] prediction [0.19221108] truevalue [0.04158004]
stock index [490] stock id ['000933.SZ'] prediction [0.15739135] truevalue [-0.23021583]
stock index [495] stock id ['000830.SZ'] prediction [0.15943164] truevalue [-0.17925532]
stock index [497] stock id ['600704.SH'] prediction [-0.16272919] truevalue [-0.06481481]
stock index [502] stock id ['600166.SH'] prediction [0.15458777] truevalue [-0.05013193]
stock index [503] stock id ['300037.SZ'] prediction [0.16196856] truevalue [-0.21806452]
stock index [507] stock id ['601866.SH'] prediction [0.15704205] truevalue [-0.17179487]
stock index [520] stock id ['000709.SZ'] prediction [0.1614306] truevalue [-0.1618705]
stock index [525] stock id ['600141.SH'] prediction [0.20557652] truevalue [-0.10925307]
stock index [540] stock id ['600808.SH'] prediction [0.18049596] truevalue [-0.27070707]
stock index [541] stock id ['300699.SZ'] prediction [0.15270093] truevalue [0.28663004]
stock index [558] stock id ['000960.SZ'] prediction [0.15615496] truevalue [-0.0148857]
stock index [567] stock id ['601168.SH'] prediction [0.15942853] truevalue [-0.08036984]
stock index [570] stock id ['600549.SH'] prediction [0.18885919] truevalue [0.10515203]
stock index [575] stock id ['000703.SZ'] prediction [0.18935118] truevalue [-0.08956522]
stock index [591] stock id ['000630.SZ'] prediction [0.18342304] truevalue [-0.12276215]
stock index [598] stock id ['601699.SH'] prediction [0.17547942] truevalue [-0.28047968]
stock index [603] stock id ['000807.SZ'] prediction [0.15175501] truevalue [-0.27916386]
stock index [637] stock id ['603026.SH'] prediction [0.17121505] truevalue [-0.34123082]
stock index [641] stock id ['600362.SH'] prediction [0.16216778] truevalue [-0.06827473]
stock index [644] stock id ['601233.SH'] prediction [0.18136345] truevalue [-0.10027347]
stock index [647] stock id ['000301.SZ'] prediction [0.17334476] truevalue [-0.15753912]
stock index [659] stock id ['600219.SH'] prediction [0.17707919] truevalue [0.00457666]
stock index [691] stock id ['601898.SH'] prediction [0.28036961] truevalue [-0.32926829]
stock index [694] stock id ['600188.SH'] prediction [0.1527108] truevalue [-0.21628148]
stock index [729] stock id ['601600.SH'] prediction [0.17289403] truevalue [-0.32903226]
stock index [752] stock id ['603993.SH'] prediction [0.15904519] truevalue [-0.02483444]
stock index [759] stock id ['601816.SH'] prediction [0.22735045] truevalue [-0.05042017]
stock index [765] stock id ['601238.SH'] prediction [0.16472258] truevalue [0.08819629]
stock index [791] stock id ['600111.SH'] prediction [0.15344606] truevalue [0.21572171]
stock index [801] stock id ['603260.SH'] prediction [0.26884377] truevalue [-0.14017494]
stock index [804] stock id ['002812.SZ'] prediction [0.17258133] truevalue [-0.09253177]
            index       pred       true
count   10.000000  10.000000  10.000000
mean   448.400000   0.238904   0.089786
std    258.764243   0.046015   0.263968
min     21.000000   0.192211  -0.329268
25%    247.250000   0.205996  -0.094545
50%    483.500000   0.224339   0.074146
75%    649.500000   0.265350   0.231517
max    801.000000   0.336408   0.503856
TP:32, FP:38, TN:2, FN:1
-----i_month_predict:3

-----i_month_label:3_predict_changerate_price

train date: 2020-09-30
train date: 2020-12-31
train date: 2021-03-31
train date: 2021-06-30
test date: 2021-09-30
-----x_train.shape:(1012, 23)

-----x_test.shape:(841, 23)

-----y_train.shape:(1012,)

-----y_test.shape:(841,)

stock index [11] stock id ['688085.SH'] prediction [-0.16204295] truevalue [0.10958409]
stock index [12] stock id ['688580.SH'] prediction [-0.20766768] truevalue [0.08945386]
stock index [13] stock id ['688268.SH'] prediction [0.17465573] truevalue [0.11216389]
stock index [21] stock id ['688155.SH'] prediction [0.33841727] truevalue [0.10671256]
stock index [71] stock id ['601975.SH'] prediction [0.16737614] truevalue [-0.10599078]
stock index [120] stock id ['001872.SZ'] prediction [0.20835249] truevalue [-0.05998835]
stock index [125] stock id ['002149.SZ'] prediction [0.1616541] truevalue [0.2272203]
stock index [181] stock id ['600548.SH'] prediction [0.16897294] truevalue [-0.15933099]
stock index [183] stock id ['600123.SH'] prediction [0.19225183] truevalue [-0.27959502]
stock index [195] stock id ['600869.SH'] prediction [0.18757652] truevalue [0.30872483]
stock index [204] stock id ['603505.SH'] prediction [0.1812824] truevalue [0.13095548]
stock index [207] stock id ['002158.SZ'] prediction [0.19566727] truevalue [0.25429553]
stock index [231] stock id ['601000.SH'] prediction [0.16616298] truevalue [-0.09352518]
stock index [233] stock id ['688202.SH'] prediction [-0.23960699] truevalue [-0.2091847]
stock index [240] stock id ['600459.SH'] prediction [0.23352969] truevalue [0.16829052]
stock index [252] stock id ['002075.SZ'] prediction [0.17806477] truevalue [-0.18221574]
stock index [269] stock id ['601311.SH'] prediction [0.25559424] truevalue [0.45394737]
stock index [280] stock id ['000778.SZ'] prediction [0.15268214] truevalue [-0.14252874]
stock index [332] stock id ['600580.SH'] prediction [0.1725428] truevalue [0.48908954]
stock index [342] stock id ['300118.SZ'] prediction [0.15361829] truevalue [0.86818889]
stock index [354] stock id ['002028.SZ'] prediction [0.1623019] truevalue [0.38473205]
stock index [379] stock id ['600153.SH'] prediction [0.15153029] truevalue [-0.034689]
stock index [395] stock id ['600110.SH'] prediction [0.17436409] truevalue [0.01774872]
stock index [468] stock id ['603444.SH'] prediction [-0.1503585] truevalue [-0.03940912]
stock index [484] stock id ['600497.SH'] prediction [0.15529376] truevalue [0.04158004]
stock index [496] stock id ['000039.SZ'] prediction [0.17932609] truevalue [-0.0448682]
stock index [505] stock id ['601872.SH'] prediction [0.2002329] truevalue [-0.20833333]
stock index [507] stock id ['601866.SH'] prediction [0.20965282] truevalue [-0.17179487]
stock index [525] stock id ['600141.SH'] prediction [0.15921712] truevalue [-0.10925307]
stock index [540] stock id ['600808.SH'] prediction [0.15223098] truevalue [-0.27070707]
stock index [575] stock id ['000703.SZ'] prediction [0.16662911] truevalue [-0.08956522]
stock index [591] stock id ['000630.SZ'] prediction [0.15249] truevalue [-0.12276215]
stock index [598] stock id ['601699.SH'] prediction [0.17815792] truevalue [-0.28047968]
stock index [613] stock id ['600115.SH'] prediction [0.15249972] truevalue [-0.01061571]
stock index [621] stock id ['002120.SZ'] prediction [0.16365313] truevalue [0.03272727]
stock index [647] stock id ['000301.SZ'] prediction [0.15256573] truevalue [-0.15753912]
stock index [650] stock id ['000009.SZ'] prediction [0.29726897] truevalue [-0.07559958]
stock index [651] stock id ['600029.SH'] prediction [0.17748733] truevalue [0.05882353]
stock index [683] stock id ['688599.SH'] prediction [0.18639875] truevalue [0.36538462]
stock index [691] stock id ['601898.SH'] prediction [0.27173862] truevalue [-0.32926829]
stock index [741] stock id ['300142.SZ'] prediction [-0.15342071] truevalue [0.0889522]
stock index [759] stock id ['601816.SH'] prediction [0.24570329] truevalue [-0.05042017]
stock index [763] stock id ['600018.SH'] prediction [0.16267427] truevalue [-0.2134647]
stock index [801] stock id ['603260.SH'] prediction [0.26008236] truevalue [-0.14017494]
stock index [804] stock id ['002812.SZ'] prediction [0.17557112] truevalue [-0.09253177]
stock index [820] stock id ['600809.SH'] prediction [-0.27247167] truevalue [-0.01736926]
            index       pred       true
count   10.000000  10.000000  10.000000
mean   417.100000   0.239478  -0.014191
std    272.728783   0.045877   0.262631
min     21.000000   0.187577  -0.329268
25%    206.250000   0.202588  -0.199199
50%    387.000000   0.239616  -0.095298
75%    645.000000   0.258960   0.152896
max    801.000000   0.338417   0.453947
TP:16, FP:24, TN:3, FN:3
