('是', 345637919544.6072)
('成长型', -152616167592.5092)
('混合型', 119538910389.39316)
('价值型', 33077257203.117348)
('小盘股', 64356028523.63879)
('中盘股', 217249108078.52277)
('大盘股', -281605136602.16406)
('market_value_mean', -88943217393.42958)
('market_value_std', -129698371363.28856)
('fund_shareholding_mean', -10540955340.028599)
('fund_shareholding_std', 22786140805.52251)
('fund_number_mean', -22922261791.50442)
('fund_number_std', 10364675928.20606)
('close_price_mean', -0.24506920885938333)
('close_price_std', 0.3180295317215892)
('avg_price_mean', 0.04935952534235835)
('avg_price_std', -0.28476597713958623)
('turnover_rate_mean', -0.07647830247879028)
('turnover_rate_std', 0.04726266860961914)
('amplitutde_mean', -0.007611751556396484)
('amplitutde_std', 0.014993429183959961)
('margin_diff_mean', -0.01068258285522461)
('margin_diff_std', -0.019385159015655518)
('share_ratio_of_funds_mean', 0.009562045335769653)
('share_ratio_of_funds_std', 0.02132868766784668)
('num_of_funds_mean', -0.007130146026611328)
('num_of_funds_std', -0.010836601257324219)
('fund_owner_affinity_mean', -0.10230147838592529)
('fund_owner_affinity_std', 0.1583915650844574)
('cyclical_industry', -0.09979248046875)
