('是', -0.5636712854654466)
('成长型', 0.3773195144506345)
('混合型', -0.28006250326512416)
('价值型', -0.09725701118550702)
('小盘股', 0.07105338135061873)
('中盘股', -0.9289843084516572)
('大盘股', 0.8579309271010318)
('avg_price_mean_x', -0.6910458713540166)
('avg_price_std_x', -0.1623697528718739)
('fund_shareholding_mean', 0.0077617612811698095)
('fund_shareholding_std', -0.017939586473847212)
('fund_number_mean', 0.19721885698842434)
('fund_number_std', -0.17425949717730488)
('close_price_mean', -0.05682761500882721)
('close_price_std', 0.2987261528675234)
('avg_price_mean_y', -0.007354336775850332)
('avg_price_std_y', -0.1999079280424186)
('turnover_rate_mean', -0.014568340251386175)
('turnover_rate_std', 0.01925947825082832)
('amplitutde_mean', -0.02144495703645774)
('amplitutde_std', 0.03299137189506623)
('margin_diff_mean', 0.0003414574151767982)
('margin_diff_std', -0.011544357124499107)
('share_ratio_of_funds_mean', -0.0037985177797622994)
('share_ratio_of_funds_std', -0.008531907877784541)
('num_of_funds_mean', -0.04716991843579553)
('num_of_funds_std', 0.03655325888870224)
('fund_owner_affinity_mean', -0.026360814905838022)
('fund_owner_affinity_std', 0.13068534510628918)
('cyclical_industry', -0.00724536186589797)
