('是', 454731149883.01324)
('成长型', -200786202721.7713)
('混合型', 157268815444.35596)
('价值型', 43517387277.4171)
('小盘股', 84668634998.93222)
('中盘股', 285819151029.9479)
('大盘股', -370487786028.8834)
('market_value_mean', -117016245124.9222)
('market_value_std', -170634893373.3627)
('fund_shareholding_mean', -13867982856.017506)
('fund_shareholding_std', 29978099693.483086)
('fund_number_mean', -30157184359.493767)
('fund_number_std', 13636064608.738695)
('close_price_mean', -0.3096021762726053)
('close_price_std', 0.35080021390827526)
('avg_price_mean', 0.17419361533092978)
('avg_price_std', -0.30775331757969493)
('turnover_rate_mean', 0.004716038703918457)
('turnover_rate_std', -0.03409576416015625)
('amplitutde_mean', -0.008042335510253906)
('amplitutde_std', 0.023812055587768555)
('margin_diff_mean', -0.017545461654663086)
('margin_diff_std', -0.026801764965057373)
('share_ratio_of_funds_mean', 0.035655081272125244)
('share_ratio_of_funds_std', -0.00969839096069336)
('num_of_funds_mean', -0.09013605117797852)
('num_of_funds_std', 0.056589603424072266)
('fund_owner_affinity_mean', -0.09878230094909668)
('fund_owner_affinity_std', -0.042694807052612305)
('cyclical_industry', -0.037868499755859375)
