('是', 0.24356219903780055)
('成长型', 0.05927874849394923)
('混合型', 0.07245666706871369)
('价值型', -0.13173541556266333)
('小盘股', 0.4260997937105583)
('中盘股', -0.403529402734917)
('大盘股', -0.02257039097564085)
('market_value_mean', 0.003064344959657483)
('market_value_std', 0.09152019206043434)
('fund_shareholding_mean', -0.02068035143174083)
('fund_shareholding_std', 0.027175849124314037)
('fund_number_mean', -0.41617445584399293)
('fund_number_std', -0.3584214344174411)
('close_price_mean', -0.1369174562244135)
('close_price_std', 0.35003279472827176)
('avg_price_mean', 0.09263812450676197)
('avg_price_std', -0.3691514460164607)
('turnover_rate_mean', -0.004901420546830644)
('turnover_rate_std', 0.0006420594308660604)
('amplitutde_mean', -0.02890150344977291)
('amplitutde_std', 0.0638372818589419)
('margin_diff_mean', -0.02441309103502701)
('margin_diff_std', 0.012812552976603707)
('share_ratio_of_funds_mean', -0.01697978820112176)
('share_ratio_of_funds_std', 0.009444495806568951)
('num_of_funds_mean', -0.11647342350549951)
('num_of_funds_std', 0.07524746086410324)
('fund_owner_affinity_mean', -0.022727764383956916)
('fund_owner_affinity_std', -0.03879908577520966)
('cyclical_industry', -0.07062854800193619)
